ARM GAS  C:\Users\HENRYK~1\AppData\Local\Temp\cc0w4TFv.s 			page 1


   1              		.cpu cortex-m0
   2              		.fpu softvfp
   3              		.eabi_attribute 20, 1
   4              		.eabi_attribute 21, 1
   5              		.eabi_attribute 23, 3
   6              		.eabi_attribute 24, 1
   7              		.eabi_attribute 25, 1
   8              		.eabi_attribute 26, 1
   9              		.eabi_attribute 30, 1
  10              		.eabi_attribute 34, 0
  11              		.eabi_attribute 18, 4
  12              		.code	16
  13              		.file	"cyfitter_cfg.c"
  14              		.text
  15              	.Ltext0:
  16              		.cfi_sections	.debug_frame
  17              		.section	.text.cfg_write_bytes32,"ax",%progbits
  18              		.align	2
  19              		.code	16
  20              		.thumb_func
  21              		.type	cfg_write_bytes32, %function
  22              	cfg_write_bytes32:
  23              	.LFB5:
  24              		.file 1 ".\\Generated_Source\\PSoC4\\cyfitter_cfg.c"
   1:.\Generated_Source\PSoC4/cyfitter_cfg.c **** /*******************************************************************************
   2:.\Generated_Source\PSoC4/cyfitter_cfg.c **** * File Name: cyfitter_cfg.c
   3:.\Generated_Source\PSoC4/cyfitter_cfg.c **** * 
   4:.\Generated_Source\PSoC4/cyfitter_cfg.c **** * PSoC Creator  3.3 CP1
   5:.\Generated_Source\PSoC4/cyfitter_cfg.c **** *
   6:.\Generated_Source\PSoC4/cyfitter_cfg.c **** * Description:
   7:.\Generated_Source\PSoC4/cyfitter_cfg.c **** * This file contains device initialization code.
   8:.\Generated_Source\PSoC4/cyfitter_cfg.c **** * Except for the user defined sections in CyClockStartupError(), this file should not be modified.
   9:.\Generated_Source\PSoC4/cyfitter_cfg.c **** * This file is automatically generated by PSoC Creator.
  10:.\Generated_Source\PSoC4/cyfitter_cfg.c **** *
  11:.\Generated_Source\PSoC4/cyfitter_cfg.c **** ********************************************************************************
  12:.\Generated_Source\PSoC4/cyfitter_cfg.c **** * Copyright (c) 2007-2015 Cypress Semiconductor.  All rights reserved.
  13:.\Generated_Source\PSoC4/cyfitter_cfg.c **** * You may use this file only in accordance with the license, terms, conditions, 
  14:.\Generated_Source\PSoC4/cyfitter_cfg.c **** * disclaimers, and limitations in the end user license agreement accompanying 
  15:.\Generated_Source\PSoC4/cyfitter_cfg.c **** * the software package with which this file was provided.
  16:.\Generated_Source\PSoC4/cyfitter_cfg.c **** ********************************************************************************/
  17:.\Generated_Source\PSoC4/cyfitter_cfg.c **** 
  18:.\Generated_Source\PSoC4/cyfitter_cfg.c **** #include <string.h>
  19:.\Generated_Source\PSoC4/cyfitter_cfg.c **** #include "cytypes.h"
  20:.\Generated_Source\PSoC4/cyfitter_cfg.c **** #include "cydevice_trm.h"
  21:.\Generated_Source\PSoC4/cyfitter_cfg.c **** #include "cyfitter.h"
  22:.\Generated_Source\PSoC4/cyfitter_cfg.c **** #include "CyLib.h"
  23:.\Generated_Source\PSoC4/cyfitter_cfg.c **** #include "CyLFClk.h"
  24:.\Generated_Source\PSoC4/cyfitter_cfg.c **** #include "cyfitter_cfg.h"
  25:.\Generated_Source\PSoC4/cyfitter_cfg.c **** 
  26:.\Generated_Source\PSoC4/cyfitter_cfg.c **** 
  27:.\Generated_Source\PSoC4/cyfitter_cfg.c **** #if defined(__GNUC__) || defined(__ARMCC_VERSION)
  28:.\Generated_Source\PSoC4/cyfitter_cfg.c ****     #define CYPACKED 
  29:.\Generated_Source\PSoC4/cyfitter_cfg.c ****     #define CYPACKED_ATTR __attribute__ ((packed))
  30:.\Generated_Source\PSoC4/cyfitter_cfg.c ****     #define CYALIGNED __attribute__ ((aligned))
  31:.\Generated_Source\PSoC4/cyfitter_cfg.c ****     #define CY_CFG_UNUSED __attribute__ ((unused))
  32:.\Generated_Source\PSoC4/cyfitter_cfg.c ****     #define CY_CFG_SECTION __attribute__ ((section(".psocinit")))
  33:.\Generated_Source\PSoC4/cyfitter_cfg.c ****     
ARM GAS  C:\Users\HENRYK~1\AppData\Local\Temp\cc0w4TFv.s 			page 2


  34:.\Generated_Source\PSoC4/cyfitter_cfg.c ****     #if defined(__ARMCC_VERSION)
  35:.\Generated_Source\PSoC4/cyfitter_cfg.c ****         #define CY_CFG_MEMORY_BARRIER() __memory_changed()
  36:.\Generated_Source\PSoC4/cyfitter_cfg.c ****     #else
  37:.\Generated_Source\PSoC4/cyfitter_cfg.c ****         #define CY_CFG_MEMORY_BARRIER() __sync_synchronize()
  38:.\Generated_Source\PSoC4/cyfitter_cfg.c ****     #endif
  39:.\Generated_Source\PSoC4/cyfitter_cfg.c ****     
  40:.\Generated_Source\PSoC4/cyfitter_cfg.c **** #elif defined(__ICCARM__)
  41:.\Generated_Source\PSoC4/cyfitter_cfg.c ****     #include <intrinsics.h>
  42:.\Generated_Source\PSoC4/cyfitter_cfg.c **** 
  43:.\Generated_Source\PSoC4/cyfitter_cfg.c ****     #define CYPACKED __packed
  44:.\Generated_Source\PSoC4/cyfitter_cfg.c ****     #define CYPACKED_ATTR 
  45:.\Generated_Source\PSoC4/cyfitter_cfg.c ****     #define CYALIGNED _Pragma("data_alignment=4")
  46:.\Generated_Source\PSoC4/cyfitter_cfg.c ****     #define CY_CFG_UNUSED _Pragma("diag_suppress=Pe177")
  47:.\Generated_Source\PSoC4/cyfitter_cfg.c ****     #define CY_CFG_SECTION _Pragma("location=\".psocinit\"")
  48:.\Generated_Source\PSoC4/cyfitter_cfg.c ****     
  49:.\Generated_Source\PSoC4/cyfitter_cfg.c ****     #define CY_CFG_MEMORY_BARRIER() __DMB()
  50:.\Generated_Source\PSoC4/cyfitter_cfg.c ****     
  51:.\Generated_Source\PSoC4/cyfitter_cfg.c **** #else
  52:.\Generated_Source\PSoC4/cyfitter_cfg.c ****     #error Unsupported toolchain
  53:.\Generated_Source\PSoC4/cyfitter_cfg.c **** #endif
  54:.\Generated_Source\PSoC4/cyfitter_cfg.c **** 
  55:.\Generated_Source\PSoC4/cyfitter_cfg.c **** 
  56:.\Generated_Source\PSoC4/cyfitter_cfg.c **** CY_CFG_UNUSED
  57:.\Generated_Source\PSoC4/cyfitter_cfg.c **** static void CYMEMZERO(void *s, size_t n);
  58:.\Generated_Source\PSoC4/cyfitter_cfg.c **** CY_CFG_UNUSED
  59:.\Generated_Source\PSoC4/cyfitter_cfg.c **** static void CYMEMZERO(void *s, size_t n)
  60:.\Generated_Source\PSoC4/cyfitter_cfg.c **** {
  61:.\Generated_Source\PSoC4/cyfitter_cfg.c **** 	(void)memset(s, 0, n);
  62:.\Generated_Source\PSoC4/cyfitter_cfg.c **** }
  63:.\Generated_Source\PSoC4/cyfitter_cfg.c **** CY_CFG_UNUSED
  64:.\Generated_Source\PSoC4/cyfitter_cfg.c **** static void CYCONFIGCPY(void *dest, const void *src, size_t n);
  65:.\Generated_Source\PSoC4/cyfitter_cfg.c **** CY_CFG_UNUSED
  66:.\Generated_Source\PSoC4/cyfitter_cfg.c **** static void CYCONFIGCPY(void *dest, const void *src, size_t n)
  67:.\Generated_Source\PSoC4/cyfitter_cfg.c **** {
  68:.\Generated_Source\PSoC4/cyfitter_cfg.c **** 	(void)memcpy(dest, src, n);
  69:.\Generated_Source\PSoC4/cyfitter_cfg.c **** }
  70:.\Generated_Source\PSoC4/cyfitter_cfg.c **** CY_CFG_UNUSED
  71:.\Generated_Source\PSoC4/cyfitter_cfg.c **** static void CYCONFIGCPYCODE(void *dest, const void *src, size_t n);
  72:.\Generated_Source\PSoC4/cyfitter_cfg.c **** CY_CFG_UNUSED
  73:.\Generated_Source\PSoC4/cyfitter_cfg.c **** static void CYCONFIGCPYCODE(void *dest, const void *src, size_t n)
  74:.\Generated_Source\PSoC4/cyfitter_cfg.c **** {
  75:.\Generated_Source\PSoC4/cyfitter_cfg.c **** 	(void)memcpy(dest, src, n);
  76:.\Generated_Source\PSoC4/cyfitter_cfg.c **** }
  77:.\Generated_Source\PSoC4/cyfitter_cfg.c **** 
  78:.\Generated_Source\PSoC4/cyfitter_cfg.c **** 
  79:.\Generated_Source\PSoC4/cyfitter_cfg.c **** 
  80:.\Generated_Source\PSoC4/cyfitter_cfg.c **** /* Clock startup error codes                                                   */
  81:.\Generated_Source\PSoC4/cyfitter_cfg.c **** #define CYCLOCKSTART_NO_ERROR    0u
  82:.\Generated_Source\PSoC4/cyfitter_cfg.c **** #define CYCLOCKSTART_XTAL_ERROR  1u
  83:.\Generated_Source\PSoC4/cyfitter_cfg.c **** #define CYCLOCKSTART_32KHZ_ERROR 2u
  84:.\Generated_Source\PSoC4/cyfitter_cfg.c **** #define CYCLOCKSTART_PLL_ERROR   3u
  85:.\Generated_Source\PSoC4/cyfitter_cfg.c **** 
  86:.\Generated_Source\PSoC4/cyfitter_cfg.c **** #ifdef CY_NEED_CYCLOCKSTARTUPERROR
  87:.\Generated_Source\PSoC4/cyfitter_cfg.c **** /*******************************************************************************
  88:.\Generated_Source\PSoC4/cyfitter_cfg.c **** * Function Name: CyClockStartupError
  89:.\Generated_Source\PSoC4/cyfitter_cfg.c **** ********************************************************************************
  90:.\Generated_Source\PSoC4/cyfitter_cfg.c **** * Summary:
ARM GAS  C:\Users\HENRYK~1\AppData\Local\Temp\cc0w4TFv.s 			page 3


  91:.\Generated_Source\PSoC4/cyfitter_cfg.c **** *  If an error is encountered during clock configuration (crystal startup error,
  92:.\Generated_Source\PSoC4/cyfitter_cfg.c **** *  PLL lock error, etc.), the system will end up here.  Unless reimplemented by
  93:.\Generated_Source\PSoC4/cyfitter_cfg.c **** *  the customer, this function will stop in an infinite loop.
  94:.\Generated_Source\PSoC4/cyfitter_cfg.c **** *
  95:.\Generated_Source\PSoC4/cyfitter_cfg.c **** * Parameters:
  96:.\Generated_Source\PSoC4/cyfitter_cfg.c **** *   void
  97:.\Generated_Source\PSoC4/cyfitter_cfg.c **** *
  98:.\Generated_Source\PSoC4/cyfitter_cfg.c **** * Return:
  99:.\Generated_Source\PSoC4/cyfitter_cfg.c **** *   void
 100:.\Generated_Source\PSoC4/cyfitter_cfg.c **** *
 101:.\Generated_Source\PSoC4/cyfitter_cfg.c **** *******************************************************************************/
 102:.\Generated_Source\PSoC4/cyfitter_cfg.c **** CY_CFG_UNUSED
 103:.\Generated_Source\PSoC4/cyfitter_cfg.c **** static void CyClockStartupError(uint8 errorCode);
 104:.\Generated_Source\PSoC4/cyfitter_cfg.c **** CY_CFG_UNUSED
 105:.\Generated_Source\PSoC4/cyfitter_cfg.c **** static void CyClockStartupError(uint8 errorCode)
 106:.\Generated_Source\PSoC4/cyfitter_cfg.c **** {
 107:.\Generated_Source\PSoC4/cyfitter_cfg.c ****     /* To remove the compiler warning if errorCode not used.                */
 108:.\Generated_Source\PSoC4/cyfitter_cfg.c ****     errorCode = errorCode;
 109:.\Generated_Source\PSoC4/cyfitter_cfg.c **** 
 110:.\Generated_Source\PSoC4/cyfitter_cfg.c ****     /* `#START CyClockStartupError` */
 111:.\Generated_Source\PSoC4/cyfitter_cfg.c **** 
 112:.\Generated_Source\PSoC4/cyfitter_cfg.c ****     /* If we have a clock startup error (bad MHz crystal, PLL lock, etc.),  */
 113:.\Generated_Source\PSoC4/cyfitter_cfg.c ****     /* we will end up here to allow the customer to implement something to  */
 114:.\Generated_Source\PSoC4/cyfitter_cfg.c ****     /* deal with the clock condition.                                       */
 115:.\Generated_Source\PSoC4/cyfitter_cfg.c **** 
 116:.\Generated_Source\PSoC4/cyfitter_cfg.c ****     /* `#END` */
 117:.\Generated_Source\PSoC4/cyfitter_cfg.c **** 
 118:.\Generated_Source\PSoC4/cyfitter_cfg.c ****     /* If nothing else, stop here since the clocks have not started         */
 119:.\Generated_Source\PSoC4/cyfitter_cfg.c ****     /* correctly.                                                           */
 120:.\Generated_Source\PSoC4/cyfitter_cfg.c ****     while(1) {}
 121:.\Generated_Source\PSoC4/cyfitter_cfg.c **** }
 122:.\Generated_Source\PSoC4/cyfitter_cfg.c **** #endif
 123:.\Generated_Source\PSoC4/cyfitter_cfg.c **** 
 124:.\Generated_Source\PSoC4/cyfitter_cfg.c **** #define CY_CFG_BASE_ADDR_COUNT 1u
 125:.\Generated_Source\PSoC4/cyfitter_cfg.c **** CYPACKED typedef struct
 126:.\Generated_Source\PSoC4/cyfitter_cfg.c **** {
 127:.\Generated_Source\PSoC4/cyfitter_cfg.c **** 	uint8 offset;
 128:.\Generated_Source\PSoC4/cyfitter_cfg.c **** 	uint8 value;
 129:.\Generated_Source\PSoC4/cyfitter_cfg.c **** } CYPACKED_ATTR cy_cfg_addrvalue_t;
 130:.\Generated_Source\PSoC4/cyfitter_cfg.c **** 
 131:.\Generated_Source\PSoC4/cyfitter_cfg.c **** 
 132:.\Generated_Source\PSoC4/cyfitter_cfg.c **** 
 133:.\Generated_Source\PSoC4/cyfitter_cfg.c **** /*******************************************************************************
 134:.\Generated_Source\PSoC4/cyfitter_cfg.c **** * Function Name: cfg_write_bytes32
 135:.\Generated_Source\PSoC4/cyfitter_cfg.c **** ********************************************************************************
 136:.\Generated_Source\PSoC4/cyfitter_cfg.c **** * Summary:
 137:.\Generated_Source\PSoC4/cyfitter_cfg.c **** *  This function is used for setting up the chip configuration areas that
 138:.\Generated_Source\PSoC4/cyfitter_cfg.c **** *  contain relatively sparse data.
 139:.\Generated_Source\PSoC4/cyfitter_cfg.c **** *
 140:.\Generated_Source\PSoC4/cyfitter_cfg.c **** * Parameters:
 141:.\Generated_Source\PSoC4/cyfitter_cfg.c **** *   void
 142:.\Generated_Source\PSoC4/cyfitter_cfg.c **** *
 143:.\Generated_Source\PSoC4/cyfitter_cfg.c **** * Return:
 144:.\Generated_Source\PSoC4/cyfitter_cfg.c **** *   void
 145:.\Generated_Source\PSoC4/cyfitter_cfg.c **** *
 146:.\Generated_Source\PSoC4/cyfitter_cfg.c **** *******************************************************************************/
 147:.\Generated_Source\PSoC4/cyfitter_cfg.c **** static void cfg_write_bytes32(const uint32 addr_table[], const cy_cfg_addrvalue_t data_table[]);
ARM GAS  C:\Users\HENRYK~1\AppData\Local\Temp\cc0w4TFv.s 			page 4


 148:.\Generated_Source\PSoC4/cyfitter_cfg.c **** static void cfg_write_bytes32(const uint32 addr_table[], const cy_cfg_addrvalue_t data_table[])
 149:.\Generated_Source\PSoC4/cyfitter_cfg.c **** {
  25              		.loc 1 149 0
  26              		.cfi_startproc
  27              	.LVL0:
  28 0000 F0B5     		push	{r4, r5, r6, r7, lr}
  29              		.cfi_def_cfa_offset 20
  30              		.cfi_offset 4, -20
  31              		.cfi_offset 5, -16
  32              		.cfi_offset 6, -12
  33              		.cfi_offset 7, -8
  34              		.cfi_offset 14, -4
  35              	.LVL1:
 150:.\Generated_Source\PSoC4/cyfitter_cfg.c **** 	/* For 32-bit little-endian architectures */
 151:.\Generated_Source\PSoC4/cyfitter_cfg.c **** 	uint32 i, j = 0u;
  36              		.loc 1 151 0
  37 0002 0025     		mov	r5, #0
 152:.\Generated_Source\PSoC4/cyfitter_cfg.c **** 	for (i = 0u; i < CY_CFG_BASE_ADDR_COUNT; i++)
  38              		.loc 1 152 0
  39 0004 0027     		mov	r7, #0
  40 0006 11E0     		b	.L2
  41              	.LVL2:
  42              	.L5:
  43              	.LBB2:
 153:.\Generated_Source\PSoC4/cyfitter_cfg.c **** 	{
 154:.\Generated_Source\PSoC4/cyfitter_cfg.c **** 		uint32 baseAddr = addr_table[i];
  44              		.loc 1 154 0
  45 0008 BB00     		lsl	r3, r7, #2
  46 000a C658     		ldr	r6, [r0, r3]
  47              	.LVL3:
 155:.\Generated_Source\PSoC4/cyfitter_cfg.c **** 		uint8 count = (uint8)baseAddr;
  48              		.loc 1 155 0
  49 000c F3B2     		uxtb	r3, r6
  50              	.LVL4:
 156:.\Generated_Source\PSoC4/cyfitter_cfg.c **** 		baseAddr &= 0xFFFFFF00u;
  51              		.loc 1 156 0
  52 000e FF22     		mov	r2, #255
  53 0010 9643     		bic	r6, r2
  54              	.LVL5:
 157:.\Generated_Source\PSoC4/cyfitter_cfg.c **** 		while (count != 0u)
  55              		.loc 1 157 0
  56 0012 08E0     		b	.L3
  57              	.L4:
 158:.\Generated_Source\PSoC4/cyfitter_cfg.c **** 		{
 159:.\Generated_Source\PSoC4/cyfitter_cfg.c **** 			CY_SET_XTND_REG8((void CYFAR *)(baseAddr + data_table[j].offset), data_table[j].value);
  58              		.loc 1 159 0
  59 0014 6A00     		lsl	r2, r5, #1
  60 0016 8A18     		add	r2, r1, r2
  61 0018 1478     		ldrb	r4, [r2]
  62 001a A419     		add	r4, r4, r6
  63 001c 5278     		ldrb	r2, [r2, #1]
  64 001e 2270     		strb	r2, [r4]
 160:.\Generated_Source\PSoC4/cyfitter_cfg.c **** 			j++;
  65              		.loc 1 160 0
  66 0020 0135     		add	r5, r5, #1
  67              	.LVL6:
 161:.\Generated_Source\PSoC4/cyfitter_cfg.c **** 			count--;
ARM GAS  C:\Users\HENRYK~1\AppData\Local\Temp\cc0w4TFv.s 			page 5


  68              		.loc 1 161 0
  69 0022 013B     		sub	r3, r3, #1
  70              	.LVL7:
  71 0024 DBB2     		uxtb	r3, r3
  72              	.LVL8:
  73              	.L3:
 157:.\Generated_Source\PSoC4/cyfitter_cfg.c **** 		{
  74              		.loc 1 157 0
  75 0026 002B     		cmp	r3, #0
  76 0028 F4D1     		bne	.L4
  77              	.LBE2:
 152:.\Generated_Source\PSoC4/cyfitter_cfg.c **** 	{
  78              		.loc 1 152 0 discriminator 2
  79 002a 0137     		add	r7, r7, #1
  80              	.LVL9:
  81              	.L2:
 152:.\Generated_Source\PSoC4/cyfitter_cfg.c **** 	{
  82              		.loc 1 152 0 is_stmt 0 discriminator 1
  83 002c 002F     		cmp	r7, #0
  84 002e EBD0     		beq	.L5
 162:.\Generated_Source\PSoC4/cyfitter_cfg.c **** 		}
 163:.\Generated_Source\PSoC4/cyfitter_cfg.c **** 	}
 164:.\Generated_Source\PSoC4/cyfitter_cfg.c **** }
  85              		.loc 1 164 0 is_stmt 1
  86              		@ sp needed
  87              	.LVL10:
  88              	.LVL11:
  89 0030 F0BD     		pop	{r4, r5, r6, r7, pc}
  90              		.cfi_endproc
  91              	.LFE5:
  92              		.size	cfg_write_bytes32, .-cfg_write_bytes32
  93 0032 C046     		.section	.text.AnalogSetDefault,"ax",%progbits
  94              		.align	2
  95              		.code	16
  96              		.thumb_func
  97              		.type	AnalogSetDefault, %function
  98              	AnalogSetDefault:
  99              	.LFB7:
 165:.\Generated_Source\PSoC4/cyfitter_cfg.c **** 
 166:.\Generated_Source\PSoC4/cyfitter_cfg.c **** 
 167:.\Generated_Source\PSoC4/cyfitter_cfg.c **** /*******************************************************************************
 168:.\Generated_Source\PSoC4/cyfitter_cfg.c **** * Function Name: ClockSetup
 169:.\Generated_Source\PSoC4/cyfitter_cfg.c **** ********************************************************************************
 170:.\Generated_Source\PSoC4/cyfitter_cfg.c **** *
 171:.\Generated_Source\PSoC4/cyfitter_cfg.c **** * Summary:
 172:.\Generated_Source\PSoC4/cyfitter_cfg.c **** *   Performs the initialization of all of the clocks in the device based on the
 173:.\Generated_Source\PSoC4/cyfitter_cfg.c **** *   settings in the Clock tab of the DWR.  This includes enabling the requested
 174:.\Generated_Source\PSoC4/cyfitter_cfg.c **** *   clocks and setting the necessary dividers to produce the desired frequency. 
 175:.\Generated_Source\PSoC4/cyfitter_cfg.c **** *
 176:.\Generated_Source\PSoC4/cyfitter_cfg.c **** * Parameters:
 177:.\Generated_Source\PSoC4/cyfitter_cfg.c **** *   void
 178:.\Generated_Source\PSoC4/cyfitter_cfg.c **** *
 179:.\Generated_Source\PSoC4/cyfitter_cfg.c **** * Return:
 180:.\Generated_Source\PSoC4/cyfitter_cfg.c **** *   void
 181:.\Generated_Source\PSoC4/cyfitter_cfg.c **** *
 182:.\Generated_Source\PSoC4/cyfitter_cfg.c **** *******************************************************************************/
 183:.\Generated_Source\PSoC4/cyfitter_cfg.c **** static void ClockSetup(void);
ARM GAS  C:\Users\HENRYK~1\AppData\Local\Temp\cc0w4TFv.s 			page 6


 184:.\Generated_Source\PSoC4/cyfitter_cfg.c **** CY_CFG_SECTION
 185:.\Generated_Source\PSoC4/cyfitter_cfg.c **** static void ClockSetup(void)
 186:.\Generated_Source\PSoC4/cyfitter_cfg.c **** {
 187:.\Generated_Source\PSoC4/cyfitter_cfg.c **** 
 188:.\Generated_Source\PSoC4/cyfitter_cfg.c **** 	/* Set Flash Cycles based on max possible frequency in case a glitch occurs during ClockSetup(). *
 189:.\Generated_Source\PSoC4/cyfitter_cfg.c **** 	CY_SET_REG32((void CYXDATA *)(CYREG_CPUSS_FLASH_CTL), (0x0012u));
 190:.\Generated_Source\PSoC4/cyfitter_cfg.c **** 
 191:.\Generated_Source\PSoC4/cyfitter_cfg.c **** 	/* Start the WCO */
 192:.\Generated_Source\PSoC4/cyfitter_cfg.c **** 	CySysClkWcoStart();
 193:.\Generated_Source\PSoC4/cyfitter_cfg.c **** 	CyDelayCycles(12000000u); /* WCO may take up to 500ms to start */
 194:.\Generated_Source\PSoC4/cyfitter_cfg.c **** 	(void)CySysClkWcoSetPowerMode(CY_SYS_CLK_WCO_LPM);    /* Switch to the low power mode */
 195:.\Generated_Source\PSoC4/cyfitter_cfg.c **** 
 196:.\Generated_Source\PSoC4/cyfitter_cfg.c **** 	/* Setup and trim IMO based on desired frequency. */
 197:.\Generated_Source\PSoC4/cyfitter_cfg.c **** 	CySysClkWriteImoFreq(48u);
 198:.\Generated_Source\PSoC4/cyfitter_cfg.c **** 	/* CYDEV_CLK_ILO_CONFIG Starting address: CYDEV_CLK_ILO_CONFIG */
 199:.\Generated_Source\PSoC4/cyfitter_cfg.c **** 	CY_SET_XTND_REG32((void CYFAR *)(CYREG_CLK_ILO_CONFIG), 0x80000006u);
 200:.\Generated_Source\PSoC4/cyfitter_cfg.c **** 
 201:.\Generated_Source\PSoC4/cyfitter_cfg.c **** 	/* CYDEV_WDT_CONFIG Starting address: CYDEV_WDT_CONFIG */
 202:.\Generated_Source\PSoC4/cyfitter_cfg.c **** 	CY_SET_XTND_REG32((void CYFAR *)(CYREG_WDT_CONFIG), 0x40000000u);
 203:.\Generated_Source\PSoC4/cyfitter_cfg.c **** 
 204:.\Generated_Source\PSoC4/cyfitter_cfg.c **** 
 205:.\Generated_Source\PSoC4/cyfitter_cfg.c **** 	/* Enable fast start mode for XO */
 206:.\Generated_Source\PSoC4/cyfitter_cfg.c **** 	CY_SET_REG32((void*)CYREG_BLE_BLERD_BB_XO, CY_GET_REG32((void*)CYREG_BLE_BLERD_BB_XO) | (uint32)0x
 207:.\Generated_Source\PSoC4/cyfitter_cfg.c **** 	CY_SET_XTND_REG32((void CYFAR *)(CYREG_BLE_BLERD_BB_XO_CAPTRIM), 0x00003E2Du);
 208:.\Generated_Source\PSoC4/cyfitter_cfg.c **** 	/* Disable Crystal Stable Interrupt before enabling ECO */
 209:.\Generated_Source\PSoC4/cyfitter_cfg.c **** 	CY_SET_REG32((void*)CYREG_BLE_BLESS_LL_DSM_CTRL, CY_GET_REG32((void*)CYREG_BLE_BLESS_LL_DSM_CTRL) 
 210:.\Generated_Source\PSoC4/cyfitter_cfg.c **** 	/* Start the ECO and do not check status since it is not needed for HFCLK */
 211:.\Generated_Source\PSoC4/cyfitter_cfg.c **** 	(void)CySysClkEcoStart(2000u);
 212:.\Generated_Source\PSoC4/cyfitter_cfg.c **** 	CyDelayUs(1500u); /* Wait to stabalize */
 213:.\Generated_Source\PSoC4/cyfitter_cfg.c **** 
 214:.\Generated_Source\PSoC4/cyfitter_cfg.c **** 	/* Setup phase aligned clocks */
 215:.\Generated_Source\PSoC4/cyfitter_cfg.c **** 	CY_SET_REG32((void *)CYREG_PERI_DIV_16_CTL0, 0x0001A000u);
 216:.\Generated_Source\PSoC4/cyfitter_cfg.c **** 	CY_SET_REG32((void *)CYREG_PERI_DIV_CMD, 0x8000FF40u);
 217:.\Generated_Source\PSoC4/cyfitter_cfg.c **** 
 218:.\Generated_Source\PSoC4/cyfitter_cfg.c **** 	/* CYDEV_CLK_IMO_CONFIG Starting address: CYDEV_CLK_IMO_CONFIG */
 219:.\Generated_Source\PSoC4/cyfitter_cfg.c **** 	CY_SET_XTND_REG32((void CYFAR *)(CYREG_CLK_IMO_CONFIG), 0x80000000u);
 220:.\Generated_Source\PSoC4/cyfitter_cfg.c **** 
 221:.\Generated_Source\PSoC4/cyfitter_cfg.c **** 	/* CYDEV_CLK_SELECT Starting address: CYDEV_CLK_SELECT */
 222:.\Generated_Source\PSoC4/cyfitter_cfg.c **** 	CY_SET_XTND_REG32((void CYFAR *)(CYREG_CLK_SELECT), 0x00040000u);
 223:.\Generated_Source\PSoC4/cyfitter_cfg.c **** 
 224:.\Generated_Source\PSoC4/cyfitter_cfg.c **** 	/* CYDEV_PERI_PCLK_CTL1 Starting address: CYDEV_PERI_PCLK_CTL1 */
 225:.\Generated_Source\PSoC4/cyfitter_cfg.c **** 	CY_SET_XTND_REG32((void CYFAR *)(CYREG_PERI_PCLK_CTL1), 0x00000040u);
 226:.\Generated_Source\PSoC4/cyfitter_cfg.c **** 
 227:.\Generated_Source\PSoC4/cyfitter_cfg.c **** 	(void)CyIntSetVector(8u, &CySysWdtIsr);
 228:.\Generated_Source\PSoC4/cyfitter_cfg.c **** 	CyIntEnable(8u);
 229:.\Generated_Source\PSoC4/cyfitter_cfg.c **** 	CY_SET_XTND_REG32((void CYFAR *)(CYREG_WDT_CONFIG), 0x40000000u);
 230:.\Generated_Source\PSoC4/cyfitter_cfg.c **** }
 231:.\Generated_Source\PSoC4/cyfitter_cfg.c **** 
 232:.\Generated_Source\PSoC4/cyfitter_cfg.c **** 
 233:.\Generated_Source\PSoC4/cyfitter_cfg.c **** /* Analog API Functions */
 234:.\Generated_Source\PSoC4/cyfitter_cfg.c **** 
 235:.\Generated_Source\PSoC4/cyfitter_cfg.c **** 
 236:.\Generated_Source\PSoC4/cyfitter_cfg.c **** /*******************************************************************************
 237:.\Generated_Source\PSoC4/cyfitter_cfg.c **** * Function Name: AnalogSetDefault
 238:.\Generated_Source\PSoC4/cyfitter_cfg.c **** ********************************************************************************
 239:.\Generated_Source\PSoC4/cyfitter_cfg.c **** *
 240:.\Generated_Source\PSoC4/cyfitter_cfg.c **** * Summary:
ARM GAS  C:\Users\HENRYK~1\AppData\Local\Temp\cc0w4TFv.s 			page 7


 241:.\Generated_Source\PSoC4/cyfitter_cfg.c **** *  Sets up the analog portions of the chip to default values based on chip
 242:.\Generated_Source\PSoC4/cyfitter_cfg.c **** *  configuration options from the project.
 243:.\Generated_Source\PSoC4/cyfitter_cfg.c **** *
 244:.\Generated_Source\PSoC4/cyfitter_cfg.c **** * Parameters:
 245:.\Generated_Source\PSoC4/cyfitter_cfg.c **** *  void
 246:.\Generated_Source\PSoC4/cyfitter_cfg.c **** *
 247:.\Generated_Source\PSoC4/cyfitter_cfg.c **** * Return:
 248:.\Generated_Source\PSoC4/cyfitter_cfg.c **** *  void
 249:.\Generated_Source\PSoC4/cyfitter_cfg.c **** *
 250:.\Generated_Source\PSoC4/cyfitter_cfg.c **** *******************************************************************************/
 251:.\Generated_Source\PSoC4/cyfitter_cfg.c **** static void AnalogSetDefault(void);
 252:.\Generated_Source\PSoC4/cyfitter_cfg.c **** static void AnalogSetDefault(void)
 253:.\Generated_Source\PSoC4/cyfitter_cfg.c **** {
 100              		.loc 1 253 0
 101              		.cfi_startproc
 254:.\Generated_Source\PSoC4/cyfitter_cfg.c **** 	CY_SET_XTND_REG32((void CYFAR *)CYREG_CTBM0_DFT_CTRL, 0x00000003u);
 102              		.loc 1 254 0
 103 0000 0323     		mov	r3, #3
 104 0002 044A     		ldr	r2, .L7
 105 0004 1360     		str	r3, [r2]
 255:.\Generated_Source\PSoC4/cyfitter_cfg.c **** 	CY_SET_XTND_REG32((void CYFAR *)CYREG_CTBM1_DFT_CTRL, 0x00000003u);
 106              		.loc 1 255 0
 107 0006 044A     		ldr	r2, .L7+4
 108 0008 1360     		str	r3, [r2]
 256:.\Generated_Source\PSoC4/cyfitter_cfg.c **** 	CY_SET_XTND_REG32((void CYFAR *)CYREG_PASS_DSAB_DSAB_CTRL, 0x00000000u);
 109              		.loc 1 256 0
 110 000a 0022     		mov	r2, #0
 111 000c 034B     		ldr	r3, .L7+8
 112 000e 1A60     		str	r2, [r3]
 257:.\Generated_Source\PSoC4/cyfitter_cfg.c **** }
 113              		.loc 1 257 0
 114              		@ sp needed
 115 0010 7047     		bx	lr
 116              	.L8:
 117 0012 C046     		.align	2
 118              	.L7:
 119 0014 30003040 		.word	1076887600
 120 0018 30003140 		.word	1076953136
 121 001c 000E3F40 		.word	1077874176
 122              		.cfi_endproc
 123              	.LFE7:
 124              		.size	AnalogSetDefault, .-AnalogSetDefault
 125              		.section	.text.CYMEMZERO,"ax",%progbits
 126              		.align	2
 127              		.code	16
 128              		.thumb_func
 129              		.type	CYMEMZERO, %function
 130              	CYMEMZERO:
 131              	.LFB2:
  60:.\Generated_Source\PSoC4/cyfitter_cfg.c **** 	(void)memset(s, 0, n);
 132              		.loc 1 60 0
 133              		.cfi_startproc
 134              	.LVL12:
 135 0000 08B5     		push	{r3, lr}
 136              		.cfi_def_cfa_offset 8
 137              		.cfi_offset 3, -8
 138              		.cfi_offset 14, -4
ARM GAS  C:\Users\HENRYK~1\AppData\Local\Temp\cc0w4TFv.s 			page 8


 139 0002 0A1C     		mov	r2, r1
  61:.\Generated_Source\PSoC4/cyfitter_cfg.c **** }
 140              		.loc 1 61 0
 141 0004 0021     		mov	r1, #0
 142              	.LVL13:
 143 0006 FFF7FEFF 		bl	memset
 144              	.LVL14:
  62:.\Generated_Source\PSoC4/cyfitter_cfg.c **** CY_CFG_UNUSED
 145              		.loc 1 62 0
 146              		@ sp needed
 147 000a 08BD     		pop	{r3, pc}
 148              		.cfi_endproc
 149              	.LFE2:
 150              		.size	CYMEMZERO, .-CYMEMZERO
 151              		.section	.psocinit,"ax",%progbits
 152              		.align	2
 153              		.code	16
 154              		.thumb_func
 155              		.type	ClockSetup, %function
 156              	ClockSetup:
 157              	.LFB6:
 186:.\Generated_Source\PSoC4/cyfitter_cfg.c **** 
 158              		.loc 1 186 0
 159              		.cfi_startproc
 160 0000 38B5     		push	{r3, r4, r5, lr}
 161              		.cfi_def_cfa_offset 16
 162              		.cfi_offset 3, -16
 163              		.cfi_offset 4, -12
 164              		.cfi_offset 5, -8
 165              		.cfi_offset 14, -4
 189:.\Generated_Source\PSoC4/cyfitter_cfg.c **** 
 166              		.loc 1 189 0
 167 0002 1222     		mov	r2, #18
 168 0004 214B     		ldr	r3, .L11
 169 0006 1A60     		str	r2, [r3]
 192:.\Generated_Source\PSoC4/cyfitter_cfg.c **** 	CyDelayCycles(12000000u); /* WCO may take up to 500ms to start */
 170              		.loc 1 192 0
 171 0008 FFF7FEFF 		bl	CySysClkWcoStart
 172              	.LVL15:
 193:.\Generated_Source\PSoC4/cyfitter_cfg.c **** 	(void)CySysClkWcoSetPowerMode(CY_SYS_CLK_WCO_LPM);    /* Switch to the low power mode */
 173              		.loc 1 193 0
 174 000c 2048     		ldr	r0, .L11+4
 175 000e FFF7FEFF 		bl	CyDelayCycles
 176              	.LVL16:
 194:.\Generated_Source\PSoC4/cyfitter_cfg.c **** 
 177              		.loc 1 194 0
 178 0012 0120     		mov	r0, #1
 179 0014 FFF7FEFF 		bl	CySysClkWcoSetPowerMode
 180              	.LVL17:
 197:.\Generated_Source\PSoC4/cyfitter_cfg.c **** 	/* CYDEV_CLK_ILO_CONFIG Starting address: CYDEV_CLK_ILO_CONFIG */
 181              		.loc 1 197 0
 182 0018 3020     		mov	r0, #48
 183 001a FFF7FEFF 		bl	CySysClkWriteImoFreq
 184              	.LVL18:
 199:.\Generated_Source\PSoC4/cyfitter_cfg.c **** 
 185              		.loc 1 199 0
 186 001e 1D4A     		ldr	r2, .L11+8
ARM GAS  C:\Users\HENRYK~1\AppData\Local\Temp\cc0w4TFv.s 			page 9


 187 0020 1D4B     		ldr	r3, .L11+12
 188 0022 1A60     		str	r2, [r3]
 202:.\Generated_Source\PSoC4/cyfitter_cfg.c **** 
 189              		.loc 1 202 0
 190 0024 1D4C     		ldr	r4, .L11+16
 191 0026 8025     		mov	r5, #128
 192 0028 ED05     		lsl	r5, r5, #23
 193 002a 2560     		str	r5, [r4]
 206:.\Generated_Source\PSoC4/cyfitter_cfg.c **** 	CY_SET_XTND_REG32((void CYFAR *)(CYREG_BLE_BLERD_BB_XO_CAPTRIM), 0x00003E2Du);
 194              		.loc 1 206 0
 195 002c 1C4A     		ldr	r2, .L11+20
 196 002e 1168     		ldr	r1, [r2]
 197 0030 0223     		mov	r3, #2
 198 0032 0B43     		orr	r3, r1
 199 0034 1360     		str	r3, [r2]
 207:.\Generated_Source\PSoC4/cyfitter_cfg.c **** 	/* Disable Crystal Stable Interrupt before enabling ECO */
 200              		.loc 1 207 0
 201 0036 1B4A     		ldr	r2, .L11+24
 202 0038 1B4B     		ldr	r3, .L11+28
 203 003a 1A60     		str	r2, [r3]
 209:.\Generated_Source\PSoC4/cyfitter_cfg.c **** 	/* Start the ECO and do not check status since it is not needed for HFCLK */
 204              		.loc 1 209 0
 205 003c 1B4A     		ldr	r2, .L11+32
 206 003e 1368     		ldr	r3, [r2]
 207 0040 0821     		mov	r1, #8
 208 0042 8B43     		bic	r3, r1
 209 0044 1360     		str	r3, [r2]
 211:.\Generated_Source\PSoC4/cyfitter_cfg.c **** 	CyDelayUs(1500u); /* Wait to stabalize */
 210              		.loc 1 211 0
 211 0046 FA20     		mov	r0, #250
 212 0048 C000     		lsl	r0, r0, #3
 213 004a FFF7FEFF 		bl	CySysClkEcoStart
 214              	.LVL19:
 212:.\Generated_Source\PSoC4/cyfitter_cfg.c **** 
 215              		.loc 1 212 0
 216 004e 1848     		ldr	r0, .L11+36
 217 0050 FFF7FEFF 		bl	CyDelayUs
 218              	.LVL20:
 215:.\Generated_Source\PSoC4/cyfitter_cfg.c **** 	CY_SET_REG32((void *)CYREG_PERI_DIV_CMD, 0x8000FF40u);
 219              		.loc 1 215 0
 220 0054 D022     		mov	r2, #208
 221 0056 5202     		lsl	r2, r2, #9
 222 0058 164B     		ldr	r3, .L11+40
 223 005a 1A60     		str	r2, [r3]
 216:.\Generated_Source\PSoC4/cyfitter_cfg.c **** 
 224              		.loc 1 216 0
 225 005c 164A     		ldr	r2, .L11+44
 226 005e 174B     		ldr	r3, .L11+48
 227 0060 1A60     		str	r2, [r3]
 219:.\Generated_Source\PSoC4/cyfitter_cfg.c **** 
 228              		.loc 1 219 0
 229 0062 8022     		mov	r2, #128
 230 0064 1206     		lsl	r2, r2, #24
 231 0066 164B     		ldr	r3, .L11+52
 232 0068 1A60     		str	r2, [r3]
 222:.\Generated_Source\PSoC4/cyfitter_cfg.c **** 
 233              		.loc 1 222 0
ARM GAS  C:\Users\HENRYK~1\AppData\Local\Temp\cc0w4TFv.s 			page 10


 234 006a 8022     		mov	r2, #128
 235 006c D202     		lsl	r2, r2, #11
 236 006e 154B     		ldr	r3, .L11+56
 237 0070 1A60     		str	r2, [r3]
 225:.\Generated_Source\PSoC4/cyfitter_cfg.c **** 
 238              		.loc 1 225 0
 239 0072 4022     		mov	r2, #64
 240 0074 144B     		ldr	r3, .L11+60
 241 0076 1A60     		str	r2, [r3]
 227:.\Generated_Source\PSoC4/cyfitter_cfg.c **** 	CyIntEnable(8u);
 242              		.loc 1 227 0
 243 0078 0820     		mov	r0, #8
 244 007a 1449     		ldr	r1, .L11+64
 245 007c FFF7FEFF 		bl	CyIntSetVector
 246              	.LVL21:
 228:.\Generated_Source\PSoC4/cyfitter_cfg.c **** 	CY_SET_XTND_REG32((void CYFAR *)(CYREG_WDT_CONFIG), 0x40000000u);
 247              		.loc 1 228 0
 248 0080 0820     		mov	r0, #8
 249 0082 FFF7FEFF 		bl	CyIntEnable
 250              	.LVL22:
 229:.\Generated_Source\PSoC4/cyfitter_cfg.c **** }
 251              		.loc 1 229 0
 252 0086 2560     		str	r5, [r4]
 230:.\Generated_Source\PSoC4/cyfitter_cfg.c **** 
 253              		.loc 1 230 0
 254              		@ sp needed
 255 0088 38BD     		pop	{r3, r4, r5, pc}
 256              	.L12:
 257 008a C046     		.align	2
 258              	.L11:
 259 008c 30001040 		.word	1074790448
 260 0090 001BB700 		.word	12000000
 261 0094 06000080 		.word	-2147483642
 262 0098 04010B40 		.word	1074462980
 263 009c 0C020B40 		.word	1074463244
 264 00a0 78002E40 		.word	1076756600
 265 00a4 2D3E0000 		.word	15917
 266 00a8 7C002E40 		.word	1076756604
 267 00ac 6CF02E40 		.word	1076818028
 268 00b0 DC050000 		.word	1500
 269 00b4 00030140 		.word	1073808128
 270 00b8 40FF0080 		.word	-2147418304
 271 00bc 00000140 		.word	1073807360
 272 00c0 08010B40 		.word	1074462984
 273 00c4 00010B40 		.word	1074462976
 274 00c8 04010140 		.word	1073807620
 275 00cc 00000000 		.word	CySysWdtIsr
 276              		.cfi_endproc
 277              	.LFE6:
 278              		.size	ClockSetup, .-ClockSetup
 279              		.align	2
 280              		.global	cyfitter_cfg
 281              		.code	16
 282              		.thumb_func
 283              		.type	cyfitter_cfg, %function
 284              	cyfitter_cfg:
 285              	.LFB8:
ARM GAS  C:\Users\HENRYK~1\AppData\Local\Temp\cc0w4TFv.s 			page 11


 258:.\Generated_Source\PSoC4/cyfitter_cfg.c **** 
 259:.\Generated_Source\PSoC4/cyfitter_cfg.c **** #define CY_AMUX_UNUSED CYREG_CM0_ROM_DWT
 260:.\Generated_Source\PSoC4/cyfitter_cfg.c **** 
 261:.\Generated_Source\PSoC4/cyfitter_cfg.c **** 
 262:.\Generated_Source\PSoC4/cyfitter_cfg.c **** /*******************************************************************************
 263:.\Generated_Source\PSoC4/cyfitter_cfg.c **** * Function Name: cyfitter_cfg
 264:.\Generated_Source\PSoC4/cyfitter_cfg.c **** ********************************************************************************
 265:.\Generated_Source\PSoC4/cyfitter_cfg.c **** * Summary:
 266:.\Generated_Source\PSoC4/cyfitter_cfg.c **** *  This function is called by the start-up code for the selected device. It
 267:.\Generated_Source\PSoC4/cyfitter_cfg.c **** *  performs all of the necessary device configuration based on the design
 268:.\Generated_Source\PSoC4/cyfitter_cfg.c **** *  settings.  This includes settings from the Design Wide Resources (DWR) such
 269:.\Generated_Source\PSoC4/cyfitter_cfg.c **** *  as Clocks and Pins as well as any component configuration that is necessary.
 270:.\Generated_Source\PSoC4/cyfitter_cfg.c **** *
 271:.\Generated_Source\PSoC4/cyfitter_cfg.c **** * Parameters:  
 272:.\Generated_Source\PSoC4/cyfitter_cfg.c **** *   void
 273:.\Generated_Source\PSoC4/cyfitter_cfg.c **** *
 274:.\Generated_Source\PSoC4/cyfitter_cfg.c **** * Return:
 275:.\Generated_Source\PSoC4/cyfitter_cfg.c **** *   void
 276:.\Generated_Source\PSoC4/cyfitter_cfg.c **** *
 277:.\Generated_Source\PSoC4/cyfitter_cfg.c **** *******************************************************************************/
 278:.\Generated_Source\PSoC4/cyfitter_cfg.c **** CY_CFG_SECTION
 279:.\Generated_Source\PSoC4/cyfitter_cfg.c **** void cyfitter_cfg(void)
 280:.\Generated_Source\PSoC4/cyfitter_cfg.c **** {
 286              		.loc 1 280 0
 287              		.cfi_startproc
 288 00d0 10B5     		push	{r4, lr}
 289              		.cfi_def_cfa_offset 8
 290              		.cfi_offset 4, -8
 291              		.cfi_offset 14, -4
 281:.\Generated_Source\PSoC4/cyfitter_cfg.c **** 	/* Disable interrupts by default. Let user enable if/when they want. */
 282:.\Generated_Source\PSoC4/cyfitter_cfg.c **** 	CyGlobalIntDisable;
 292              		.loc 1 282 0
 293              	@ 282 ".\Generated_Source\PSoC4\cyfitter_cfg.c" 1
 294 00d2 72B6     		CPSID   i
 295              	@ 0 "" 2
 283:.\Generated_Source\PSoC4/cyfitter_cfg.c **** 
 284:.\Generated_Source\PSoC4/cyfitter_cfg.c **** 	CY_SET_XTND_REG32((void CYFAR *)(CYREG_BLE_BLESS_LL_DSM_CTRL), 0x00000000u);
 296              		.loc 1 284 0
 297              		.code	16
 298 00d4 0022     		mov	r2, #0
 299 00d6 274B     		ldr	r3, .L16
 300 00d8 1A60     		str	r2, [r3]
 301              	.LVL23:
 302              	.LBB3:
 285:.\Generated_Source\PSoC4/cyfitter_cfg.c **** 
 286:.\Generated_Source\PSoC4/cyfitter_cfg.c **** 	{
 287:.\Generated_Source\PSoC4/cyfitter_cfg.c **** 		static const uint32 CYCODE cy_cfg_addr_table[] = {
 288:.\Generated_Source\PSoC4/cyfitter_cfg.c **** 			0x400F6002u, /* Base address: 0x400F6000 Count: 2 */
 289:.\Generated_Source\PSoC4/cyfitter_cfg.c **** 		};
 290:.\Generated_Source\PSoC4/cyfitter_cfg.c **** 
 291:.\Generated_Source\PSoC4/cyfitter_cfg.c **** 		static const cy_cfg_addrvalue_t CYCODE cy_cfg_data_table[] = {
 292:.\Generated_Source\PSoC4/cyfitter_cfg.c **** 			{0x02u, 0x01u},
 293:.\Generated_Source\PSoC4/cyfitter_cfg.c **** 			{0x11u, 0x01u},
 294:.\Generated_Source\PSoC4/cyfitter_cfg.c **** 		};
 295:.\Generated_Source\PSoC4/cyfitter_cfg.c **** 
 296:.\Generated_Source\PSoC4/cyfitter_cfg.c **** 
 297:.\Generated_Source\PSoC4/cyfitter_cfg.c **** 
ARM GAS  C:\Users\HENRYK~1\AppData\Local\Temp\cc0w4TFv.s 			page 12


 298:.\Generated_Source\PSoC4/cyfitter_cfg.c **** 		CYPACKED typedef struct {
 299:.\Generated_Source\PSoC4/cyfitter_cfg.c **** 			void CYFAR *address;
 300:.\Generated_Source\PSoC4/cyfitter_cfg.c **** 			uint16 size;
 301:.\Generated_Source\PSoC4/cyfitter_cfg.c **** 		} CYPACKED_ATTR cfg_memset_t;
 302:.\Generated_Source\PSoC4/cyfitter_cfg.c **** 
 303:.\Generated_Source\PSoC4/cyfitter_cfg.c **** 		static const cfg_memset_t CYCODE cfg_memset_list [] = {
 304:.\Generated_Source\PSoC4/cyfitter_cfg.c **** 			/* address, size */
 305:.\Generated_Source\PSoC4/cyfitter_cfg.c **** 			{(void CYFAR *)(CYDEV_UDB_P0_U0_BASE), 1024u},
 306:.\Generated_Source\PSoC4/cyfitter_cfg.c **** 			{(void CYFAR *)(CYDEV_UDB_DSI0_BASE), 1024u},
 307:.\Generated_Source\PSoC4/cyfitter_cfg.c **** 		};
 308:.\Generated_Source\PSoC4/cyfitter_cfg.c **** 
 309:.\Generated_Source\PSoC4/cyfitter_cfg.c **** 		uint8 CYDATA i;
 310:.\Generated_Source\PSoC4/cyfitter_cfg.c **** 
 311:.\Generated_Source\PSoC4/cyfitter_cfg.c **** 		/* Zero out critical memory blocks before beginning configuration */
 312:.\Generated_Source\PSoC4/cyfitter_cfg.c **** 		for (i = 0u; i < (sizeof(cfg_memset_list)/sizeof(cfg_memset_list[0])); i++)
 303              		.loc 1 312 0
 304 00da 0024     		mov	r4, #0
 305 00dc 10E0     		b	.L14
 306              	.LVL24:
 307              	.L15:
 308              	.LBB4:
 313:.\Generated_Source\PSoC4/cyfitter_cfg.c **** 		{
 314:.\Generated_Source\PSoC4/cyfitter_cfg.c **** 			const cfg_memset_t CYCODE * CYDATA ms = &cfg_memset_list[i];
 315:.\Generated_Source\PSoC4/cyfitter_cfg.c **** 			CYMEMZERO(ms->address, (size_t)(uint32)(ms->size));
 309              		.loc 1 315 0 discriminator 3
 310 00de 2648     		ldr	r0, .L16+4
 311 00e0 6300     		lsl	r3, r4, #1
 312 00e2 1A19     		add	r2, r3, r4
 313 00e4 5200     		lsl	r2, r2, #1
 314 00e6 8218     		add	r2, r0, r2
 315 00e8 9188     		ldrh	r1, [r2, #4]
 316 00ea 1B19     		add	r3, r3, r4
 317 00ec 5B00     		lsl	r3, r3, #1
 318 00ee 1A5A     		ldrh	r2, [r3, r0]
 319 00f0 C318     		add	r3, r0, r3
 320 00f2 5888     		ldrh	r0, [r3, #2]
 321 00f4 0004     		lsl	r0, r0, #16
 322 00f6 1043     		orr	r0, r2
 323 00f8 FFF7FEFF 		bl	CYMEMZERO
 324              	.LVL25:
 325              	.LBE4:
 312:.\Generated_Source\PSoC4/cyfitter_cfg.c **** 		{
 326              		.loc 1 312 0 discriminator 3
 327 00fc 0134     		add	r4, r4, #1
 328              	.LVL26:
 329 00fe E4B2     		uxtb	r4, r4
 330              	.LVL27:
 331              	.L14:
 312:.\Generated_Source\PSoC4/cyfitter_cfg.c **** 		{
 332              		.loc 1 312 0 is_stmt 0 discriminator 1
 333 0100 012C     		cmp	r4, #1
 334 0102 ECD9     		bls	.L15
 316:.\Generated_Source\PSoC4/cyfitter_cfg.c **** 		}
 317:.\Generated_Source\PSoC4/cyfitter_cfg.c **** 
 318:.\Generated_Source\PSoC4/cyfitter_cfg.c **** 		cfg_write_bytes32(cy_cfg_addr_table, cy_cfg_data_table);
 335              		.loc 1 318 0 is_stmt 1
 336 0104 1C49     		ldr	r1, .L16+4
ARM GAS  C:\Users\HENRYK~1\AppData\Local\Temp\cc0w4TFv.s 			page 13


 337 0106 081C     		mov	r0, r1
 338 0108 0C30     		add	r0, r0, #12
 339 010a 1031     		add	r1, r1, #16
 340 010c FFF7FEFF 		bl	cfg_write_bytes32
 341              	.LVL28:
 319:.\Generated_Source\PSoC4/cyfitter_cfg.c **** 
 320:.\Generated_Source\PSoC4/cyfitter_cfg.c **** 		/* HSIOM Starting address: CYDEV_HSIOM_BASE */
 321:.\Generated_Source\PSoC4/cyfitter_cfg.c **** 		CY_SET_XTND_REG32((void CYFAR *)(CYDEV_HSIOM_BASE), 0xEE990000u);
 342              		.loc 1 321 0
 343 0110 1A4A     		ldr	r2, .L16+8
 344 0112 1B4B     		ldr	r3, .L16+12
 345 0114 1A60     		str	r2, [r3]
 322:.\Generated_Source\PSoC4/cyfitter_cfg.c **** 
 323:.\Generated_Source\PSoC4/cyfitter_cfg.c **** 		/* UDB_PA_0 Starting address: CYDEV_UDB_PA0_BASE */
 324:.\Generated_Source\PSoC4/cyfitter_cfg.c **** 		CY_SET_XTND_REG32((void CYFAR *)(CYDEV_UDB_PA0_BASE), 0x00990000u);
 346              		.loc 1 324 0
 347 0116 9923     		mov	r3, #153
 348 0118 1B04     		lsl	r3, r3, #16
 349 011a 1A4A     		ldr	r2, .L16+16
 350 011c 1360     		str	r3, [r2]
 325:.\Generated_Source\PSoC4/cyfitter_cfg.c **** 
 326:.\Generated_Source\PSoC4/cyfitter_cfg.c **** 		/* UDB_PA_2 Starting address: CYDEV_UDB_PA2_BASE */
 327:.\Generated_Source\PSoC4/cyfitter_cfg.c **** 		CY_SET_XTND_REG32((void CYFAR *)(CYDEV_UDB_PA2_BASE), 0x00990000u);
 351              		.loc 1 327 0
 352 011e 1A4A     		ldr	r2, .L16+20
 353 0120 1360     		str	r3, [r2]
 328:.\Generated_Source\PSoC4/cyfitter_cfg.c **** 		CY_SET_XTND_REG32((void CYFAR *)(CYREG_UDB_PA2_CFG4), 0x80000000u);
 354              		.loc 1 328 0
 355 0122 8022     		mov	r2, #128
 356 0124 1206     		lsl	r2, r2, #24
 357 0126 194B     		ldr	r3, .L16+24
 358 0128 1A60     		str	r2, [r3]
 329:.\Generated_Source\PSoC4/cyfitter_cfg.c **** 
 330:.\Generated_Source\PSoC4/cyfitter_cfg.c **** 		/* Enable digital routing */
 331:.\Generated_Source\PSoC4/cyfitter_cfg.c **** 		CY_SET_XTND_REG8((void *)CYREG_UDB_UDBIF_BANK_CTL, CY_GET_XTND_REG8((void *)CYREG_UDB_UDBIF_BANK_
 359              		.loc 1 331 0
 360 012a 194B     		ldr	r3, .L16+28
 361 012c 1978     		ldrb	r1, [r3]
 362 012e 0222     		mov	r2, #2
 363 0130 0A43     		orr	r2, r1
 364 0132 1A70     		strb	r2, [r3]
 332:.\Generated_Source\PSoC4/cyfitter_cfg.c **** 
 333:.\Generated_Source\PSoC4/cyfitter_cfg.c **** 		/* Enable UDB array */
 334:.\Generated_Source\PSoC4/cyfitter_cfg.c **** 		CY_SET_XTND_REG8((void *)CYREG_UDB_UDBIF_WAIT_CFG, (uint8)((CY_GET_XTND_REG8((void *)CYREG_UDB_UD
 365              		.loc 1 334 0
 366 0134 1748     		ldr	r0, .L16+32
 367 0136 0278     		ldrb	r2, [r0]
 368 0138 3C21     		mov	r1, #60
 369 013a 8A43     		bic	r2, r1
 370 013c 2839     		sub	r1, r1, #40
 371 013e 0A43     		orr	r2, r1
 372 0140 0270     		strb	r2, [r0]
 335:.\Generated_Source\PSoC4/cyfitter_cfg.c **** 		CY_SET_XTND_REG8((void *)CYREG_UDB_UDBIF_BANK_CTL, (uint8)(CY_GET_XTND_REG8((void *)CYREG_UDB_UDB
 373              		.loc 1 335 0
 374 0142 1978     		ldrb	r1, [r3]
 375 0144 1622     		mov	r2, #22
 376 0146 0A43     		orr	r2, r1
ARM GAS  C:\Users\HENRYK~1\AppData\Local\Temp\cc0w4TFv.s 			page 14


 377 0148 1A70     		strb	r2, [r3]
 378              	.LBE3:
 336:.\Generated_Source\PSoC4/cyfitter_cfg.c **** 	}
 337:.\Generated_Source\PSoC4/cyfitter_cfg.c **** 
 338:.\Generated_Source\PSoC4/cyfitter_cfg.c **** 	/* Perform second pass device configuration. These items must be configured in specific order afte
 339:.\Generated_Source\PSoC4/cyfitter_cfg.c **** 	/* IOPINS0_0 Starting address: CYDEV_GPIO_PRT0_BASE */
 340:.\Generated_Source\PSoC4/cyfitter_cfg.c **** 	CY_SET_XTND_REG32((void CYFAR *)(CYDEV_GPIO_PRT0_BASE), 0x00000020u);
 379              		.loc 1 340 0
 380 014a 2023     		mov	r3, #32
 381 014c 124A     		ldr	r2, .L16+36
 382 014e 1360     		str	r3, [r2]
 341:.\Generated_Source\PSoC4/cyfitter_cfg.c **** 	CY_SET_XTND_REG32((void CYFAR *)(CYREG_GPIO_PRT0_PC), 0x00DB1000u);
 383              		.loc 1 341 0
 384 0150 1249     		ldr	r1, .L16+40
 385 0152 134A     		ldr	r2, .L16+44
 386 0154 1160     		str	r1, [r2]
 342:.\Generated_Source\PSoC4/cyfitter_cfg.c **** 	CY_SET_XTND_REG32((void CYFAR *)(CYREG_GPIO_PRT0_PC2), 0x00000020u);
 387              		.loc 1 342 0
 388 0156 134A     		ldr	r2, .L16+48
 389 0158 1360     		str	r3, [r2]
 343:.\Generated_Source\PSoC4/cyfitter_cfg.c **** 
 344:.\Generated_Source\PSoC4/cyfitter_cfg.c **** 	/* IOPINS0_2 Starting address: CYDEV_GPIO_PRT2_BASE */
 345:.\Generated_Source\PSoC4/cyfitter_cfg.c **** 	CY_SET_XTND_REG32((void CYFAR *)(CYDEV_GPIO_PRT2_BASE), 0x00000080u);
 390              		.loc 1 345 0
 391 015a 8022     		mov	r2, #128
 392 015c 124B     		ldr	r3, .L16+52
 393 015e 1A60     		str	r2, [r3]
 346:.\Generated_Source\PSoC4/cyfitter_cfg.c **** 	CY_SET_XTND_REG32((void CYFAR *)(CYREG_GPIO_PRT2_PC), 0x00580000u);
 394              		.loc 1 346 0
 395 0160 B022     		mov	r2, #176
 396 0162 D203     		lsl	r2, r2, #15
 397 0164 114B     		ldr	r3, .L16+56
 398 0166 1A60     		str	r2, [r3]
 347:.\Generated_Source\PSoC4/cyfitter_cfg.c **** 
 348:.\Generated_Source\PSoC4/cyfitter_cfg.c **** 	/* Setup clocks based on selections from Clock DWR */
 349:.\Generated_Source\PSoC4/cyfitter_cfg.c **** 	ClockSetup();
 399              		.loc 1 349 0
 400 0168 FFF74AFF 		bl	ClockSetup
 401              	.LVL29:
 350:.\Generated_Source\PSoC4/cyfitter_cfg.c **** 
 351:.\Generated_Source\PSoC4/cyfitter_cfg.c **** 	/* Perform basic analog initialization to defaults */
 352:.\Generated_Source\PSoC4/cyfitter_cfg.c **** 	AnalogSetDefault();
 402              		.loc 1 352 0
 403 016c FFF7FEFF 		bl	AnalogSetDefault
 404              	.LVL30:
 353:.\Generated_Source\PSoC4/cyfitter_cfg.c **** 
 354:.\Generated_Source\PSoC4/cyfitter_cfg.c **** }
 405              		.loc 1 354 0
 406              		@ sp needed
 407              	.LVL31:
 408 0170 10BD     		pop	{r4, pc}
 409              	.L17:
 410 0172 C046     		.align	2
 411              	.L16:
 412 0174 6CF02E40 		.word	1076818028
 413 0178 00000000 		.word	.LANCHOR0
 414 017c 000099EE 		.word	-291962880
ARM GAS  C:\Users\HENRYK~1\AppData\Local\Temp\cc0w4TFv.s 			page 15


 415 0180 00000240 		.word	1073872896
 416 0184 00500F40 		.word	1074745344
 417 0188 20500F40 		.word	1074745376
 418 018c 24500F40 		.word	1074745380
 419 0190 00700F40 		.word	1074753536
 420 0194 01700F40 		.word	1074753537
 421 0198 00000440 		.word	1074003968
 422 019c 0010DB00 		.word	14356480
 423 01a0 08000440 		.word	1074003976
 424 01a4 18000440 		.word	1074003992
 425 01a8 00020440 		.word	1074004480
 426 01ac 08020440 		.word	1074004488
 427              		.cfi_endproc
 428              	.LFE8:
 429              		.size	cyfitter_cfg, .-cyfitter_cfg
 430              		.section	.rodata
 431              		.align	2
 432              		.set	.LANCHOR0,. + 0
 433              		.type	cfg_memset_list.4765, %object
 434              		.size	cfg_memset_list.4765, 12
 435              	cfg_memset_list.4765:
 436 0000 00300F40 		.word	1074737152
 437 0004 0004     		.short	1024
 438 0006 00400F40 		.4byte	1074741248
 439 000a 0004     		.short	1024
 440              		.type	cy_cfg_addr_table.4759, %object
 441              		.size	cy_cfg_addr_table.4759, 4
 442              	cy_cfg_addr_table.4759:
 443 000c 02600F40 		.word	1074749442
 444              		.type	cy_cfg_data_table.4760, %object
 445              		.size	cy_cfg_data_table.4760, 4
 446              	cy_cfg_data_table.4760:
 447 0010 02       		.byte	2
 448 0011 01       		.byte	1
 449 0012 11       		.byte	17
 450 0013 01       		.byte	1
 451              		.text
 452              	.Letext0:
 453              		.file 2 "c:\\program files (x86)\\cypress\\psoc creator\\3.3\\psoc creator\\import\\gnu\\arm\\4.9.
 454              		.file 3 ".\\Generated_Source\\PSoC4\\cytypes.h"
 455              		.file 4 ".\\Generated_Source\\PSoC4\\CyLib.h"
 456              		.file 5 ".\\Generated_Source\\PSoC4\\CyLFClk.h"
 457              		.section	.debug_info,"",%progbits
 458              	.Ldebug_info0:
 459 0000 8D040000 		.4byte	0x48d
 460 0004 0400     		.2byte	0x4
 461 0006 00000000 		.4byte	.Ldebug_abbrev0
 462 000a 04       		.byte	0x4
 463 000b 01       		.uleb128 0x1
 464 000c 5B020000 		.4byte	.LASF44
 465 0010 01       		.byte	0x1
 466 0011 05020000 		.4byte	.LASF45
 467 0015 89000000 		.4byte	.LASF46
 468 0019 00000000 		.4byte	.Ldebug_ranges0+0
 469 001d 00000000 		.4byte	0
 470 0021 00000000 		.4byte	.Ldebug_line0
 471 0025 02       		.uleb128 0x2
ARM GAS  C:\Users\HENRYK~1\AppData\Local\Temp\cc0w4TFv.s 			page 16


 472 0026 04       		.byte	0x4
 473 0027 05       		.byte	0x5
 474 0028 696E7400 		.ascii	"int\000"
 475 002c 03       		.uleb128 0x3
 476 002d 14000000 		.4byte	.LASF11
 477 0031 02       		.byte	0x2
 478 0032 D4       		.byte	0xd4
 479 0033 37000000 		.4byte	0x37
 480 0037 04       		.uleb128 0x4
 481 0038 04       		.byte	0x4
 482 0039 07       		.byte	0x7
 483 003a A0010000 		.4byte	.LASF0
 484 003e 04       		.uleb128 0x4
 485 003f 01       		.byte	0x1
 486 0040 06       		.byte	0x6
 487 0041 18030000 		.4byte	.LASF1
 488 0045 04       		.uleb128 0x4
 489 0046 01       		.byte	0x1
 490 0047 08       		.byte	0x8
 491 0048 39010000 		.4byte	.LASF2
 492 004c 04       		.uleb128 0x4
 493 004d 02       		.byte	0x2
 494 004e 05       		.byte	0x5
 495 004f F0020000 		.4byte	.LASF3
 496 0053 04       		.uleb128 0x4
 497 0054 02       		.byte	0x2
 498 0055 07       		.byte	0x7
 499 0056 24030000 		.4byte	.LASF4
 500 005a 04       		.uleb128 0x4
 501 005b 04       		.byte	0x4
 502 005c 05       		.byte	0x5
 503 005d 0F030000 		.4byte	.LASF5
 504 0061 04       		.uleb128 0x4
 505 0062 04       		.byte	0x4
 506 0063 07       		.byte	0x7
 507 0064 06010000 		.4byte	.LASF6
 508 0068 04       		.uleb128 0x4
 509 0069 08       		.byte	0x8
 510 006a 05       		.byte	0x5
 511 006b 2D020000 		.4byte	.LASF7
 512 006f 04       		.uleb128 0x4
 513 0070 08       		.byte	0x8
 514 0071 07       		.byte	0x7
 515 0072 C2010000 		.4byte	.LASF8
 516 0076 04       		.uleb128 0x4
 517 0077 04       		.byte	0x4
 518 0078 07       		.byte	0x7
 519 0079 FC010000 		.4byte	.LASF9
 520 007d 05       		.uleb128 0x5
 521 007e 04       		.byte	0x4
 522 007f 06       		.uleb128 0x6
 523 0080 04       		.byte	0x4
 524 0081 85000000 		.4byte	0x85
 525 0085 07       		.uleb128 0x7
 526 0086 04       		.uleb128 0x4
 527 0087 01       		.byte	0x1
 528 0088 08       		.byte	0x8
ARM GAS  C:\Users\HENRYK~1\AppData\Local\Temp\cc0w4TFv.s 			page 17


 529 0089 45020000 		.4byte	.LASF10
 530 008d 03       		.uleb128 0x3
 531 008e 18010000 		.4byte	.LASF12
 532 0092 03       		.byte	0x3
 533 0093 C2       		.byte	0xc2
 534 0094 45000000 		.4byte	0x45
 535 0098 03       		.uleb128 0x3
 536 0099 7E010000 		.4byte	.LASF13
 537 009d 03       		.byte	0x3
 538 009e C3       		.byte	0xc3
 539 009f 53000000 		.4byte	0x53
 540 00a3 03       		.uleb128 0x3
 541 00a4 99010000 		.4byte	.LASF14
 542 00a8 03       		.byte	0x3
 543 00a9 C4       		.byte	0xc4
 544 00aa 61000000 		.4byte	0x61
 545 00ae 04       		.uleb128 0x4
 546 00af 04       		.byte	0x4
 547 00b0 04       		.byte	0x4
 548 00b1 CE000000 		.4byte	.LASF15
 549 00b5 04       		.uleb128 0x4
 550 00b6 08       		.byte	0x8
 551 00b7 04       		.byte	0x4
 552 00b8 4E010000 		.4byte	.LASF16
 553 00bc 08       		.uleb128 0x8
 554 00bd 90010000 		.4byte	.LASF17
 555 00c1 03       		.byte	0x3
 556 00c2 6401     		.2byte	0x164
 557 00c4 61000000 		.4byte	0x61
 558 00c8 08       		.uleb128 0x8
 559 00c9 01010000 		.4byte	.LASF18
 560 00cd 03       		.byte	0x3
 561 00ce 6C01     		.2byte	0x16c
 562 00d0 D4000000 		.4byte	0xd4
 563 00d4 09       		.uleb128 0x9
 564 00d5 8D000000 		.4byte	0x8d
 565 00d9 08       		.uleb128 0x8
 566 00da 0E000000 		.4byte	.LASF19
 567 00de 03       		.byte	0x3
 568 00df 6E01     		.2byte	0x16e
 569 00e1 E5000000 		.4byte	0xe5
 570 00e5 09       		.uleb128 0x9
 571 00e6 A3000000 		.4byte	0xa3
 572 00ea 08       		.uleb128 0x8
 573 00eb D9010000 		.4byte	.LASF20
 574 00ef 03       		.byte	0x3
 575 00f0 7E01     		.2byte	0x17e
 576 00f2 7F000000 		.4byte	0x7f
 577 00f6 0A       		.uleb128 0xa
 578 00f7 02       		.byte	0x2
 579 00f8 01       		.byte	0x1
 580 00f9 7D       		.byte	0x7d
 581 00fa 17010000 		.4byte	0x117
 582 00fe 0B       		.uleb128 0xb
 583 00ff E9020000 		.4byte	.LASF21
 584 0103 01       		.byte	0x1
 585 0104 7F       		.byte	0x7f
ARM GAS  C:\Users\HENRYK~1\AppData\Local\Temp\cc0w4TFv.s 			page 18


 586 0105 8D000000 		.4byte	0x8d
 587 0109 00       		.byte	0
 588 010a 0B       		.uleb128 0xb
 589 010b 3B000000 		.4byte	.LASF22
 590 010f 01       		.byte	0x1
 591 0110 80       		.byte	0x80
 592 0111 8D000000 		.4byte	0x8d
 593 0115 01       		.byte	0x1
 594 0116 00       		.byte	0
 595 0117 03       		.uleb128 0x3
 596 0118 76000000 		.4byte	.LASF23
 597 011c 01       		.byte	0x1
 598 011d 81       		.byte	0x81
 599 011e F6000000 		.4byte	0xf6
 600 0122 0C       		.uleb128 0xc
 601 0123 55010000 		.4byte	.LASF28
 602 0127 01       		.byte	0x1
 603 0128 94       		.byte	0x94
 604 0129 00000000 		.4byte	.LFB5
 605 012d 32000000 		.4byte	.LFE5-.LFB5
 606 0131 01       		.uleb128 0x1
 607 0132 9C       		.byte	0x9c
 608 0133 94010000 		.4byte	0x194
 609 0137 0D       		.uleb128 0xd
 610 0138 73010000 		.4byte	.LASF24
 611 013c 01       		.byte	0x1
 612 013d 94       		.byte	0x94
 613 013e 94010000 		.4byte	0x194
 614 0142 01       		.uleb128 0x1
 615 0143 50       		.byte	0x50
 616 0144 0D       		.uleb128 0xd
 617 0145 85010000 		.4byte	.LASF25
 618 0149 01       		.byte	0x1
 619 014a 94       		.byte	0x94
 620 014b 9F010000 		.4byte	0x19f
 621 014f 01       		.uleb128 0x1
 622 0150 51       		.byte	0x51
 623 0151 0E       		.uleb128 0xe
 624 0152 6900     		.ascii	"i\000"
 625 0154 01       		.byte	0x1
 626 0155 97       		.byte	0x97
 627 0156 A3000000 		.4byte	0xa3
 628 015a 00000000 		.4byte	.LLST0
 629 015e 0E       		.uleb128 0xe
 630 015f 6A00     		.ascii	"j\000"
 631 0161 01       		.byte	0x1
 632 0162 97       		.byte	0x97
 633 0163 A3000000 		.4byte	0xa3
 634 0167 1F000000 		.4byte	.LLST1
 635 016b 0F       		.uleb128 0xf
 636 016c 08000000 		.4byte	.LBB2
 637 0170 22000000 		.4byte	.LBE2-.LBB2
 638 0174 10       		.uleb128 0x10
 639 0175 F3010000 		.4byte	.LASF26
 640 0179 01       		.byte	0x1
 641 017a 9A       		.byte	0x9a
 642 017b A3000000 		.4byte	0xa3
ARM GAS  C:\Users\HENRYK~1\AppData\Local\Temp\cc0w4TFv.s 			page 19


 643 017f 3E000000 		.4byte	.LLST2
 644 0183 10       		.uleb128 0x10
 645 0184 41000000 		.4byte	.LASF27
 646 0188 01       		.byte	0x1
 647 0189 9B       		.byte	0x9b
 648 018a 8D000000 		.4byte	0x8d
 649 018e 51000000 		.4byte	.LLST3
 650 0192 00       		.byte	0
 651 0193 00       		.byte	0
 652 0194 06       		.uleb128 0x6
 653 0195 04       		.byte	0x4
 654 0196 9A010000 		.4byte	0x19a
 655 019a 11       		.uleb128 0x11
 656 019b A3000000 		.4byte	0xa3
 657 019f 06       		.uleb128 0x6
 658 01a0 04       		.byte	0x4
 659 01a1 A5010000 		.4byte	0x1a5
 660 01a5 11       		.uleb128 0x11
 661 01a6 17010000 		.4byte	0x117
 662 01aa 12       		.uleb128 0x12
 663 01ab 1B000000 		.4byte	.LASF47
 664 01af 01       		.byte	0x1
 665 01b0 FC       		.byte	0xfc
 666 01b1 00000000 		.4byte	.LFB7
 667 01b5 20000000 		.4byte	.LFE7-.LFB7
 668 01b9 01       		.uleb128 0x1
 669 01ba 9C       		.byte	0x9c
 670 01bb 0C       		.uleb128 0xc
 671 01bc 2F010000 		.4byte	.LASF29
 672 01c0 01       		.byte	0x1
 673 01c1 3B       		.byte	0x3b
 674 01c2 00000000 		.4byte	.LFB2
 675 01c6 0C000000 		.4byte	.LFE2-.LFB2
 676 01ca 01       		.uleb128 0x1
 677 01cb 9C       		.byte	0x9c
 678 01cc 08020000 		.4byte	0x208
 679 01d0 13       		.uleb128 0x13
 680 01d1 7300     		.ascii	"s\000"
 681 01d3 01       		.byte	0x1
 682 01d4 3B       		.byte	0x3b
 683 01d5 7D000000 		.4byte	0x7d
 684 01d9 6F000000 		.4byte	.LLST4
 685 01dd 13       		.uleb128 0x13
 686 01de 6E00     		.ascii	"n\000"
 687 01e0 01       		.byte	0x1
 688 01e1 3B       		.byte	0x3b
 689 01e2 2C000000 		.4byte	0x2c
 690 01e6 90000000 		.4byte	.LLST5
 691 01ea 14       		.uleb128 0x14
 692 01eb 0A000000 		.4byte	.LVL14
 693 01ef E8030000 		.4byte	0x3e8
 694 01f3 15       		.uleb128 0x15
 695 01f4 01       		.uleb128 0x1
 696 01f5 52       		.byte	0x52
 697 01f6 03       		.uleb128 0x3
 698 01f7 F3       		.byte	0xf3
 699 01f8 01       		.uleb128 0x1
ARM GAS  C:\Users\HENRYK~1\AppData\Local\Temp\cc0w4TFv.s 			page 20


 700 01f9 51       		.byte	0x51
 701 01fa 15       		.uleb128 0x15
 702 01fb 01       		.uleb128 0x1
 703 01fc 51       		.byte	0x51
 704 01fd 01       		.uleb128 0x1
 705 01fe 30       		.byte	0x30
 706 01ff 15       		.uleb128 0x15
 707 0200 01       		.uleb128 0x1
 708 0201 50       		.byte	0x50
 709 0202 03       		.uleb128 0x3
 710 0203 F3       		.byte	0xf3
 711 0204 01       		.uleb128 0x1
 712 0205 50       		.byte	0x50
 713 0206 00       		.byte	0
 714 0207 00       		.byte	0
 715 0208 0C       		.uleb128 0xc
 716 0209 47000000 		.4byte	.LASF30
 717 020d 01       		.byte	0x1
 718 020e B9       		.byte	0xb9
 719 020f 00000000 		.4byte	.LFB6
 720 0213 D0000000 		.4byte	.LFE6-.LFB6
 721 0217 01       		.uleb128 0x1
 722 0218 9C       		.byte	0x9c
 723 0219 B1020000 		.4byte	0x2b1
 724 021d 16       		.uleb128 0x16
 725 021e 0C000000 		.4byte	.LVL15
 726 0222 05040000 		.4byte	0x405
 727 0226 17       		.uleb128 0x17
 728 0227 12000000 		.4byte	.LVL16
 729 022b 0C040000 		.4byte	0x40c
 730 022f 3D020000 		.4byte	0x23d
 731 0233 15       		.uleb128 0x15
 732 0234 01       		.uleb128 0x1
 733 0235 50       		.byte	0x50
 734 0236 05       		.uleb128 0x5
 735 0237 0C       		.byte	0xc
 736 0238 001BB700 		.4byte	0xb71b00
 737 023c 00       		.byte	0
 738 023d 17       		.uleb128 0x17
 739 023e 18000000 		.4byte	.LVL17
 740 0242 1D040000 		.4byte	0x41d
 741 0246 50020000 		.4byte	0x250
 742 024a 15       		.uleb128 0x15
 743 024b 01       		.uleb128 0x1
 744 024c 50       		.byte	0x50
 745 024d 01       		.uleb128 0x1
 746 024e 31       		.byte	0x31
 747 024f 00       		.byte	0
 748 0250 17       		.uleb128 0x17
 749 0251 1E000000 		.4byte	.LVL18
 750 0255 32040000 		.4byte	0x432
 751 0259 64020000 		.4byte	0x264
 752 025d 15       		.uleb128 0x15
 753 025e 01       		.uleb128 0x1
 754 025f 50       		.byte	0x50
 755 0260 02       		.uleb128 0x2
 756 0261 08       		.byte	0x8
ARM GAS  C:\Users\HENRYK~1\AppData\Local\Temp\cc0w4TFv.s 			page 21


 757 0262 30       		.byte	0x30
 758 0263 00       		.byte	0
 759 0264 17       		.uleb128 0x17
 760 0265 4E000000 		.4byte	.LVL19
 761 0269 43040000 		.4byte	0x443
 762 026d 79020000 		.4byte	0x279
 763 0271 15       		.uleb128 0x15
 764 0272 01       		.uleb128 0x1
 765 0273 50       		.byte	0x50
 766 0274 03       		.uleb128 0x3
 767 0275 0A       		.byte	0xa
 768 0276 D007     		.2byte	0x7d0
 769 0278 00       		.byte	0
 770 0279 17       		.uleb128 0x17
 771 027a 54000000 		.4byte	.LVL20
 772 027e 58040000 		.4byte	0x458
 773 0282 8E020000 		.4byte	0x28e
 774 0286 15       		.uleb128 0x15
 775 0287 01       		.uleb128 0x1
 776 0288 50       		.byte	0x50
 777 0289 03       		.uleb128 0x3
 778 028a 0A       		.byte	0xa
 779 028b DC05     		.2byte	0x5dc
 780 028d 00       		.byte	0
 781 028e 17       		.uleb128 0x17
 782 028f 80000000 		.4byte	.LVL21
 783 0293 69040000 		.4byte	0x469
 784 0297 A1020000 		.4byte	0x2a1
 785 029b 15       		.uleb128 0x15
 786 029c 01       		.uleb128 0x1
 787 029d 50       		.byte	0x50
 788 029e 01       		.uleb128 0x1
 789 029f 38       		.byte	0x38
 790 02a0 00       		.byte	0
 791 02a1 14       		.uleb128 0x14
 792 02a2 86000000 		.4byte	.LVL22
 793 02a6 83040000 		.4byte	0x483
 794 02aa 15       		.uleb128 0x15
 795 02ab 01       		.uleb128 0x1
 796 02ac 50       		.byte	0x50
 797 02ad 01       		.uleb128 0x1
 798 02ae 38       		.byte	0x38
 799 02af 00       		.byte	0
 800 02b0 00       		.byte	0
 801 02b1 18       		.uleb128 0x18
 802 02b2 AD010000 		.4byte	.LASF48
 803 02b6 01       		.byte	0x1
 804 02b7 1701     		.2byte	0x117
 805 02b9 D0000000 		.4byte	.LFB8
 806 02bd E0000000 		.4byte	.LFE8-.LFB8
 807 02c1 01       		.uleb128 0x1
 808 02c2 9C       		.byte	0x9c
 809 02c3 BE030000 		.4byte	0x3be
 810 02c7 19       		.uleb128 0x19
 811 02c8 DA000000 		.4byte	.LBB3
 812 02cc 70000000 		.4byte	.LBE3-.LBB3
 813 02d0 AB030000 		.4byte	0x3ab
ARM GAS  C:\Users\HENRYK~1\AppData\Local\Temp\cc0w4TFv.s 			page 22


 814 02d4 1A       		.uleb128 0x1a
 815 02d5 52000000 		.4byte	.LASF31
 816 02d9 01       		.byte	0x1
 817 02da 1F01     		.2byte	0x11f
 818 02dc CE030000 		.4byte	0x3ce
 819 02e0 05       		.uleb128 0x5
 820 02e1 03       		.byte	0x3
 821 02e2 0C000000 		.4byte	cy_cfg_addr_table.4759
 822 02e6 1A       		.uleb128 0x1a
 823 02e7 64000000 		.4byte	.LASF32
 824 02eb 01       		.byte	0x1
 825 02ec 2301     		.2byte	0x123
 826 02ee E3030000 		.4byte	0x3e3
 827 02f2 05       		.uleb128 0x5
 828 02f3 03       		.byte	0x3
 829 02f4 10000000 		.4byte	cy_cfg_data_table.4760
 830 02f8 1B       		.uleb128 0x1b
 831 02f9 06       		.byte	0x6
 832 02fa 01       		.byte	0x1
 833 02fb 2A01     		.2byte	0x12a
 834 02fd 1C030000 		.4byte	0x31c
 835 0301 1C       		.uleb128 0x1c
 836 0302 BA010000 		.4byte	.LASF33
 837 0306 01       		.byte	0x1
 838 0307 2B01     		.2byte	0x12b
 839 0309 7D000000 		.4byte	0x7d
 840 030d 00       		.byte	0
 841 030e 1C       		.uleb128 0x1c
 842 030f E4000000 		.4byte	.LASF34
 843 0313 01       		.byte	0x1
 844 0314 2C01     		.2byte	0x12c
 845 0316 98000000 		.4byte	0x98
 846 031a 04       		.byte	0x4
 847 031b 00       		.byte	0
 848 031c 08       		.uleb128 0x8
 849 031d E6010000 		.4byte	.LASF35
 850 0321 01       		.byte	0x1
 851 0322 2D01     		.2byte	0x12d
 852 0324 F8020000 		.4byte	0x2f8
 853 0328 1D       		.uleb128 0x1d
 854 0329 1C030000 		.4byte	0x31c
 855 032d 38030000 		.4byte	0x338
 856 0331 1E       		.uleb128 0x1e
 857 0332 76000000 		.4byte	0x76
 858 0336 01       		.byte	0x1
 859 0337 00       		.byte	0
 860 0338 1A       		.uleb128 0x1a
 861 0339 D4000000 		.4byte	.LASF36
 862 033d 01       		.byte	0x1
 863 033e 2F01     		.2byte	0x12f
 864 0340 4A030000 		.4byte	0x34a
 865 0344 05       		.uleb128 0x5
 866 0345 03       		.byte	0x3
 867 0346 00000000 		.4byte	cfg_memset_list.4765
 868 034a 11       		.uleb128 0x11
 869 034b 28030000 		.4byte	0x328
 870 034f 1F       		.uleb128 0x1f
ARM GAS  C:\Users\HENRYK~1\AppData\Local\Temp\cc0w4TFv.s 			page 23


 871 0350 6900     		.ascii	"i\000"
 872 0352 01       		.byte	0x1
 873 0353 3501     		.2byte	0x135
 874 0355 8D000000 		.4byte	0x8d
 875 0359 BC000000 		.4byte	.LLST6
 876 035d 19       		.uleb128 0x19
 877 035e DE000000 		.4byte	.LBB4
 878 0362 1E000000 		.4byte	.LBE4-.LBB4
 879 0366 8E030000 		.4byte	0x38e
 880 036a 1F       		.uleb128 0x1f
 881 036b 6D7300   		.ascii	"ms\000"
 882 036e 01       		.byte	0x1
 883 036f 3A01     		.2byte	0x13a
 884 0371 79030000 		.4byte	0x379
 885 0375 E6000000 		.4byte	.LLST7
 886 0379 06       		.uleb128 0x6
 887 037a 04       		.byte	0x4
 888 037b 7F030000 		.4byte	0x37f
 889 037f 11       		.uleb128 0x11
 890 0380 1C030000 		.4byte	0x31c
 891 0384 16       		.uleb128 0x16
 892 0385 FC000000 		.4byte	.LVL25
 893 0389 BB010000 		.4byte	0x1bb
 894 038d 00       		.byte	0
 895 038e 14       		.uleb128 0x14
 896 038f 10010000 		.4byte	.LVL28
 897 0393 22010000 		.4byte	0x122
 898 0397 15       		.uleb128 0x15
 899 0398 01       		.uleb128 0x1
 900 0399 51       		.byte	0x51
 901 039a 05       		.uleb128 0x5
 902 039b 03       		.byte	0x3
 903 039c 10000000 		.4byte	.LANCHOR0+16
 904 03a0 15       		.uleb128 0x15
 905 03a1 01       		.uleb128 0x1
 906 03a2 50       		.byte	0x50
 907 03a3 05       		.uleb128 0x5
 908 03a4 03       		.byte	0x3
 909 03a5 0C000000 		.4byte	.LANCHOR0+12
 910 03a9 00       		.byte	0
 911 03aa 00       		.byte	0
 912 03ab 16       		.uleb128 0x16
 913 03ac 6C010000 		.4byte	.LVL29
 914 03b0 08020000 		.4byte	0x208
 915 03b4 16       		.uleb128 0x16
 916 03b5 70010000 		.4byte	.LVL30
 917 03b9 AA010000 		.4byte	0x1aa
 918 03bd 00       		.byte	0
 919 03be 1D       		.uleb128 0x1d
 920 03bf A3000000 		.4byte	0xa3
 921 03c3 CE030000 		.4byte	0x3ce
 922 03c7 1E       		.uleb128 0x1e
 923 03c8 76000000 		.4byte	0x76
 924 03cc 00       		.byte	0
 925 03cd 00       		.byte	0
 926 03ce 11       		.uleb128 0x11
 927 03cf BE030000 		.4byte	0x3be
ARM GAS  C:\Users\HENRYK~1\AppData\Local\Temp\cc0w4TFv.s 			page 24


 928 03d3 1D       		.uleb128 0x1d
 929 03d4 17010000 		.4byte	0x117
 930 03d8 E3030000 		.4byte	0x3e3
 931 03dc 1E       		.uleb128 0x1e
 932 03dd 76000000 		.4byte	0x76
 933 03e1 01       		.byte	0x1
 934 03e2 00       		.byte	0
 935 03e3 11       		.uleb128 0x11
 936 03e4 D3030000 		.4byte	0x3d3
 937 03e8 20       		.uleb128 0x20
 938 03e9 47010000 		.4byte	.LASF37
 939 03ed 7D000000 		.4byte	0x7d
 940 03f1 05040000 		.4byte	0x405
 941 03f5 21       		.uleb128 0x21
 942 03f6 7D000000 		.4byte	0x7d
 943 03fa 21       		.uleb128 0x21
 944 03fb 25000000 		.4byte	0x25
 945 03ff 21       		.uleb128 0x21
 946 0400 76000000 		.4byte	0x76
 947 0404 00       		.byte	0
 948 0405 22       		.uleb128 0x22
 949 0406 1E010000 		.4byte	.LASF49
 950 040a 05       		.byte	0x5
 951 040b 25       		.byte	0x25
 952 040c 23       		.uleb128 0x23
 953 040d 00000000 		.4byte	.LASF38
 954 0411 04       		.byte	0x4
 955 0412 5A       		.byte	0x5a
 956 0413 1D040000 		.4byte	0x41d
 957 0417 21       		.uleb128 0x21
 958 0418 A3000000 		.4byte	0xa3
 959 041c 00       		.byte	0
 960 041d 24       		.uleb128 0x24
 961 041e E9000000 		.4byte	.LASF40
 962 0422 05       		.byte	0x5
 963 0423 27       		.byte	0x27
 964 0424 A3000000 		.4byte	0xa3
 965 0428 32040000 		.4byte	0x432
 966 042c 21       		.uleb128 0x21
 967 042d A3000000 		.4byte	0xa3
 968 0431 00       		.byte	0
 969 0432 23       		.uleb128 0x23
 970 0433 FA020000 		.4byte	.LASF39
 971 0437 04       		.byte	0x4
 972 0438 31       		.byte	0x31
 973 0439 43040000 		.4byte	0x443
 974 043d 21       		.uleb128 0x21
 975 043e A3000000 		.4byte	0xa3
 976 0442 00       		.byte	0
 977 0443 24       		.uleb128 0x24
 978 0444 4A020000 		.4byte	.LASF41
 979 0448 04       		.byte	0x4
 980 0449 84       		.byte	0x84
 981 044a BC000000 		.4byte	0xbc
 982 044e 58040000 		.4byte	0x458
 983 0452 21       		.uleb128 0x21
 984 0453 A3000000 		.4byte	0xa3
ARM GAS  C:\Users\HENRYK~1\AppData\Local\Temp\cc0w4TFv.s 			page 25


 985 0457 00       		.byte	0
 986 0458 23       		.uleb128 0x23
 987 0459 3B020000 		.4byte	.LASF42
 988 045d 04       		.byte	0x4
 989 045e 58       		.byte	0x58
 990 045f 69040000 		.4byte	0x469
 991 0463 21       		.uleb128 0x21
 992 0464 98000000 		.4byte	0x98
 993 0468 00       		.byte	0
 994 0469 24       		.uleb128 0x24
 995 046a 2C000000 		.4byte	.LASF43
 996 046e 04       		.byte	0x4
 997 046f 46       		.byte	0x46
 998 0470 EA000000 		.4byte	0xea
 999 0474 83040000 		.4byte	0x483
 1000 0478 21       		.uleb128 0x21
 1001 0479 8D000000 		.4byte	0x8d
 1002 047d 21       		.uleb128 0x21
 1003 047e EA000000 		.4byte	0xea
 1004 0482 00       		.byte	0
 1005 0483 25       		.uleb128 0x25
 1006 0484 67010000 		.4byte	.LASF50
 1007 0488 04       		.byte	0x4
 1008 0489 4C       		.byte	0x4c
 1009 048a 21       		.uleb128 0x21
 1010 048b 8D000000 		.4byte	0x8d
 1011 048f 00       		.byte	0
 1012 0490 00       		.byte	0
 1013              		.section	.debug_abbrev,"",%progbits
 1014              	.Ldebug_abbrev0:
 1015 0000 01       		.uleb128 0x1
 1016 0001 11       		.uleb128 0x11
 1017 0002 01       		.byte	0x1
 1018 0003 25       		.uleb128 0x25
 1019 0004 0E       		.uleb128 0xe
 1020 0005 13       		.uleb128 0x13
 1021 0006 0B       		.uleb128 0xb
 1022 0007 03       		.uleb128 0x3
 1023 0008 0E       		.uleb128 0xe
 1024 0009 1B       		.uleb128 0x1b
 1025 000a 0E       		.uleb128 0xe
 1026 000b 55       		.uleb128 0x55
 1027 000c 17       		.uleb128 0x17
 1028 000d 11       		.uleb128 0x11
 1029 000e 01       		.uleb128 0x1
 1030 000f 10       		.uleb128 0x10
 1031 0010 17       		.uleb128 0x17
 1032 0011 00       		.byte	0
 1033 0012 00       		.byte	0
 1034 0013 02       		.uleb128 0x2
 1035 0014 24       		.uleb128 0x24
 1036 0015 00       		.byte	0
 1037 0016 0B       		.uleb128 0xb
 1038 0017 0B       		.uleb128 0xb
 1039 0018 3E       		.uleb128 0x3e
 1040 0019 0B       		.uleb128 0xb
 1041 001a 03       		.uleb128 0x3
ARM GAS  C:\Users\HENRYK~1\AppData\Local\Temp\cc0w4TFv.s 			page 26


 1042 001b 08       		.uleb128 0x8
 1043 001c 00       		.byte	0
 1044 001d 00       		.byte	0
 1045 001e 03       		.uleb128 0x3
 1046 001f 16       		.uleb128 0x16
 1047 0020 00       		.byte	0
 1048 0021 03       		.uleb128 0x3
 1049 0022 0E       		.uleb128 0xe
 1050 0023 3A       		.uleb128 0x3a
 1051 0024 0B       		.uleb128 0xb
 1052 0025 3B       		.uleb128 0x3b
 1053 0026 0B       		.uleb128 0xb
 1054 0027 49       		.uleb128 0x49
 1055 0028 13       		.uleb128 0x13
 1056 0029 00       		.byte	0
 1057 002a 00       		.byte	0
 1058 002b 04       		.uleb128 0x4
 1059 002c 24       		.uleb128 0x24
 1060 002d 00       		.byte	0
 1061 002e 0B       		.uleb128 0xb
 1062 002f 0B       		.uleb128 0xb
 1063 0030 3E       		.uleb128 0x3e
 1064 0031 0B       		.uleb128 0xb
 1065 0032 03       		.uleb128 0x3
 1066 0033 0E       		.uleb128 0xe
 1067 0034 00       		.byte	0
 1068 0035 00       		.byte	0
 1069 0036 05       		.uleb128 0x5
 1070 0037 0F       		.uleb128 0xf
 1071 0038 00       		.byte	0
 1072 0039 0B       		.uleb128 0xb
 1073 003a 0B       		.uleb128 0xb
 1074 003b 00       		.byte	0
 1075 003c 00       		.byte	0
 1076 003d 06       		.uleb128 0x6
 1077 003e 0F       		.uleb128 0xf
 1078 003f 00       		.byte	0
 1079 0040 0B       		.uleb128 0xb
 1080 0041 0B       		.uleb128 0xb
 1081 0042 49       		.uleb128 0x49
 1082 0043 13       		.uleb128 0x13
 1083 0044 00       		.byte	0
 1084 0045 00       		.byte	0
 1085 0046 07       		.uleb128 0x7
 1086 0047 15       		.uleb128 0x15
 1087 0048 00       		.byte	0
 1088 0049 27       		.uleb128 0x27
 1089 004a 19       		.uleb128 0x19
 1090 004b 00       		.byte	0
 1091 004c 00       		.byte	0
 1092 004d 08       		.uleb128 0x8
 1093 004e 16       		.uleb128 0x16
 1094 004f 00       		.byte	0
 1095 0050 03       		.uleb128 0x3
 1096 0051 0E       		.uleb128 0xe
 1097 0052 3A       		.uleb128 0x3a
 1098 0053 0B       		.uleb128 0xb
ARM GAS  C:\Users\HENRYK~1\AppData\Local\Temp\cc0w4TFv.s 			page 27


 1099 0054 3B       		.uleb128 0x3b
 1100 0055 05       		.uleb128 0x5
 1101 0056 49       		.uleb128 0x49
 1102 0057 13       		.uleb128 0x13
 1103 0058 00       		.byte	0
 1104 0059 00       		.byte	0
 1105 005a 09       		.uleb128 0x9
 1106 005b 35       		.uleb128 0x35
 1107 005c 00       		.byte	0
 1108 005d 49       		.uleb128 0x49
 1109 005e 13       		.uleb128 0x13
 1110 005f 00       		.byte	0
 1111 0060 00       		.byte	0
 1112 0061 0A       		.uleb128 0xa
 1113 0062 13       		.uleb128 0x13
 1114 0063 01       		.byte	0x1
 1115 0064 0B       		.uleb128 0xb
 1116 0065 0B       		.uleb128 0xb
 1117 0066 3A       		.uleb128 0x3a
 1118 0067 0B       		.uleb128 0xb
 1119 0068 3B       		.uleb128 0x3b
 1120 0069 0B       		.uleb128 0xb
 1121 006a 01       		.uleb128 0x1
 1122 006b 13       		.uleb128 0x13
 1123 006c 00       		.byte	0
 1124 006d 00       		.byte	0
 1125 006e 0B       		.uleb128 0xb
 1126 006f 0D       		.uleb128 0xd
 1127 0070 00       		.byte	0
 1128 0071 03       		.uleb128 0x3
 1129 0072 0E       		.uleb128 0xe
 1130 0073 3A       		.uleb128 0x3a
 1131 0074 0B       		.uleb128 0xb
 1132 0075 3B       		.uleb128 0x3b
 1133 0076 0B       		.uleb128 0xb
 1134 0077 49       		.uleb128 0x49
 1135 0078 13       		.uleb128 0x13
 1136 0079 38       		.uleb128 0x38
 1137 007a 0B       		.uleb128 0xb
 1138 007b 00       		.byte	0
 1139 007c 00       		.byte	0
 1140 007d 0C       		.uleb128 0xc
 1141 007e 2E       		.uleb128 0x2e
 1142 007f 01       		.byte	0x1
 1143 0080 03       		.uleb128 0x3
 1144 0081 0E       		.uleb128 0xe
 1145 0082 3A       		.uleb128 0x3a
 1146 0083 0B       		.uleb128 0xb
 1147 0084 3B       		.uleb128 0x3b
 1148 0085 0B       		.uleb128 0xb
 1149 0086 27       		.uleb128 0x27
 1150 0087 19       		.uleb128 0x19
 1151 0088 11       		.uleb128 0x11
 1152 0089 01       		.uleb128 0x1
 1153 008a 12       		.uleb128 0x12
 1154 008b 06       		.uleb128 0x6
 1155 008c 40       		.uleb128 0x40
ARM GAS  C:\Users\HENRYK~1\AppData\Local\Temp\cc0w4TFv.s 			page 28


 1156 008d 18       		.uleb128 0x18
 1157 008e 9742     		.uleb128 0x2117
 1158 0090 19       		.uleb128 0x19
 1159 0091 01       		.uleb128 0x1
 1160 0092 13       		.uleb128 0x13
 1161 0093 00       		.byte	0
 1162 0094 00       		.byte	0
 1163 0095 0D       		.uleb128 0xd
 1164 0096 05       		.uleb128 0x5
 1165 0097 00       		.byte	0
 1166 0098 03       		.uleb128 0x3
 1167 0099 0E       		.uleb128 0xe
 1168 009a 3A       		.uleb128 0x3a
 1169 009b 0B       		.uleb128 0xb
 1170 009c 3B       		.uleb128 0x3b
 1171 009d 0B       		.uleb128 0xb
 1172 009e 49       		.uleb128 0x49
 1173 009f 13       		.uleb128 0x13
 1174 00a0 02       		.uleb128 0x2
 1175 00a1 18       		.uleb128 0x18
 1176 00a2 00       		.byte	0
 1177 00a3 00       		.byte	0
 1178 00a4 0E       		.uleb128 0xe
 1179 00a5 34       		.uleb128 0x34
 1180 00a6 00       		.byte	0
 1181 00a7 03       		.uleb128 0x3
 1182 00a8 08       		.uleb128 0x8
 1183 00a9 3A       		.uleb128 0x3a
 1184 00aa 0B       		.uleb128 0xb
 1185 00ab 3B       		.uleb128 0x3b
 1186 00ac 0B       		.uleb128 0xb
 1187 00ad 49       		.uleb128 0x49
 1188 00ae 13       		.uleb128 0x13
 1189 00af 02       		.uleb128 0x2
 1190 00b0 17       		.uleb128 0x17
 1191 00b1 00       		.byte	0
 1192 00b2 00       		.byte	0
 1193 00b3 0F       		.uleb128 0xf
 1194 00b4 0B       		.uleb128 0xb
 1195 00b5 01       		.byte	0x1
 1196 00b6 11       		.uleb128 0x11
 1197 00b7 01       		.uleb128 0x1
 1198 00b8 12       		.uleb128 0x12
 1199 00b9 06       		.uleb128 0x6
 1200 00ba 00       		.byte	0
 1201 00bb 00       		.byte	0
 1202 00bc 10       		.uleb128 0x10
 1203 00bd 34       		.uleb128 0x34
 1204 00be 00       		.byte	0
 1205 00bf 03       		.uleb128 0x3
 1206 00c0 0E       		.uleb128 0xe
 1207 00c1 3A       		.uleb128 0x3a
 1208 00c2 0B       		.uleb128 0xb
 1209 00c3 3B       		.uleb128 0x3b
 1210 00c4 0B       		.uleb128 0xb
 1211 00c5 49       		.uleb128 0x49
 1212 00c6 13       		.uleb128 0x13
ARM GAS  C:\Users\HENRYK~1\AppData\Local\Temp\cc0w4TFv.s 			page 29


 1213 00c7 02       		.uleb128 0x2
 1214 00c8 17       		.uleb128 0x17
 1215 00c9 00       		.byte	0
 1216 00ca 00       		.byte	0
 1217 00cb 11       		.uleb128 0x11
 1218 00cc 26       		.uleb128 0x26
 1219 00cd 00       		.byte	0
 1220 00ce 49       		.uleb128 0x49
 1221 00cf 13       		.uleb128 0x13
 1222 00d0 00       		.byte	0
 1223 00d1 00       		.byte	0
 1224 00d2 12       		.uleb128 0x12
 1225 00d3 2E       		.uleb128 0x2e
 1226 00d4 00       		.byte	0
 1227 00d5 03       		.uleb128 0x3
 1228 00d6 0E       		.uleb128 0xe
 1229 00d7 3A       		.uleb128 0x3a
 1230 00d8 0B       		.uleb128 0xb
 1231 00d9 3B       		.uleb128 0x3b
 1232 00da 0B       		.uleb128 0xb
 1233 00db 27       		.uleb128 0x27
 1234 00dc 19       		.uleb128 0x19
 1235 00dd 11       		.uleb128 0x11
 1236 00de 01       		.uleb128 0x1
 1237 00df 12       		.uleb128 0x12
 1238 00e0 06       		.uleb128 0x6
 1239 00e1 40       		.uleb128 0x40
 1240 00e2 18       		.uleb128 0x18
 1241 00e3 9742     		.uleb128 0x2117
 1242 00e5 19       		.uleb128 0x19
 1243 00e6 00       		.byte	0
 1244 00e7 00       		.byte	0
 1245 00e8 13       		.uleb128 0x13
 1246 00e9 05       		.uleb128 0x5
 1247 00ea 00       		.byte	0
 1248 00eb 03       		.uleb128 0x3
 1249 00ec 08       		.uleb128 0x8
 1250 00ed 3A       		.uleb128 0x3a
 1251 00ee 0B       		.uleb128 0xb
 1252 00ef 3B       		.uleb128 0x3b
 1253 00f0 0B       		.uleb128 0xb
 1254 00f1 49       		.uleb128 0x49
 1255 00f2 13       		.uleb128 0x13
 1256 00f3 02       		.uleb128 0x2
 1257 00f4 17       		.uleb128 0x17
 1258 00f5 00       		.byte	0
 1259 00f6 00       		.byte	0
 1260 00f7 14       		.uleb128 0x14
 1261 00f8 898201   		.uleb128 0x4109
 1262 00fb 01       		.byte	0x1
 1263 00fc 11       		.uleb128 0x11
 1264 00fd 01       		.uleb128 0x1
 1265 00fe 31       		.uleb128 0x31
 1266 00ff 13       		.uleb128 0x13
 1267 0100 00       		.byte	0
 1268 0101 00       		.byte	0
 1269 0102 15       		.uleb128 0x15
ARM GAS  C:\Users\HENRYK~1\AppData\Local\Temp\cc0w4TFv.s 			page 30


 1270 0103 8A8201   		.uleb128 0x410a
 1271 0106 00       		.byte	0
 1272 0107 02       		.uleb128 0x2
 1273 0108 18       		.uleb128 0x18
 1274 0109 9142     		.uleb128 0x2111
 1275 010b 18       		.uleb128 0x18
 1276 010c 00       		.byte	0
 1277 010d 00       		.byte	0
 1278 010e 16       		.uleb128 0x16
 1279 010f 898201   		.uleb128 0x4109
 1280 0112 00       		.byte	0
 1281 0113 11       		.uleb128 0x11
 1282 0114 01       		.uleb128 0x1
 1283 0115 31       		.uleb128 0x31
 1284 0116 13       		.uleb128 0x13
 1285 0117 00       		.byte	0
 1286 0118 00       		.byte	0
 1287 0119 17       		.uleb128 0x17
 1288 011a 898201   		.uleb128 0x4109
 1289 011d 01       		.byte	0x1
 1290 011e 11       		.uleb128 0x11
 1291 011f 01       		.uleb128 0x1
 1292 0120 31       		.uleb128 0x31
 1293 0121 13       		.uleb128 0x13
 1294 0122 01       		.uleb128 0x1
 1295 0123 13       		.uleb128 0x13
 1296 0124 00       		.byte	0
 1297 0125 00       		.byte	0
 1298 0126 18       		.uleb128 0x18
 1299 0127 2E       		.uleb128 0x2e
 1300 0128 01       		.byte	0x1
 1301 0129 3F       		.uleb128 0x3f
 1302 012a 19       		.uleb128 0x19
 1303 012b 03       		.uleb128 0x3
 1304 012c 0E       		.uleb128 0xe
 1305 012d 3A       		.uleb128 0x3a
 1306 012e 0B       		.uleb128 0xb
 1307 012f 3B       		.uleb128 0x3b
 1308 0130 05       		.uleb128 0x5
 1309 0131 27       		.uleb128 0x27
 1310 0132 19       		.uleb128 0x19
 1311 0133 11       		.uleb128 0x11
 1312 0134 01       		.uleb128 0x1
 1313 0135 12       		.uleb128 0x12
 1314 0136 06       		.uleb128 0x6
 1315 0137 40       		.uleb128 0x40
 1316 0138 18       		.uleb128 0x18
 1317 0139 9742     		.uleb128 0x2117
 1318 013b 19       		.uleb128 0x19
 1319 013c 01       		.uleb128 0x1
 1320 013d 13       		.uleb128 0x13
 1321 013e 00       		.byte	0
 1322 013f 00       		.byte	0
 1323 0140 19       		.uleb128 0x19
 1324 0141 0B       		.uleb128 0xb
 1325 0142 01       		.byte	0x1
 1326 0143 11       		.uleb128 0x11
ARM GAS  C:\Users\HENRYK~1\AppData\Local\Temp\cc0w4TFv.s 			page 31


 1327 0144 01       		.uleb128 0x1
 1328 0145 12       		.uleb128 0x12
 1329 0146 06       		.uleb128 0x6
 1330 0147 01       		.uleb128 0x1
 1331 0148 13       		.uleb128 0x13
 1332 0149 00       		.byte	0
 1333 014a 00       		.byte	0
 1334 014b 1A       		.uleb128 0x1a
 1335 014c 34       		.uleb128 0x34
 1336 014d 00       		.byte	0
 1337 014e 03       		.uleb128 0x3
 1338 014f 0E       		.uleb128 0xe
 1339 0150 3A       		.uleb128 0x3a
 1340 0151 0B       		.uleb128 0xb
 1341 0152 3B       		.uleb128 0x3b
 1342 0153 05       		.uleb128 0x5
 1343 0154 49       		.uleb128 0x49
 1344 0155 13       		.uleb128 0x13
 1345 0156 02       		.uleb128 0x2
 1346 0157 18       		.uleb128 0x18
 1347 0158 00       		.byte	0
 1348 0159 00       		.byte	0
 1349 015a 1B       		.uleb128 0x1b
 1350 015b 13       		.uleb128 0x13
 1351 015c 01       		.byte	0x1
 1352 015d 0B       		.uleb128 0xb
 1353 015e 0B       		.uleb128 0xb
 1354 015f 3A       		.uleb128 0x3a
 1355 0160 0B       		.uleb128 0xb
 1356 0161 3B       		.uleb128 0x3b
 1357 0162 05       		.uleb128 0x5
 1358 0163 01       		.uleb128 0x1
 1359 0164 13       		.uleb128 0x13
 1360 0165 00       		.byte	0
 1361 0166 00       		.byte	0
 1362 0167 1C       		.uleb128 0x1c
 1363 0168 0D       		.uleb128 0xd
 1364 0169 00       		.byte	0
 1365 016a 03       		.uleb128 0x3
 1366 016b 0E       		.uleb128 0xe
 1367 016c 3A       		.uleb128 0x3a
 1368 016d 0B       		.uleb128 0xb
 1369 016e 3B       		.uleb128 0x3b
 1370 016f 05       		.uleb128 0x5
 1371 0170 49       		.uleb128 0x49
 1372 0171 13       		.uleb128 0x13
 1373 0172 38       		.uleb128 0x38
 1374 0173 0B       		.uleb128 0xb
 1375 0174 00       		.byte	0
 1376 0175 00       		.byte	0
 1377 0176 1D       		.uleb128 0x1d
 1378 0177 01       		.uleb128 0x1
 1379 0178 01       		.byte	0x1
 1380 0179 49       		.uleb128 0x49
 1381 017a 13       		.uleb128 0x13
 1382 017b 01       		.uleb128 0x1
 1383 017c 13       		.uleb128 0x13
ARM GAS  C:\Users\HENRYK~1\AppData\Local\Temp\cc0w4TFv.s 			page 32


 1384 017d 00       		.byte	0
 1385 017e 00       		.byte	0
 1386 017f 1E       		.uleb128 0x1e
 1387 0180 21       		.uleb128 0x21
 1388 0181 00       		.byte	0
 1389 0182 49       		.uleb128 0x49
 1390 0183 13       		.uleb128 0x13
 1391 0184 2F       		.uleb128 0x2f
 1392 0185 0B       		.uleb128 0xb
 1393 0186 00       		.byte	0
 1394 0187 00       		.byte	0
 1395 0188 1F       		.uleb128 0x1f
 1396 0189 34       		.uleb128 0x34
 1397 018a 00       		.byte	0
 1398 018b 03       		.uleb128 0x3
 1399 018c 08       		.uleb128 0x8
 1400 018d 3A       		.uleb128 0x3a
 1401 018e 0B       		.uleb128 0xb
 1402 018f 3B       		.uleb128 0x3b
 1403 0190 05       		.uleb128 0x5
 1404 0191 49       		.uleb128 0x49
 1405 0192 13       		.uleb128 0x13
 1406 0193 02       		.uleb128 0x2
 1407 0194 17       		.uleb128 0x17
 1408 0195 00       		.byte	0
 1409 0196 00       		.byte	0
 1410 0197 20       		.uleb128 0x20
 1411 0198 2E       		.uleb128 0x2e
 1412 0199 01       		.byte	0x1
 1413 019a 3F       		.uleb128 0x3f
 1414 019b 19       		.uleb128 0x19
 1415 019c 03       		.uleb128 0x3
 1416 019d 0E       		.uleb128 0xe
 1417 019e 27       		.uleb128 0x27
 1418 019f 19       		.uleb128 0x19
 1419 01a0 49       		.uleb128 0x49
 1420 01a1 13       		.uleb128 0x13
 1421 01a2 34       		.uleb128 0x34
 1422 01a3 19       		.uleb128 0x19
 1423 01a4 3C       		.uleb128 0x3c
 1424 01a5 19       		.uleb128 0x19
 1425 01a6 01       		.uleb128 0x1
 1426 01a7 13       		.uleb128 0x13
 1427 01a8 00       		.byte	0
 1428 01a9 00       		.byte	0
 1429 01aa 21       		.uleb128 0x21
 1430 01ab 05       		.uleb128 0x5
 1431 01ac 00       		.byte	0
 1432 01ad 49       		.uleb128 0x49
 1433 01ae 13       		.uleb128 0x13
 1434 01af 00       		.byte	0
 1435 01b0 00       		.byte	0
 1436 01b1 22       		.uleb128 0x22
 1437 01b2 2E       		.uleb128 0x2e
 1438 01b3 00       		.byte	0
 1439 01b4 3F       		.uleb128 0x3f
 1440 01b5 19       		.uleb128 0x19
ARM GAS  C:\Users\HENRYK~1\AppData\Local\Temp\cc0w4TFv.s 			page 33


 1441 01b6 03       		.uleb128 0x3
 1442 01b7 0E       		.uleb128 0xe
 1443 01b8 3A       		.uleb128 0x3a
 1444 01b9 0B       		.uleb128 0xb
 1445 01ba 3B       		.uleb128 0x3b
 1446 01bb 0B       		.uleb128 0xb
 1447 01bc 27       		.uleb128 0x27
 1448 01bd 19       		.uleb128 0x19
 1449 01be 3C       		.uleb128 0x3c
 1450 01bf 19       		.uleb128 0x19
 1451 01c0 00       		.byte	0
 1452 01c1 00       		.byte	0
 1453 01c2 23       		.uleb128 0x23
 1454 01c3 2E       		.uleb128 0x2e
 1455 01c4 01       		.byte	0x1
 1456 01c5 3F       		.uleb128 0x3f
 1457 01c6 19       		.uleb128 0x19
 1458 01c7 03       		.uleb128 0x3
 1459 01c8 0E       		.uleb128 0xe
 1460 01c9 3A       		.uleb128 0x3a
 1461 01ca 0B       		.uleb128 0xb
 1462 01cb 3B       		.uleb128 0x3b
 1463 01cc 0B       		.uleb128 0xb
 1464 01cd 27       		.uleb128 0x27
 1465 01ce 19       		.uleb128 0x19
 1466 01cf 3C       		.uleb128 0x3c
 1467 01d0 19       		.uleb128 0x19
 1468 01d1 01       		.uleb128 0x1
 1469 01d2 13       		.uleb128 0x13
 1470 01d3 00       		.byte	0
 1471 01d4 00       		.byte	0
 1472 01d5 24       		.uleb128 0x24
 1473 01d6 2E       		.uleb128 0x2e
 1474 01d7 01       		.byte	0x1
 1475 01d8 3F       		.uleb128 0x3f
 1476 01d9 19       		.uleb128 0x19
 1477 01da 03       		.uleb128 0x3
 1478 01db 0E       		.uleb128 0xe
 1479 01dc 3A       		.uleb128 0x3a
 1480 01dd 0B       		.uleb128 0xb
 1481 01de 3B       		.uleb128 0x3b
 1482 01df 0B       		.uleb128 0xb
 1483 01e0 27       		.uleb128 0x27
 1484 01e1 19       		.uleb128 0x19
 1485 01e2 49       		.uleb128 0x49
 1486 01e3 13       		.uleb128 0x13
 1487 01e4 3C       		.uleb128 0x3c
 1488 01e5 19       		.uleb128 0x19
 1489 01e6 01       		.uleb128 0x1
 1490 01e7 13       		.uleb128 0x13
 1491 01e8 00       		.byte	0
 1492 01e9 00       		.byte	0
 1493 01ea 25       		.uleb128 0x25
 1494 01eb 2E       		.uleb128 0x2e
 1495 01ec 01       		.byte	0x1
 1496 01ed 3F       		.uleb128 0x3f
 1497 01ee 19       		.uleb128 0x19
ARM GAS  C:\Users\HENRYK~1\AppData\Local\Temp\cc0w4TFv.s 			page 34


 1498 01ef 03       		.uleb128 0x3
 1499 01f0 0E       		.uleb128 0xe
 1500 01f1 3A       		.uleb128 0x3a
 1501 01f2 0B       		.uleb128 0xb
 1502 01f3 3B       		.uleb128 0x3b
 1503 01f4 0B       		.uleb128 0xb
 1504 01f5 27       		.uleb128 0x27
 1505 01f6 19       		.uleb128 0x19
 1506 01f7 3C       		.uleb128 0x3c
 1507 01f8 19       		.uleb128 0x19
 1508 01f9 00       		.byte	0
 1509 01fa 00       		.byte	0
 1510 01fb 00       		.byte	0
 1511              		.section	.debug_loc,"",%progbits
 1512              	.Ldebug_loc0:
 1513              	.LLST0:
 1514 0000 02000000 		.4byte	.LVL1
 1515 0004 08000000 		.4byte	.LVL2
 1516 0008 0200     		.2byte	0x2
 1517 000a 30       		.byte	0x30
 1518 000b 9F       		.byte	0x9f
 1519 000c 08000000 		.4byte	.LVL2
 1520 0010 30000000 		.4byte	.LVL11
 1521 0014 0100     		.2byte	0x1
 1522 0016 57       		.byte	0x57
 1523 0017 00000000 		.4byte	0
 1524 001b 00000000 		.4byte	0
 1525              	.LLST1:
 1526 001f 02000000 		.4byte	.LVL1
 1527 0023 08000000 		.4byte	.LVL2
 1528 0027 0200     		.2byte	0x2
 1529 0029 30       		.byte	0x30
 1530 002a 9F       		.byte	0x9f
 1531 002b 08000000 		.4byte	.LVL2
 1532 002f 30000000 		.4byte	.LVL10
 1533 0033 0100     		.2byte	0x1
 1534 0035 55       		.byte	0x55
 1535 0036 00000000 		.4byte	0
 1536 003a 00000000 		.4byte	0
 1537              	.LLST2:
 1538 003e 0C000000 		.4byte	.LVL3
 1539 0042 2C000000 		.4byte	.LVL9
 1540 0046 0100     		.2byte	0x1
 1541 0048 56       		.byte	0x56
 1542 0049 00000000 		.4byte	0
 1543 004d 00000000 		.4byte	0
 1544              	.LLST3:
 1545 0051 0E000000 		.4byte	.LVL4
 1546 0055 24000000 		.4byte	.LVL7
 1547 0059 0100     		.2byte	0x1
 1548 005b 53       		.byte	0x53
 1549 005c 26000000 		.4byte	.LVL8
 1550 0060 2C000000 		.4byte	.LVL9
 1551 0064 0100     		.2byte	0x1
 1552 0066 53       		.byte	0x53
 1553 0067 00000000 		.4byte	0
 1554 006b 00000000 		.4byte	0
ARM GAS  C:\Users\HENRYK~1\AppData\Local\Temp\cc0w4TFv.s 			page 35


 1555              	.LLST4:
 1556 006f 00000000 		.4byte	.LVL12
 1557 0073 09000000 		.4byte	.LVL14-1
 1558 0077 0100     		.2byte	0x1
 1559 0079 50       		.byte	0x50
 1560 007a 09000000 		.4byte	.LVL14-1
 1561 007e 0C000000 		.4byte	.LFE2
 1562 0082 0400     		.2byte	0x4
 1563 0084 F3       		.byte	0xf3
 1564 0085 01       		.uleb128 0x1
 1565 0086 50       		.byte	0x50
 1566 0087 9F       		.byte	0x9f
 1567 0088 00000000 		.4byte	0
 1568 008c 00000000 		.4byte	0
 1569              	.LLST5:
 1570 0090 00000000 		.4byte	.LVL12
 1571 0094 06000000 		.4byte	.LVL13
 1572 0098 0100     		.2byte	0x1
 1573 009a 51       		.byte	0x51
 1574 009b 06000000 		.4byte	.LVL13
 1575 009f 09000000 		.4byte	.LVL14-1
 1576 00a3 0100     		.2byte	0x1
 1577 00a5 52       		.byte	0x52
 1578 00a6 09000000 		.4byte	.LVL14-1
 1579 00aa 0C000000 		.4byte	.LFE2
 1580 00ae 0400     		.2byte	0x4
 1581 00b0 F3       		.byte	0xf3
 1582 00b1 01       		.uleb128 0x1
 1583 00b2 51       		.byte	0x51
 1584 00b3 9F       		.byte	0x9f
 1585 00b4 00000000 		.4byte	0
 1586 00b8 00000000 		.4byte	0
 1587              	.LLST6:
 1588 00bc DA000000 		.4byte	.LVL23
 1589 00c0 DE000000 		.4byte	.LVL24
 1590 00c4 0200     		.2byte	0x2
 1591 00c6 30       		.byte	0x30
 1592 00c7 9F       		.byte	0x9f
 1593 00c8 DE000000 		.4byte	.LVL24
 1594 00cc FE000000 		.4byte	.LVL26
 1595 00d0 0100     		.2byte	0x1
 1596 00d2 54       		.byte	0x54
 1597 00d3 00010000 		.4byte	.LVL27
 1598 00d7 70010000 		.4byte	.LVL31
 1599 00db 0100     		.2byte	0x1
 1600 00dd 54       		.byte	0x54
 1601 00de 00000000 		.4byte	0
 1602 00e2 00000000 		.4byte	0
 1603              	.LLST7:
 1604 00e6 DE000000 		.4byte	.LVL24
 1605 00ea FE000000 		.4byte	.LVL26
 1606 00ee 0B00     		.2byte	0xb
 1607 00f0 74       		.byte	0x74
 1608 00f1 00       		.sleb128 0
 1609 00f2 36       		.byte	0x36
 1610 00f3 1E       		.byte	0x1e
 1611 00f4 03       		.byte	0x3
ARM GAS  C:\Users\HENRYK~1\AppData\Local\Temp\cc0w4TFv.s 			page 36


 1612 00f5 00000000 		.4byte	cfg_memset_list.4765
 1613 00f9 22       		.byte	0x22
 1614 00fa 9F       		.byte	0x9f
 1615 00fb FE000000 		.4byte	.LVL26
 1616 00ff 00010000 		.4byte	.LVL27
 1617 0103 0B00     		.2byte	0xb
 1618 0105 74       		.byte	0x74
 1619 0106 7F       		.sleb128 -1
 1620 0107 36       		.byte	0x36
 1621 0108 1E       		.byte	0x1e
 1622 0109 03       		.byte	0x3
 1623 010a 00000000 		.4byte	cfg_memset_list.4765
 1624 010e 22       		.byte	0x22
 1625 010f 9F       		.byte	0x9f
 1626 0110 00000000 		.4byte	0
 1627 0114 00000000 		.4byte	0
 1628              		.section	.debug_aranges,"",%progbits
 1629 0000 3C000000 		.4byte	0x3c
 1630 0004 0200     		.2byte	0x2
 1631 0006 00000000 		.4byte	.Ldebug_info0
 1632 000a 04       		.byte	0x4
 1633 000b 00       		.byte	0
 1634 000c 0000     		.2byte	0
 1635 000e 0000     		.2byte	0
 1636 0010 00000000 		.4byte	.LFB5
 1637 0014 32000000 		.4byte	.LFE5-.LFB5
 1638 0018 00000000 		.4byte	.LFB7
 1639 001c 20000000 		.4byte	.LFE7-.LFB7
 1640 0020 00000000 		.4byte	.LFB2
 1641 0024 0C000000 		.4byte	.LFE2-.LFB2
 1642 0028 00000000 		.4byte	.LFB6
 1643 002c D0000000 		.4byte	.LFE6-.LFB6
 1644 0030 D0000000 		.4byte	.LFB8
 1645 0034 E0000000 		.4byte	.LFE8-.LFB8
 1646 0038 00000000 		.4byte	0
 1647 003c 00000000 		.4byte	0
 1648              		.section	.debug_ranges,"",%progbits
 1649              	.Ldebug_ranges0:
 1650 0000 00000000 		.4byte	.LFB5
 1651 0004 32000000 		.4byte	.LFE5
 1652 0008 00000000 		.4byte	.LFB7
 1653 000c 20000000 		.4byte	.LFE7
 1654 0010 00000000 		.4byte	.LFB2
 1655 0014 0C000000 		.4byte	.LFE2
 1656 0018 00000000 		.4byte	.LFB6
 1657 001c D0000000 		.4byte	.LFE6
 1658 0020 D0000000 		.4byte	.LFB8
 1659 0024 B0010000 		.4byte	.LFE8
 1660 0028 00000000 		.4byte	0
 1661 002c 00000000 		.4byte	0
 1662              		.section	.debug_line,"",%progbits
 1663              	.Ldebug_line0:
 1664 0000 89010000 		.section	.debug_str,"MS",%progbits,1
 1664      0200E500 
 1664      00000201 
 1664      FB0E0D00 
 1664      01010101 
ARM GAS  C:\Users\HENRYK~1\AppData\Local\Temp\cc0w4TFv.s 			page 37


 1665              	.LASF38:
 1666 0000 43794465 		.ascii	"CyDelayCycles\000"
 1666      6C617943 
 1666      79636C65 
 1666      7300
 1667              	.LASF19:
 1668 000e 72656733 		.ascii	"reg32\000"
 1668      3200
 1669              	.LASF11:
 1670 0014 73697A65 		.ascii	"size_t\000"
 1670      5F7400
 1671              	.LASF47:
 1672 001b 416E616C 		.ascii	"AnalogSetDefault\000"
 1672      6F675365 
 1672      74446566 
 1672      61756C74 
 1672      00
 1673              	.LASF43:
 1674 002c 4379496E 		.ascii	"CyIntSetVector\000"
 1674      74536574 
 1674      56656374 
 1674      6F7200
 1675              	.LASF22:
 1676 003b 76616C75 		.ascii	"value\000"
 1676      6500
 1677              	.LASF27:
 1678 0041 636F756E 		.ascii	"count\000"
 1678      7400
 1679              	.LASF30:
 1680 0047 436C6F63 		.ascii	"ClockSetup\000"
 1680      6B536574 
 1680      757000
 1681              	.LASF31:
 1682 0052 63795F63 		.ascii	"cy_cfg_addr_table\000"
 1682      66675F61 
 1682      6464725F 
 1682      7461626C 
 1682      6500
 1683              	.LASF32:
 1684 0064 63795F63 		.ascii	"cy_cfg_data_table\000"
 1684      66675F64 
 1684      6174615F 
 1684      7461626C 
 1684      6500
 1685              	.LASF23:
 1686 0076 63795F63 		.ascii	"cy_cfg_addrvalue_t\000"
 1686      66675F61 
 1686      64647276 
 1686      616C7565 
 1686      5F7400
 1687              	.LASF46:
 1688 0089 433A5C55 		.ascii	"C:\\Users\\Henry Kao\\Documents\\PSoC Creator\\Shif"
 1688      73657273 
 1688      5C48656E 
 1688      7279204B 
 1688      616F5C44 
 1689 00b7 7465725C 		.ascii	"ter\\Interupt_LED.cydsn\000"
ARM GAS  C:\Users\HENRYK~1\AppData\Local\Temp\cc0w4TFv.s 			page 38


 1689      496E7465 
 1689      72757074 
 1689      5F4C4544 
 1689      2E637964 
 1690              	.LASF15:
 1691 00ce 666C6F61 		.ascii	"float\000"
 1691      7400
 1692              	.LASF36:
 1693 00d4 6366675F 		.ascii	"cfg_memset_list\000"
 1693      6D656D73 
 1693      65745F6C 
 1693      69737400 
 1694              	.LASF34:
 1695 00e4 73697A65 		.ascii	"size\000"
 1695      00
 1696              	.LASF40:
 1697 00e9 43795379 		.ascii	"CySysClkWcoSetPowerMode\000"
 1697      73436C6B 
 1697      57636F53 
 1697      6574506F 
 1697      7765724D 
 1698              	.LASF18:
 1699 0101 72656738 		.ascii	"reg8\000"
 1699      00
 1700              	.LASF6:
 1701 0106 6C6F6E67 		.ascii	"long unsigned int\000"
 1701      20756E73 
 1701      69676E65 
 1701      6420696E 
 1701      7400
 1702              	.LASF12:
 1703 0118 75696E74 		.ascii	"uint8\000"
 1703      3800
 1704              	.LASF49:
 1705 011e 43795379 		.ascii	"CySysClkWcoStart\000"
 1705      73436C6B 
 1705      57636F53 
 1705      74617274 
 1705      00
 1706              	.LASF29:
 1707 012f 43594D45 		.ascii	"CYMEMZERO\000"
 1707      4D5A4552 
 1707      4F00
 1708              	.LASF2:
 1709 0139 756E7369 		.ascii	"unsigned char\000"
 1709      676E6564 
 1709      20636861 
 1709      7200
 1710              	.LASF37:
 1711 0147 6D656D73 		.ascii	"memset\000"
 1711      657400
 1712              	.LASF16:
 1713 014e 646F7562 		.ascii	"double\000"
 1713      6C6500
 1714              	.LASF28:
 1715 0155 6366675F 		.ascii	"cfg_write_bytes32\000"
 1715      77726974 
ARM GAS  C:\Users\HENRYK~1\AppData\Local\Temp\cc0w4TFv.s 			page 39


 1715      655F6279 
 1715      74657333 
 1715      3200
 1716              	.LASF50:
 1717 0167 4379496E 		.ascii	"CyIntEnable\000"
 1717      74456E61 
 1717      626C6500 
 1718              	.LASF24:
 1719 0173 61646472 		.ascii	"addr_table\000"
 1719      5F746162 
 1719      6C6500
 1720              	.LASF13:
 1721 017e 75696E74 		.ascii	"uint16\000"
 1721      313600
 1722              	.LASF25:
 1723 0185 64617461 		.ascii	"data_table\000"
 1723      5F746162 
 1723      6C6500
 1724              	.LASF17:
 1725 0190 63797374 		.ascii	"cystatus\000"
 1725      61747573 
 1725      00
 1726              	.LASF14:
 1727 0199 75696E74 		.ascii	"uint32\000"
 1727      333200
 1728              	.LASF0:
 1729 01a0 756E7369 		.ascii	"unsigned int\000"
 1729      676E6564 
 1729      20696E74 
 1729      00
 1730              	.LASF48:
 1731 01ad 63796669 		.ascii	"cyfitter_cfg\000"
 1731      74746572 
 1731      5F636667 
 1731      00
 1732              	.LASF33:
 1733 01ba 61646472 		.ascii	"address\000"
 1733      65737300 
 1734              	.LASF8:
 1735 01c2 6C6F6E67 		.ascii	"long long unsigned int\000"
 1735      206C6F6E 
 1735      6720756E 
 1735      7369676E 
 1735      65642069 
 1736              	.LASF20:
 1737 01d9 63796973 		.ascii	"cyisraddress\000"
 1737      72616464 
 1737      72657373 
 1737      00
 1738              	.LASF35:
 1739 01e6 6366675F 		.ascii	"cfg_memset_t\000"
 1739      6D656D73 
 1739      65745F74 
 1739      00
 1740              	.LASF26:
 1741 01f3 62617365 		.ascii	"baseAddr\000"
 1741      41646472 
ARM GAS  C:\Users\HENRYK~1\AppData\Local\Temp\cc0w4TFv.s 			page 40


 1741      00
 1742              	.LASF9:
 1743 01fc 73697A65 		.ascii	"sizetype\000"
 1743      74797065 
 1743      00
 1744              	.LASF45:
 1745 0205 2E5C4765 		.ascii	".\\Generated_Source\\PSoC4\\cyfitter_cfg.c\000"
 1745      6E657261 
 1745      7465645F 
 1745      536F7572 
 1745      63655C50 
 1746              	.LASF7:
 1747 022d 6C6F6E67 		.ascii	"long long int\000"
 1747      206C6F6E 
 1747      6720696E 
 1747      7400
 1748              	.LASF42:
 1749 023b 43794465 		.ascii	"CyDelayUs\000"
 1749      6C617955 
 1749      7300
 1750              	.LASF10:
 1751 0245 63686172 		.ascii	"char\000"
 1751      00
 1752              	.LASF41:
 1753 024a 43795379 		.ascii	"CySysClkEcoStart\000"
 1753      73436C6B 
 1753      45636F53 
 1753      74617274 
 1753      00
 1754              	.LASF44:
 1755 025b 474E5520 		.ascii	"GNU C 4.9.3 20150303 (release) [ARM/embedded-4_9-br"
 1755      4320342E 
 1755      392E3320 
 1755      32303135 
 1755      30333033 
 1756 028e 616E6368 		.ascii	"anch revision 221220] -mcpu=cortex-m0 -mthumb -g -O"
 1756      20726576 
 1756      6973696F 
 1756      6E203232 
 1756      31323230 
 1757 02c1 67202D66 		.ascii	"g -ffunction-sections -ffat-lto-objects\000"
 1757      66756E63 
 1757      74696F6E 
 1757      2D736563 
 1757      74696F6E 
 1758              	.LASF21:
 1759 02e9 6F666673 		.ascii	"offset\000"
 1759      657400
 1760              	.LASF3:
 1761 02f0 73686F72 		.ascii	"short int\000"
 1761      7420696E 
 1761      7400
 1762              	.LASF39:
 1763 02fa 43795379 		.ascii	"CySysClkWriteImoFreq\000"
 1763      73436C6B 
 1763      57726974 
 1763      65496D6F 
ARM GAS  C:\Users\HENRYK~1\AppData\Local\Temp\cc0w4TFv.s 			page 41


 1763      46726571 
 1764              	.LASF5:
 1765 030f 6C6F6E67 		.ascii	"long int\000"
 1765      20696E74 
 1765      00
 1766              	.LASF1:
 1767 0318 7369676E 		.ascii	"signed char\000"
 1767      65642063 
 1767      68617200 
 1768              	.LASF4:
 1769 0324 73686F72 		.ascii	"short unsigned int\000"
 1769      7420756E 
 1769      7369676E 
 1769      65642069 
 1769      6E7400
 1770              		.ident	"GCC: (GNU Tools for ARM Embedded Processors) 4.9.3 20150303 (release) [ARM/embedded-4_9-br
