ARM GAS  C:\Users\HENRYK~1\AppData\Local\Temp\ccEXXQwQ.s 			page 1


   1              		.cpu cortex-m0
   2              		.fpu softvfp
   3              		.eabi_attribute 20, 1
   4              		.eabi_attribute 21, 1
   5              		.eabi_attribute 23, 3
   6              		.eabi_attribute 24, 1
   7              		.eabi_attribute 25, 1
   8              		.eabi_attribute 26, 1
   9              		.eabi_attribute 30, 1
  10              		.eabi_attribute 34, 0
  11              		.eabi_attribute 18, 4
  12              		.code	16
  13              		.file	"main.c"
  14              		.text
  15              	.Ltext0:
  16              		.cfi_sections	.debug_frame
  17              		.section	.text.main,"ax",%progbits
  18              		.align	2
  19              		.global	main
  20              		.code	16
  21              		.thumb_func
  22              		.type	main, %function
  23              	main:
  24              	.LFB35:
  25              		.file 1 ".\\main.c"
   1:.\main.c      **** /* ========================================
   2:.\main.c      ****  *
   3:.\main.c      ****  * Copyright YOUR COMPANY, THE YEAR
   4:.\main.c      ****  * All Rights Reserved
   5:.\main.c      ****  * UNPUBLISHED, LICENSED SOFTWARE.
   6:.\main.c      ****  *
   7:.\main.c      ****  * CONFIDENTIAL AND PROPRIETARY INFORMATION
   8:.\main.c      ****  * WHICH IS THE PROPERTY OF your company.
   9:.\main.c      ****  *
  10:.\main.c      ****  * ========================================
  11:.\main.c      **** */
  12:.\main.c      **** #include <project.h>
  13:.\main.c      **** #include <stdint.h>
  14:.\main.c      **** #include <stdlib.h>
  15:.\main.c      **** #include <stdio.h>
  16:.\main.c      **** #include <strings.h>
  17:.\main.c      **** 
  18:.\main.c      **** #define INTERRUPT_MASK 0x03
  19:.\main.c      **** #define RISING_EDGE 0x01
  20:.\main.c      **** #define FALLING_EDGE 0x02
  21:.\main.c      **** 
  22:.\main.c      **** int main()
  23:.\main.c      **** {
  26              		.loc 1 23 0
  27              		.cfi_startproc
  28 0000 70B5     		push	{r4, r5, r6, lr}
  29              		.cfi_def_cfa_offset 16
  30              		.cfi_offset 4, -16
  31              		.cfi_offset 5, -12
  32              		.cfi_offset 6, -8
  33              		.cfi_offset 14, -4
  34 0002 86B0     		sub	sp, sp, #24
ARM GAS  C:\Users\HENRYK~1\AppData\Local\Temp\ccEXXQwQ.s 			page 2


  35              		.cfi_def_cfa_offset 40
  24:.\main.c      ****     CyGlobalIntEnable; /* Enable global interrupts. */
  36              		.loc 1 24 0
  37              	@ 24 ".\main.c" 1
  38 0004 62B6     		CPSIE   i
  39              	@ 0 "" 2
  25:.\main.c      **** 
  26:.\main.c      ****     char buffer[20] = {0};
  40              		.loc 1 26 0
  41              		.code	16
  42 0006 0023     		mov	r3, #0
  43 0008 0193     		str	r3, [sp, #4]
  44 000a 0293     		str	r3, [sp, #8]
  45 000c 0393     		str	r3, [sp, #12]
  46 000e 0493     		str	r3, [sp, #16]
  47 0010 0593     		str	r3, [sp, #20]
  48              	.LVL0:
  27:.\main.c      ****     
  28:.\main.c      ****     /*Variable to save temporary data*/
  29:.\main.c      ****     uint32 regVal = 0x00u;
  30:.\main.c      ****     
  31:.\main.c      ****     /*Flag to switch interrupt type*/
  32:.\main.c      ****     uint8 edgeFlag = 0x00u;
  33:.\main.c      ****     
  34:.\main.c      ****     /* Place your initialization/startup code here (e.g. MyInst_Start()) */
  35:.\main.c      ****     UART_Start();
  49              		.loc 1 35 0
  50 0012 FFF7FEFF 		bl	UART_Start
  51              	.LVL1:
  36:.\main.c      ****     
  37:.\main.c      ****     UART_UartPutString("PSoC COM ON!\n\r");
  52              		.loc 1 37 0
  53 0016 2348     		ldr	r0, .L6
  54 0018 FFF7FEFF 		bl	UART_UartPutString
  55              	.LVL2:
  32:.\main.c      ****     
  56              		.loc 1 32 0
  57 001c 0025     		mov	r5, #0
  58              	.LVL3:
  59              	.L5:
  38:.\main.c      **** 
  39:.\main.c      ****     for(;;) 
  40:.\main.c      ****     { 
  41:.\main.c      ****         /* Get value of port interrupt configuration register */ 
  42:.\main.c      ****         regVal = CY_GET_REG32(Pin_Button__INTCFG);
  60              		.loc 1 42 0
  61 001e 224B     		ldr	r3, .L6+4
  62 0020 1C68     		ldr	r4, [r3]
  63              	.LVL4:
  43:.\main.c      ****         sprintf(buffer, "regVal: %lu \n\r", regVal);
  64              		.loc 1 43 0
  65 0022 224E     		ldr	r6, .L6+8
  66 0024 01A8     		add	r0, sp, #4
  67 0026 311C     		mov	r1, r6
  68 0028 221C     		mov	r2, r4
  69 002a FFF7FEFF 		bl	sprintf
  70              	.LVL5:
ARM GAS  C:\Users\HENRYK~1\AppData\Local\Temp\ccEXXQwQ.s 			page 3


  44:.\main.c      ****         UART_UartPutString(buffer);
  71              		.loc 1 44 0
  72 002e 01A8     		add	r0, sp, #4
  73 0030 FFF7FEFF 		bl	UART_UartPutString
  74              	.LVL6:
  45:.\main.c      ****         /* Clear the configuration bits for the Pin_Button. 
  46:.\main.c      ****         Pin_Button_SHIFT is multiplied by 2 as two bits of the interrupt configuration register set
  47:.\main.c      ****         configuration for one pin */ 
  48:.\main.c      ****         regVal &= ~(INTERRUPT_MASK << (Pin_Button_SHIFT * 2));
  75              		.loc 1 48 0
  76 0034 1E4B     		ldr	r3, .L6+12
  77 0036 1C40     		and	r4, r3
  78              	.LVL7:
  49:.\main.c      ****         sprintf(buffer, "regVal: %lu \n\r", regVal);
  79              		.loc 1 49 0
  80 0038 01A8     		add	r0, sp, #4
  81 003a 311C     		mov	r1, r6
  82 003c 221C     		mov	r2, r4
  83 003e FFF7FEFF 		bl	sprintf
  84              	.LVL8:
  50:.\main.c      ****         UART_UartPutString(buffer);
  85              		.loc 1 50 0
  86 0042 01A8     		add	r0, sp, #4
  87 0044 FFF7FEFF 		bl	UART_UartPutString
  88              	.LVL9:
  51:.\main.c      ****         sprintf(buffer, "interrupt mask: %d \n\r", INTERRUPT_MASK);
  89              		.loc 1 51 0
  90 0048 01A8     		add	r0, sp, #4
  91 004a 1A49     		ldr	r1, .L6+16
  92 004c 0322     		mov	r2, #3
  93 004e FFF7FEFF 		bl	sprintf
  94              	.LVL10:
  52:.\main.c      ****         UART_UartPutString(buffer);
  95              		.loc 1 52 0
  96 0052 01A8     		add	r0, sp, #4
  97 0054 FFF7FEFF 		bl	UART_UartPutString
  98              	.LVL11:
  53:.\main.c      ****         sprintf(buffer, "pin button shift: %d \n\r", Pin_Button_SHIFT);
  99              		.loc 1 53 0
 100 0058 01A8     		add	r0, sp, #4
 101 005a 1749     		ldr	r1, .L6+20
 102 005c 0722     		mov	r2, #7
 103 005e FFF7FEFF 		bl	sprintf
 104              	.LVL12:
  54:.\main.c      ****         UART_UartPutString(buffer);
 105              		.loc 1 54 0
 106 0062 01A8     		add	r0, sp, #4
 107 0064 FFF7FEFF 		bl	UART_UartPutString
 108              	.LVL13:
  55:.\main.c      ****         
  56:.\main.c      ****         if(edgeFlag) 
 109              		.loc 1 56 0
 110 0068 002D     		cmp	r5, #0
 111 006a 05D0     		beq	.L2
  57:.\main.c      ****         { 
  58:.\main.c      ****             /* Set P0[7] to GPIO interrupt rising-edge trigger. 
  59:.\main.c      ****             Pin_Button_SHIFT is multiplied by 2 as two bits of the interrupt configuration register
ARM GAS  C:\Users\HENRYK~1\AppData\Local\Temp\ccEXXQwQ.s 			page 4


  60:.\main.c      ****             CY_SET_REG32(Pin_Button__INTCFG, regVal | (RISING_EDGE << (Pin_Button_SHIFT * 2))); 
 112              		.loc 1 60 0
 113 006c 8023     		mov	r3, #128
 114 006e DB01     		lsl	r3, r3, #7
 115 0070 1C43     		orr	r4, r3
 116              	.LVL14:
 117 0072 0D4B     		ldr	r3, .L6+4
 118 0074 1C60     		str	r4, [r3]
 119 0076 04E0     		b	.L3
 120              	.LVL15:
 121              	.L2:
  61:.\main.c      ****         } 
  62:.\main.c      ****         else 
  63:.\main.c      ****         { 
  64:.\main.c      ****             /* Set P0[7] to GPIO interrupt falling-edge trigger. 
  65:.\main.c      ****             Pin_Button_SHIFT is multiplied by 2 as two bits of the interrupt configuration 
  66:.\main.c      ****             register sets the configuration for one pin */ 
  67:.\main.c      ****             CY_SET_REG32(Pin_Button__INTCFG, regVal | (FALLING_EDGE << (Pin_Button_SHIFT * 2))); 
 122              		.loc 1 67 0
 123 0078 8023     		mov	r3, #128
 124 007a 1B02     		lsl	r3, r3, #8
 125 007c 1C43     		orr	r4, r3
 126              	.LVL16:
 127 007e 0A4B     		ldr	r3, .L6+4
 128 0080 1C60     		str	r4, [r3]
 129              	.L3:
  68:.\main.c      ****         } /* Toggle edgeFlag */ edgeFlag ^= 0x01u; 
 130              		.loc 1 68 0
 131 0082 0123     		mov	r3, #1
 132 0084 5D40     		eor	r5, r3
 133              	.LVL17:
 134              	.L4:
  69:.\main.c      ****         /* Wait for Interrupt */ 
  70:.\main.c      ****         while(!(CY_GET_REG32(Pin_Button__INTSTAT) & (0x01u << Pin_Button_SHIFT))) {;} 
 135              		.loc 1 70 0 discriminator 1
 136 0086 0D4B     		ldr	r3, .L6+24
 137 0088 1B68     		ldr	r3, [r3]
 138 008a 1B06     		lsl	r3, r3, #24
 139 008c FBD5     		bpl	.L4
  71:.\main.c      ****         /* Clear interrupt */ 
  72:.\main.c      ****         CY_SET_REG32(Pin_Button__INTSTAT, (0x01u << Pin_Button_SHIFT)); 
 140              		.loc 1 72 0
 141 008e 8022     		mov	r2, #128
 142 0090 0A4B     		ldr	r3, .L6+24
 143 0092 1A60     		str	r2, [r3]
  73:.\main.c      ****         /* Toggle LED */ 
  74:.\main.c      ****         Pin_LED_Write(~Pin_LED_Read()); 
 144              		.loc 1 74 0
 145 0094 FFF7FEFF 		bl	Pin_LED_Read
 146              	.LVL18:
 147 0098 C043     		mvn	r0, r0
 148 009a C0B2     		uxtb	r0, r0
 149 009c FFF7FEFF 		bl	Pin_LED_Write
 150              	.LVL19:
  75:.\main.c      ****     } 
 151              		.loc 1 75 0
 152 00a0 BDE7     		b	.L5
ARM GAS  C:\Users\HENRYK~1\AppData\Local\Temp\ccEXXQwQ.s 			page 5


 153              	.L7:
 154 00a2 C046     		.align	2
 155              	.L6:
 156 00a4 00000000 		.word	.LC0
 157 00a8 0C020440 		.word	1074004492
 158 00ac 10000000 		.word	.LC2
 159 00b0 FF3FFFFF 		.word	-49153
 160 00b4 20000000 		.word	.LC4
 161 00b8 38000000 		.word	.LC6
 162 00bc 10020440 		.word	1074004496
 163              		.cfi_endproc
 164              	.LFE35:
 165              		.size	main, .-main
 166              		.section	.rodata.str1.4,"aMS",%progbits,1
 167              		.align	2
 168              	.LC0:
 169 0000 50536F43 		.ascii	"PSoC COM ON!\012\015\000"
 169      20434F4D 
 169      204F4E21 
 169      0A0D00
 170 000f 00       		.space	1
 171              	.LC2:
 172 0010 72656756 		.ascii	"regVal: %lu \012\015\000"
 172      616C3A20 
 172      256C7520 
 172      0A0D00
 173 001f 00       		.space	1
 174              	.LC4:
 175 0020 696E7465 		.ascii	"interrupt mask: %d \012\015\000"
 175      72727570 
 175      74206D61 
 175      736B3A20 
 175      2564200A 
 176 0036 0000     		.space	2
 177              	.LC6:
 178 0038 70696E20 		.ascii	"pin button shift: %d \012\015\000"
 178      62757474 
 178      6F6E2073 
 178      68696674 
 178      3A202564 
 179              		.text
 180              	.Letext0:
 181              		.file 2 "Generated_Source\\PSoC4/cytypes.h"
 182              		.file 3 "Generated_Source\\PSoC4/UART.h"
 183              		.file 4 "Generated_Source\\PSoC4/UART_SPI_UART.h"
 184              		.file 5 "c:\\program files (x86)\\cypress\\psoc creator\\3.3\\psoc creator\\import\\gnu\\arm\\4.9.
 185              		.file 6 "Generated_Source\\PSoC4/Pin_LED.h"
 186              		.section	.debug_info,"",%progbits
 187              	.Ldebug_info0:
 188 0000 7A020000 		.4byte	0x27a
 189 0004 0400     		.2byte	0x4
 190 0006 00000000 		.4byte	.Ldebug_abbrev0
 191 000a 04       		.byte	0x4
 192 000b 01       		.uleb128 0x1
 193 000c 85000000 		.4byte	.LASF20
 194 0010 01       		.byte	0x1
 195 0011 C5010000 		.4byte	.LASF21
ARM GAS  C:\Users\HENRYK~1\AppData\Local\Temp\ccEXXQwQ.s 			page 6


 196 0015 80010000 		.4byte	.LASF22
 197 0019 00000000 		.4byte	.Ldebug_ranges0+0
 198 001d 00000000 		.4byte	0
 199 0021 00000000 		.4byte	.Ldebug_line0
 200 0025 02       		.uleb128 0x2
 201 0026 01       		.byte	0x1
 202 0027 06       		.byte	0x6
 203 0028 6B010000 		.4byte	.LASF0
 204 002c 02       		.uleb128 0x2
 205 002d 01       		.byte	0x1
 206 002e 08       		.byte	0x8
 207 002f 1E010000 		.4byte	.LASF1
 208 0033 02       		.uleb128 0x2
 209 0034 02       		.byte	0x2
 210 0035 05       		.byte	0x5
 211 0036 41010000 		.4byte	.LASF2
 212 003a 02       		.uleb128 0x2
 213 003b 02       		.byte	0x2
 214 003c 07       		.byte	0x7
 215 003d 6C000000 		.4byte	.LASF3
 216 0041 02       		.uleb128 0x2
 217 0042 04       		.byte	0x4
 218 0043 05       		.byte	0x5
 219 0044 38010000 		.4byte	.LASF4
 220 0048 02       		.uleb128 0x2
 221 0049 04       		.byte	0x4
 222 004a 07       		.byte	0x7
 223 004b 43000000 		.4byte	.LASF5
 224 004f 02       		.uleb128 0x2
 225 0050 08       		.byte	0x8
 226 0051 05       		.byte	0x5
 227 0052 00000000 		.4byte	.LASF6
 228 0056 02       		.uleb128 0x2
 229 0057 08       		.byte	0x8
 230 0058 07       		.byte	0x7
 231 0059 55000000 		.4byte	.LASF7
 232 005d 03       		.uleb128 0x3
 233 005e 04       		.byte	0x4
 234 005f 05       		.byte	0x5
 235 0060 696E7400 		.ascii	"int\000"
 236 0064 02       		.uleb128 0x2
 237 0065 04       		.byte	0x4
 238 0066 07       		.byte	0x7
 239 0067 CE010000 		.4byte	.LASF8
 240 006b 04       		.uleb128 0x4
 241 006c 3D000000 		.4byte	.LASF9
 242 0070 02       		.byte	0x2
 243 0071 C2       		.byte	0xc2
 244 0072 2C000000 		.4byte	0x2c
 245 0076 04       		.uleb128 0x4
 246 0077 0E000000 		.4byte	.LASF10
 247 007b 02       		.byte	0x2
 248 007c C4       		.byte	0xc4
 249 007d 48000000 		.4byte	0x48
 250 0081 02       		.uleb128 0x2
 251 0082 04       		.byte	0x4
 252 0083 04       		.byte	0x4
ARM GAS  C:\Users\HENRYK~1\AppData\Local\Temp\ccEXXQwQ.s 			page 7


 253 0084 7F000000 		.4byte	.LASF11
 254 0088 02       		.uleb128 0x2
 255 0089 08       		.byte	0x8
 256 008a 04       		.byte	0x4
 257 008b 4B010000 		.4byte	.LASF12
 258 008f 04       		.uleb128 0x4
 259 0090 EB010000 		.4byte	.LASF13
 260 0094 02       		.byte	0x2
 261 0095 D3       		.byte	0xd3
 262 0096 9A000000 		.4byte	0x9a
 263 009a 02       		.uleb128 0x2
 264 009b 01       		.byte	0x1
 265 009c 08       		.byte	0x8
 266 009d 2C010000 		.4byte	.LASF14
 267 00a1 05       		.uleb128 0x5
 268 00a2 52010000 		.4byte	.LASF15
 269 00a6 02       		.byte	0x2
 270 00a7 6E01     		.2byte	0x16e
 271 00a9 AD000000 		.4byte	0xad
 272 00ad 06       		.uleb128 0x6
 273 00ae 76000000 		.4byte	0x76
 274 00b2 02       		.uleb128 0x2
 275 00b3 04       		.byte	0x4
 276 00b4 07       		.byte	0x7
 277 00b5 E2010000 		.4byte	.LASF16
 278 00b9 07       		.uleb128 0x7
 279 00ba 04       		.byte	0x4
 280 00bb 9A000000 		.4byte	0x9a
 281 00bf 07       		.uleb128 0x7
 282 00c0 04       		.byte	0x4
 283 00c1 C5000000 		.4byte	0xc5
 284 00c5 08       		.uleb128 0x8
 285 00c6 9A000000 		.4byte	0x9a
 286 00ca 09       		.uleb128 0x9
 287 00cb 30000000 		.4byte	.LASF23
 288 00cf 01       		.byte	0x1
 289 00d0 16       		.byte	0x16
 290 00d1 5D000000 		.4byte	0x5d
 291 00d5 00000000 		.4byte	.LFB35
 292 00d9 C0000000 		.4byte	.LFE35-.LFB35
 293 00dd 01       		.uleb128 0x1
 294 00de 9C       		.byte	0x9c
 295 00df 16020000 		.4byte	0x216
 296 00e3 0A       		.uleb128 0xa
 297 00e4 DB010000 		.4byte	.LASF17
 298 00e8 01       		.byte	0x1
 299 00e9 1A       		.byte	0x1a
 300 00ea 16020000 		.4byte	0x216
 301 00ee 02       		.uleb128 0x2
 302 00ef 91       		.byte	0x91
 303 00f0 5C       		.sleb128 -36
 304 00f1 0B       		.uleb128 0xb
 305 00f2 31010000 		.4byte	.LASF18
 306 00f6 01       		.byte	0x1
 307 00f7 1D       		.byte	0x1d
 308 00f8 76000000 		.4byte	0x76
 309 00fc 00000000 		.4byte	.LLST0
ARM GAS  C:\Users\HENRYK~1\AppData\Local\Temp\ccEXXQwQ.s 			page 8


 310 0100 0B       		.uleb128 0xb
 311 0101 77010000 		.4byte	.LASF19
 312 0105 01       		.byte	0x1
 313 0106 20       		.byte	0x20
 314 0107 6B000000 		.4byte	0x6b
 315 010b 2A000000 		.4byte	.LLST1
 316 010f 0C       		.uleb128 0xc
 317 0110 16000000 		.4byte	.LVL1
 318 0114 26020000 		.4byte	0x226
 319 0118 0D       		.uleb128 0xd
 320 0119 1C000000 		.4byte	.LVL2
 321 011d 2D020000 		.4byte	0x22d
 322 0121 2F010000 		.4byte	0x12f
 323 0125 0E       		.uleb128 0xe
 324 0126 01       		.uleb128 0x1
 325 0127 50       		.byte	0x50
 326 0128 05       		.uleb128 0x5
 327 0129 03       		.byte	0x3
 328 012a 00000000 		.4byte	.LC0
 329 012e 00       		.byte	0
 330 012f 0D       		.uleb128 0xd
 331 0130 2E000000 		.4byte	.LVL5
 332 0134 4A020000 		.4byte	0x24a
 333 0138 4F010000 		.4byte	0x14f
 334 013c 0E       		.uleb128 0xe
 335 013d 01       		.uleb128 0x1
 336 013e 52       		.byte	0x52
 337 013f 02       		.uleb128 0x2
 338 0140 74       		.byte	0x74
 339 0141 00       		.sleb128 0
 340 0142 0E       		.uleb128 0xe
 341 0143 01       		.uleb128 0x1
 342 0144 51       		.byte	0x51
 343 0145 02       		.uleb128 0x2
 344 0146 76       		.byte	0x76
 345 0147 00       		.sleb128 0
 346 0148 0E       		.uleb128 0xe
 347 0149 01       		.uleb128 0x1
 348 014a 50       		.byte	0x50
 349 014b 02       		.uleb128 0x2
 350 014c 91       		.byte	0x91
 351 014d 5C       		.sleb128 -36
 352 014e 00       		.byte	0
 353 014f 0D       		.uleb128 0xd
 354 0150 34000000 		.4byte	.LVL6
 355 0154 2D020000 		.4byte	0x22d
 356 0158 63010000 		.4byte	0x163
 357 015c 0E       		.uleb128 0xe
 358 015d 01       		.uleb128 0x1
 359 015e 50       		.byte	0x50
 360 015f 02       		.uleb128 0x2
 361 0160 91       		.byte	0x91
 362 0161 5C       		.sleb128 -36
 363 0162 00       		.byte	0
 364 0163 0D       		.uleb128 0xd
 365 0164 42000000 		.4byte	.LVL8
 366 0168 4A020000 		.4byte	0x24a
ARM GAS  C:\Users\HENRYK~1\AppData\Local\Temp\ccEXXQwQ.s 			page 9


 367 016c 83010000 		.4byte	0x183
 368 0170 0E       		.uleb128 0xe
 369 0171 01       		.uleb128 0x1
 370 0172 52       		.byte	0x52
 371 0173 02       		.uleb128 0x2
 372 0174 74       		.byte	0x74
 373 0175 00       		.sleb128 0
 374 0176 0E       		.uleb128 0xe
 375 0177 01       		.uleb128 0x1
 376 0178 51       		.byte	0x51
 377 0179 02       		.uleb128 0x2
 378 017a 76       		.byte	0x76
 379 017b 00       		.sleb128 0
 380 017c 0E       		.uleb128 0xe
 381 017d 01       		.uleb128 0x1
 382 017e 50       		.byte	0x50
 383 017f 02       		.uleb128 0x2
 384 0180 91       		.byte	0x91
 385 0181 5C       		.sleb128 -36
 386 0182 00       		.byte	0
 387 0183 0D       		.uleb128 0xd
 388 0184 48000000 		.4byte	.LVL9
 389 0188 2D020000 		.4byte	0x22d
 390 018c 97010000 		.4byte	0x197
 391 0190 0E       		.uleb128 0xe
 392 0191 01       		.uleb128 0x1
 393 0192 50       		.byte	0x50
 394 0193 02       		.uleb128 0x2
 395 0194 91       		.byte	0x91
 396 0195 5C       		.sleb128 -36
 397 0196 00       		.byte	0
 398 0197 0D       		.uleb128 0xd
 399 0198 52000000 		.4byte	.LVL10
 400 019c 4A020000 		.4byte	0x24a
 401 01a0 B9010000 		.4byte	0x1b9
 402 01a4 0E       		.uleb128 0xe
 403 01a5 01       		.uleb128 0x1
 404 01a6 52       		.byte	0x52
 405 01a7 01       		.uleb128 0x1
 406 01a8 33       		.byte	0x33
 407 01a9 0E       		.uleb128 0xe
 408 01aa 01       		.uleb128 0x1
 409 01ab 51       		.byte	0x51
 410 01ac 05       		.uleb128 0x5
 411 01ad 03       		.byte	0x3
 412 01ae 20000000 		.4byte	.LC4
 413 01b2 0E       		.uleb128 0xe
 414 01b3 01       		.uleb128 0x1
 415 01b4 50       		.byte	0x50
 416 01b5 02       		.uleb128 0x2
 417 01b6 91       		.byte	0x91
 418 01b7 5C       		.sleb128 -36
 419 01b8 00       		.byte	0
 420 01b9 0D       		.uleb128 0xd
 421 01ba 58000000 		.4byte	.LVL11
 422 01be 2D020000 		.4byte	0x22d
 423 01c2 CD010000 		.4byte	0x1cd
ARM GAS  C:\Users\HENRYK~1\AppData\Local\Temp\ccEXXQwQ.s 			page 10


 424 01c6 0E       		.uleb128 0xe
 425 01c7 01       		.uleb128 0x1
 426 01c8 50       		.byte	0x50
 427 01c9 02       		.uleb128 0x2
 428 01ca 91       		.byte	0x91
 429 01cb 5C       		.sleb128 -36
 430 01cc 00       		.byte	0
 431 01cd 0D       		.uleb128 0xd
 432 01ce 62000000 		.4byte	.LVL12
 433 01d2 4A020000 		.4byte	0x24a
 434 01d6 EF010000 		.4byte	0x1ef
 435 01da 0E       		.uleb128 0xe
 436 01db 01       		.uleb128 0x1
 437 01dc 52       		.byte	0x52
 438 01dd 01       		.uleb128 0x1
 439 01de 37       		.byte	0x37
 440 01df 0E       		.uleb128 0xe
 441 01e0 01       		.uleb128 0x1
 442 01e1 51       		.byte	0x51
 443 01e2 05       		.uleb128 0x5
 444 01e3 03       		.byte	0x3
 445 01e4 38000000 		.4byte	.LC6
 446 01e8 0E       		.uleb128 0xe
 447 01e9 01       		.uleb128 0x1
 448 01ea 50       		.byte	0x50
 449 01eb 02       		.uleb128 0x2
 450 01ec 91       		.byte	0x91
 451 01ed 5C       		.sleb128 -36
 452 01ee 00       		.byte	0
 453 01ef 0D       		.uleb128 0xd
 454 01f0 68000000 		.4byte	.LVL13
 455 01f4 2D020000 		.4byte	0x22d
 456 01f8 03020000 		.4byte	0x203
 457 01fc 0E       		.uleb128 0xe
 458 01fd 01       		.uleb128 0x1
 459 01fe 50       		.byte	0x50
 460 01ff 02       		.uleb128 0x2
 461 0200 91       		.byte	0x91
 462 0201 5C       		.sleb128 -36
 463 0202 00       		.byte	0
 464 0203 0C       		.uleb128 0xc
 465 0204 98000000 		.4byte	.LVL18
 466 0208 65020000 		.4byte	0x265
 467 020c 0C       		.uleb128 0xc
 468 020d A0000000 		.4byte	.LVL19
 469 0211 70020000 		.4byte	0x270
 470 0215 00       		.byte	0
 471 0216 0F       		.uleb128 0xf
 472 0217 9A000000 		.4byte	0x9a
 473 021b 26020000 		.4byte	0x226
 474 021f 10       		.uleb128 0x10
 475 0220 B2000000 		.4byte	0xb2
 476 0224 13       		.byte	0x13
 477 0225 00       		.byte	0
 478 0226 11       		.uleb128 0x11
 479 0227 13010000 		.4byte	.LASF24
 480 022b 03       		.byte	0x3
ARM GAS  C:\Users\HENRYK~1\AppData\Local\Temp\ccEXXQwQ.s 			page 11


 481 022c 68       		.byte	0x68
 482 022d 12       		.uleb128 0x12
 483 022e 58010000 		.4byte	.LASF25
 484 0232 04       		.byte	0x4
 485 0233 7701     		.2byte	0x177
 486 0235 3F020000 		.4byte	0x23f
 487 0239 13       		.uleb128 0x13
 488 023a 3F020000 		.4byte	0x23f
 489 023e 00       		.byte	0
 490 023f 07       		.uleb128 0x7
 491 0240 04       		.byte	0x4
 492 0241 45020000 		.4byte	0x245
 493 0245 08       		.uleb128 0x8
 494 0246 8F000000 		.4byte	0x8f
 495 024a 14       		.uleb128 0x14
 496 024b 35000000 		.4byte	.LASF26
 497 024f 05       		.byte	0x5
 498 0250 DE       		.byte	0xde
 499 0251 5D000000 		.4byte	0x5d
 500 0255 65020000 		.4byte	0x265
 501 0259 13       		.uleb128 0x13
 502 025a B9000000 		.4byte	0xb9
 503 025e 13       		.uleb128 0x13
 504 025f BF000000 		.4byte	0xbf
 505 0263 15       		.uleb128 0x15
 506 0264 00       		.byte	0
 507 0265 16       		.uleb128 0x16
 508 0266 23000000 		.4byte	.LASF27
 509 026a 06       		.byte	0x6
 510 026b 20       		.byte	0x20
 511 026c 6B000000 		.4byte	0x6b
 512 0270 17       		.uleb128 0x17
 513 0271 15000000 		.4byte	.LASF28
 514 0275 06       		.byte	0x6
 515 0276 1D       		.byte	0x1d
 516 0277 13       		.uleb128 0x13
 517 0278 6B000000 		.4byte	0x6b
 518 027c 00       		.byte	0
 519 027d 00       		.byte	0
 520              		.section	.debug_abbrev,"",%progbits
 521              	.Ldebug_abbrev0:
 522 0000 01       		.uleb128 0x1
 523 0001 11       		.uleb128 0x11
 524 0002 01       		.byte	0x1
 525 0003 25       		.uleb128 0x25
 526 0004 0E       		.uleb128 0xe
 527 0005 13       		.uleb128 0x13
 528 0006 0B       		.uleb128 0xb
 529 0007 03       		.uleb128 0x3
 530 0008 0E       		.uleb128 0xe
 531 0009 1B       		.uleb128 0x1b
 532 000a 0E       		.uleb128 0xe
 533 000b 55       		.uleb128 0x55
 534 000c 17       		.uleb128 0x17
 535 000d 11       		.uleb128 0x11
 536 000e 01       		.uleb128 0x1
 537 000f 10       		.uleb128 0x10
ARM GAS  C:\Users\HENRYK~1\AppData\Local\Temp\ccEXXQwQ.s 			page 12


 538 0010 17       		.uleb128 0x17
 539 0011 00       		.byte	0
 540 0012 00       		.byte	0
 541 0013 02       		.uleb128 0x2
 542 0014 24       		.uleb128 0x24
 543 0015 00       		.byte	0
 544 0016 0B       		.uleb128 0xb
 545 0017 0B       		.uleb128 0xb
 546 0018 3E       		.uleb128 0x3e
 547 0019 0B       		.uleb128 0xb
 548 001a 03       		.uleb128 0x3
 549 001b 0E       		.uleb128 0xe
 550 001c 00       		.byte	0
 551 001d 00       		.byte	0
 552 001e 03       		.uleb128 0x3
 553 001f 24       		.uleb128 0x24
 554 0020 00       		.byte	0
 555 0021 0B       		.uleb128 0xb
 556 0022 0B       		.uleb128 0xb
 557 0023 3E       		.uleb128 0x3e
 558 0024 0B       		.uleb128 0xb
 559 0025 03       		.uleb128 0x3
 560 0026 08       		.uleb128 0x8
 561 0027 00       		.byte	0
 562 0028 00       		.byte	0
 563 0029 04       		.uleb128 0x4
 564 002a 16       		.uleb128 0x16
 565 002b 00       		.byte	0
 566 002c 03       		.uleb128 0x3
 567 002d 0E       		.uleb128 0xe
 568 002e 3A       		.uleb128 0x3a
 569 002f 0B       		.uleb128 0xb
 570 0030 3B       		.uleb128 0x3b
 571 0031 0B       		.uleb128 0xb
 572 0032 49       		.uleb128 0x49
 573 0033 13       		.uleb128 0x13
 574 0034 00       		.byte	0
 575 0035 00       		.byte	0
 576 0036 05       		.uleb128 0x5
 577 0037 16       		.uleb128 0x16
 578 0038 00       		.byte	0
 579 0039 03       		.uleb128 0x3
 580 003a 0E       		.uleb128 0xe
 581 003b 3A       		.uleb128 0x3a
 582 003c 0B       		.uleb128 0xb
 583 003d 3B       		.uleb128 0x3b
 584 003e 05       		.uleb128 0x5
 585 003f 49       		.uleb128 0x49
 586 0040 13       		.uleb128 0x13
 587 0041 00       		.byte	0
 588 0042 00       		.byte	0
 589 0043 06       		.uleb128 0x6
 590 0044 35       		.uleb128 0x35
 591 0045 00       		.byte	0
 592 0046 49       		.uleb128 0x49
 593 0047 13       		.uleb128 0x13
 594 0048 00       		.byte	0
ARM GAS  C:\Users\HENRYK~1\AppData\Local\Temp\ccEXXQwQ.s 			page 13


 595 0049 00       		.byte	0
 596 004a 07       		.uleb128 0x7
 597 004b 0F       		.uleb128 0xf
 598 004c 00       		.byte	0
 599 004d 0B       		.uleb128 0xb
 600 004e 0B       		.uleb128 0xb
 601 004f 49       		.uleb128 0x49
 602 0050 13       		.uleb128 0x13
 603 0051 00       		.byte	0
 604 0052 00       		.byte	0
 605 0053 08       		.uleb128 0x8
 606 0054 26       		.uleb128 0x26
 607 0055 00       		.byte	0
 608 0056 49       		.uleb128 0x49
 609 0057 13       		.uleb128 0x13
 610 0058 00       		.byte	0
 611 0059 00       		.byte	0
 612 005a 09       		.uleb128 0x9
 613 005b 2E       		.uleb128 0x2e
 614 005c 01       		.byte	0x1
 615 005d 3F       		.uleb128 0x3f
 616 005e 19       		.uleb128 0x19
 617 005f 03       		.uleb128 0x3
 618 0060 0E       		.uleb128 0xe
 619 0061 3A       		.uleb128 0x3a
 620 0062 0B       		.uleb128 0xb
 621 0063 3B       		.uleb128 0x3b
 622 0064 0B       		.uleb128 0xb
 623 0065 49       		.uleb128 0x49
 624 0066 13       		.uleb128 0x13
 625 0067 11       		.uleb128 0x11
 626 0068 01       		.uleb128 0x1
 627 0069 12       		.uleb128 0x12
 628 006a 06       		.uleb128 0x6
 629 006b 40       		.uleb128 0x40
 630 006c 18       		.uleb128 0x18
 631 006d 9742     		.uleb128 0x2117
 632 006f 19       		.uleb128 0x19
 633 0070 01       		.uleb128 0x1
 634 0071 13       		.uleb128 0x13
 635 0072 00       		.byte	0
 636 0073 00       		.byte	0
 637 0074 0A       		.uleb128 0xa
 638 0075 34       		.uleb128 0x34
 639 0076 00       		.byte	0
 640 0077 03       		.uleb128 0x3
 641 0078 0E       		.uleb128 0xe
 642 0079 3A       		.uleb128 0x3a
 643 007a 0B       		.uleb128 0xb
 644 007b 3B       		.uleb128 0x3b
 645 007c 0B       		.uleb128 0xb
 646 007d 49       		.uleb128 0x49
 647 007e 13       		.uleb128 0x13
 648 007f 02       		.uleb128 0x2
 649 0080 18       		.uleb128 0x18
 650 0081 00       		.byte	0
 651 0082 00       		.byte	0
ARM GAS  C:\Users\HENRYK~1\AppData\Local\Temp\ccEXXQwQ.s 			page 14


 652 0083 0B       		.uleb128 0xb
 653 0084 34       		.uleb128 0x34
 654 0085 00       		.byte	0
 655 0086 03       		.uleb128 0x3
 656 0087 0E       		.uleb128 0xe
 657 0088 3A       		.uleb128 0x3a
 658 0089 0B       		.uleb128 0xb
 659 008a 3B       		.uleb128 0x3b
 660 008b 0B       		.uleb128 0xb
 661 008c 49       		.uleb128 0x49
 662 008d 13       		.uleb128 0x13
 663 008e 02       		.uleb128 0x2
 664 008f 17       		.uleb128 0x17
 665 0090 00       		.byte	0
 666 0091 00       		.byte	0
 667 0092 0C       		.uleb128 0xc
 668 0093 898201   		.uleb128 0x4109
 669 0096 00       		.byte	0
 670 0097 11       		.uleb128 0x11
 671 0098 01       		.uleb128 0x1
 672 0099 31       		.uleb128 0x31
 673 009a 13       		.uleb128 0x13
 674 009b 00       		.byte	0
 675 009c 00       		.byte	0
 676 009d 0D       		.uleb128 0xd
 677 009e 898201   		.uleb128 0x4109
 678 00a1 01       		.byte	0x1
 679 00a2 11       		.uleb128 0x11
 680 00a3 01       		.uleb128 0x1
 681 00a4 31       		.uleb128 0x31
 682 00a5 13       		.uleb128 0x13
 683 00a6 01       		.uleb128 0x1
 684 00a7 13       		.uleb128 0x13
 685 00a8 00       		.byte	0
 686 00a9 00       		.byte	0
 687 00aa 0E       		.uleb128 0xe
 688 00ab 8A8201   		.uleb128 0x410a
 689 00ae 00       		.byte	0
 690 00af 02       		.uleb128 0x2
 691 00b0 18       		.uleb128 0x18
 692 00b1 9142     		.uleb128 0x2111
 693 00b3 18       		.uleb128 0x18
 694 00b4 00       		.byte	0
 695 00b5 00       		.byte	0
 696 00b6 0F       		.uleb128 0xf
 697 00b7 01       		.uleb128 0x1
 698 00b8 01       		.byte	0x1
 699 00b9 49       		.uleb128 0x49
 700 00ba 13       		.uleb128 0x13
 701 00bb 01       		.uleb128 0x1
 702 00bc 13       		.uleb128 0x13
 703 00bd 00       		.byte	0
 704 00be 00       		.byte	0
 705 00bf 10       		.uleb128 0x10
 706 00c0 21       		.uleb128 0x21
 707 00c1 00       		.byte	0
 708 00c2 49       		.uleb128 0x49
ARM GAS  C:\Users\HENRYK~1\AppData\Local\Temp\ccEXXQwQ.s 			page 15


 709 00c3 13       		.uleb128 0x13
 710 00c4 2F       		.uleb128 0x2f
 711 00c5 0B       		.uleb128 0xb
 712 00c6 00       		.byte	0
 713 00c7 00       		.byte	0
 714 00c8 11       		.uleb128 0x11
 715 00c9 2E       		.uleb128 0x2e
 716 00ca 00       		.byte	0
 717 00cb 3F       		.uleb128 0x3f
 718 00cc 19       		.uleb128 0x19
 719 00cd 03       		.uleb128 0x3
 720 00ce 0E       		.uleb128 0xe
 721 00cf 3A       		.uleb128 0x3a
 722 00d0 0B       		.uleb128 0xb
 723 00d1 3B       		.uleb128 0x3b
 724 00d2 0B       		.uleb128 0xb
 725 00d3 27       		.uleb128 0x27
 726 00d4 19       		.uleb128 0x19
 727 00d5 3C       		.uleb128 0x3c
 728 00d6 19       		.uleb128 0x19
 729 00d7 00       		.byte	0
 730 00d8 00       		.byte	0
 731 00d9 12       		.uleb128 0x12
 732 00da 2E       		.uleb128 0x2e
 733 00db 01       		.byte	0x1
 734 00dc 3F       		.uleb128 0x3f
 735 00dd 19       		.uleb128 0x19
 736 00de 03       		.uleb128 0x3
 737 00df 0E       		.uleb128 0xe
 738 00e0 3A       		.uleb128 0x3a
 739 00e1 0B       		.uleb128 0xb
 740 00e2 3B       		.uleb128 0x3b
 741 00e3 05       		.uleb128 0x5
 742 00e4 27       		.uleb128 0x27
 743 00e5 19       		.uleb128 0x19
 744 00e6 3C       		.uleb128 0x3c
 745 00e7 19       		.uleb128 0x19
 746 00e8 01       		.uleb128 0x1
 747 00e9 13       		.uleb128 0x13
 748 00ea 00       		.byte	0
 749 00eb 00       		.byte	0
 750 00ec 13       		.uleb128 0x13
 751 00ed 05       		.uleb128 0x5
 752 00ee 00       		.byte	0
 753 00ef 49       		.uleb128 0x49
 754 00f0 13       		.uleb128 0x13
 755 00f1 00       		.byte	0
 756 00f2 00       		.byte	0
 757 00f3 14       		.uleb128 0x14
 758 00f4 2E       		.uleb128 0x2e
 759 00f5 01       		.byte	0x1
 760 00f6 3F       		.uleb128 0x3f
 761 00f7 19       		.uleb128 0x19
 762 00f8 03       		.uleb128 0x3
 763 00f9 0E       		.uleb128 0xe
 764 00fa 3A       		.uleb128 0x3a
 765 00fb 0B       		.uleb128 0xb
ARM GAS  C:\Users\HENRYK~1\AppData\Local\Temp\ccEXXQwQ.s 			page 16


 766 00fc 3B       		.uleb128 0x3b
 767 00fd 0B       		.uleb128 0xb
 768 00fe 27       		.uleb128 0x27
 769 00ff 19       		.uleb128 0x19
 770 0100 49       		.uleb128 0x49
 771 0101 13       		.uleb128 0x13
 772 0102 3C       		.uleb128 0x3c
 773 0103 19       		.uleb128 0x19
 774 0104 01       		.uleb128 0x1
 775 0105 13       		.uleb128 0x13
 776 0106 00       		.byte	0
 777 0107 00       		.byte	0
 778 0108 15       		.uleb128 0x15
 779 0109 18       		.uleb128 0x18
 780 010a 00       		.byte	0
 781 010b 00       		.byte	0
 782 010c 00       		.byte	0
 783 010d 16       		.uleb128 0x16
 784 010e 2E       		.uleb128 0x2e
 785 010f 00       		.byte	0
 786 0110 3F       		.uleb128 0x3f
 787 0111 19       		.uleb128 0x19
 788 0112 03       		.uleb128 0x3
 789 0113 0E       		.uleb128 0xe
 790 0114 3A       		.uleb128 0x3a
 791 0115 0B       		.uleb128 0xb
 792 0116 3B       		.uleb128 0x3b
 793 0117 0B       		.uleb128 0xb
 794 0118 27       		.uleb128 0x27
 795 0119 19       		.uleb128 0x19
 796 011a 49       		.uleb128 0x49
 797 011b 13       		.uleb128 0x13
 798 011c 3C       		.uleb128 0x3c
 799 011d 19       		.uleb128 0x19
 800 011e 00       		.byte	0
 801 011f 00       		.byte	0
 802 0120 17       		.uleb128 0x17
 803 0121 2E       		.uleb128 0x2e
 804 0122 01       		.byte	0x1
 805 0123 3F       		.uleb128 0x3f
 806 0124 19       		.uleb128 0x19
 807 0125 03       		.uleb128 0x3
 808 0126 0E       		.uleb128 0xe
 809 0127 3A       		.uleb128 0x3a
 810 0128 0B       		.uleb128 0xb
 811 0129 3B       		.uleb128 0x3b
 812 012a 0B       		.uleb128 0xb
 813 012b 27       		.uleb128 0x27
 814 012c 19       		.uleb128 0x19
 815 012d 3C       		.uleb128 0x3c
 816 012e 19       		.uleb128 0x19
 817 012f 00       		.byte	0
 818 0130 00       		.byte	0
 819 0131 00       		.byte	0
 820              		.section	.debug_loc,"",%progbits
 821              	.Ldebug_loc0:
 822              	.LLST0:
ARM GAS  C:\Users\HENRYK~1\AppData\Local\Temp\ccEXXQwQ.s 			page 17


 823 0000 12000000 		.4byte	.LVL0
 824 0004 1E000000 		.4byte	.LVL3
 825 0008 0200     		.2byte	0x2
 826 000a 30       		.byte	0x30
 827 000b 9F       		.byte	0x9f
 828 000c 22000000 		.4byte	.LVL4
 829 0010 72000000 		.4byte	.LVL14
 830 0014 0100     		.2byte	0x1
 831 0016 54       		.byte	0x54
 832 0017 78000000 		.4byte	.LVL15
 833 001b 7E000000 		.4byte	.LVL16
 834 001f 0100     		.2byte	0x1
 835 0021 54       		.byte	0x54
 836 0022 00000000 		.4byte	0
 837 0026 00000000 		.4byte	0
 838              	.LLST1:
 839 002a 12000000 		.4byte	.LVL0
 840 002e 1E000000 		.4byte	.LVL3
 841 0032 0200     		.2byte	0x2
 842 0034 30       		.byte	0x30
 843 0035 9F       		.byte	0x9f
 844 0036 1E000000 		.4byte	.LVL3
 845 003a C0000000 		.4byte	.LFE35
 846 003e 0100     		.2byte	0x1
 847 0040 55       		.byte	0x55
 848 0041 00000000 		.4byte	0
 849 0045 00000000 		.4byte	0
 850              		.section	.debug_aranges,"",%progbits
 851 0000 1C000000 		.4byte	0x1c
 852 0004 0200     		.2byte	0x2
 853 0006 00000000 		.4byte	.Ldebug_info0
 854 000a 04       		.byte	0x4
 855 000b 00       		.byte	0
 856 000c 0000     		.2byte	0
 857 000e 0000     		.2byte	0
 858 0010 00000000 		.4byte	.LFB35
 859 0014 C0000000 		.4byte	.LFE35-.LFB35
 860 0018 00000000 		.4byte	0
 861 001c 00000000 		.4byte	0
 862              		.section	.debug_ranges,"",%progbits
 863              	.Ldebug_ranges0:
 864 0000 00000000 		.4byte	.LFB35
 865 0004 C0000000 		.4byte	.LFE35
 866 0008 00000000 		.4byte	0
 867 000c 00000000 		.4byte	0
 868              		.section	.debug_line,"",%progbits
 869              	.Ldebug_line0:
 870 0000 14010000 		.section	.debug_str,"MS",%progbits,1
 870      0200E000 
 870      00000201 
 870      FB0E0D00 
 870      01010101 
 871              	.LASF6:
 872 0000 6C6F6E67 		.ascii	"long long int\000"
 872      206C6F6E 
 872      6720696E 
 872      7400
ARM GAS  C:\Users\HENRYK~1\AppData\Local\Temp\ccEXXQwQ.s 			page 18


 873              	.LASF10:
 874 000e 75696E74 		.ascii	"uint32\000"
 874      333200
 875              	.LASF28:
 876 0015 50696E5F 		.ascii	"Pin_LED_Write\000"
 876      4C45445F 
 876      57726974 
 876      6500
 877              	.LASF27:
 878 0023 50696E5F 		.ascii	"Pin_LED_Read\000"
 878      4C45445F 
 878      52656164 
 878      00
 879              	.LASF23:
 880 0030 6D61696E 		.ascii	"main\000"
 880      00
 881              	.LASF26:
 882 0035 73707269 		.ascii	"sprintf\000"
 882      6E746600 
 883              	.LASF9:
 884 003d 75696E74 		.ascii	"uint8\000"
 884      3800
 885              	.LASF5:
 886 0043 6C6F6E67 		.ascii	"long unsigned int\000"
 886      20756E73 
 886      69676E65 
 886      6420696E 
 886      7400
 887              	.LASF7:
 888 0055 6C6F6E67 		.ascii	"long long unsigned int\000"
 888      206C6F6E 
 888      6720756E 
 888      7369676E 
 888      65642069 
 889              	.LASF3:
 890 006c 73686F72 		.ascii	"short unsigned int\000"
 890      7420756E 
 890      7369676E 
 890      65642069 
 890      6E7400
 891              	.LASF11:
 892 007f 666C6F61 		.ascii	"float\000"
 892      7400
 893              	.LASF20:
 894 0085 474E5520 		.ascii	"GNU C 4.9.3 20150303 (release) [ARM/embedded-4_9-br"
 894      4320342E 
 894      392E3320 
 894      32303135 
 894      30333033 
 895 00b8 616E6368 		.ascii	"anch revision 221220] -mcpu=cortex-m0 -mthumb -g -O"
 895      20726576 
 895      6973696F 
 895      6E203232 
 895      31323230 
 896 00eb 67202D66 		.ascii	"g -ffunction-sections -ffat-lto-objects\000"
 896      66756E63 
 896      74696F6E 
ARM GAS  C:\Users\HENRYK~1\AppData\Local\Temp\ccEXXQwQ.s 			page 19


 896      2D736563 
 896      74696F6E 
 897              	.LASF24:
 898 0113 55415254 		.ascii	"UART_Start\000"
 898      5F537461 
 898      727400
 899              	.LASF1:
 900 011e 756E7369 		.ascii	"unsigned char\000"
 900      676E6564 
 900      20636861 
 900      7200
 901              	.LASF14:
 902 012c 63686172 		.ascii	"char\000"
 902      00
 903              	.LASF18:
 904 0131 72656756 		.ascii	"regVal\000"
 904      616C00
 905              	.LASF4:
 906 0138 6C6F6E67 		.ascii	"long int\000"
 906      20696E74 
 906      00
 907              	.LASF2:
 908 0141 73686F72 		.ascii	"short int\000"
 908      7420696E 
 908      7400
 909              	.LASF12:
 910 014b 646F7562 		.ascii	"double\000"
 910      6C6500
 911              	.LASF15:
 912 0152 72656733 		.ascii	"reg32\000"
 912      3200
 913              	.LASF25:
 914 0158 55415254 		.ascii	"UART_UartPutString\000"
 914      5F556172 
 914      74507574 
 914      53747269 
 914      6E6700
 915              	.LASF0:
 916 016b 7369676E 		.ascii	"signed char\000"
 916      65642063 
 916      68617200 
 917              	.LASF19:
 918 0177 65646765 		.ascii	"edgeFlag\000"
 918      466C6167 
 918      00
 919              	.LASF22:
 920 0180 433A5C55 		.ascii	"C:\\Users\\Henry Kao\\Documents\\PSoC Creator\\Shif"
 920      73657273 
 920      5C48656E 
 920      7279204B 
 920      616F5C44 
 921 01ae 7465725C 		.ascii	"ter\\Interupt_LED.cydsn\000"
 921      496E7465 
 921      72757074 
 921      5F4C4544 
 921      2E637964 
 922              	.LASF21:
ARM GAS  C:\Users\HENRYK~1\AppData\Local\Temp\ccEXXQwQ.s 			page 20


 923 01c5 2E5C6D61 		.ascii	".\\main.c\000"
 923      696E2E63 
 923      00
 924              	.LASF8:
 925 01ce 756E7369 		.ascii	"unsigned int\000"
 925      676E6564 
 925      20696E74 
 925      00
 926              	.LASF17:
 927 01db 62756666 		.ascii	"buffer\000"
 927      657200
 928              	.LASF16:
 929 01e2 73697A65 		.ascii	"sizetype\000"
 929      74797065 
 929      00
 930              	.LASF13:
 931 01eb 63686172 		.ascii	"char8\000"
 931      3800
 932              		.ident	"GCC: (GNU Tools for ARM Embedded Processors) 4.9.3 20150303 (release) [ARM/embedded-4_9-br
