ARM GAS  C:\Users\HENRYK~1\AppData\Local\Temp\ccmnNAHJ.s 			page 1


   1              		.cpu cortex-m0
   2              		.fpu softvfp
   3              		.eabi_attribute 20, 1
   4              		.eabi_attribute 21, 1
   5              		.eabi_attribute 23, 3
   6              		.eabi_attribute 24, 1
   7              		.eabi_attribute 25, 1
   8              		.eabi_attribute 26, 1
   9              		.eabi_attribute 30, 1
  10              		.eabi_attribute 34, 0
  11              		.eabi_attribute 18, 4
  12              		.code	16
  13              		.file	"main.c"
  14              		.text
  15              	.Ltext0:
  16              		.cfi_sections	.debug_frame
  17              		.section	.text.GPIOIsrHandler,"ax",%progbits
  18              		.align	2
  19              		.global	GPIOIsrHandler
  20              		.code	16
  21              		.thumb_func
  22              		.type	GPIOIsrHandler, %function
  23              	GPIOIsrHandler:
  24              	.LFB36:
  25              		.file 1 ".\\main.c"
   1:.\main.c      **** /*******************************************************************************
   2:.\main.c      **** * File Name: main.c
   3:.\main.c      **** *
   4:.\main.c      **** * Version: 1.00
   5:.\main.c      **** *
   6:.\main.c      **** * Description:
   7:.\main.c      **** *  This is the source code for the Interrupts example project of the Interrupt
   8:.\main.c      **** *  and cy_boot components.
   9:.\main.c      **** *
  10:.\main.c      **** ********************************************************************************
  11:.\main.c      **** * Copyright 2015, Cypress Semiconductor Corporation. All rights reserved.
  12:.\main.c      **** * This software is owned by Cypress Semiconductor Corporation and is protected
  13:.\main.c      **** * by and subject to worldwide patent and copyright laws and treaties.
  14:.\main.c      **** * Therefore, you may use this software only as provided in the license agreement
  15:.\main.c      **** * accompanying the software package from which you obtained this software.
  16:.\main.c      **** * CYPRESS AND ITS SUPPLIERS MAKE NO WARRANTY OF ANY KIND, EXPRESS OR IMPLIED,
  17:.\main.c      **** * WITH REGARD TO THIS SOFTWARE, INCLUDING, BUT NOT LIMITED TO, NONINFRINGEMENT,
  18:.\main.c      **** * IMPLIED WARRANTIES OF MERCHANTABILITY AND FITNESS FOR A PARTICULAR PURPOSE.
  19:.\main.c      **** *******************************************************************************/
  20:.\main.c      **** 
  21:.\main.c      **** #include <project.h>
  22:.\main.c      **** 
  23:.\main.c      **** #define NESTED_ISR                          (1u)
  24:.\main.c      **** #define DEFAULT_PRIORITY                    (3u)
  25:.\main.c      **** #define HIGHER_PRIORITY                     (2u)
  26:.\main.c      **** 
  27:.\main.c      **** #if(CY_PSOC4)
  28:.\main.c      ****     #define LIGHT_OFF                       (1u)
  29:.\main.c      ****     #define LIGHT_ON                        (0u)
  30:.\main.c      **** #else
  31:.\main.c      ****     #define LIGHT_OFF                       (0u)
  32:.\main.c      ****     #define LIGHT_ON                        (1u)
ARM GAS  C:\Users\HENRYK~1\AppData\Local\Temp\ccmnNAHJ.s 			page 2


  33:.\main.c      **** #endif /* (CY_PSOC4) */
  34:.\main.c      **** 
  35:.\main.c      **** /* Interrupt prototypes */
  36:.\main.c      **** CY_ISR_PROTO(GPIOIsrHandler);
  37:.\main.c      **** CY_ISR_PROTO(NestedIsrHandler);
  38:.\main.c      **** 
  39:.\main.c      **** 
  40:.\main.c      **** /*******************************************************************************
  41:.\main.c      **** * Function Name: main
  42:.\main.c      **** ********************************************************************************
  43:.\main.c      **** *
  44:.\main.c      **** * Summary:
  45:.\main.c      **** *  At the beginning of the main function, the GPIO interrupt is set up and
  46:.\main.c      **** *  enabled. After that, initial priority for the GPIO interrupt is changed from
  47:.\main.c      **** *  1 to 3 (DEFAULT_PRIORITY). The custom interrupt (nested) is configured
  48:.\main.c      **** *  (sets up, sets priority) and enabled. In GPIOIsrHandler, the isr_GPIO
  49:.\main.c      **** *  pending interrupt clears, the green LED turns on, the nested software
  50:.\main.c      **** *  interrupt causes after approximately 1 second delay, green LED turns off.
  51:.\main.c      **** *
  52:.\main.c      **** * Parameters:
  53:.\main.c      **** *  None.
  54:.\main.c      **** *
  55:.\main.c      **** * Return:
  56:.\main.c      **** *  None.
  57:.\main.c      **** *
  58:.\main.c      **** *******************************************************************************/
  59:.\main.c      **** int main()
  60:.\main.c      **** {
  61:.\main.c      ****     /* Set initial state (off) for LED */
  62:.\main.c      ****     LED_Isr_Write(LIGHT_OFF);
  63:.\main.c      ****     LED_Nested_Write(LIGHT_OFF);
  64:.\main.c      **** 
  65:.\main.c      ****     /* Sets up the GPIO interrupt and enables it */
  66:.\main.c      ****     isr_GPIO_StartEx(GPIOIsrHandler);
  67:.\main.c      **** 
  68:.\main.c      ****     /* Changes initial priority for the GPIO interrupt */
  69:.\main.c      ****     isr_GPIO_SetPriority(DEFAULT_PRIORITY);
  70:.\main.c      **** 
  71:.\main.c      ****     /* Sets up the nested interrupt, sets priority and enables it */
  72:.\main.c      ****     CyIntSetVector(NESTED_ISR,NestedIsrHandler);
  73:.\main.c      ****     CyIntSetPriority(NESTED_ISR,HIGHER_PRIORITY);
  74:.\main.c      ****     CyIntEnable(NESTED_ISR);
  75:.\main.c      **** 
  76:.\main.c      ****     /* Enable global interrupts */
  77:.\main.c      ****     CyGlobalIntEnable;
  78:.\main.c      **** 
  79:.\main.c      ****     for(;;)
  80:.\main.c      ****     {
  81:.\main.c      ****     }
  82:.\main.c      **** }
  83:.\main.c      **** 
  84:.\main.c      **** 
  85:.\main.c      **** /*******************************************************************************
  86:.\main.c      **** * Function Name: GPIOIsrHandler
  87:.\main.c      **** ********************************************************************************
  88:.\main.c      **** * Summary:
  89:.\main.c      **** *  The interrupt handler for GPIO interrupts.
ARM GAS  C:\Users\HENRYK~1\AppData\Local\Temp\ccmnNAHJ.s 			page 3


  90:.\main.c      **** *  Clears a pending Interrupt.
  91:.\main.c      **** *  Clears a pin Interrupt.
  92:.\main.c      **** *  Blinks the LED with the LED_Isr pin.
  93:.\main.c      **** *  Calls nested interrupt.
  94:.\main.c      **** 
  95:.\main.c      **** *
  96:.\main.c      **** * Parameters:
  97:.\main.c      **** *  None
  98:.\main.c      **** *
  99:.\main.c      **** * Return:
 100:.\main.c      **** *  None
 101:.\main.c      **** *
 102:.\main.c      **** *******************************************************************************/
 103:.\main.c      **** CY_ISR(GPIOIsrHandler)
 104:.\main.c      **** {
  26              		.loc 1 104 0
  27              		.cfi_startproc
  28 0000 08B5     		push	{r3, lr}
  29              		.cfi_def_cfa_offset 8
  30              		.cfi_offset 3, -8
  31              		.cfi_offset 14, -4
 105:.\main.c      ****     /* Clear pending Interrupt */
 106:.\main.c      ****     isr_GPIO_ClearPending();
  32              		.loc 1 106 0
  33 0002 FFF7FEFF 		bl	isr_GPIO_ClearPending
  34              	.LVL0:
 107:.\main.c      ****     
 108:.\main.c      ****     /* Clear pin Interrupt */
 109:.\main.c      ****     Pin_Sw_ClearInterrupt();
  35              		.loc 1 109 0
  36 0006 FFF7FEFF 		bl	Pin_Sw_ClearInterrupt
  37              	.LVL1:
 110:.\main.c      ****     
 111:.\main.c      ****     /* Turn On the LED */
 112:.\main.c      ****     LED_Isr_Write(LIGHT_ON);
  38              		.loc 1 112 0
  39 000a 0020     		mov	r0, #0
  40 000c FFF7FEFF 		bl	LED_Isr_Write
  41              	.LVL2:
 113:.\main.c      **** 
 114:.\main.c      ****     /* Cause nested software interrupt after 1000 ms */
 115:.\main.c      ****     CyDelay(1000u);
  42              		.loc 1 115 0
  43 0010 FA20     		mov	r0, #250
  44 0012 8000     		lsl	r0, r0, #2
  45 0014 FFF7FEFF 		bl	CyDelay
  46              	.LVL3:
 116:.\main.c      ****     //CyIntSetPending(NESTED_ISR);
 117:.\main.c      **** 
 118:.\main.c      ****     /* Turn Off the LED */
 119:.\main.c      ****     LED_Isr_Write(LIGHT_OFF);
  47              		.loc 1 119 0
  48 0018 0120     		mov	r0, #1
  49 001a FFF7FEFF 		bl	LED_Isr_Write
  50              	.LVL4:
 120:.\main.c      **** }
  51              		.loc 1 120 0
ARM GAS  C:\Users\HENRYK~1\AppData\Local\Temp\ccmnNAHJ.s 			page 4


  52              		@ sp needed
  53 001e 08BD     		pop	{r3, pc}
  54              		.cfi_endproc
  55              	.LFE36:
  56              		.size	GPIOIsrHandler, .-GPIOIsrHandler
  57              		.section	.text.NestedIsrHandler,"ax",%progbits
  58              		.align	2
  59              		.global	NestedIsrHandler
  60              		.code	16
  61              		.thumb_func
  62              		.type	NestedIsrHandler, %function
  63              	NestedIsrHandler:
  64              	.LFB37:
 121:.\main.c      **** 
 122:.\main.c      **** 
 123:.\main.c      **** /*******************************************************************************
 124:.\main.c      **** * Function Name: NestedIsrHandler
 125:.\main.c      **** ********************************************************************************
 126:.\main.c      **** * Summary:
 127:.\main.c      **** *  The interrupt handler for nested interrupt.
 128:.\main.c      **** *  Blinks the LED with the LED_Nested pin.
 129:.\main.c      **** *
 130:.\main.c      **** * Parameters:
 131:.\main.c      **** *  None
 132:.\main.c      **** *
 133:.\main.c      **** * Return:
 134:.\main.c      **** *  None
 135:.\main.c      **** *
 136:.\main.c      **** *******************************************************************************/
 137:.\main.c      **** CY_ISR(NestedIsrHandler)
 138:.\main.c      **** {
  65              		.loc 1 138 0
  66              		.cfi_startproc
  67 0000 10B5     		push	{r4, lr}
  68              		.cfi_def_cfa_offset 8
  69              		.cfi_offset 4, -8
  70              		.cfi_offset 14, -4
 139:.\main.c      ****     /* Clear pending Interrupt */
 140:.\main.c      ****     CyIntClearPending(NESTED_ISR);
  71              		.loc 1 140 0
  72 0002 0120     		mov	r0, #1
  73 0004 FFF7FEFF 		bl	CyIntClearPending
  74              	.LVL5:
 141:.\main.c      **** 
 142:.\main.c      ****     /* Turn On the LED for 1000 ms */
 143:.\main.c      ****     LED_Nested_Write(LIGHT_ON);
  75              		.loc 1 143 0
  76 0008 0020     		mov	r0, #0
  77 000a FFF7FEFF 		bl	LED_Nested_Write
  78              	.LVL6:
 144:.\main.c      ****     CyDelay(1000u);
  79              		.loc 1 144 0
  80 000e FA24     		mov	r4, #250
  81 0010 A400     		lsl	r4, r4, #2
  82 0012 201C     		mov	r0, r4
  83 0014 FFF7FEFF 		bl	CyDelay
  84              	.LVL7:
ARM GAS  C:\Users\HENRYK~1\AppData\Local\Temp\ccmnNAHJ.s 			page 5


 145:.\main.c      **** 
 146:.\main.c      ****     /* Turn Off the LED and wait for 1000 ms */
 147:.\main.c      ****     LED_Nested_Write(LIGHT_OFF);
  85              		.loc 1 147 0
  86 0018 0120     		mov	r0, #1
  87 001a FFF7FEFF 		bl	LED_Nested_Write
  88              	.LVL8:
 148:.\main.c      ****     CyDelay(1000u);
  89              		.loc 1 148 0
  90 001e 201C     		mov	r0, r4
  91 0020 FFF7FEFF 		bl	CyDelay
  92              	.LVL9:
 149:.\main.c      **** }
  93              		.loc 1 149 0
  94              		@ sp needed
  95 0024 10BD     		pop	{r4, pc}
  96              		.cfi_endproc
  97              	.LFE37:
  98              		.size	NestedIsrHandler, .-NestedIsrHandler
  99 0026 C046     		.section	.text.main,"ax",%progbits
 100              		.align	2
 101              		.global	main
 102              		.code	16
 103              		.thumb_func
 104              		.type	main, %function
 105              	main:
 106              	.LFB35:
  60:.\main.c      ****     /* Set initial state (off) for LED */
 107              		.loc 1 60 0
 108              		.cfi_startproc
 109 0000 08B5     		push	{r3, lr}
 110              		.cfi_def_cfa_offset 8
 111              		.cfi_offset 3, -8
 112              		.cfi_offset 14, -4
  62:.\main.c      ****     LED_Nested_Write(LIGHT_OFF);
 113              		.loc 1 62 0
 114 0002 0120     		mov	r0, #1
 115 0004 FFF7FEFF 		bl	LED_Isr_Write
 116              	.LVL10:
  63:.\main.c      **** 
 117              		.loc 1 63 0
 118 0008 0120     		mov	r0, #1
 119 000a FFF7FEFF 		bl	LED_Nested_Write
 120              	.LVL11:
  66:.\main.c      **** 
 121              		.loc 1 66 0
 122 000e 0948     		ldr	r0, .L5
 123 0010 FFF7FEFF 		bl	isr_GPIO_StartEx
 124              	.LVL12:
  69:.\main.c      **** 
 125              		.loc 1 69 0
 126 0014 0320     		mov	r0, #3
 127 0016 FFF7FEFF 		bl	isr_GPIO_SetPriority
 128              	.LVL13:
  72:.\main.c      ****     CyIntSetPriority(NESTED_ISR,HIGHER_PRIORITY);
 129              		.loc 1 72 0
 130 001a 0120     		mov	r0, #1
ARM GAS  C:\Users\HENRYK~1\AppData\Local\Temp\ccmnNAHJ.s 			page 6


 131 001c 0649     		ldr	r1, .L5+4
 132 001e FFF7FEFF 		bl	CyIntSetVector
 133              	.LVL14:
  73:.\main.c      ****     CyIntEnable(NESTED_ISR);
 134              		.loc 1 73 0
 135 0022 0120     		mov	r0, #1
 136 0024 0221     		mov	r1, #2
 137 0026 FFF7FEFF 		bl	CyIntSetPriority
 138              	.LVL15:
  74:.\main.c      **** 
 139              		.loc 1 74 0
 140 002a 0120     		mov	r0, #1
 141 002c FFF7FEFF 		bl	CyIntEnable
 142              	.LVL16:
  77:.\main.c      **** 
 143              		.loc 1 77 0
 144              	@ 77 ".\main.c" 1
 145 0030 62B6     		CPSIE   i
 146              	@ 0 "" 2
 147              		.code	16
 148              	.L4:
  81:.\main.c      **** }
 149              		.loc 1 81 0 discriminator 1
 150 0032 FEE7     		b	.L4
 151              	.L6:
 152              		.align	2
 153              	.L5:
 154 0034 00000000 		.word	GPIOIsrHandler
 155 0038 00000000 		.word	NestedIsrHandler
 156              		.cfi_endproc
 157              	.LFE35:
 158              		.size	main, .-main
 159              		.text
 160              	.Letext0:
 161              		.file 2 "Generated_Source\\PSoC4/cytypes.h"
 162              		.file 3 "Generated_Source\\PSoC4/LED_Isr.h"
 163              		.file 4 "Generated_Source\\PSoC4/CyLib.h"
 164              		.file 5 "Generated_Source\\PSoC4/LED_Nested.h"
 165              		.file 6 "Generated_Source\\PSoC4/isr_GPIO.h"
 166              		.file 7 "Generated_Source\\PSoC4/Pin_Sw.h"
 167              		.section	.debug_info,"",%progbits
 168              	.Ldebug_info0:
 169 0000 E1020000 		.4byte	0x2e1
 170 0004 0400     		.2byte	0x4
 171 0006 00000000 		.4byte	.Ldebug_abbrev0
 172 000a 04       		.byte	0x4
 173 000b 01       		.uleb128 0x1
 174 000c 8A010000 		.4byte	.LASF26
 175 0010 01       		.byte	0x1
 176 0011 87000000 		.4byte	.LASF27
 177 0015 18010000 		.4byte	.LASF28
 178 0019 00000000 		.4byte	.Ldebug_ranges0+0
 179 001d 00000000 		.4byte	0
 180 0021 00000000 		.4byte	.Ldebug_line0
 181 0025 02       		.uleb128 0x2
 182 0026 01       		.byte	0x1
 183 0027 06       		.byte	0x6
ARM GAS  C:\Users\HENRYK~1\AppData\Local\Temp\ccmnNAHJ.s 			page 7


 184 0028 57020000 		.4byte	.LASF0
 185 002c 02       		.uleb128 0x2
 186 002d 01       		.byte	0x1
 187 002e 08       		.byte	0x8
 188 002f 28000000 		.4byte	.LASF1
 189 0033 02       		.uleb128 0x2
 190 0034 02       		.byte	0x2
 191 0035 05       		.byte	0x5
 192 0036 2E020000 		.4byte	.LASF2
 193 003a 02       		.uleb128 0x2
 194 003b 02       		.byte	0x2
 195 003c 07       		.byte	0x7
 196 003d 0F000000 		.4byte	.LASF3
 197 0041 02       		.uleb128 0x2
 198 0042 04       		.byte	0x4
 199 0043 05       		.byte	0x5
 200 0044 38020000 		.4byte	.LASF4
 201 0048 02       		.uleb128 0x2
 202 0049 04       		.byte	0x4
 203 004a 07       		.byte	0x7
 204 004b 68000000 		.4byte	.LASF5
 205 004f 02       		.uleb128 0x2
 206 0050 08       		.byte	0x8
 207 0051 05       		.byte	0x5
 208 0052 0A010000 		.4byte	.LASF6
 209 0056 02       		.uleb128 0x2
 210 0057 08       		.byte	0x8
 211 0058 07       		.byte	0x7
 212 0059 BA000000 		.4byte	.LASF7
 213 005d 03       		.uleb128 0x3
 214 005e 04       		.byte	0x4
 215 005f 05       		.byte	0x5
 216 0060 696E7400 		.ascii	"int\000"
 217 0064 02       		.uleb128 0x2
 218 0065 04       		.byte	0x4
 219 0066 07       		.byte	0x7
 220 0067 9C000000 		.4byte	.LASF8
 221 006b 04       		.uleb128 0x4
 222 006c 7A000000 		.4byte	.LASF9
 223 0070 02       		.byte	0x2
 224 0071 C2       		.byte	0xc2
 225 0072 2C000000 		.4byte	0x2c
 226 0076 04       		.uleb128 0x4
 227 0077 90000000 		.4byte	.LASF10
 228 007b 02       		.byte	0x2
 229 007c C4       		.byte	0xc4
 230 007d 48000000 		.4byte	0x48
 231 0081 02       		.uleb128 0x2
 232 0082 04       		.byte	0x4
 233 0083 04       		.byte	0x4
 234 0084 22000000 		.4byte	.LASF11
 235 0088 02       		.uleb128 0x2
 236 0089 08       		.byte	0x8
 237 008a 04       		.byte	0x4
 238 008b 80000000 		.4byte	.LASF12
 239 008f 02       		.uleb128 0x2
 240 0090 01       		.byte	0x1
ARM GAS  C:\Users\HENRYK~1\AppData\Local\Temp\ccmnNAHJ.s 			page 8


 241 0091 08       		.byte	0x8
 242 0092 41020000 		.4byte	.LASF13
 243 0096 05       		.uleb128 0x5
 244 0097 E2000000 		.4byte	.LASF14
 245 009b 02       		.byte	0x2
 246 009c 7E01     		.2byte	0x17e
 247 009e A2000000 		.4byte	0xa2
 248 00a2 06       		.uleb128 0x6
 249 00a3 04       		.byte	0x4
 250 00a4 A8000000 		.4byte	0xa8
 251 00a8 07       		.uleb128 0x7
 252 00a9 02       		.uleb128 0x2
 253 00aa 04       		.byte	0x4
 254 00ab 07       		.byte	0x7
 255 00ac 01010000 		.4byte	.LASF15
 256 00b0 08       		.uleb128 0x8
 257 00b1 7B010000 		.4byte	.LASF16
 258 00b5 01       		.byte	0x1
 259 00b6 67       		.byte	0x67
 260 00b7 00000000 		.4byte	.LFB36
 261 00bb 20000000 		.4byte	.LFE36-.LFB36
 262 00bf 01       		.uleb128 0x1
 263 00c0 9C       		.byte	0x9c
 264 00c1 0F010000 		.4byte	0x10f
 265 00c5 09       		.uleb128 0x9
 266 00c6 06000000 		.4byte	.LVL0
 267 00ca 2F020000 		.4byte	0x22f
 268 00ce 09       		.uleb128 0x9
 269 00cf 0A000000 		.4byte	.LVL1
 270 00d3 36020000 		.4byte	0x236
 271 00d7 0A       		.uleb128 0xa
 272 00d8 10000000 		.4byte	.LVL2
 273 00dc 41020000 		.4byte	0x241
 274 00e0 EA000000 		.4byte	0xea
 275 00e4 0B       		.uleb128 0xb
 276 00e5 01       		.uleb128 0x1
 277 00e6 50       		.byte	0x50
 278 00e7 01       		.uleb128 0x1
 279 00e8 30       		.byte	0x30
 280 00e9 00       		.byte	0
 281 00ea 0A       		.uleb128 0xa
 282 00eb 18000000 		.4byte	.LVL3
 283 00ef 52020000 		.4byte	0x252
 284 00f3 FF000000 		.4byte	0xff
 285 00f7 0B       		.uleb128 0xb
 286 00f8 01       		.uleb128 0x1
 287 00f9 50       		.byte	0x50
 288 00fa 03       		.uleb128 0x3
 289 00fb 0A       		.byte	0xa
 290 00fc E803     		.2byte	0x3e8
 291 00fe 00       		.byte	0
 292 00ff 0C       		.uleb128 0xc
 293 0100 1E000000 		.4byte	.LVL4
 294 0104 41020000 		.4byte	0x241
 295 0108 0B       		.uleb128 0xb
 296 0109 01       		.uleb128 0x1
 297 010a 50       		.byte	0x50
ARM GAS  C:\Users\HENRYK~1\AppData\Local\Temp\ccmnNAHJ.s 			page 9


 298 010b 01       		.uleb128 0x1
 299 010c 31       		.byte	0x31
 300 010d 00       		.byte	0
 301 010e 00       		.byte	0
 302 010f 08       		.uleb128 0x8
 303 0110 A9000000 		.4byte	.LASF17
 304 0114 01       		.byte	0x1
 305 0115 89       		.byte	0x89
 306 0116 00000000 		.4byte	.LFB37
 307 011a 26000000 		.4byte	.LFE37-.LFB37
 308 011e 01       		.uleb128 0x1
 309 011f 9C       		.byte	0x9c
 310 0120 82010000 		.4byte	0x182
 311 0124 0A       		.uleb128 0xa
 312 0125 08000000 		.4byte	.LVL5
 313 0129 63020000 		.4byte	0x263
 314 012d 37010000 		.4byte	0x137
 315 0131 0B       		.uleb128 0xb
 316 0132 01       		.uleb128 0x1
 317 0133 50       		.byte	0x50
 318 0134 01       		.uleb128 0x1
 319 0135 31       		.byte	0x31
 320 0136 00       		.byte	0
 321 0137 0A       		.uleb128 0xa
 322 0138 0E000000 		.4byte	.LVL6
 323 013c 74020000 		.4byte	0x274
 324 0140 4A010000 		.4byte	0x14a
 325 0144 0B       		.uleb128 0xb
 326 0145 01       		.uleb128 0x1
 327 0146 50       		.byte	0x50
 328 0147 01       		.uleb128 0x1
 329 0148 30       		.byte	0x30
 330 0149 00       		.byte	0
 331 014a 0A       		.uleb128 0xa
 332 014b 18000000 		.4byte	.LVL7
 333 014f 52020000 		.4byte	0x252
 334 0153 5E010000 		.4byte	0x15e
 335 0157 0B       		.uleb128 0xb
 336 0158 01       		.uleb128 0x1
 337 0159 50       		.byte	0x50
 338 015a 02       		.uleb128 0x2
 339 015b 74       		.byte	0x74
 340 015c 00       		.sleb128 0
 341 015d 00       		.byte	0
 342 015e 0A       		.uleb128 0xa
 343 015f 1E000000 		.4byte	.LVL8
 344 0163 74020000 		.4byte	0x274
 345 0167 71010000 		.4byte	0x171
 346 016b 0B       		.uleb128 0xb
 347 016c 01       		.uleb128 0x1
 348 016d 50       		.byte	0x50
 349 016e 01       		.uleb128 0x1
 350 016f 31       		.byte	0x31
 351 0170 00       		.byte	0
 352 0171 0C       		.uleb128 0xc
 353 0172 24000000 		.4byte	.LVL9
 354 0176 52020000 		.4byte	0x252
ARM GAS  C:\Users\HENRYK~1\AppData\Local\Temp\ccmnNAHJ.s 			page 10


 355 017a 0B       		.uleb128 0xb
 356 017b 01       		.uleb128 0x1
 357 017c 50       		.byte	0x50
 358 017d 02       		.uleb128 0x2
 359 017e 74       		.byte	0x74
 360 017f 00       		.sleb128 0
 361 0180 00       		.byte	0
 362 0181 00       		.byte	0
 363 0182 0D       		.uleb128 0xd
 364 0183 97000000 		.4byte	.LASF18
 365 0187 01       		.byte	0x1
 366 0188 3B       		.byte	0x3b
 367 0189 5D000000 		.4byte	0x5d
 368 018d 00000000 		.4byte	.LFB35
 369 0191 3C000000 		.4byte	.LFE35-.LFB35
 370 0195 01       		.uleb128 0x1
 371 0196 9C       		.byte	0x9c
 372 0197 2F020000 		.4byte	0x22f
 373 019b 0A       		.uleb128 0xa
 374 019c 08000000 		.4byte	.LVL10
 375 01a0 41020000 		.4byte	0x241
 376 01a4 AE010000 		.4byte	0x1ae
 377 01a8 0B       		.uleb128 0xb
 378 01a9 01       		.uleb128 0x1
 379 01aa 50       		.byte	0x50
 380 01ab 01       		.uleb128 0x1
 381 01ac 31       		.byte	0x31
 382 01ad 00       		.byte	0
 383 01ae 0A       		.uleb128 0xa
 384 01af 0E000000 		.4byte	.LVL11
 385 01b3 74020000 		.4byte	0x274
 386 01b7 C1010000 		.4byte	0x1c1
 387 01bb 0B       		.uleb128 0xb
 388 01bc 01       		.uleb128 0x1
 389 01bd 50       		.byte	0x50
 390 01be 01       		.uleb128 0x1
 391 01bf 31       		.byte	0x31
 392 01c0 00       		.byte	0
 393 01c1 0A       		.uleb128 0xa
 394 01c2 14000000 		.4byte	.LVL12
 395 01c6 85020000 		.4byte	0x285
 396 01ca D8010000 		.4byte	0x1d8
 397 01ce 0B       		.uleb128 0xb
 398 01cf 01       		.uleb128 0x1
 399 01d0 50       		.byte	0x50
 400 01d1 05       		.uleb128 0x5
 401 01d2 03       		.byte	0x3
 402 01d3 00000000 		.4byte	GPIOIsrHandler
 403 01d7 00       		.byte	0
 404 01d8 0A       		.uleb128 0xa
 405 01d9 1A000000 		.4byte	.LVL13
 406 01dd 96020000 		.4byte	0x296
 407 01e1 EB010000 		.4byte	0x1eb
 408 01e5 0B       		.uleb128 0xb
 409 01e6 01       		.uleb128 0x1
 410 01e7 50       		.byte	0x50
 411 01e8 01       		.uleb128 0x1
ARM GAS  C:\Users\HENRYK~1\AppData\Local\Temp\ccmnNAHJ.s 			page 11


 412 01e9 33       		.byte	0x33
 413 01ea 00       		.byte	0
 414 01eb 0A       		.uleb128 0xa
 415 01ec 22000000 		.4byte	.LVL14
 416 01f0 A7020000 		.4byte	0x2a7
 417 01f4 07020000 		.4byte	0x207
 418 01f8 0B       		.uleb128 0xb
 419 01f9 01       		.uleb128 0x1
 420 01fa 51       		.byte	0x51
 421 01fb 05       		.uleb128 0x5
 422 01fc 03       		.byte	0x3
 423 01fd 00000000 		.4byte	NestedIsrHandler
 424 0201 0B       		.uleb128 0xb
 425 0202 01       		.uleb128 0x1
 426 0203 50       		.byte	0x50
 427 0204 01       		.uleb128 0x1
 428 0205 31       		.byte	0x31
 429 0206 00       		.byte	0
 430 0207 0A       		.uleb128 0xa
 431 0208 2A000000 		.4byte	.LVL15
 432 020c C1020000 		.4byte	0x2c1
 433 0210 1F020000 		.4byte	0x21f
 434 0214 0B       		.uleb128 0xb
 435 0215 01       		.uleb128 0x1
 436 0216 51       		.byte	0x51
 437 0217 01       		.uleb128 0x1
 438 0218 32       		.byte	0x32
 439 0219 0B       		.uleb128 0xb
 440 021a 01       		.uleb128 0x1
 441 021b 50       		.byte	0x50
 442 021c 01       		.uleb128 0x1
 443 021d 31       		.byte	0x31
 444 021e 00       		.byte	0
 445 021f 0C       		.uleb128 0xc
 446 0220 30000000 		.4byte	.LVL16
 447 0224 D7020000 		.4byte	0x2d7
 448 0228 0B       		.uleb128 0xb
 449 0229 01       		.uleb128 0x1
 450 022a 50       		.byte	0x50
 451 022b 01       		.uleb128 0x1
 452 022c 31       		.byte	0x31
 453 022d 00       		.byte	0
 454 022e 00       		.byte	0
 455 022f 0E       		.uleb128 0xe
 456 0230 18020000 		.4byte	.LASF29
 457 0234 06       		.byte	0x6
 458 0235 28       		.byte	0x28
 459 0236 0F       		.uleb128 0xf
 460 0237 65010000 		.4byte	.LASF30
 461 023b 07       		.byte	0x7
 462 023c 21       		.byte	0x21
 463 023d 6B000000 		.4byte	0x6b
 464 0241 10       		.uleb128 0x10
 465 0242 6B020000 		.4byte	.LASF19
 466 0246 03       		.byte	0x3
 467 0247 1D       		.byte	0x1d
 468 0248 52020000 		.4byte	0x252
ARM GAS  C:\Users\HENRYK~1\AppData\Local\Temp\ccmnNAHJ.s 			page 12


 469 024c 11       		.uleb128 0x11
 470 024d 6B000000 		.4byte	0x6b
 471 0251 00       		.byte	0
 472 0252 10       		.uleb128 0x10
 473 0253 63020000 		.4byte	.LASF20
 474 0257 04       		.byte	0x4
 475 0258 57       		.byte	0x57
 476 0259 63020000 		.4byte	0x263
 477 025d 11       		.uleb128 0x11
 478 025e 76000000 		.4byte	0x76
 479 0262 00       		.byte	0
 480 0263 10       		.uleb128 0x10
 481 0264 EF000000 		.4byte	.LASF21
 482 0268 04       		.byte	0x4
 483 0269 51       		.byte	0x51
 484 026a 74020000 		.4byte	0x274
 485 026e 11       		.uleb128 0x11
 486 026f 6B000000 		.4byte	0x6b
 487 0273 00       		.byte	0
 488 0274 10       		.uleb128 0x10
 489 0275 46020000 		.4byte	.LASF22
 490 0279 05       		.byte	0x5
 491 027a 1D       		.byte	0x1d
 492 027b 85020000 		.4byte	0x285
 493 027f 11       		.uleb128 0x11
 494 0280 6B000000 		.4byte	0x6b
 495 0284 00       		.byte	0
 496 0285 10       		.uleb128 0x10
 497 0286 57000000 		.4byte	.LASF23
 498 028a 06       		.byte	0x6
 499 028b 18       		.byte	0x18
 500 028c 96020000 		.4byte	0x296
 501 0290 11       		.uleb128 0x11
 502 0291 96000000 		.4byte	0x96
 503 0295 00       		.byte	0
 504 0296 10       		.uleb128 0x10
 505 0297 42000000 		.4byte	.LASF24
 506 029b 06       		.byte	0x6
 507 029c 20       		.byte	0x20
 508 029d A7020000 		.4byte	0x2a7
 509 02a1 11       		.uleb128 0x11
 510 02a2 6B000000 		.4byte	0x6b
 511 02a6 00       		.byte	0
 512 02a7 12       		.uleb128 0x12
 513 02a8 00000000 		.4byte	.LASF31
 514 02ac 04       		.byte	0x4
 515 02ad 46       		.byte	0x46
 516 02ae 96000000 		.4byte	0x96
 517 02b2 C1020000 		.4byte	0x2c1
 518 02b6 11       		.uleb128 0x11
 519 02b7 6B000000 		.4byte	0x6b
 520 02bb 11       		.uleb128 0x11
 521 02bc 96000000 		.4byte	0x96
 522 02c0 00       		.byte	0
 523 02c1 10       		.uleb128 0x10
 524 02c2 D1000000 		.4byte	.LASF25
 525 02c6 04       		.byte	0x4
ARM GAS  C:\Users\HENRYK~1\AppData\Local\Temp\ccmnNAHJ.s 			page 13


 526 02c7 49       		.byte	0x49
 527 02c8 D7020000 		.4byte	0x2d7
 528 02cc 11       		.uleb128 0x11
 529 02cd 6B000000 		.4byte	0x6b
 530 02d1 11       		.uleb128 0x11
 531 02d2 6B000000 		.4byte	0x6b
 532 02d6 00       		.byte	0
 533 02d7 13       		.uleb128 0x13
 534 02d8 36000000 		.4byte	.LASF32
 535 02dc 04       		.byte	0x4
 536 02dd 4C       		.byte	0x4c
 537 02de 11       		.uleb128 0x11
 538 02df 6B000000 		.4byte	0x6b
 539 02e3 00       		.byte	0
 540 02e4 00       		.byte	0
 541              		.section	.debug_abbrev,"",%progbits
 542              	.Ldebug_abbrev0:
 543 0000 01       		.uleb128 0x1
 544 0001 11       		.uleb128 0x11
 545 0002 01       		.byte	0x1
 546 0003 25       		.uleb128 0x25
 547 0004 0E       		.uleb128 0xe
 548 0005 13       		.uleb128 0x13
 549 0006 0B       		.uleb128 0xb
 550 0007 03       		.uleb128 0x3
 551 0008 0E       		.uleb128 0xe
 552 0009 1B       		.uleb128 0x1b
 553 000a 0E       		.uleb128 0xe
 554 000b 55       		.uleb128 0x55
 555 000c 17       		.uleb128 0x17
 556 000d 11       		.uleb128 0x11
 557 000e 01       		.uleb128 0x1
 558 000f 10       		.uleb128 0x10
 559 0010 17       		.uleb128 0x17
 560 0011 00       		.byte	0
 561 0012 00       		.byte	0
 562 0013 02       		.uleb128 0x2
 563 0014 24       		.uleb128 0x24
 564 0015 00       		.byte	0
 565 0016 0B       		.uleb128 0xb
 566 0017 0B       		.uleb128 0xb
 567 0018 3E       		.uleb128 0x3e
 568 0019 0B       		.uleb128 0xb
 569 001a 03       		.uleb128 0x3
 570 001b 0E       		.uleb128 0xe
 571 001c 00       		.byte	0
 572 001d 00       		.byte	0
 573 001e 03       		.uleb128 0x3
 574 001f 24       		.uleb128 0x24
 575 0020 00       		.byte	0
 576 0021 0B       		.uleb128 0xb
 577 0022 0B       		.uleb128 0xb
 578 0023 3E       		.uleb128 0x3e
 579 0024 0B       		.uleb128 0xb
 580 0025 03       		.uleb128 0x3
 581 0026 08       		.uleb128 0x8
 582 0027 00       		.byte	0
ARM GAS  C:\Users\HENRYK~1\AppData\Local\Temp\ccmnNAHJ.s 			page 14


 583 0028 00       		.byte	0
 584 0029 04       		.uleb128 0x4
 585 002a 16       		.uleb128 0x16
 586 002b 00       		.byte	0
 587 002c 03       		.uleb128 0x3
 588 002d 0E       		.uleb128 0xe
 589 002e 3A       		.uleb128 0x3a
 590 002f 0B       		.uleb128 0xb
 591 0030 3B       		.uleb128 0x3b
 592 0031 0B       		.uleb128 0xb
 593 0032 49       		.uleb128 0x49
 594 0033 13       		.uleb128 0x13
 595 0034 00       		.byte	0
 596 0035 00       		.byte	0
 597 0036 05       		.uleb128 0x5
 598 0037 16       		.uleb128 0x16
 599 0038 00       		.byte	0
 600 0039 03       		.uleb128 0x3
 601 003a 0E       		.uleb128 0xe
 602 003b 3A       		.uleb128 0x3a
 603 003c 0B       		.uleb128 0xb
 604 003d 3B       		.uleb128 0x3b
 605 003e 05       		.uleb128 0x5
 606 003f 49       		.uleb128 0x49
 607 0040 13       		.uleb128 0x13
 608 0041 00       		.byte	0
 609 0042 00       		.byte	0
 610 0043 06       		.uleb128 0x6
 611 0044 0F       		.uleb128 0xf
 612 0045 00       		.byte	0
 613 0046 0B       		.uleb128 0xb
 614 0047 0B       		.uleb128 0xb
 615 0048 49       		.uleb128 0x49
 616 0049 13       		.uleb128 0x13
 617 004a 00       		.byte	0
 618 004b 00       		.byte	0
 619 004c 07       		.uleb128 0x7
 620 004d 15       		.uleb128 0x15
 621 004e 00       		.byte	0
 622 004f 27       		.uleb128 0x27
 623 0050 19       		.uleb128 0x19
 624 0051 00       		.byte	0
 625 0052 00       		.byte	0
 626 0053 08       		.uleb128 0x8
 627 0054 2E       		.uleb128 0x2e
 628 0055 01       		.byte	0x1
 629 0056 3F       		.uleb128 0x3f
 630 0057 19       		.uleb128 0x19
 631 0058 03       		.uleb128 0x3
 632 0059 0E       		.uleb128 0xe
 633 005a 3A       		.uleb128 0x3a
 634 005b 0B       		.uleb128 0xb
 635 005c 3B       		.uleb128 0x3b
 636 005d 0B       		.uleb128 0xb
 637 005e 27       		.uleb128 0x27
 638 005f 19       		.uleb128 0x19
 639 0060 11       		.uleb128 0x11
ARM GAS  C:\Users\HENRYK~1\AppData\Local\Temp\ccmnNAHJ.s 			page 15


 640 0061 01       		.uleb128 0x1
 641 0062 12       		.uleb128 0x12
 642 0063 06       		.uleb128 0x6
 643 0064 40       		.uleb128 0x40
 644 0065 18       		.uleb128 0x18
 645 0066 9742     		.uleb128 0x2117
 646 0068 19       		.uleb128 0x19
 647 0069 01       		.uleb128 0x1
 648 006a 13       		.uleb128 0x13
 649 006b 00       		.byte	0
 650 006c 00       		.byte	0
 651 006d 09       		.uleb128 0x9
 652 006e 898201   		.uleb128 0x4109
 653 0071 00       		.byte	0
 654 0072 11       		.uleb128 0x11
 655 0073 01       		.uleb128 0x1
 656 0074 31       		.uleb128 0x31
 657 0075 13       		.uleb128 0x13
 658 0076 00       		.byte	0
 659 0077 00       		.byte	0
 660 0078 0A       		.uleb128 0xa
 661 0079 898201   		.uleb128 0x4109
 662 007c 01       		.byte	0x1
 663 007d 11       		.uleb128 0x11
 664 007e 01       		.uleb128 0x1
 665 007f 31       		.uleb128 0x31
 666 0080 13       		.uleb128 0x13
 667 0081 01       		.uleb128 0x1
 668 0082 13       		.uleb128 0x13
 669 0083 00       		.byte	0
 670 0084 00       		.byte	0
 671 0085 0B       		.uleb128 0xb
 672 0086 8A8201   		.uleb128 0x410a
 673 0089 00       		.byte	0
 674 008a 02       		.uleb128 0x2
 675 008b 18       		.uleb128 0x18
 676 008c 9142     		.uleb128 0x2111
 677 008e 18       		.uleb128 0x18
 678 008f 00       		.byte	0
 679 0090 00       		.byte	0
 680 0091 0C       		.uleb128 0xc
 681 0092 898201   		.uleb128 0x4109
 682 0095 01       		.byte	0x1
 683 0096 11       		.uleb128 0x11
 684 0097 01       		.uleb128 0x1
 685 0098 31       		.uleb128 0x31
 686 0099 13       		.uleb128 0x13
 687 009a 00       		.byte	0
 688 009b 00       		.byte	0
 689 009c 0D       		.uleb128 0xd
 690 009d 2E       		.uleb128 0x2e
 691 009e 01       		.byte	0x1
 692 009f 3F       		.uleb128 0x3f
 693 00a0 19       		.uleb128 0x19
 694 00a1 03       		.uleb128 0x3
 695 00a2 0E       		.uleb128 0xe
 696 00a3 3A       		.uleb128 0x3a
ARM GAS  C:\Users\HENRYK~1\AppData\Local\Temp\ccmnNAHJ.s 			page 16


 697 00a4 0B       		.uleb128 0xb
 698 00a5 3B       		.uleb128 0x3b
 699 00a6 0B       		.uleb128 0xb
 700 00a7 49       		.uleb128 0x49
 701 00a8 13       		.uleb128 0x13
 702 00a9 11       		.uleb128 0x11
 703 00aa 01       		.uleb128 0x1
 704 00ab 12       		.uleb128 0x12
 705 00ac 06       		.uleb128 0x6
 706 00ad 40       		.uleb128 0x40
 707 00ae 18       		.uleb128 0x18
 708 00af 9742     		.uleb128 0x2117
 709 00b1 19       		.uleb128 0x19
 710 00b2 01       		.uleb128 0x1
 711 00b3 13       		.uleb128 0x13
 712 00b4 00       		.byte	0
 713 00b5 00       		.byte	0
 714 00b6 0E       		.uleb128 0xe
 715 00b7 2E       		.uleb128 0x2e
 716 00b8 00       		.byte	0
 717 00b9 3F       		.uleb128 0x3f
 718 00ba 19       		.uleb128 0x19
 719 00bb 03       		.uleb128 0x3
 720 00bc 0E       		.uleb128 0xe
 721 00bd 3A       		.uleb128 0x3a
 722 00be 0B       		.uleb128 0xb
 723 00bf 3B       		.uleb128 0x3b
 724 00c0 0B       		.uleb128 0xb
 725 00c1 27       		.uleb128 0x27
 726 00c2 19       		.uleb128 0x19
 727 00c3 3C       		.uleb128 0x3c
 728 00c4 19       		.uleb128 0x19
 729 00c5 00       		.byte	0
 730 00c6 00       		.byte	0
 731 00c7 0F       		.uleb128 0xf
 732 00c8 2E       		.uleb128 0x2e
 733 00c9 00       		.byte	0
 734 00ca 3F       		.uleb128 0x3f
 735 00cb 19       		.uleb128 0x19
 736 00cc 03       		.uleb128 0x3
 737 00cd 0E       		.uleb128 0xe
 738 00ce 3A       		.uleb128 0x3a
 739 00cf 0B       		.uleb128 0xb
 740 00d0 3B       		.uleb128 0x3b
 741 00d1 0B       		.uleb128 0xb
 742 00d2 27       		.uleb128 0x27
 743 00d3 19       		.uleb128 0x19
 744 00d4 49       		.uleb128 0x49
 745 00d5 13       		.uleb128 0x13
 746 00d6 3C       		.uleb128 0x3c
 747 00d7 19       		.uleb128 0x19
 748 00d8 00       		.byte	0
 749 00d9 00       		.byte	0
 750 00da 10       		.uleb128 0x10
 751 00db 2E       		.uleb128 0x2e
 752 00dc 01       		.byte	0x1
 753 00dd 3F       		.uleb128 0x3f
ARM GAS  C:\Users\HENRYK~1\AppData\Local\Temp\ccmnNAHJ.s 			page 17


 754 00de 19       		.uleb128 0x19
 755 00df 03       		.uleb128 0x3
 756 00e0 0E       		.uleb128 0xe
 757 00e1 3A       		.uleb128 0x3a
 758 00e2 0B       		.uleb128 0xb
 759 00e3 3B       		.uleb128 0x3b
 760 00e4 0B       		.uleb128 0xb
 761 00e5 27       		.uleb128 0x27
 762 00e6 19       		.uleb128 0x19
 763 00e7 3C       		.uleb128 0x3c
 764 00e8 19       		.uleb128 0x19
 765 00e9 01       		.uleb128 0x1
 766 00ea 13       		.uleb128 0x13
 767 00eb 00       		.byte	0
 768 00ec 00       		.byte	0
 769 00ed 11       		.uleb128 0x11
 770 00ee 05       		.uleb128 0x5
 771 00ef 00       		.byte	0
 772 00f0 49       		.uleb128 0x49
 773 00f1 13       		.uleb128 0x13
 774 00f2 00       		.byte	0
 775 00f3 00       		.byte	0
 776 00f4 12       		.uleb128 0x12
 777 00f5 2E       		.uleb128 0x2e
 778 00f6 01       		.byte	0x1
 779 00f7 3F       		.uleb128 0x3f
 780 00f8 19       		.uleb128 0x19
 781 00f9 03       		.uleb128 0x3
 782 00fa 0E       		.uleb128 0xe
 783 00fb 3A       		.uleb128 0x3a
 784 00fc 0B       		.uleb128 0xb
 785 00fd 3B       		.uleb128 0x3b
 786 00fe 0B       		.uleb128 0xb
 787 00ff 27       		.uleb128 0x27
 788 0100 19       		.uleb128 0x19
 789 0101 49       		.uleb128 0x49
 790 0102 13       		.uleb128 0x13
 791 0103 3C       		.uleb128 0x3c
 792 0104 19       		.uleb128 0x19
 793 0105 01       		.uleb128 0x1
 794 0106 13       		.uleb128 0x13
 795 0107 00       		.byte	0
 796 0108 00       		.byte	0
 797 0109 13       		.uleb128 0x13
 798 010a 2E       		.uleb128 0x2e
 799 010b 01       		.byte	0x1
 800 010c 3F       		.uleb128 0x3f
 801 010d 19       		.uleb128 0x19
 802 010e 03       		.uleb128 0x3
 803 010f 0E       		.uleb128 0xe
 804 0110 3A       		.uleb128 0x3a
 805 0111 0B       		.uleb128 0xb
 806 0112 3B       		.uleb128 0x3b
 807 0113 0B       		.uleb128 0xb
 808 0114 27       		.uleb128 0x27
 809 0115 19       		.uleb128 0x19
 810 0116 3C       		.uleb128 0x3c
ARM GAS  C:\Users\HENRYK~1\AppData\Local\Temp\ccmnNAHJ.s 			page 18


 811 0117 19       		.uleb128 0x19
 812 0118 00       		.byte	0
 813 0119 00       		.byte	0
 814 011a 00       		.byte	0
 815              		.section	.debug_aranges,"",%progbits
 816 0000 2C000000 		.4byte	0x2c
 817 0004 0200     		.2byte	0x2
 818 0006 00000000 		.4byte	.Ldebug_info0
 819 000a 04       		.byte	0x4
 820 000b 00       		.byte	0
 821 000c 0000     		.2byte	0
 822 000e 0000     		.2byte	0
 823 0010 00000000 		.4byte	.LFB36
 824 0014 20000000 		.4byte	.LFE36-.LFB36
 825 0018 00000000 		.4byte	.LFB37
 826 001c 26000000 		.4byte	.LFE37-.LFB37
 827 0020 00000000 		.4byte	.LFB35
 828 0024 3C000000 		.4byte	.LFE35-.LFB35
 829 0028 00000000 		.4byte	0
 830 002c 00000000 		.4byte	0
 831              		.section	.debug_ranges,"",%progbits
 832              	.Ldebug_ranges0:
 833 0000 00000000 		.4byte	.LFB36
 834 0004 20000000 		.4byte	.LFE36
 835 0008 00000000 		.4byte	.LFB37
 836 000c 26000000 		.4byte	.LFE37
 837 0010 00000000 		.4byte	.LFB35
 838 0014 3C000000 		.4byte	.LFE35
 839 0018 00000000 		.4byte	0
 840 001c 00000000 		.4byte	0
 841              		.section	.debug_line,"",%progbits
 842              	.Ldebug_line0:
 843 0000 D3000000 		.section	.debug_str,"MS",%progbits,1
 843      02008500 
 843      00000201 
 843      FB0E0D00 
 843      01010101 
 844              	.LASF31:
 845 0000 4379496E 		.ascii	"CyIntSetVector\000"
 845      74536574 
 845      56656374 
 845      6F7200
 846              	.LASF3:
 847 000f 73686F72 		.ascii	"short unsigned int\000"
 847      7420756E 
 847      7369676E 
 847      65642069 
 847      6E7400
 848              	.LASF11:
 849 0022 666C6F61 		.ascii	"float\000"
 849      7400
 850              	.LASF1:
 851 0028 756E7369 		.ascii	"unsigned char\000"
 851      676E6564 
 851      20636861 
 851      7200
 852              	.LASF32:
ARM GAS  C:\Users\HENRYK~1\AppData\Local\Temp\ccmnNAHJ.s 			page 19


 853 0036 4379496E 		.ascii	"CyIntEnable\000"
 853      74456E61 
 853      626C6500 
 854              	.LASF24:
 855 0042 6973725F 		.ascii	"isr_GPIO_SetPriority\000"
 855      4750494F 
 855      5F536574 
 855      5072696F 
 855      72697479 
 856              	.LASF23:
 857 0057 6973725F 		.ascii	"isr_GPIO_StartEx\000"
 857      4750494F 
 857      5F537461 
 857      72744578 
 857      00
 858              	.LASF5:
 859 0068 6C6F6E67 		.ascii	"long unsigned int\000"
 859      20756E73 
 859      69676E65 
 859      6420696E 
 859      7400
 860              	.LASF9:
 861 007a 75696E74 		.ascii	"uint8\000"
 861      3800
 862              	.LASF12:
 863 0080 646F7562 		.ascii	"double\000"
 863      6C6500
 864              	.LASF27:
 865 0087 2E5C6D61 		.ascii	".\\main.c\000"
 865      696E2E63 
 865      00
 866              	.LASF10:
 867 0090 75696E74 		.ascii	"uint32\000"
 867      333200
 868              	.LASF18:
 869 0097 6D61696E 		.ascii	"main\000"
 869      00
 870              	.LASF8:
 871 009c 756E7369 		.ascii	"unsigned int\000"
 871      676E6564 
 871      20696E74 
 871      00
 872              	.LASF17:
 873 00a9 4E657374 		.ascii	"NestedIsrHandler\000"
 873      65644973 
 873      7248616E 
 873      646C6572 
 873      00
 874              	.LASF7:
 875 00ba 6C6F6E67 		.ascii	"long long unsigned int\000"
 875      206C6F6E 
 875      6720756E 
 875      7369676E 
 875      65642069 
 876              	.LASF25:
 877 00d1 4379496E 		.ascii	"CyIntSetPriority\000"
 877      74536574 
ARM GAS  C:\Users\HENRYK~1\AppData\Local\Temp\ccmnNAHJ.s 			page 20


 877      5072696F 
 877      72697479 
 877      00
 878              	.LASF14:
 879 00e2 63796973 		.ascii	"cyisraddress\000"
 879      72616464 
 879      72657373 
 879      00
 880              	.LASF21:
 881 00ef 4379496E 		.ascii	"CyIntClearPending\000"
 881      74436C65 
 881      61725065 
 881      6E64696E 
 881      6700
 882              	.LASF15:
 883 0101 73697A65 		.ascii	"sizetype\000"
 883      74797065 
 883      00
 884              	.LASF6:
 885 010a 6C6F6E67 		.ascii	"long long int\000"
 885      206C6F6E 
 885      6720696E 
 885      7400
 886              	.LASF28:
 887 0118 433A5C55 		.ascii	"C:\\Users\\Henry Kao\\Documents\\PSoC Creator\\Shif"
 887      73657273 
 887      5C48656E 
 887      7279204B 
 887      616F5C44 
 888 0146 7465725C 		.ascii	"ter\\Interrupts_Example01.cydsn\000"
 888      496E7465 
 888      72727570 
 888      74735F45 
 888      78616D70 
 889              	.LASF30:
 890 0165 50696E5F 		.ascii	"Pin_Sw_ClearInterrupt\000"
 890      53775F43 
 890      6C656172 
 890      496E7465 
 890      72727570 
 891              	.LASF16:
 892 017b 4750494F 		.ascii	"GPIOIsrHandler\000"
 892      49737248 
 892      616E646C 
 892      657200
 893              	.LASF26:
 894 018a 474E5520 		.ascii	"GNU C 4.9.3 20150303 (release) [ARM/embedded-4_9-br"
 894      4320342E 
 894      392E3320 
 894      32303135 
 894      30333033 
 895 01bd 616E6368 		.ascii	"anch revision 221220] -mcpu=cortex-m0 -mthumb -g -O"
 895      20726576 
 895      6973696F 
 895      6E203232 
 895      31323230 
 896 01f0 67202D66 		.ascii	"g -ffunction-sections -ffat-lto-objects\000"
ARM GAS  C:\Users\HENRYK~1\AppData\Local\Temp\ccmnNAHJ.s 			page 21


 896      66756E63 
 896      74696F6E 
 896      2D736563 
 896      74696F6E 
 897              	.LASF29:
 898 0218 6973725F 		.ascii	"isr_GPIO_ClearPending\000"
 898      4750494F 
 898      5F436C65 
 898      61725065 
 898      6E64696E 
 899              	.LASF2:
 900 022e 73686F72 		.ascii	"short int\000"
 900      7420696E 
 900      7400
 901              	.LASF4:
 902 0238 6C6F6E67 		.ascii	"long int\000"
 902      20696E74 
 902      00
 903              	.LASF13:
 904 0241 63686172 		.ascii	"char\000"
 904      00
 905              	.LASF22:
 906 0246 4C45445F 		.ascii	"LED_Nested_Write\000"
 906      4E657374 
 906      65645F57 
 906      72697465 
 906      00
 907              	.LASF0:
 908 0257 7369676E 		.ascii	"signed char\000"
 908      65642063 
 908      68617200 
 909              	.LASF20:
 910 0263 43794465 		.ascii	"CyDelay\000"
 910      6C617900 
 911              	.LASF19:
 912 026b 4C45445F 		.ascii	"LED_Isr_Write\000"
 912      4973725F 
 912      57726974 
 912      6500
 913              		.ident	"GCC: (GNU Tools for ARM Embedded Processors) 4.9.3 20150303 (release) [ARM/embedded-4_9-br
