Loading plugins phase: Elapsed time ==> 0s.440ms
Initializing data phase: Elapsed time ==> 0s.000ms
<CYPRESSTAG name="CyDsfit arguments...">
cydsfit arguments: -.fdsnotice -.fdswarpdepfile=warp_dependencies.txt -.fdselabdepfile=elab_dependencies.txt -.fdsbldfile=generated_files.txt -p C:\Users\Henry Kao\Documents\PSoC Creator\Shifter\Interrupts_Example01.cydsn\Interrupts_Example01.cyprj -d CY8C4247LQI-BL483 -s C:\Users\Henry Kao\Documents\PSoC Creator\Shifter\Interrupts_Example01.cydsn\Generated_Source\PSoC4 -- -yv2 -q10 -ygs -o2 -v3 -.fftcfgtype=LE</CYPRESSTAG>
<CYPRESSTAG name="Design elaboration results...">
</CYPRESSTAG>
Elaboration phase: Elapsed time ==> 2s.148ms
<CYPRESSTAG name="HDL generation results...">
</CYPRESSTAG>
HDL generation phase: Elapsed time ==> 0s.059ms
<CYPRESSTAG name="Synthesis results...">

     | | | | | | |
   _________________
  -|               |-
  -|               |-
  -|               |-
  -|    CYPRESS    |-
  -|               |-
  -|               |-   Warp Verilog Synthesis Compiler: Version 6.3 IR 41
  -|               |-   Copyright (C) 1991-2001 Cypress Semiconductor
   |_______________|
     | | | | | | |

======================================================================
Compiling:  Interrupts_Example01.v
Program  :   C:\Program Files (x86)\Cypress\PSoC Creator\3.3\PSoC Creator\warp\bin/warp.exe
Options  :    -yv2 -q10 -ygs -o2 -v3 -.fftcfgtype=LE -ya -.fftprj=C:\Users\Henry Kao\Documents\PSoC Creator\Shifter\Interrupts_Example01.cydsn\Interrupts_Example01.cyprj -dcpsoc3 Interrupts_Example01.v -verilog
======================================================================

======================================================================
Compiling:  Interrupts_Example01.v
Program  :   C:\Program Files (x86)\Cypress\PSoC Creator\3.3\PSoC Creator\warp\bin/warp.exe
Options  :    -yv2 -q10 -ygs -o2 -v3 -.fftcfgtype=LE -ya -.fftprj=C:\Users\Henry Kao\Documents\PSoC Creator\Shifter\Interrupts_Example01.cydsn\Interrupts_Example01.cyprj -dcpsoc3 Interrupts_Example01.v -verilog
======================================================================

======================================================================
Compiling:  Interrupts_Example01.v
Program  :   vlogfe
Options  :    -yv2 -q10 -ygs -o2 -v3 -.fftcfgtype=LE -ya -.fftprj=C:\Users\Henry Kao\Documents\PSoC Creator\Shifter\Interrupts_Example01.cydsn\Interrupts_Example01.cyprj -dcpsoc3 -verilog Interrupts_Example01.v
======================================================================

vlogfe V6.3 IR 41:  Verilog parser
Sun Jan 10 12:35:05 2016


======================================================================
Compiling:  Interrupts_Example01.v
Program  :   vpp
Options  :    -yv2 -q10 Interrupts_Example01.v
======================================================================

vpp V6.3 IR 41:  Verilog Pre-Processor
Sun Jan 10 12:35:05 2016


vpp:  No errors.

Library 'work' => directory 'lcpsoc3'
General_symbol_table
General_symbol_table
Linking 'C:\Program Files (x86)\Cypress\PSoC Creator\3.3\PSoC Creator\warp\lib\common\std.vhd'.
Linking 'C:\Program Files (x86)\Cypress\PSoC Creator\3.3\PSoC Creator\warp\lib\common\cypress.vhd'.
Linking 'C:\Program Files (x86)\Cypress\PSoC Creator\3.3\PSoC Creator\warp\lib\common\work\cypress.vif'.
Linking 'C:\Program Files (x86)\Cypress\PSoC Creator\3.3\PSoC Creator\warp\lib\ieee\work\stdlogic.vif'.
Linking 'C:\Program Files (x86)\Cypress\PSoC Creator\3.3\PSoC Creator\warp\lib\common\stdlogic\lpmpkg.vif'.
Linking 'C:\Program Files (x86)\Cypress\PSoC Creator\3.3\PSoC Creator\warp\lib\common\stdlogic\rtlpkg.vif'.
Linking 'C:\Program Files (x86)\Cypress\PSoC Creator\3.3\PSoC Creator\warp\lib\common\stdlogic\mod_cnst.vif'.
Linking 'C:\Program Files (x86)\Cypress\PSoC Creator\3.3\PSoC Creator\warp\lib\common\stdlogic\mod_mthv.vif'.
Linking 'C:\Program Files (x86)\Cypress\PSoC Creator\3.3\PSoC Creator\warp\lib\common\stdlogic\mod_genv.vif'.
Using control file 'Interrupts_Example01.ctl'.

vlogfe:  No errors.


======================================================================
Compiling:  Interrupts_Example01.v
Program  :   tovif
Options  :    -yv2 -q10 -ygs -o2 -v3 -.fftcfgtype=LE -ya -.fftprj=C:\Users\Henry Kao\Documents\PSoC Creator\Shifter\Interrupts_Example01.cydsn\Interrupts_Example01.cyprj -dcpsoc3 -verilog Interrupts_Example01.v
======================================================================

tovif V6.3 IR 41:  High-level synthesis
Sun Jan 10 12:35:06 2016

Linking 'C:\Program Files (x86)\Cypress\PSoC Creator\3.3\PSoC Creator\warp\lib\common\std.vhd'.
Linking 'C:\Program Files (x86)\Cypress\PSoC Creator\3.3\PSoC Creator\warp\lib\common\cypress.vhd'.
Linking 'C:\Program Files (x86)\Cypress\PSoC Creator\3.3\PSoC Creator\warp\lib\common\work\cypress.vif'.
Linking 'C:\Program Files (x86)\Cypress\PSoC Creator\3.3\PSoC Creator\warp\lib\ieee\work\stdlogic.vif'.
Linking 'C:\Program Files (x86)\Cypress\PSoC Creator\3.3\PSoC Creator\warp\lib\common\stdlogic\lpmpkg.vif'.
Linking 'C:\Program Files (x86)\Cypress\PSoC Creator\3.3\PSoC Creator\warp\lib\common\stdlogic\rtlpkg.vif'.
Linking 'C:\Program Files (x86)\Cypress\PSoC Creator\3.3\PSoC Creator\warp\lib\common\stdlogic\mod_cnst.vif'.
Linking 'C:\Program Files (x86)\Cypress\PSoC Creator\3.3\PSoC Creator\warp\lib\common\stdlogic\mod_mthv.vif'.
Linking 'C:\Program Files (x86)\Cypress\PSoC Creator\3.3\PSoC Creator\warp\lib\common\stdlogic\mod_genv.vif'.
Linking 'C:\Users\Henry Kao\Documents\PSoC Creator\Shifter\Interrupts_Example01.cydsn\codegentemp\Interrupts_Example01.ctl'.
Linking 'C:\Users\Henry Kao\Documents\PSoC Creator\Shifter\Interrupts_Example01.cydsn\codegentemp\Interrupts_Example01.v'.

tovif:  No errors.


======================================================================
Compiling:  Interrupts_Example01.v
Program  :   topld
Options  :    -yv2 -q10 -ygs -o2 -v3 -.fftcfgtype=LE -ya -.fftprj=C:\Users\Henry Kao\Documents\PSoC Creator\Shifter\Interrupts_Example01.cydsn\Interrupts_Example01.cyprj -dcpsoc3 -verilog Interrupts_Example01.v
======================================================================

topld V6.3 IR 41:  Synthesis and optimization
Sun Jan 10 12:35:06 2016

Linking 'C:\Program Files (x86)\Cypress\PSoC Creator\3.3\PSoC Creator\warp\lib\common\std.vhd'.
Linking 'C:\Program Files (x86)\Cypress\PSoC Creator\3.3\PSoC Creator\warp\lib\common\cypress.vhd'.
Linking 'C:\Program Files (x86)\Cypress\PSoC Creator\3.3\PSoC Creator\warp\lib\common\work\cypress.vif'.
Linking 'C:\Program Files (x86)\Cypress\PSoC Creator\3.3\PSoC Creator\warp\lib\ieee\work\stdlogic.vif'.
Linking 'C:\Program Files (x86)\Cypress\PSoC Creator\3.3\PSoC Creator\warp\lib\common\stdlogic\lpmpkg.vif'.
Linking 'C:\Program Files (x86)\Cypress\PSoC Creator\3.3\PSoC Creator\warp\lib\common\stdlogic\rtlpkg.vif'.
Linking 'C:\Program Files (x86)\Cypress\PSoC Creator\3.3\PSoC Creator\warp\lib\common\stdlogic\mod_cnst.vif'.
Linking 'C:\Program Files (x86)\Cypress\PSoC Creator\3.3\PSoC Creator\warp\lib\common\stdlogic\mod_mthv.vif'.
Linking 'C:\Program Files (x86)\Cypress\PSoC Creator\3.3\PSoC Creator\warp\lib\common\stdlogic\mod_genv.vif'.
Linking 'C:\Users\Henry Kao\Documents\PSoC Creator\Shifter\Interrupts_Example01.cydsn\codegentemp\Interrupts_Example01.ctl'.
Linking 'C:\Users\Henry Kao\Documents\PSoC Creator\Shifter\Interrupts_Example01.cydsn\codegentemp\Interrupts_Example01.v'.
Linking 'C:\Program Files (x86)\Cypress\PSoC Creator\3.3\PSoC Creator\warp\lib\lcpsoc3\stdlogic\cpsoc3.vif'.

----------------------------------------------------------
Detecting unused logic.
----------------------------------------------------------



------------------------------------------------------
Alias Detection
------------------------------------------------------
Aliasing one to tmpOE__Pin_Sw_net_0
Aliasing tmpOE__LED_Isr_net_0 to tmpOE__Pin_Sw_net_0
Aliasing tmpOE__LED_Nested_net_0 to tmpOE__Pin_Sw_net_0
Removing Lhs of wire one[9] = tmpOE__Pin_Sw_net_0[3]
Removing Lhs of wire tmpOE__LED_Isr_net_0[11] = tmpOE__Pin_Sw_net_0[3]
Removing Lhs of wire tmpOE__LED_Nested_net_0[18] = tmpOE__Pin_Sw_net_0[3]

------------------------------------------------------
Aliased 0 equations, 3 wires.
------------------------------------------------------

----------------------------------------------------------
Circuit simplification
----------------------------------------------------------

Substituting virtuals - pass 1:


----------------------------------------------------------
Circuit simplification results:

	Expanded 0 signals.
	Turned 0 signals into soft nodes.
	Maximum default expansion cost was set at 3.
----------------------------------------------------------

topld:  No errors.

CYPRESS_DIR    : C:\Program Files (x86)\Cypress\PSoC Creator\3.3\PSoC Creator\warp
Warp Program   : C:\Program Files (x86)\Cypress\PSoC Creator\3.3\PSoC Creator\warp\bin/warp.exe
Warp Arguments : -yv2 -q10 -ygs -o2 -v3 -.fftcfgtype=LE -ya "-.fftprj=C:\Users\Henry Kao\Documents\PSoC Creator\Shifter\Interrupts_Example01.cydsn\Interrupts_Example01.cyprj" -dcpsoc3 Interrupts_Example01.v -verilog
</CYPRESSTAG>
Warp synthesis phase: Elapsed time ==> 0s.503ms
<CYPRESSTAG name="Fitter results...">
<CYPRESSTAG name="Fitter startup details...">
cyp3fit: V3.3.0.410, Family: PSoC3, Started at: Sunday, 10 January 2016 12:35:06
Options: -yv2 -q10 -ygs -o2 -v3 -.fftcfgtype=LE -ya -.fftprj=C:\Users\Henry Kao\Documents\PSoC Creator\Shifter\Interrupts_Example01.cydsn\Interrupts_Example01.cyprj -d CY8C4247LQI-BL483 Interrupts_Example01.v -verilog
</CYPRESSTAG>
<CYPRESSTAG name="Design parsing">
Design parsing phase: Elapsed time ==> 0s.025ms
</CYPRESSTAG>
<CYPRESSTAG name="Tech mapping">
<CYPRESSTAG name="Initial Mapping" icon="FILE_RPT_TECHM">
<CYPRESSTAG name="Global Clock Selection" icon="FILE_RPT_TECHM">
<CYPRESSTAG name="UDB Clock/Enable Remapping Results">
</CYPRESSTAG>
</CYPRESSTAG>
<CYPRESSTAG name="Duplicate Macrocell detection">
</CYPRESSTAG>
</CYPRESSTAG>
<CYPRESSTAG name="Duplicate Macrocell detection">
</CYPRESSTAG>
<CYPRESSTAG name="Design Equations" icon="FILE_RPT_EQUATION">

------------------------------------------------------------
Design Equations
------------------------------------------------------------
    <CYPRESSTAG name="Pin listing">

    ------------------------------------------------------------
    Pin listing
    ------------------------------------------------------------

    Pin : Name = Pin_Sw(0)
        Attributes:
            In Group/Port: True
            In Sync Option: NOSYNC
            Out Sync Option: AUTO
            Interrupt generated: True
            Interrupt mode: FALLING
            Drive mode: RES_PULL_UP
            VTrip: CMOS
            Slew: FAST
            Input Sync needed: False
            Output Sync needed: False
            SC shield enabled: False
            POR State: ANY
            LCD Mode: COMMON
            Register Mode: RegComb
            CaSense Mode: NEITHER
            Treat as pin: False
            Is OE Registered: False
            Uses Analog: False
            Can contain Digital: True
            Is SIO: False
            SIO Output Buf: NONREGULATED
            SIO Input Buf: SINGLE_ENDED
            SIO HiFreq: LOW
            SIO Hyst: DISABLED
            SIO Vtrip: MULTIPLIER_0_5
            SIO Multiplier Index: 0
            SIO RefSel: VCC_IO
            Required Capabilitites: DIGITAL, PORT_INTERRUPT
            Initial Value: 1
            IO Voltage: 0
        PORT MAP (
            pa_out => Pin_Sw(0)__PA ,
            annotation => Net_177 ,
            pad => Pin_Sw(0)_PAD );
        Properties:
        {
            port_location = "PORT(2,7)"
        }

    Pin : Name = LED_Isr(0)
        Attributes:
            In Group/Port: True
            In Sync Option: AUTO
            Out Sync Option: NOSYNC
            Interrupt generated: False
            Interrupt mode: NONE
            Drive mode: CMOS_OUT
            VTrip: EITHER
            Slew: FAST
            Input Sync needed: False
            Output Sync needed: False
            SC shield enabled: False
            POR State: ANY
            LCD Mode: COMMON
            Register Mode: RegComb
            CaSense Mode: NEITHER
            Treat as pin: True
            Is OE Registered: False
            Uses Analog: False
            Can contain Digital: True
            Is SIO: False
            SIO Output Buf: NONREGULATED
            SIO Input Buf: SINGLE_ENDED
            SIO HiFreq: LOW
            SIO Hyst: DISABLED
            SIO Vtrip: MULTIPLIER_0_5
            SIO Multiplier Index: 0
            SIO RefSel: VCC_IO
            Required Capabilitites: DIGITAL
            Initial Value: 1
            IO Voltage: 0
        PORT MAP (
            pa_out => LED_Isr(0)__PA ,
            annotation => Net_47 ,
            pad => LED_Isr(0)_PAD );
        Properties:
        {
            port_location = "PORT(3,6)"
        }

    Pin : Name = LED_Nested(0)
        Attributes:
            In Group/Port: True
            In Sync Option: AUTO
            Out Sync Option: NOSYNC
            Interrupt generated: False
            Interrupt mode: NONE
            Drive mode: CMOS_OUT
            VTrip: EITHER
            Slew: FAST
            Input Sync needed: False
            Output Sync needed: False
            SC shield enabled: False
            POR State: ANY
            LCD Mode: COMMON
            Register Mode: RegComb
            CaSense Mode: NEITHER
            Treat as pin: True
            Is OE Registered: False
            Uses Analog: False
            Can contain Digital: True
            Is SIO: False
            SIO Output Buf: NONREGULATED
            SIO Input Buf: SINGLE_ENDED
            SIO HiFreq: LOW
            SIO Hyst: DISABLED
            SIO Vtrip: MULTIPLIER_0_5
            SIO Multiplier Index: 0
            SIO RefSel: VCC_IO
            Required Capabilitites: DIGITAL
            Initial Value: 1
            IO Voltage: 0
        PORT MAP (
            pa_out => LED_Nested(0)__PA ,
            annotation => Net_1782 ,
            pad => LED_Nested(0)_PAD );
        Properties:
        {
            port_location = "PORT(2,6)"
        }
    </CYPRESSTAG>
    <CYPRESSTAG name="Macrocell listing" icon="FILE_RPT_EQUATION">
    </CYPRESSTAG>
    <CYPRESSTAG name="Datapath listing">
    </CYPRESSTAG>
    <CYPRESSTAG name="Status register listing">
    </CYPRESSTAG>
    <CYPRESSTAG name="StatusI register listing">
    </CYPRESSTAG>
    <CYPRESSTAG name="Sync listing">
    </CYPRESSTAG>
    <CYPRESSTAG name="Control register listing">
    </CYPRESSTAG>
    <CYPRESSTAG name="Count7 listing">
    </CYPRESSTAG>
    <CYPRESSTAG name="DRQ listing">
    </CYPRESSTAG>
    <CYPRESSTAG name="Interrupt listing">

    ------------------------------------------------------------
    Interrupt listing
    ------------------------------------------------------------

    interrupt: Name =isr_GPIO
        PORT MAP (
            interrupt => Net_13 );
        Properties:
        {
            int_type = "10"
        }
    </CYPRESSTAG>
</CYPRESSTAG>
<CYPRESSTAG name="Technology mapping summary" expanded>

------------------------------------------------------------
Technology mapping summary
------------------------------------------------------------

Resource Type                 : Used : Free :  Max :  % Used
============================================================
Digital Clocks                :    0 :    4 :    4 :  0.00 %
Interrupts                    :    1 :   31 :   32 :  3.13 %
IO                            :    7 :   31 :   38 : 18.42 %
Segment LCD                   :    0 :    1 :    1 :  0.00 %
CapSense                      :    0 :    1 :    1 :  0.00 %
Die Temp                      :    0 :    1 :    1 :  0.00 %
Serial Communication (SCB)    :    0 :    2 :    2 :  0.00 %
BLE                           :    0 :    1 :    1 :  0.00 %
Timer/Counter/PWM             :    0 :    4 :    4 :  0.00 %
Pre-configured Blocks         :    0 :    4 :    4 :  0.00 %
Comparator/Opamp              :    0 :    4 :    4 :  0.00 %
LP Comparator                 :    0 :    2 :    2 :  0.00 %
SAR ADC                       :    0 :    1 :    1 :  0.00 %
DAC                           :      :      :      :        
  7-bit IDAC                  :    0 :    1 :    1 :  0.00 %
  8-bit IDAC                  :    0 :    1 :    1 :  0.00 %
</CYPRESSTAG>
Technology Mapping: Elapsed time ==> 0s.014ms
Tech mapping phase: Elapsed time ==> 0s.071ms
</CYPRESSTAG>
<CYPRESSTAG name="Analog Placement">
<CYPRESSTAG name="Analog Placement">
Elapsed time ==> 0.2937403s
</CYPRESSTAG>
Analog Placement phase: Elapsed time ==> 1s.057ms
</CYPRESSTAG>
<CYPRESSTAG name="Analog Routing">
<CYPRESSTAG name="Analog Routing">
Route success=True, Iterations=1 Elapsed=0.0025983 secs
</CYPRESSTAG>
Analog Routing phase: Elapsed time ==> 0s.003ms
</CYPRESSTAG>
<CYPRESSTAG name="Analog Code Generation">
============ Analog Final Answer Routes ============
Dump of CyAnalogRoutingResultsDB
Map of net to items {
}
Map of item to net {
}
Mux Info {
}
Analog Code Generation phase: Elapsed time ==> 0s.079ms
</CYPRESSTAG>
<CYPRESSTAG name="Digital Placement">
<CYPRESSTAG name="Detailed placement messages">
I2659: No Constrained paths were found. The placer will run in non-timing driven mode.
I2076: Total run-time: 0.5 sec.

</CYPRESSTAG>
<CYPRESSTAG name="PLD Packing">
<CYPRESSTAG name="PLD Packing Summary">
No PLDs were packed.
</CYPRESSTAG>
PLD Packing: Elapsed time ==> 0s.001ms
</CYPRESSTAG>
<CYPRESSTAG name="Partitioning">
<CYPRESSTAG name="Initial Partitioning Summary">
Initial Partitioning Summary not displayed at this verbose level.</CYPRESSTAG>
<CYPRESSTAG name="Final Partitioning Summary">
Final Partitioning Summary not displayed at this verbose level.</CYPRESSTAG>
Partitioning: Elapsed time ==> 0s.022ms
</CYPRESSTAG>
<CYPRESSTAG name="Simulated Annealing">
Annealing: Elapsed time ==> 0s.002ms
<CYPRESSTAG name="Simulated Annealing Results">
The seed used for moves was 114161200.
Inital cost was 1, final cost is 1 (0.00% improvement).</CYPRESSTAG>
</CYPRESSTAG>
<CYPRESSTAG name="Final Placement Summary">

------------------------------------------------------------
Final Placement Summary
------------------------------------------------------------

       Resource Type :      Count : Avg Inputs : Avg Outputs
    ========================================================
                 UDB :          0 :       0.00 :       0.00
<CYPRESSTAG name="Final Placement Details">
<CYPRESSTAG name="Component Details">

------------------------------------------------------------
Component Placement Details
------------------------------------------------------------
UDB [UDB=(0,0)] is empty.
UDB [UDB=(0,1)] is empty.
UDB [UDB=(1,0)] is empty.
UDB [UDB=(1,1)] is empty.
Intr container @ [IntrContainer=(0)]: 
  Intr@ [IntrContainer=(0)][IntrId=(2)] 
    interrupt: Name =isr_GPIO
        PORT MAP (
            interrupt => Net_13 );
        Properties:
        {
            int_type = "10"
        }
Port 0 is empty
Port 1 is empty
Port 2 generates interrupt for logical port:
    logicalport: Name =Pin_Sw
        PORT MAP (
            in_clock_en => tmpOE__Pin_Sw_net_0 ,
            in_reset => zero ,
            out_clock_en => tmpOE__Pin_Sw_net_0 ,
            out_reset => zero ,
            interrupt => Net_13 );
        Properties:
        {
            drive_mode = "010"
            ibuf_enabled = "1"
            id = "8d318d8b-cf7b-4b6b-b02c-ab1c5c49d0ba"
            init_dr_st = "1"
            input_buffer_sel = "00"
            input_clk_en = 0
            input_sync = "0"
            input_sync_mode = "0"
            intr_mode = "10"
            invert_in_clock = 0
            invert_in_clock_en = 0
            invert_in_reset = 0
            invert_out_clock = 0
            invert_out_clock_en = 0
            invert_out_reset = 0
            io_voltage = ""
            layout_mode = "CONTIGUOUS"
            oe_conn = "0"
            oe_reset = 0
            oe_sync = "0"
            output_clk_en = 0
            output_clock_mode = "0"
            output_conn = "0"
            output_mode = "0"
            output_reset = 0
            output_sync = "0"
            ovt_hyst_trim = "0"
            ovt_needed = "0"
            ovt_slew_control = "00"
            pa_in_clock = -1
            pa_in_clock_en = -1
            pa_in_reset = -1
            pa_out_clock = -1
            pa_out_clock_en = -1
            pa_out_reset = -1
            pin_aliases = ""
            pin_mode = "I"
            por_state = 4
            port_alias_group = ""
            port_alias_required = 0
            sio_group_cnt = 0
            sio_hifreq = ""
            sio_hyst = "1"
            sio_ibuf = "00000000"
            sio_info = "00"
            sio_obuf = "00000000"
            sio_refsel = "00000000"
            sio_vohsel = ""
            sio_vtrip = "00000000"
            slew_rate = "0"
            spanning = 0
            sw_only = 0
            use_annotation = "1"
            vtrip = "00"
            width = 1
        }
    and contains the following IO cells:
[IoId=6]: 
Pin : Name = LED_Nested(0)
    Attributes:
        In Group/Port: True
        In Sync Option: AUTO
        Out Sync Option: NOSYNC
        Interrupt generated: False
        Interrupt mode: NONE
        Drive mode: CMOS_OUT
        VTrip: EITHER
        Slew: FAST
        Input Sync needed: False
        Output Sync needed: False
        SC shield enabled: False
        POR State: ANY
        LCD Mode: COMMON
        Register Mode: RegComb
        CaSense Mode: NEITHER
        Treat as pin: True
        Is OE Registered: False
        Uses Analog: False
        Can contain Digital: True
        Is SIO: False
        SIO Output Buf: NONREGULATED
        SIO Input Buf: SINGLE_ENDED
        SIO HiFreq: LOW
        SIO Hyst: DISABLED
        SIO Vtrip: MULTIPLIER_0_5
        SIO Multiplier Index: 0
        SIO RefSel: VCC_IO
        Required Capabilitites: DIGITAL
        Initial Value: 1
        IO Voltage: 0
    PORT MAP (
        pa_out => LED_Nested(0)__PA ,
        annotation => Net_1782 ,
        pad => LED_Nested(0)_PAD );
    Properties:
    {
        port_location = "PORT(2,6)"
    }

[IoId=7]: 
Pin : Name = Pin_Sw(0)
    Attributes:
        In Group/Port: True
        In Sync Option: NOSYNC
        Out Sync Option: AUTO
        Interrupt generated: True
        Interrupt mode: FALLING
        Drive mode: RES_PULL_UP
        VTrip: CMOS
        Slew: FAST
        Input Sync needed: False
        Output Sync needed: False
        SC shield enabled: False
        POR State: ANY
        LCD Mode: COMMON
        Register Mode: RegComb
        CaSense Mode: NEITHER
        Treat as pin: False
        Is OE Registered: False
        Uses Analog: False
        Can contain Digital: True
        Is SIO: False
        SIO Output Buf: NONREGULATED
        SIO Input Buf: SINGLE_ENDED
        SIO HiFreq: LOW
        SIO Hyst: DISABLED
        SIO Vtrip: MULTIPLIER_0_5
        SIO Multiplier Index: 0
        SIO RefSel: VCC_IO
        Required Capabilitites: DIGITAL, PORT_INTERRUPT
        Initial Value: 1
        IO Voltage: 0
    PORT MAP (
        pa_out => Pin_Sw(0)__PA ,
        annotation => Net_177 ,
        pad => Pin_Sw(0)_PAD );
    Properties:
    {
        port_location = "PORT(2,7)"
    }

Port 3 contains the following IO cells:
[IoId=6]: 
Pin : Name = LED_Isr(0)
    Attributes:
        In Group/Port: True
        In Sync Option: AUTO
        Out Sync Option: NOSYNC
        Interrupt generated: False
        Interrupt mode: NONE
        Drive mode: CMOS_OUT
        VTrip: EITHER
        Slew: FAST
        Input Sync needed: False
        Output Sync needed: False
        SC shield enabled: False
        POR State: ANY
        LCD Mode: COMMON
        Register Mode: RegComb
        CaSense Mode: NEITHER
        Treat as pin: True
        Is OE Registered: False
        Uses Analog: False
        Can contain Digital: True
        Is SIO: False
        SIO Output Buf: NONREGULATED
        SIO Input Buf: SINGLE_ENDED
        SIO HiFreq: LOW
        SIO Hyst: DISABLED
        SIO Vtrip: MULTIPLIER_0_5
        SIO Multiplier Index: 0
        SIO RefSel: VCC_IO
        Required Capabilitites: DIGITAL
        Initial Value: 1
        IO Voltage: 0
    PORT MAP (
        pa_out => LED_Isr(0)__PA ,
        annotation => Net_47 ,
        pad => LED_Isr(0)_PAD );
    Properties:
    {
        port_location = "PORT(3,6)"
    }

Port 4 is empty
Port 5 is empty
Port 6 is empty
Clock group 0: 
    M0S8 Clock Block @ F(Clock,0): 
    m0s8clockblockcell: Name =ClockBlock
        PORT MAP (
            hfclk => ClockBlock_HFCLK ,
            imo => ClockBlock_IMO ,
            ext => ClockBlock_EXTCLK ,
            sysclk => ClockBlock_SYSCLK ,
            eco => ClockBlock_ECO ,
            ilo => ClockBlock_ILO ,
            lfclk => ClockBlock_LFCLK ,
            wco => ClockBlock_WCO ,
            dsi_in_0 => ClockBlock_Routed1 );
        Properties:
        {
        }
PM group 0: empty
SPC group 0: empty
WDT group 0: empty
FSS group 0: empty
LP Comparator group 0: empty
Serial Communication (SCB) group 0: empty
CapSense group 0: empty
8-bit IDAC group 0: empty
7-bit IDAC group 0: empty
Timer/Counter/PWM group 0: empty
Comparator/Opamp group 0: empty
Die Temp group 0: empty
SAR ADC group 0: empty
Segment LCD group 0: empty
CLK_GEN group 0: 
    M0S8 Clock Gen Block @ F(CLK_GEN,0): 
    m0s8clockgenblockcell: Name =ClockGenBlock
        PORT MAP (
             );
        Properties:
        {
        }
LPCOMPBLOCK group 0: empty
PASSBLOCK group 0: empty
ANAPUMP group 0: empty
BLE group 0: empty
GANGED_PICU group 0: empty
</CYPRESSTAG>
<CYPRESSTAG name="Port Configuration Details">

------------------------------------------------------------
Port Configuration report
------------------------------------------------------------
     |     |       | Interrupt |                  |               | 
Port | Pin | Fixed |      Type |       Drive Mode |          Name | Connections
-----+-----+-------+-----------+------------------+---------------+------------
   2 |   6 |     * |      NONE |         CMOS_OUT | LED_Nested(0) | 
     |   7 |     * |   FALLING |      RES_PULL_UP |     Pin_Sw(0) | 
-----+-----+-------+-----------+------------------+---------------+------------
   3 |   6 |     * |      NONE |         CMOS_OUT |    LED_Isr(0) | 
-------------------------------------------------------------------------------
</CYPRESSTAG>
</CYPRESSTAG>
</CYPRESSTAG>
Digital component placer commit/Report: Elapsed time ==> 0s.002ms
Digital Placement phase: Elapsed time ==> 0s.843ms
</CYPRESSTAG>
<CYPRESSTAG name="Digital Routing">
Routing successful.
Digital Routing phase: Elapsed time ==> 1s.090ms
</CYPRESSTAG>
<CYPRESSTAG name="Bitstream and API generation">
Bitstream and API generation phase: Elapsed time ==> 0s.674ms
</CYPRESSTAG>
<CYPRESSTAG name="Bitstream verification">
Bitstream verification phase: Elapsed time ==> 0s.055ms
</CYPRESSTAG>
<CYPRESSTAG name="Static timing analysis">
Timing report is in Interrupts_Example01_timing.html.
Static timing analysis phase: Elapsed time ==> 0s.239ms
</CYPRESSTAG>
<CYPRESSTAG name="Data reporting">
Data reporting phase: Elapsed time ==> 0s.000ms
</CYPRESSTAG>
<CYPRESSTAG name="Database update...">
Design database save phase: Elapsed time ==> 0s.312ms
</CYPRESSTAG>
cydsfit: Elapsed time ==> 4s.496ms
</CYPRESSTAG>
Fitter phase: Elapsed time ==> 4s.569ms
API generation phase: Elapsed time ==> 6s.769ms
Dependency generation phase: Elapsed time ==> 0s.015ms
Cleanup phase: Elapsed time ==> 0s.003ms
