ARM GAS  C:\Users\HENRYK~1\AppData\Local\Temp\ccKFZsQC.s 			page 1


   1              		.cpu cortex-m0
   2              		.fpu softvfp
   3              		.eabi_attribute 20, 1
   4              		.eabi_attribute 21, 1
   5              		.eabi_attribute 23, 3
   6              		.eabi_attribute 24, 1
   7              		.eabi_attribute 25, 1
   8              		.eabi_attribute 26, 1
   9              		.eabi_attribute 30, 1
  10              		.eabi_attribute 34, 0
  11              		.eabi_attribute 18, 4
  12              		.code	16
  13              		.file	"cyfitter_cfg.c"
  14              		.text
  15              	.Ltext0:
  16              		.cfi_sections	.debug_frame
  17              		.section	.text.cfg_write_bytes32,"ax",%progbits
  18              		.align	2
  19              		.code	16
  20              		.thumb_func
  21              		.type	cfg_write_bytes32, %function
  22              	cfg_write_bytes32:
  23              	.LFB5:
  24              		.file 1 ".\\Generated_Source\\PSoC4\\cyfitter_cfg.c"
   1:.\Generated_Source\PSoC4/cyfitter_cfg.c **** /*******************************************************************************
   2:.\Generated_Source\PSoC4/cyfitter_cfg.c **** * File Name: cyfitter_cfg.c
   3:.\Generated_Source\PSoC4/cyfitter_cfg.c **** * 
   4:.\Generated_Source\PSoC4/cyfitter_cfg.c **** * PSoC Creator  3.3 CP1
   5:.\Generated_Source\PSoC4/cyfitter_cfg.c **** *
   6:.\Generated_Source\PSoC4/cyfitter_cfg.c **** * Description:
   7:.\Generated_Source\PSoC4/cyfitter_cfg.c **** * This file contains device initialization code.
   8:.\Generated_Source\PSoC4/cyfitter_cfg.c **** * Except for the user defined sections in CyClockStartupError(), this file should not be modified.
   9:.\Generated_Source\PSoC4/cyfitter_cfg.c **** * This file is automatically generated by PSoC Creator.
  10:.\Generated_Source\PSoC4/cyfitter_cfg.c **** *
  11:.\Generated_Source\PSoC4/cyfitter_cfg.c **** ********************************************************************************
  12:.\Generated_Source\PSoC4/cyfitter_cfg.c **** * Copyright (c) 2007-2015 Cypress Semiconductor.  All rights reserved.
  13:.\Generated_Source\PSoC4/cyfitter_cfg.c **** * You may use this file only in accordance with the license, terms, conditions, 
  14:.\Generated_Source\PSoC4/cyfitter_cfg.c **** * disclaimers, and limitations in the end user license agreement accompanying 
  15:.\Generated_Source\PSoC4/cyfitter_cfg.c **** * the software package with which this file was provided.
  16:.\Generated_Source\PSoC4/cyfitter_cfg.c **** ********************************************************************************/
  17:.\Generated_Source\PSoC4/cyfitter_cfg.c **** 
  18:.\Generated_Source\PSoC4/cyfitter_cfg.c **** #include <string.h>
  19:.\Generated_Source\PSoC4/cyfitter_cfg.c **** #include "cytypes.h"
  20:.\Generated_Source\PSoC4/cyfitter_cfg.c **** #include "cydevice_trm.h"
  21:.\Generated_Source\PSoC4/cyfitter_cfg.c **** #include "cyfitter.h"
  22:.\Generated_Source\PSoC4/cyfitter_cfg.c **** #include "CyLib.h"
  23:.\Generated_Source\PSoC4/cyfitter_cfg.c **** #include "CyLFClk.h"
  24:.\Generated_Source\PSoC4/cyfitter_cfg.c **** #include "cyfitter_cfg.h"
  25:.\Generated_Source\PSoC4/cyfitter_cfg.c **** 
  26:.\Generated_Source\PSoC4/cyfitter_cfg.c **** 
  27:.\Generated_Source\PSoC4/cyfitter_cfg.c **** #if defined(__GNUC__) || defined(__ARMCC_VERSION)
  28:.\Generated_Source\PSoC4/cyfitter_cfg.c ****     #define CYPACKED 
  29:.\Generated_Source\PSoC4/cyfitter_cfg.c ****     #define CYPACKED_ATTR __attribute__ ((packed))
  30:.\Generated_Source\PSoC4/cyfitter_cfg.c ****     #define CYALIGNED __attribute__ ((aligned))
  31:.\Generated_Source\PSoC4/cyfitter_cfg.c ****     #define CY_CFG_UNUSED __attribute__ ((unused))
  32:.\Generated_Source\PSoC4/cyfitter_cfg.c ****     #define CY_CFG_SECTION __attribute__ ((section(".psocinit")))
  33:.\Generated_Source\PSoC4/cyfitter_cfg.c ****     
ARM GAS  C:\Users\HENRYK~1\AppData\Local\Temp\ccKFZsQC.s 			page 2


  34:.\Generated_Source\PSoC4/cyfitter_cfg.c ****     #if defined(__ARMCC_VERSION)
  35:.\Generated_Source\PSoC4/cyfitter_cfg.c ****         #define CY_CFG_MEMORY_BARRIER() __memory_changed()
  36:.\Generated_Source\PSoC4/cyfitter_cfg.c ****     #else
  37:.\Generated_Source\PSoC4/cyfitter_cfg.c ****         #define CY_CFG_MEMORY_BARRIER() __sync_synchronize()
  38:.\Generated_Source\PSoC4/cyfitter_cfg.c ****     #endif
  39:.\Generated_Source\PSoC4/cyfitter_cfg.c ****     
  40:.\Generated_Source\PSoC4/cyfitter_cfg.c **** #elif defined(__ICCARM__)
  41:.\Generated_Source\PSoC4/cyfitter_cfg.c ****     #include <intrinsics.h>
  42:.\Generated_Source\PSoC4/cyfitter_cfg.c **** 
  43:.\Generated_Source\PSoC4/cyfitter_cfg.c ****     #define CYPACKED __packed
  44:.\Generated_Source\PSoC4/cyfitter_cfg.c ****     #define CYPACKED_ATTR 
  45:.\Generated_Source\PSoC4/cyfitter_cfg.c ****     #define CYALIGNED _Pragma("data_alignment=4")
  46:.\Generated_Source\PSoC4/cyfitter_cfg.c ****     #define CY_CFG_UNUSED _Pragma("diag_suppress=Pe177")
  47:.\Generated_Source\PSoC4/cyfitter_cfg.c ****     #define CY_CFG_SECTION _Pragma("location=\".psocinit\"")
  48:.\Generated_Source\PSoC4/cyfitter_cfg.c ****     
  49:.\Generated_Source\PSoC4/cyfitter_cfg.c ****     #define CY_CFG_MEMORY_BARRIER() __DMB()
  50:.\Generated_Source\PSoC4/cyfitter_cfg.c ****     
  51:.\Generated_Source\PSoC4/cyfitter_cfg.c **** #else
  52:.\Generated_Source\PSoC4/cyfitter_cfg.c ****     #error Unsupported toolchain
  53:.\Generated_Source\PSoC4/cyfitter_cfg.c **** #endif
  54:.\Generated_Source\PSoC4/cyfitter_cfg.c **** 
  55:.\Generated_Source\PSoC4/cyfitter_cfg.c **** 
  56:.\Generated_Source\PSoC4/cyfitter_cfg.c **** CY_CFG_UNUSED
  57:.\Generated_Source\PSoC4/cyfitter_cfg.c **** static void CYMEMZERO(void *s, size_t n);
  58:.\Generated_Source\PSoC4/cyfitter_cfg.c **** CY_CFG_UNUSED
  59:.\Generated_Source\PSoC4/cyfitter_cfg.c **** static void CYMEMZERO(void *s, size_t n)
  60:.\Generated_Source\PSoC4/cyfitter_cfg.c **** {
  61:.\Generated_Source\PSoC4/cyfitter_cfg.c **** 	(void)memset(s, 0, n);
  62:.\Generated_Source\PSoC4/cyfitter_cfg.c **** }
  63:.\Generated_Source\PSoC4/cyfitter_cfg.c **** CY_CFG_UNUSED
  64:.\Generated_Source\PSoC4/cyfitter_cfg.c **** static void CYCONFIGCPY(void *dest, const void *src, size_t n);
  65:.\Generated_Source\PSoC4/cyfitter_cfg.c **** CY_CFG_UNUSED
  66:.\Generated_Source\PSoC4/cyfitter_cfg.c **** static void CYCONFIGCPY(void *dest, const void *src, size_t n)
  67:.\Generated_Source\PSoC4/cyfitter_cfg.c **** {
  68:.\Generated_Source\PSoC4/cyfitter_cfg.c **** 	(void)memcpy(dest, src, n);
  69:.\Generated_Source\PSoC4/cyfitter_cfg.c **** }
  70:.\Generated_Source\PSoC4/cyfitter_cfg.c **** CY_CFG_UNUSED
  71:.\Generated_Source\PSoC4/cyfitter_cfg.c **** static void CYCONFIGCPYCODE(void *dest, const void *src, size_t n);
  72:.\Generated_Source\PSoC4/cyfitter_cfg.c **** CY_CFG_UNUSED
  73:.\Generated_Source\PSoC4/cyfitter_cfg.c **** static void CYCONFIGCPYCODE(void *dest, const void *src, size_t n)
  74:.\Generated_Source\PSoC4/cyfitter_cfg.c **** {
  75:.\Generated_Source\PSoC4/cyfitter_cfg.c **** 	(void)memcpy(dest, src, n);
  76:.\Generated_Source\PSoC4/cyfitter_cfg.c **** }
  77:.\Generated_Source\PSoC4/cyfitter_cfg.c **** 
  78:.\Generated_Source\PSoC4/cyfitter_cfg.c **** 
  79:.\Generated_Source\PSoC4/cyfitter_cfg.c **** 
  80:.\Generated_Source\PSoC4/cyfitter_cfg.c **** /* Clock startup error codes                                                   */
  81:.\Generated_Source\PSoC4/cyfitter_cfg.c **** #define CYCLOCKSTART_NO_ERROR    0u
  82:.\Generated_Source\PSoC4/cyfitter_cfg.c **** #define CYCLOCKSTART_XTAL_ERROR  1u
  83:.\Generated_Source\PSoC4/cyfitter_cfg.c **** #define CYCLOCKSTART_32KHZ_ERROR 2u
  84:.\Generated_Source\PSoC4/cyfitter_cfg.c **** #define CYCLOCKSTART_PLL_ERROR   3u
  85:.\Generated_Source\PSoC4/cyfitter_cfg.c **** 
  86:.\Generated_Source\PSoC4/cyfitter_cfg.c **** #ifdef CY_NEED_CYCLOCKSTARTUPERROR
  87:.\Generated_Source\PSoC4/cyfitter_cfg.c **** /*******************************************************************************
  88:.\Generated_Source\PSoC4/cyfitter_cfg.c **** * Function Name: CyClockStartupError
  89:.\Generated_Source\PSoC4/cyfitter_cfg.c **** ********************************************************************************
  90:.\Generated_Source\PSoC4/cyfitter_cfg.c **** * Summary:
ARM GAS  C:\Users\HENRYK~1\AppData\Local\Temp\ccKFZsQC.s 			page 3


  91:.\Generated_Source\PSoC4/cyfitter_cfg.c **** *  If an error is encountered during clock configuration (crystal startup error,
  92:.\Generated_Source\PSoC4/cyfitter_cfg.c **** *  PLL lock error, etc.), the system will end up here.  Unless reimplemented by
  93:.\Generated_Source\PSoC4/cyfitter_cfg.c **** *  the customer, this function will stop in an infinite loop.
  94:.\Generated_Source\PSoC4/cyfitter_cfg.c **** *
  95:.\Generated_Source\PSoC4/cyfitter_cfg.c **** * Parameters:
  96:.\Generated_Source\PSoC4/cyfitter_cfg.c **** *   void
  97:.\Generated_Source\PSoC4/cyfitter_cfg.c **** *
  98:.\Generated_Source\PSoC4/cyfitter_cfg.c **** * Return:
  99:.\Generated_Source\PSoC4/cyfitter_cfg.c **** *   void
 100:.\Generated_Source\PSoC4/cyfitter_cfg.c **** *
 101:.\Generated_Source\PSoC4/cyfitter_cfg.c **** *******************************************************************************/
 102:.\Generated_Source\PSoC4/cyfitter_cfg.c **** CY_CFG_UNUSED
 103:.\Generated_Source\PSoC4/cyfitter_cfg.c **** static void CyClockStartupError(uint8 errorCode);
 104:.\Generated_Source\PSoC4/cyfitter_cfg.c **** CY_CFG_UNUSED
 105:.\Generated_Source\PSoC4/cyfitter_cfg.c **** static void CyClockStartupError(uint8 errorCode)
 106:.\Generated_Source\PSoC4/cyfitter_cfg.c **** {
 107:.\Generated_Source\PSoC4/cyfitter_cfg.c ****     /* To remove the compiler warning if errorCode not used.                */
 108:.\Generated_Source\PSoC4/cyfitter_cfg.c ****     errorCode = errorCode;
 109:.\Generated_Source\PSoC4/cyfitter_cfg.c **** 
 110:.\Generated_Source\PSoC4/cyfitter_cfg.c ****     /* `#START CyClockStartupError` */
 111:.\Generated_Source\PSoC4/cyfitter_cfg.c **** 
 112:.\Generated_Source\PSoC4/cyfitter_cfg.c ****     /* If we have a clock startup error (bad MHz crystal, PLL lock, etc.),  */
 113:.\Generated_Source\PSoC4/cyfitter_cfg.c ****     /* we will end up here to allow the customer to implement something to  */
 114:.\Generated_Source\PSoC4/cyfitter_cfg.c ****     /* deal with the clock condition.                                       */
 115:.\Generated_Source\PSoC4/cyfitter_cfg.c **** 
 116:.\Generated_Source\PSoC4/cyfitter_cfg.c ****     /* `#END` */
 117:.\Generated_Source\PSoC4/cyfitter_cfg.c **** 
 118:.\Generated_Source\PSoC4/cyfitter_cfg.c ****     /* If nothing else, stop here since the clocks have not started         */
 119:.\Generated_Source\PSoC4/cyfitter_cfg.c ****     /* correctly.                                                           */
 120:.\Generated_Source\PSoC4/cyfitter_cfg.c ****     while(1) {}
 121:.\Generated_Source\PSoC4/cyfitter_cfg.c **** }
 122:.\Generated_Source\PSoC4/cyfitter_cfg.c **** #endif
 123:.\Generated_Source\PSoC4/cyfitter_cfg.c **** 
 124:.\Generated_Source\PSoC4/cyfitter_cfg.c **** #define CY_CFG_BASE_ADDR_COUNT 1u
 125:.\Generated_Source\PSoC4/cyfitter_cfg.c **** CYPACKED typedef struct
 126:.\Generated_Source\PSoC4/cyfitter_cfg.c **** {
 127:.\Generated_Source\PSoC4/cyfitter_cfg.c **** 	uint8 offset;
 128:.\Generated_Source\PSoC4/cyfitter_cfg.c **** 	uint8 value;
 129:.\Generated_Source\PSoC4/cyfitter_cfg.c **** } CYPACKED_ATTR cy_cfg_addrvalue_t;
 130:.\Generated_Source\PSoC4/cyfitter_cfg.c **** 
 131:.\Generated_Source\PSoC4/cyfitter_cfg.c **** 
 132:.\Generated_Source\PSoC4/cyfitter_cfg.c **** 
 133:.\Generated_Source\PSoC4/cyfitter_cfg.c **** /*******************************************************************************
 134:.\Generated_Source\PSoC4/cyfitter_cfg.c **** * Function Name: cfg_write_bytes32
 135:.\Generated_Source\PSoC4/cyfitter_cfg.c **** ********************************************************************************
 136:.\Generated_Source\PSoC4/cyfitter_cfg.c **** * Summary:
 137:.\Generated_Source\PSoC4/cyfitter_cfg.c **** *  This function is used for setting up the chip configuration areas that
 138:.\Generated_Source\PSoC4/cyfitter_cfg.c **** *  contain relatively sparse data.
 139:.\Generated_Source\PSoC4/cyfitter_cfg.c **** *
 140:.\Generated_Source\PSoC4/cyfitter_cfg.c **** * Parameters:
 141:.\Generated_Source\PSoC4/cyfitter_cfg.c **** *   void
 142:.\Generated_Source\PSoC4/cyfitter_cfg.c **** *
 143:.\Generated_Source\PSoC4/cyfitter_cfg.c **** * Return:
 144:.\Generated_Source\PSoC4/cyfitter_cfg.c **** *   void
 145:.\Generated_Source\PSoC4/cyfitter_cfg.c **** *
 146:.\Generated_Source\PSoC4/cyfitter_cfg.c **** *******************************************************************************/
 147:.\Generated_Source\PSoC4/cyfitter_cfg.c **** static void cfg_write_bytes32(const uint32 addr_table[], const cy_cfg_addrvalue_t data_table[]);
ARM GAS  C:\Users\HENRYK~1\AppData\Local\Temp\ccKFZsQC.s 			page 4


 148:.\Generated_Source\PSoC4/cyfitter_cfg.c **** static void cfg_write_bytes32(const uint32 addr_table[], const cy_cfg_addrvalue_t data_table[])
 149:.\Generated_Source\PSoC4/cyfitter_cfg.c **** {
  25              		.loc 1 149 0
  26              		.cfi_startproc
  27              	.LVL0:
  28 0000 F0B5     		push	{r4, r5, r6, r7, lr}
  29              		.cfi_def_cfa_offset 20
  30              		.cfi_offset 4, -20
  31              		.cfi_offset 5, -16
  32              		.cfi_offset 6, -12
  33              		.cfi_offset 7, -8
  34              		.cfi_offset 14, -4
  35              	.LVL1:
 150:.\Generated_Source\PSoC4/cyfitter_cfg.c **** 	/* For 32-bit little-endian architectures */
 151:.\Generated_Source\PSoC4/cyfitter_cfg.c **** 	uint32 i, j = 0u;
  36              		.loc 1 151 0
  37 0002 0025     		mov	r5, #0
 152:.\Generated_Source\PSoC4/cyfitter_cfg.c **** 	for (i = 0u; i < CY_CFG_BASE_ADDR_COUNT; i++)
  38              		.loc 1 152 0
  39 0004 0027     		mov	r7, #0
  40 0006 11E0     		b	.L2
  41              	.LVL2:
  42              	.L5:
  43              	.LBB2:
 153:.\Generated_Source\PSoC4/cyfitter_cfg.c **** 	{
 154:.\Generated_Source\PSoC4/cyfitter_cfg.c **** 		uint32 baseAddr = addr_table[i];
  44              		.loc 1 154 0
  45 0008 BB00     		lsl	r3, r7, #2
  46 000a C658     		ldr	r6, [r0, r3]
  47              	.LVL3:
 155:.\Generated_Source\PSoC4/cyfitter_cfg.c **** 		uint8 count = (uint8)baseAddr;
  48              		.loc 1 155 0
  49 000c F3B2     		uxtb	r3, r6
  50              	.LVL4:
 156:.\Generated_Source\PSoC4/cyfitter_cfg.c **** 		baseAddr &= 0xFFFFFF00u;
  51              		.loc 1 156 0
  52 000e FF22     		mov	r2, #255
  53 0010 9643     		bic	r6, r2
  54              	.LVL5:
 157:.\Generated_Source\PSoC4/cyfitter_cfg.c **** 		while (count != 0u)
  55              		.loc 1 157 0
  56 0012 08E0     		b	.L3
  57              	.L4:
 158:.\Generated_Source\PSoC4/cyfitter_cfg.c **** 		{
 159:.\Generated_Source\PSoC4/cyfitter_cfg.c **** 			CY_SET_XTND_REG8((void CYFAR *)(baseAddr + data_table[j].offset), data_table[j].value);
  58              		.loc 1 159 0
  59 0014 6A00     		lsl	r2, r5, #1
  60 0016 8A18     		add	r2, r1, r2
  61 0018 1478     		ldrb	r4, [r2]
  62 001a A419     		add	r4, r4, r6
  63 001c 5278     		ldrb	r2, [r2, #1]
  64 001e 2270     		strb	r2, [r4]
 160:.\Generated_Source\PSoC4/cyfitter_cfg.c **** 			j++;
  65              		.loc 1 160 0
  66 0020 0135     		add	r5, r5, #1
  67              	.LVL6:
 161:.\Generated_Source\PSoC4/cyfitter_cfg.c **** 			count--;
ARM GAS  C:\Users\HENRYK~1\AppData\Local\Temp\ccKFZsQC.s 			page 5


  68              		.loc 1 161 0
  69 0022 013B     		sub	r3, r3, #1
  70              	.LVL7:
  71 0024 DBB2     		uxtb	r3, r3
  72              	.LVL8:
  73              	.L3:
 157:.\Generated_Source\PSoC4/cyfitter_cfg.c **** 		{
  74              		.loc 1 157 0
  75 0026 002B     		cmp	r3, #0
  76 0028 F4D1     		bne	.L4
  77              	.LBE2:
 152:.\Generated_Source\PSoC4/cyfitter_cfg.c **** 	{
  78              		.loc 1 152 0 discriminator 2
  79 002a 0137     		add	r7, r7, #1
  80              	.LVL9:
  81              	.L2:
 152:.\Generated_Source\PSoC4/cyfitter_cfg.c **** 	{
  82              		.loc 1 152 0 is_stmt 0 discriminator 1
  83 002c 002F     		cmp	r7, #0
  84 002e EBD0     		beq	.L5
 162:.\Generated_Source\PSoC4/cyfitter_cfg.c **** 		}
 163:.\Generated_Source\PSoC4/cyfitter_cfg.c **** 	}
 164:.\Generated_Source\PSoC4/cyfitter_cfg.c **** }
  85              		.loc 1 164 0 is_stmt 1
  86              		@ sp needed
  87              	.LVL10:
  88              	.LVL11:
  89 0030 F0BD     		pop	{r4, r5, r6, r7, pc}
  90              		.cfi_endproc
  91              	.LFE5:
  92              		.size	cfg_write_bytes32, .-cfg_write_bytes32
  93 0032 C046     		.section	.text.AnalogSetDefault,"ax",%progbits
  94              		.align	2
  95              		.code	16
  96              		.thumb_func
  97              		.type	AnalogSetDefault, %function
  98              	AnalogSetDefault:
  99              	.LFB7:
 165:.\Generated_Source\PSoC4/cyfitter_cfg.c **** 
 166:.\Generated_Source\PSoC4/cyfitter_cfg.c **** 
 167:.\Generated_Source\PSoC4/cyfitter_cfg.c **** /*******************************************************************************
 168:.\Generated_Source\PSoC4/cyfitter_cfg.c **** * Function Name: ClockSetup
 169:.\Generated_Source\PSoC4/cyfitter_cfg.c **** ********************************************************************************
 170:.\Generated_Source\PSoC4/cyfitter_cfg.c **** *
 171:.\Generated_Source\PSoC4/cyfitter_cfg.c **** * Summary:
 172:.\Generated_Source\PSoC4/cyfitter_cfg.c **** *   Performs the initialization of all of the clocks in the device based on the
 173:.\Generated_Source\PSoC4/cyfitter_cfg.c **** *   settings in the Clock tab of the DWR.  This includes enabling the requested
 174:.\Generated_Source\PSoC4/cyfitter_cfg.c **** *   clocks and setting the necessary dividers to produce the desired frequency. 
 175:.\Generated_Source\PSoC4/cyfitter_cfg.c **** *
 176:.\Generated_Source\PSoC4/cyfitter_cfg.c **** * Parameters:
 177:.\Generated_Source\PSoC4/cyfitter_cfg.c **** *   void
 178:.\Generated_Source\PSoC4/cyfitter_cfg.c **** *
 179:.\Generated_Source\PSoC4/cyfitter_cfg.c **** * Return:
 180:.\Generated_Source\PSoC4/cyfitter_cfg.c **** *   void
 181:.\Generated_Source\PSoC4/cyfitter_cfg.c **** *
 182:.\Generated_Source\PSoC4/cyfitter_cfg.c **** *******************************************************************************/
 183:.\Generated_Source\PSoC4/cyfitter_cfg.c **** static void ClockSetup(void);
ARM GAS  C:\Users\HENRYK~1\AppData\Local\Temp\ccKFZsQC.s 			page 6


 184:.\Generated_Source\PSoC4/cyfitter_cfg.c **** CY_CFG_SECTION
 185:.\Generated_Source\PSoC4/cyfitter_cfg.c **** static void ClockSetup(void)
 186:.\Generated_Source\PSoC4/cyfitter_cfg.c **** {
 187:.\Generated_Source\PSoC4/cyfitter_cfg.c **** 
 188:.\Generated_Source\PSoC4/cyfitter_cfg.c **** 	/* Set Flash Cycles based on max possible frequency in case a glitch occurs during ClockSetup(). *
 189:.\Generated_Source\PSoC4/cyfitter_cfg.c **** 	CY_SET_REG32((void CYXDATA *)(CYREG_CPUSS_FLASH_CTL), (0x0012u));
 190:.\Generated_Source\PSoC4/cyfitter_cfg.c **** 
 191:.\Generated_Source\PSoC4/cyfitter_cfg.c **** 	/* Start the WCO */
 192:.\Generated_Source\PSoC4/cyfitter_cfg.c **** 	CySysClkWcoStart();
 193:.\Generated_Source\PSoC4/cyfitter_cfg.c **** 	CyDelayCycles(12000000u); /* WCO may take up to 500ms to start */
 194:.\Generated_Source\PSoC4/cyfitter_cfg.c **** 	(void)CySysClkWcoSetPowerMode(CY_SYS_CLK_WCO_LPM);    /* Switch to the low power mode */
 195:.\Generated_Source\PSoC4/cyfitter_cfg.c **** 
 196:.\Generated_Source\PSoC4/cyfitter_cfg.c **** 	/* Setup and trim IMO based on desired frequency. */
 197:.\Generated_Source\PSoC4/cyfitter_cfg.c **** 	CySysClkWriteImoFreq(48u);
 198:.\Generated_Source\PSoC4/cyfitter_cfg.c **** 	/* CYDEV_CLK_ILO_CONFIG Starting address: CYDEV_CLK_ILO_CONFIG */
 199:.\Generated_Source\PSoC4/cyfitter_cfg.c **** 	CY_SET_XTND_REG32((void CYFAR *)(CYREG_CLK_ILO_CONFIG), 0x80000006u);
 200:.\Generated_Source\PSoC4/cyfitter_cfg.c **** 
 201:.\Generated_Source\PSoC4/cyfitter_cfg.c **** 	/* CYDEV_WDT_CONFIG Starting address: CYDEV_WDT_CONFIG */
 202:.\Generated_Source\PSoC4/cyfitter_cfg.c **** 	CY_SET_XTND_REG32((void CYFAR *)(CYREG_WDT_CONFIG), 0x40000000u);
 203:.\Generated_Source\PSoC4/cyfitter_cfg.c **** 
 204:.\Generated_Source\PSoC4/cyfitter_cfg.c **** 
 205:.\Generated_Source\PSoC4/cyfitter_cfg.c **** 	/* Enable fast start mode for XO */
 206:.\Generated_Source\PSoC4/cyfitter_cfg.c **** 	CY_SET_REG32((void*)CYREG_BLE_BLERD_BB_XO, CY_GET_REG32((void*)CYREG_BLE_BLERD_BB_XO) | (uint32)0x
 207:.\Generated_Source\PSoC4/cyfitter_cfg.c **** 	CY_SET_XTND_REG32((void CYFAR *)(CYREG_BLE_BLERD_BB_XO_CAPTRIM), 0x00003E2Du);
 208:.\Generated_Source\PSoC4/cyfitter_cfg.c **** 	/* Disable Crystal Stable Interrupt before enabling ECO */
 209:.\Generated_Source\PSoC4/cyfitter_cfg.c **** 	CY_SET_REG32((void*)CYREG_BLE_BLESS_LL_DSM_CTRL, CY_GET_REG32((void*)CYREG_BLE_BLESS_LL_DSM_CTRL) 
 210:.\Generated_Source\PSoC4/cyfitter_cfg.c **** 	/* Start the ECO and do not check status since it is not needed for HFCLK */
 211:.\Generated_Source\PSoC4/cyfitter_cfg.c **** 	(void)CySysClkEcoStart(2000u);
 212:.\Generated_Source\PSoC4/cyfitter_cfg.c **** 	CyDelayUs(1500u); /* Wait to stabalize */
 213:.\Generated_Source\PSoC4/cyfitter_cfg.c **** 
 214:.\Generated_Source\PSoC4/cyfitter_cfg.c **** 	/* Setup phase aligned clocks */
 215:.\Generated_Source\PSoC4/cyfitter_cfg.c **** 	CY_SET_REG32((void *)CYREG_PERI_DIV_16_CTL0, 0x0001A000u);
 216:.\Generated_Source\PSoC4/cyfitter_cfg.c **** 	CY_SET_REG32((void *)CYREG_PERI_DIV_CMD, 0x8000FF40u);
 217:.\Generated_Source\PSoC4/cyfitter_cfg.c **** 
 218:.\Generated_Source\PSoC4/cyfitter_cfg.c **** 	/* CYDEV_CLK_IMO_CONFIG Starting address: CYDEV_CLK_IMO_CONFIG */
 219:.\Generated_Source\PSoC4/cyfitter_cfg.c **** 	CY_SET_XTND_REG32((void CYFAR *)(CYREG_CLK_IMO_CONFIG), 0x80000000u);
 220:.\Generated_Source\PSoC4/cyfitter_cfg.c **** 
 221:.\Generated_Source\PSoC4/cyfitter_cfg.c **** 	/* CYDEV_CLK_SELECT Starting address: CYDEV_CLK_SELECT */
 222:.\Generated_Source\PSoC4/cyfitter_cfg.c **** 	CY_SET_XTND_REG32((void CYFAR *)(CYREG_CLK_SELECT), 0x00040000u);
 223:.\Generated_Source\PSoC4/cyfitter_cfg.c **** 
 224:.\Generated_Source\PSoC4/cyfitter_cfg.c **** 	/* CYDEV_PERI_PCLK_CTL1 Starting address: CYDEV_PERI_PCLK_CTL1 */
 225:.\Generated_Source\PSoC4/cyfitter_cfg.c **** 	CY_SET_XTND_REG32((void CYFAR *)(CYREG_PERI_PCLK_CTL1), 0x00000040u);
 226:.\Generated_Source\PSoC4/cyfitter_cfg.c **** 
 227:.\Generated_Source\PSoC4/cyfitter_cfg.c **** 	(void)CyIntSetVector(8u, &CySysWdtIsr);
 228:.\Generated_Source\PSoC4/cyfitter_cfg.c **** 	CyIntEnable(8u);
 229:.\Generated_Source\PSoC4/cyfitter_cfg.c **** 	CY_SET_XTND_REG32((void CYFAR *)(CYREG_WDT_CONFIG), 0x40000000u);
 230:.\Generated_Source\PSoC4/cyfitter_cfg.c **** }
 231:.\Generated_Source\PSoC4/cyfitter_cfg.c **** 
 232:.\Generated_Source\PSoC4/cyfitter_cfg.c **** 
 233:.\Generated_Source\PSoC4/cyfitter_cfg.c **** /* Analog API Functions */
 234:.\Generated_Source\PSoC4/cyfitter_cfg.c **** 
 235:.\Generated_Source\PSoC4/cyfitter_cfg.c **** 
 236:.\Generated_Source\PSoC4/cyfitter_cfg.c **** /*******************************************************************************
 237:.\Generated_Source\PSoC4/cyfitter_cfg.c **** * Function Name: AnalogSetDefault
 238:.\Generated_Source\PSoC4/cyfitter_cfg.c **** ********************************************************************************
 239:.\Generated_Source\PSoC4/cyfitter_cfg.c **** *
 240:.\Generated_Source\PSoC4/cyfitter_cfg.c **** * Summary:
ARM GAS  C:\Users\HENRYK~1\AppData\Local\Temp\ccKFZsQC.s 			page 7


 241:.\Generated_Source\PSoC4/cyfitter_cfg.c **** *  Sets up the analog portions of the chip to default values based on chip
 242:.\Generated_Source\PSoC4/cyfitter_cfg.c **** *  configuration options from the project.
 243:.\Generated_Source\PSoC4/cyfitter_cfg.c **** *
 244:.\Generated_Source\PSoC4/cyfitter_cfg.c **** * Parameters:
 245:.\Generated_Source\PSoC4/cyfitter_cfg.c **** *  void
 246:.\Generated_Source\PSoC4/cyfitter_cfg.c **** *
 247:.\Generated_Source\PSoC4/cyfitter_cfg.c **** * Return:
 248:.\Generated_Source\PSoC4/cyfitter_cfg.c **** *  void
 249:.\Generated_Source\PSoC4/cyfitter_cfg.c **** *
 250:.\Generated_Source\PSoC4/cyfitter_cfg.c **** *******************************************************************************/
 251:.\Generated_Source\PSoC4/cyfitter_cfg.c **** static void AnalogSetDefault(void);
 252:.\Generated_Source\PSoC4/cyfitter_cfg.c **** static void AnalogSetDefault(void)
 253:.\Generated_Source\PSoC4/cyfitter_cfg.c **** {
 100              		.loc 1 253 0
 101              		.cfi_startproc
 254:.\Generated_Source\PSoC4/cyfitter_cfg.c **** 	CY_SET_XTND_REG32((void CYFAR *)CYREG_CTBM0_DFT_CTRL, 0x00000003u);
 102              		.loc 1 254 0
 103 0000 0323     		mov	r3, #3
 104 0002 044A     		ldr	r2, .L7
 105 0004 1360     		str	r3, [r2]
 255:.\Generated_Source\PSoC4/cyfitter_cfg.c **** 	CY_SET_XTND_REG32((void CYFAR *)CYREG_CTBM1_DFT_CTRL, 0x00000003u);
 106              		.loc 1 255 0
 107 0006 044A     		ldr	r2, .L7+4
 108 0008 1360     		str	r3, [r2]
 256:.\Generated_Source\PSoC4/cyfitter_cfg.c **** 	CY_SET_XTND_REG32((void CYFAR *)CYREG_PASS_DSAB_DSAB_CTRL, 0x00000000u);
 109              		.loc 1 256 0
 110 000a 0022     		mov	r2, #0
 111 000c 034B     		ldr	r3, .L7+8
 112 000e 1A60     		str	r2, [r3]
 257:.\Generated_Source\PSoC4/cyfitter_cfg.c **** }
 113              		.loc 1 257 0
 114              		@ sp needed
 115 0010 7047     		bx	lr
 116              	.L8:
 117 0012 C046     		.align	2
 118              	.L7:
 119 0014 30003040 		.word	1076887600
 120 0018 30003140 		.word	1076953136
 121 001c 000E3F40 		.word	1077874176
 122              		.cfi_endproc
 123              	.LFE7:
 124              		.size	AnalogSetDefault, .-AnalogSetDefault
 125              		.section	.text.CYMEMZERO,"ax",%progbits
 126              		.align	2
 127              		.code	16
 128              		.thumb_func
 129              		.type	CYMEMZERO, %function
 130              	CYMEMZERO:
 131              	.LFB2:
  60:.\Generated_Source\PSoC4/cyfitter_cfg.c **** 	(void)memset(s, 0, n);
 132              		.loc 1 60 0
 133              		.cfi_startproc
 134              	.LVL12:
 135 0000 08B5     		push	{r3, lr}
 136              		.cfi_def_cfa_offset 8
 137              		.cfi_offset 3, -8
 138              		.cfi_offset 14, -4
ARM GAS  C:\Users\HENRYK~1\AppData\Local\Temp\ccKFZsQC.s 			page 8


 139 0002 0A1C     		mov	r2, r1
  61:.\Generated_Source\PSoC4/cyfitter_cfg.c **** }
 140              		.loc 1 61 0
 141 0004 0021     		mov	r1, #0
 142              	.LVL13:
 143 0006 FFF7FEFF 		bl	memset
 144              	.LVL14:
  62:.\Generated_Source\PSoC4/cyfitter_cfg.c **** CY_CFG_UNUSED
 145              		.loc 1 62 0
 146              		@ sp needed
 147 000a 08BD     		pop	{r3, pc}
 148              		.cfi_endproc
 149              	.LFE2:
 150              		.size	CYMEMZERO, .-CYMEMZERO
 151              		.section	.psocinit,"ax",%progbits
 152              		.align	2
 153              		.code	16
 154              		.thumb_func
 155              		.type	ClockSetup, %function
 156              	ClockSetup:
 157              	.LFB6:
 186:.\Generated_Source\PSoC4/cyfitter_cfg.c **** 
 158              		.loc 1 186 0
 159              		.cfi_startproc
 160 0000 38B5     		push	{r3, r4, r5, lr}
 161              		.cfi_def_cfa_offset 16
 162              		.cfi_offset 3, -16
 163              		.cfi_offset 4, -12
 164              		.cfi_offset 5, -8
 165              		.cfi_offset 14, -4
 189:.\Generated_Source\PSoC4/cyfitter_cfg.c **** 
 166              		.loc 1 189 0
 167 0002 1222     		mov	r2, #18
 168 0004 214B     		ldr	r3, .L11
 169 0006 1A60     		str	r2, [r3]
 192:.\Generated_Source\PSoC4/cyfitter_cfg.c **** 	CyDelayCycles(12000000u); /* WCO may take up to 500ms to start */
 170              		.loc 1 192 0
 171 0008 FFF7FEFF 		bl	CySysClkWcoStart
 172              	.LVL15:
 193:.\Generated_Source\PSoC4/cyfitter_cfg.c **** 	(void)CySysClkWcoSetPowerMode(CY_SYS_CLK_WCO_LPM);    /* Switch to the low power mode */
 173              		.loc 1 193 0
 174 000c 2048     		ldr	r0, .L11+4
 175 000e FFF7FEFF 		bl	CyDelayCycles
 176              	.LVL16:
 194:.\Generated_Source\PSoC4/cyfitter_cfg.c **** 
 177              		.loc 1 194 0
 178 0012 0120     		mov	r0, #1
 179 0014 FFF7FEFF 		bl	CySysClkWcoSetPowerMode
 180              	.LVL17:
 197:.\Generated_Source\PSoC4/cyfitter_cfg.c **** 	/* CYDEV_CLK_ILO_CONFIG Starting address: CYDEV_CLK_ILO_CONFIG */
 181              		.loc 1 197 0
 182 0018 3020     		mov	r0, #48
 183 001a FFF7FEFF 		bl	CySysClkWriteImoFreq
 184              	.LVL18:
 199:.\Generated_Source\PSoC4/cyfitter_cfg.c **** 
 185              		.loc 1 199 0
 186 001e 1D4A     		ldr	r2, .L11+8
ARM GAS  C:\Users\HENRYK~1\AppData\Local\Temp\ccKFZsQC.s 			page 9


 187 0020 1D4B     		ldr	r3, .L11+12
 188 0022 1A60     		str	r2, [r3]
 202:.\Generated_Source\PSoC4/cyfitter_cfg.c **** 
 189              		.loc 1 202 0
 190 0024 1D4C     		ldr	r4, .L11+16
 191 0026 8025     		mov	r5, #128
 192 0028 ED05     		lsl	r5, r5, #23
 193 002a 2560     		str	r5, [r4]
 206:.\Generated_Source\PSoC4/cyfitter_cfg.c **** 	CY_SET_XTND_REG32((void CYFAR *)(CYREG_BLE_BLERD_BB_XO_CAPTRIM), 0x00003E2Du);
 194              		.loc 1 206 0
 195 002c 1C4A     		ldr	r2, .L11+20
 196 002e 1168     		ldr	r1, [r2]
 197 0030 0223     		mov	r3, #2
 198 0032 0B43     		orr	r3, r1
 199 0034 1360     		str	r3, [r2]
 207:.\Generated_Source\PSoC4/cyfitter_cfg.c **** 	/* Disable Crystal Stable Interrupt before enabling ECO */
 200              		.loc 1 207 0
 201 0036 1B4A     		ldr	r2, .L11+24
 202 0038 1B4B     		ldr	r3, .L11+28
 203 003a 1A60     		str	r2, [r3]
 209:.\Generated_Source\PSoC4/cyfitter_cfg.c **** 	/* Start the ECO and do not check status since it is not needed for HFCLK */
 204              		.loc 1 209 0
 205 003c 1B4A     		ldr	r2, .L11+32
 206 003e 1368     		ldr	r3, [r2]
 207 0040 0821     		mov	r1, #8
 208 0042 8B43     		bic	r3, r1
 209 0044 1360     		str	r3, [r2]
 211:.\Generated_Source\PSoC4/cyfitter_cfg.c **** 	CyDelayUs(1500u); /* Wait to stabalize */
 210              		.loc 1 211 0
 211 0046 FA20     		mov	r0, #250
 212 0048 C000     		lsl	r0, r0, #3
 213 004a FFF7FEFF 		bl	CySysClkEcoStart
 214              	.LVL19:
 212:.\Generated_Source\PSoC4/cyfitter_cfg.c **** 
 215              		.loc 1 212 0
 216 004e 1848     		ldr	r0, .L11+36
 217 0050 FFF7FEFF 		bl	CyDelayUs
 218              	.LVL20:
 215:.\Generated_Source\PSoC4/cyfitter_cfg.c **** 	CY_SET_REG32((void *)CYREG_PERI_DIV_CMD, 0x8000FF40u);
 219              		.loc 1 215 0
 220 0054 D022     		mov	r2, #208
 221 0056 5202     		lsl	r2, r2, #9
 222 0058 164B     		ldr	r3, .L11+40
 223 005a 1A60     		str	r2, [r3]
 216:.\Generated_Source\PSoC4/cyfitter_cfg.c **** 
 224              		.loc 1 216 0
 225 005c 164A     		ldr	r2, .L11+44
 226 005e 174B     		ldr	r3, .L11+48
 227 0060 1A60     		str	r2, [r3]
 219:.\Generated_Source\PSoC4/cyfitter_cfg.c **** 
 228              		.loc 1 219 0
 229 0062 8022     		mov	r2, #128
 230 0064 1206     		lsl	r2, r2, #24
 231 0066 164B     		ldr	r3, .L11+52
 232 0068 1A60     		str	r2, [r3]
 222:.\Generated_Source\PSoC4/cyfitter_cfg.c **** 
 233              		.loc 1 222 0
ARM GAS  C:\Users\HENRYK~1\AppData\Local\Temp\ccKFZsQC.s 			page 10


 234 006a 8022     		mov	r2, #128
 235 006c D202     		lsl	r2, r2, #11
 236 006e 154B     		ldr	r3, .L11+56
 237 0070 1A60     		str	r2, [r3]
 225:.\Generated_Source\PSoC4/cyfitter_cfg.c **** 
 238              		.loc 1 225 0
 239 0072 4022     		mov	r2, #64
 240 0074 144B     		ldr	r3, .L11+60
 241 0076 1A60     		str	r2, [r3]
 227:.\Generated_Source\PSoC4/cyfitter_cfg.c **** 	CyIntEnable(8u);
 242              		.loc 1 227 0
 243 0078 0820     		mov	r0, #8
 244 007a 1449     		ldr	r1, .L11+64
 245 007c FFF7FEFF 		bl	CyIntSetVector
 246              	.LVL21:
 228:.\Generated_Source\PSoC4/cyfitter_cfg.c **** 	CY_SET_XTND_REG32((void CYFAR *)(CYREG_WDT_CONFIG), 0x40000000u);
 247              		.loc 1 228 0
 248 0080 0820     		mov	r0, #8
 249 0082 FFF7FEFF 		bl	CyIntEnable
 250              	.LVL22:
 229:.\Generated_Source\PSoC4/cyfitter_cfg.c **** }
 251              		.loc 1 229 0
 252 0086 2560     		str	r5, [r4]
 230:.\Generated_Source\PSoC4/cyfitter_cfg.c **** 
 253              		.loc 1 230 0
 254              		@ sp needed
 255 0088 38BD     		pop	{r3, r4, r5, pc}
 256              	.L12:
 257 008a C046     		.align	2
 258              	.L11:
 259 008c 30001040 		.word	1074790448
 260 0090 001BB700 		.word	12000000
 261 0094 06000080 		.word	-2147483642
 262 0098 04010B40 		.word	1074462980
 263 009c 0C020B40 		.word	1074463244
 264 00a0 78002E40 		.word	1076756600
 265 00a4 2D3E0000 		.word	15917
 266 00a8 7C002E40 		.word	1076756604
 267 00ac 6CF02E40 		.word	1076818028
 268 00b0 DC050000 		.word	1500
 269 00b4 00030140 		.word	1073808128
 270 00b8 40FF0080 		.word	-2147418304
 271 00bc 00000140 		.word	1073807360
 272 00c0 08010B40 		.word	1074462984
 273 00c4 00010B40 		.word	1074462976
 274 00c8 04010140 		.word	1073807620
 275 00cc 00000000 		.word	CySysWdtIsr
 276              		.cfi_endproc
 277              	.LFE6:
 278              		.size	ClockSetup, .-ClockSetup
 279              		.align	2
 280              		.global	cyfitter_cfg
 281              		.code	16
 282              		.thumb_func
 283              		.type	cyfitter_cfg, %function
 284              	cyfitter_cfg:
 285              	.LFB8:
ARM GAS  C:\Users\HENRYK~1\AppData\Local\Temp\ccKFZsQC.s 			page 11


 258:.\Generated_Source\PSoC4/cyfitter_cfg.c **** 
 259:.\Generated_Source\PSoC4/cyfitter_cfg.c **** #define CY_AMUX_UNUSED CYREG_CM0_ROM_DWT
 260:.\Generated_Source\PSoC4/cyfitter_cfg.c **** 
 261:.\Generated_Source\PSoC4/cyfitter_cfg.c **** 
 262:.\Generated_Source\PSoC4/cyfitter_cfg.c **** /*******************************************************************************
 263:.\Generated_Source\PSoC4/cyfitter_cfg.c **** * Function Name: cyfitter_cfg
 264:.\Generated_Source\PSoC4/cyfitter_cfg.c **** ********************************************************************************
 265:.\Generated_Source\PSoC4/cyfitter_cfg.c **** * Summary:
 266:.\Generated_Source\PSoC4/cyfitter_cfg.c **** *  This function is called by the start-up code for the selected device. It
 267:.\Generated_Source\PSoC4/cyfitter_cfg.c **** *  performs all of the necessary device configuration based on the design
 268:.\Generated_Source\PSoC4/cyfitter_cfg.c **** *  settings.  This includes settings from the Design Wide Resources (DWR) such
 269:.\Generated_Source\PSoC4/cyfitter_cfg.c **** *  as Clocks and Pins as well as any component configuration that is necessary.
 270:.\Generated_Source\PSoC4/cyfitter_cfg.c **** *
 271:.\Generated_Source\PSoC4/cyfitter_cfg.c **** * Parameters:  
 272:.\Generated_Source\PSoC4/cyfitter_cfg.c **** *   void
 273:.\Generated_Source\PSoC4/cyfitter_cfg.c **** *
 274:.\Generated_Source\PSoC4/cyfitter_cfg.c **** * Return:
 275:.\Generated_Source\PSoC4/cyfitter_cfg.c **** *   void
 276:.\Generated_Source\PSoC4/cyfitter_cfg.c **** *
 277:.\Generated_Source\PSoC4/cyfitter_cfg.c **** *******************************************************************************/
 278:.\Generated_Source\PSoC4/cyfitter_cfg.c **** CY_CFG_SECTION
 279:.\Generated_Source\PSoC4/cyfitter_cfg.c **** void cyfitter_cfg(void)
 280:.\Generated_Source\PSoC4/cyfitter_cfg.c **** {
 286              		.loc 1 280 0
 287              		.cfi_startproc
 288 00d0 10B5     		push	{r4, lr}
 289              		.cfi_def_cfa_offset 8
 290              		.cfi_offset 4, -8
 291              		.cfi_offset 14, -4
 281:.\Generated_Source\PSoC4/cyfitter_cfg.c **** 	/* Disable interrupts by default. Let user enable if/when they want. */
 282:.\Generated_Source\PSoC4/cyfitter_cfg.c **** 	CyGlobalIntDisable;
 292              		.loc 1 282 0
 293              	@ 282 ".\Generated_Source\PSoC4\cyfitter_cfg.c" 1
 294 00d2 72B6     		CPSID   i
 295              	@ 0 "" 2
 283:.\Generated_Source\PSoC4/cyfitter_cfg.c **** 
 284:.\Generated_Source\PSoC4/cyfitter_cfg.c **** 	CY_SET_XTND_REG32((void CYFAR *)(CYREG_BLE_BLESS_LL_DSM_CTRL), 0x00000000u);
 296              		.loc 1 284 0
 297              		.code	16
 298 00d4 0022     		mov	r2, #0
 299 00d6 274B     		ldr	r3, .L16
 300 00d8 1A60     		str	r2, [r3]
 301              	.LVL23:
 302              	.LBB3:
 285:.\Generated_Source\PSoC4/cyfitter_cfg.c **** 
 286:.\Generated_Source\PSoC4/cyfitter_cfg.c **** 	{
 287:.\Generated_Source\PSoC4/cyfitter_cfg.c **** 		static const uint32 CYCODE cy_cfg_addr_table[] = {
 288:.\Generated_Source\PSoC4/cyfitter_cfg.c **** 			0x400F6002u, /* Base address: 0x400F6000 Count: 2 */
 289:.\Generated_Source\PSoC4/cyfitter_cfg.c **** 		};
 290:.\Generated_Source\PSoC4/cyfitter_cfg.c **** 
 291:.\Generated_Source\PSoC4/cyfitter_cfg.c **** 		static const cy_cfg_addrvalue_t CYCODE cy_cfg_data_table[] = {
 292:.\Generated_Source\PSoC4/cyfitter_cfg.c **** 			{0x02u, 0x01u},
 293:.\Generated_Source\PSoC4/cyfitter_cfg.c **** 			{0x11u, 0x01u},
 294:.\Generated_Source\PSoC4/cyfitter_cfg.c **** 		};
 295:.\Generated_Source\PSoC4/cyfitter_cfg.c **** 
 296:.\Generated_Source\PSoC4/cyfitter_cfg.c **** 
 297:.\Generated_Source\PSoC4/cyfitter_cfg.c **** 
ARM GAS  C:\Users\HENRYK~1\AppData\Local\Temp\ccKFZsQC.s 			page 12


 298:.\Generated_Source\PSoC4/cyfitter_cfg.c **** 		CYPACKED typedef struct {
 299:.\Generated_Source\PSoC4/cyfitter_cfg.c **** 			void CYFAR *address;
 300:.\Generated_Source\PSoC4/cyfitter_cfg.c **** 			uint16 size;
 301:.\Generated_Source\PSoC4/cyfitter_cfg.c **** 		} CYPACKED_ATTR cfg_memset_t;
 302:.\Generated_Source\PSoC4/cyfitter_cfg.c **** 
 303:.\Generated_Source\PSoC4/cyfitter_cfg.c **** 		static const cfg_memset_t CYCODE cfg_memset_list [] = {
 304:.\Generated_Source\PSoC4/cyfitter_cfg.c **** 			/* address, size */
 305:.\Generated_Source\PSoC4/cyfitter_cfg.c **** 			{(void CYFAR *)(CYDEV_UDB_P0_U0_BASE), 1024u},
 306:.\Generated_Source\PSoC4/cyfitter_cfg.c **** 			{(void CYFAR *)(CYDEV_UDB_DSI0_BASE), 1024u},
 307:.\Generated_Source\PSoC4/cyfitter_cfg.c **** 		};
 308:.\Generated_Source\PSoC4/cyfitter_cfg.c **** 
 309:.\Generated_Source\PSoC4/cyfitter_cfg.c **** 		uint8 CYDATA i;
 310:.\Generated_Source\PSoC4/cyfitter_cfg.c **** 
 311:.\Generated_Source\PSoC4/cyfitter_cfg.c **** 		/* Zero out critical memory blocks before beginning configuration */
 312:.\Generated_Source\PSoC4/cyfitter_cfg.c **** 		for (i = 0u; i < (sizeof(cfg_memset_list)/sizeof(cfg_memset_list[0])); i++)
 303              		.loc 1 312 0
 304 00da 0024     		mov	r4, #0
 305 00dc 10E0     		b	.L14
 306              	.LVL24:
 307              	.L15:
 308              	.LBB4:
 313:.\Generated_Source\PSoC4/cyfitter_cfg.c **** 		{
 314:.\Generated_Source\PSoC4/cyfitter_cfg.c **** 			const cfg_memset_t CYCODE * CYDATA ms = &cfg_memset_list[i];
 315:.\Generated_Source\PSoC4/cyfitter_cfg.c **** 			CYMEMZERO(ms->address, (size_t)(uint32)(ms->size));
 309              		.loc 1 315 0 discriminator 3
 310 00de 2648     		ldr	r0, .L16+4
 311 00e0 6300     		lsl	r3, r4, #1
 312 00e2 1A19     		add	r2, r3, r4
 313 00e4 5200     		lsl	r2, r2, #1
 314 00e6 8218     		add	r2, r0, r2
 315 00e8 9188     		ldrh	r1, [r2, #4]
 316 00ea 1B19     		add	r3, r3, r4
 317 00ec 5B00     		lsl	r3, r3, #1
 318 00ee 1A5A     		ldrh	r2, [r3, r0]
 319 00f0 C318     		add	r3, r0, r3
 320 00f2 5888     		ldrh	r0, [r3, #2]
 321 00f4 0004     		lsl	r0, r0, #16
 322 00f6 1043     		orr	r0, r2
 323 00f8 FFF7FEFF 		bl	CYMEMZERO
 324              	.LVL25:
 325              	.LBE4:
 312:.\Generated_Source\PSoC4/cyfitter_cfg.c **** 		{
 326              		.loc 1 312 0 discriminator 3
 327 00fc 0134     		add	r4, r4, #1
 328              	.LVL26:
 329 00fe E4B2     		uxtb	r4, r4
 330              	.LVL27:
 331              	.L14:
 312:.\Generated_Source\PSoC4/cyfitter_cfg.c **** 		{
 332              		.loc 1 312 0 is_stmt 0 discriminator 1
 333 0100 012C     		cmp	r4, #1
 334 0102 ECD9     		bls	.L15
 316:.\Generated_Source\PSoC4/cyfitter_cfg.c **** 		}
 317:.\Generated_Source\PSoC4/cyfitter_cfg.c **** 
 318:.\Generated_Source\PSoC4/cyfitter_cfg.c **** 		cfg_write_bytes32(cy_cfg_addr_table, cy_cfg_data_table);
 335              		.loc 1 318 0 is_stmt 1
 336 0104 1C49     		ldr	r1, .L16+4
ARM GAS  C:\Users\HENRYK~1\AppData\Local\Temp\ccKFZsQC.s 			page 13


 337 0106 081C     		mov	r0, r1
 338 0108 0C30     		add	r0, r0, #12
 339 010a 1031     		add	r1, r1, #16
 340 010c FFF7FEFF 		bl	cfg_write_bytes32
 341              	.LVL28:
 319:.\Generated_Source\PSoC4/cyfitter_cfg.c **** 
 320:.\Generated_Source\PSoC4/cyfitter_cfg.c **** 		/* HSIOM Starting address: CYDEV_HSIOM_BASE */
 321:.\Generated_Source\PSoC4/cyfitter_cfg.c **** 		CY_SET_XTND_REG32((void CYFAR *)(CYDEV_HSIOM_BASE), 0xEE990000u);
 342              		.loc 1 321 0
 343 0110 1A4A     		ldr	r2, .L16+8
 344 0112 1B4B     		ldr	r3, .L16+12
 345 0114 1A60     		str	r2, [r3]
 322:.\Generated_Source\PSoC4/cyfitter_cfg.c **** 
 323:.\Generated_Source\PSoC4/cyfitter_cfg.c **** 		/* UDB_PA_0 Starting address: CYDEV_UDB_PA0_BASE */
 324:.\Generated_Source\PSoC4/cyfitter_cfg.c **** 		CY_SET_XTND_REG32((void CYFAR *)(CYDEV_UDB_PA0_BASE), 0x00990000u);
 346              		.loc 1 324 0
 347 0116 9923     		mov	r3, #153
 348 0118 1B04     		lsl	r3, r3, #16
 349 011a 1A4A     		ldr	r2, .L16+16
 350 011c 1360     		str	r3, [r2]
 325:.\Generated_Source\PSoC4/cyfitter_cfg.c **** 		CY_SET_XTND_REG32((void CYFAR *)(CYREG_UDB_PA0_CFG4), 0x000A0000u);
 351              		.loc 1 325 0
 352 011e A021     		mov	r1, #160
 353 0120 0903     		lsl	r1, r1, #12
 354 0122 194A     		ldr	r2, .L16+20
 355 0124 1160     		str	r1, [r2]
 326:.\Generated_Source\PSoC4/cyfitter_cfg.c **** 
 327:.\Generated_Source\PSoC4/cyfitter_cfg.c **** 		/* UDB_PA_3 Starting address: CYDEV_UDB_PA3_BASE */
 328:.\Generated_Source\PSoC4/cyfitter_cfg.c **** 		CY_SET_XTND_REG32((void CYFAR *)(CYDEV_UDB_PA3_BASE), 0x00990000u);
 356              		.loc 1 328 0
 357 0126 194A     		ldr	r2, .L16+24
 358 0128 1360     		str	r3, [r2]
 329:.\Generated_Source\PSoC4/cyfitter_cfg.c **** 
 330:.\Generated_Source\PSoC4/cyfitter_cfg.c **** 		/* Enable digital routing */
 331:.\Generated_Source\PSoC4/cyfitter_cfg.c **** 		CY_SET_XTND_REG8((void *)CYREG_UDB_UDBIF_BANK_CTL, CY_GET_XTND_REG8((void *)CYREG_UDB_UDBIF_BANK_
 359              		.loc 1 331 0
 360 012a 194B     		ldr	r3, .L16+28
 361 012c 1978     		ldrb	r1, [r3]
 362 012e 0222     		mov	r2, #2
 363 0130 0A43     		orr	r2, r1
 364 0132 1A70     		strb	r2, [r3]
 332:.\Generated_Source\PSoC4/cyfitter_cfg.c **** 
 333:.\Generated_Source\PSoC4/cyfitter_cfg.c **** 		/* Enable UDB array */
 334:.\Generated_Source\PSoC4/cyfitter_cfg.c **** 		CY_SET_XTND_REG8((void *)CYREG_UDB_UDBIF_WAIT_CFG, (uint8)((CY_GET_XTND_REG8((void *)CYREG_UDB_UD
 365              		.loc 1 334 0
 366 0134 1748     		ldr	r0, .L16+32
 367 0136 0278     		ldrb	r2, [r0]
 368 0138 3C21     		mov	r1, #60
 369 013a 8A43     		bic	r2, r1
 370 013c 2839     		sub	r1, r1, #40
 371 013e 0A43     		orr	r2, r1
 372 0140 0270     		strb	r2, [r0]
 335:.\Generated_Source\PSoC4/cyfitter_cfg.c **** 		CY_SET_XTND_REG8((void *)CYREG_UDB_UDBIF_BANK_CTL, (uint8)(CY_GET_XTND_REG8((void *)CYREG_UDB_UDB
 373              		.loc 1 335 0
 374 0142 1978     		ldrb	r1, [r3]
 375 0144 1622     		mov	r2, #22
 376 0146 0A43     		orr	r2, r1
ARM GAS  C:\Users\HENRYK~1\AppData\Local\Temp\ccKFZsQC.s 			page 14


 377 0148 1A70     		strb	r2, [r3]
 378              	.LBE3:
 336:.\Generated_Source\PSoC4/cyfitter_cfg.c **** 	}
 337:.\Generated_Source\PSoC4/cyfitter_cfg.c **** 
 338:.\Generated_Source\PSoC4/cyfitter_cfg.c **** 	/* Perform second pass device configuration. These items must be configured in specific order afte
 339:.\Generated_Source\PSoC4/cyfitter_cfg.c **** 	/* IOPINS0_0 Starting address: CYDEV_GPIO_PRT0_BASE */
 340:.\Generated_Source\PSoC4/cyfitter_cfg.c **** 	CY_SET_XTND_REG32((void CYFAR *)(CYDEV_GPIO_PRT0_BASE), 0x00000023u);
 379              		.loc 1 340 0
 380 014a 2322     		mov	r2, #35
 381 014c 124B     		ldr	r3, .L16+36
 382 014e 1A60     		str	r2, [r3]
 341:.\Generated_Source\PSoC4/cyfitter_cfg.c **** 	CY_SET_XTND_REG32((void CYFAR *)(CYREG_GPIO_PRT0_PC), 0x00DB1012u);
 383              		.loc 1 341 0
 384 0150 124A     		ldr	r2, .L16+40
 385 0152 134B     		ldr	r3, .L16+44
 386 0154 1A60     		str	r2, [r3]
 342:.\Generated_Source\PSoC4/cyfitter_cfg.c **** 	CY_SET_XTND_REG32((void CYFAR *)(CYREG_GPIO_PRT0_INTR_CFG), 0x0000000Au);
 387              		.loc 1 342 0
 388 0156 0A22     		mov	r2, #10
 389 0158 124B     		ldr	r3, .L16+48
 390 015a 1A60     		str	r2, [r3]
 343:.\Generated_Source\PSoC4/cyfitter_cfg.c **** 	CY_SET_XTND_REG32((void CYFAR *)(CYREG_GPIO_PRT0_PC2), 0x00000020u);
 391              		.loc 1 343 0
 392 015c 1632     		add	r2, r2, #22
 393 015e 124B     		ldr	r3, .L16+52
 394 0160 1A60     		str	r2, [r3]
 344:.\Generated_Source\PSoC4/cyfitter_cfg.c **** 
 345:.\Generated_Source\PSoC4/cyfitter_cfg.c **** 	/* IOPINS0_3 Starting address: CYDEV_GPIO_PRT3_BASE */
 346:.\Generated_Source\PSoC4/cyfitter_cfg.c **** 	CY_SET_XTND_REG32((void CYFAR *)(CYREG_GPIO_PRT3_PC), 0x00180000u);
 395              		.loc 1 346 0
 396 0162 C022     		mov	r2, #192
 397 0164 5203     		lsl	r2, r2, #13
 398 0166 114B     		ldr	r3, .L16+56
 399 0168 1A60     		str	r2, [r3]
 347:.\Generated_Source\PSoC4/cyfitter_cfg.c **** 
 348:.\Generated_Source\PSoC4/cyfitter_cfg.c **** 	/* Setup clocks based on selections from Clock DWR */
 349:.\Generated_Source\PSoC4/cyfitter_cfg.c **** 	ClockSetup();
 400              		.loc 1 349 0
 401 016a FFF749FF 		bl	ClockSetup
 402              	.LVL29:
 350:.\Generated_Source\PSoC4/cyfitter_cfg.c **** 
 351:.\Generated_Source\PSoC4/cyfitter_cfg.c **** 	/* Perform basic analog initialization to defaults */
 352:.\Generated_Source\PSoC4/cyfitter_cfg.c **** 	AnalogSetDefault();
 403              		.loc 1 352 0
 404 016e FFF7FEFF 		bl	AnalogSetDefault
 405              	.LVL30:
 353:.\Generated_Source\PSoC4/cyfitter_cfg.c **** 
 354:.\Generated_Source\PSoC4/cyfitter_cfg.c **** }
 406              		.loc 1 354 0
 407              		@ sp needed
 408              	.LVL31:
 409 0172 10BD     		pop	{r4, pc}
 410              	.L17:
 411              		.align	2
 412              	.L16:
 413 0174 6CF02E40 		.word	1076818028
 414 0178 00000000 		.word	.LANCHOR0
ARM GAS  C:\Users\HENRYK~1\AppData\Local\Temp\ccKFZsQC.s 			page 15


 415 017c 000099EE 		.word	-291962880
 416 0180 00000240 		.word	1073872896
 417 0184 00500F40 		.word	1074745344
 418 0188 04500F40 		.word	1074745348
 419 018c 30500F40 		.word	1074745392
 420 0190 00700F40 		.word	1074753536
 421 0194 01700F40 		.word	1074753537
 422 0198 00000440 		.word	1074003968
 423 019c 1210DB00 		.word	14356498
 424 01a0 08000440 		.word	1074003976
 425 01a4 0C000440 		.word	1074003980
 426 01a8 18000440 		.word	1074003992
 427 01ac 08030440 		.word	1074004744
 428              		.cfi_endproc
 429              	.LFE8:
 430              		.size	cyfitter_cfg, .-cyfitter_cfg
 431              		.section	.rodata
 432              		.align	2
 433              		.set	.LANCHOR0,. + 0
 434              		.type	cfg_memset_list.4765, %object
 435              		.size	cfg_memset_list.4765, 12
 436              	cfg_memset_list.4765:
 437 0000 00300F40 		.word	1074737152
 438 0004 0004     		.short	1024
 439 0006 00400F40 		.4byte	1074741248
 440 000a 0004     		.short	1024
 441              		.type	cy_cfg_addr_table.4759, %object
 442              		.size	cy_cfg_addr_table.4759, 4
 443              	cy_cfg_addr_table.4759:
 444 000c 02600F40 		.word	1074749442
 445              		.type	cy_cfg_data_table.4760, %object
 446              		.size	cy_cfg_data_table.4760, 4
 447              	cy_cfg_data_table.4760:
 448 0010 02       		.byte	2
 449 0011 01       		.byte	1
 450 0012 11       		.byte	17
 451 0013 01       		.byte	1
 452              		.text
 453              	.Letext0:
 454              		.file 2 "c:\\program files (x86)\\cypress\\psoc creator\\3.3\\psoc creator\\import\\gnu\\arm\\4.9.
 455              		.file 3 ".\\Generated_Source\\PSoC4\\cytypes.h"
 456              		.file 4 ".\\Generated_Source\\PSoC4\\CyLib.h"
 457              		.file 5 ".\\Generated_Source\\PSoC4\\CyLFClk.h"
 458              		.section	.debug_info,"",%progbits
 459              	.Ldebug_info0:
 460 0000 8D040000 		.4byte	0x48d
 461 0004 0400     		.2byte	0x4
 462 0006 00000000 		.4byte	.Ldebug_abbrev0
 463 000a 04       		.byte	0x4
 464 000b 01       		.uleb128 0x1
 465 000c 57020000 		.4byte	.LASF44
 466 0010 01       		.byte	0x1
 467 0011 C0010000 		.4byte	.LASF45
 468 0015 16020000 		.4byte	.LASF46
 469 0019 00000000 		.4byte	.Ldebug_ranges0+0
 470 001d 00000000 		.4byte	0
 471 0021 00000000 		.4byte	.Ldebug_line0
ARM GAS  C:\Users\HENRYK~1\AppData\Local\Temp\ccKFZsQC.s 			page 16


 472 0025 02       		.uleb128 0x2
 473 0026 04       		.byte	0x4
 474 0027 05       		.byte	0x5
 475 0028 696E7400 		.ascii	"int\000"
 476 002c 03       		.uleb128 0x3
 477 002d 14000000 		.4byte	.LASF11
 478 0031 02       		.byte	0x2
 479 0032 D4       		.byte	0xd4
 480 0033 37000000 		.4byte	0x37
 481 0037 04       		.uleb128 0x4
 482 0038 04       		.byte	0x4
 483 0039 07       		.byte	0x7
 484 003a 5B010000 		.4byte	.LASF0
 485 003e 04       		.uleb128 0x4
 486 003f 01       		.byte	0x1
 487 0040 06       		.byte	0x6
 488 0041 14030000 		.4byte	.LASF1
 489 0045 04       		.uleb128 0x4
 490 0046 01       		.byte	0x1
 491 0047 08       		.byte	0x8
 492 0048 F4000000 		.4byte	.LASF2
 493 004c 04       		.uleb128 0x4
 494 004d 02       		.byte	0x2
 495 004e 05       		.byte	0x5
 496 004f EC020000 		.4byte	.LASF3
 497 0053 04       		.uleb128 0x4
 498 0054 02       		.byte	0x2
 499 0055 07       		.byte	0x7
 500 0056 20030000 		.4byte	.LASF4
 501 005a 04       		.uleb128 0x4
 502 005b 04       		.byte	0x4
 503 005c 05       		.byte	0x5
 504 005d 0B030000 		.4byte	.LASF5
 505 0061 04       		.uleb128 0x4
 506 0062 04       		.byte	0x4
 507 0063 07       		.byte	0x7
 508 0064 C1000000 		.4byte	.LASF6
 509 0068 04       		.uleb128 0x4
 510 0069 08       		.byte	0x8
 511 006a 05       		.byte	0x5
 512 006b E8010000 		.4byte	.LASF7
 513 006f 04       		.uleb128 0x4
 514 0070 08       		.byte	0x8
 515 0071 07       		.byte	0x7
 516 0072 7D010000 		.4byte	.LASF8
 517 0076 04       		.uleb128 0x4
 518 0077 04       		.byte	0x4
 519 0078 07       		.byte	0x7
 520 0079 B7010000 		.4byte	.LASF9
 521 007d 05       		.uleb128 0x5
 522 007e 04       		.byte	0x4
 523 007f 06       		.uleb128 0x6
 524 0080 04       		.byte	0x4
 525 0081 85000000 		.4byte	0x85
 526 0085 07       		.uleb128 0x7
 527 0086 04       		.uleb128 0x4
 528 0087 01       		.byte	0x1
ARM GAS  C:\Users\HENRYK~1\AppData\Local\Temp\ccKFZsQC.s 			page 17


 529 0088 08       		.byte	0x8
 530 0089 00020000 		.4byte	.LASF10
 531 008d 03       		.uleb128 0x3
 532 008e D3000000 		.4byte	.LASF12
 533 0092 03       		.byte	0x3
 534 0093 C2       		.byte	0xc2
 535 0094 45000000 		.4byte	0x45
 536 0098 03       		.uleb128 0x3
 537 0099 39010000 		.4byte	.LASF13
 538 009d 03       		.byte	0x3
 539 009e C3       		.byte	0xc3
 540 009f 53000000 		.4byte	0x53
 541 00a3 03       		.uleb128 0x3
 542 00a4 54010000 		.4byte	.LASF14
 543 00a8 03       		.byte	0x3
 544 00a9 C4       		.byte	0xc4
 545 00aa 61000000 		.4byte	0x61
 546 00ae 04       		.uleb128 0x4
 547 00af 04       		.byte	0x4
 548 00b0 04       		.byte	0x4
 549 00b1 89000000 		.4byte	.LASF15
 550 00b5 04       		.uleb128 0x4
 551 00b6 08       		.byte	0x8
 552 00b7 04       		.byte	0x4
 553 00b8 09010000 		.4byte	.LASF16
 554 00bc 08       		.uleb128 0x8
 555 00bd 4B010000 		.4byte	.LASF17
 556 00c1 03       		.byte	0x3
 557 00c2 6401     		.2byte	0x164
 558 00c4 61000000 		.4byte	0x61
 559 00c8 08       		.uleb128 0x8
 560 00c9 BC000000 		.4byte	.LASF18
 561 00cd 03       		.byte	0x3
 562 00ce 6C01     		.2byte	0x16c
 563 00d0 D4000000 		.4byte	0xd4
 564 00d4 09       		.uleb128 0x9
 565 00d5 8D000000 		.4byte	0x8d
 566 00d9 08       		.uleb128 0x8
 567 00da 0E000000 		.4byte	.LASF19
 568 00de 03       		.byte	0x3
 569 00df 6E01     		.2byte	0x16e
 570 00e1 E5000000 		.4byte	0xe5
 571 00e5 09       		.uleb128 0x9
 572 00e6 A3000000 		.4byte	0xa3
 573 00ea 08       		.uleb128 0x8
 574 00eb 94010000 		.4byte	.LASF20
 575 00ef 03       		.byte	0x3
 576 00f0 7E01     		.2byte	0x17e
 577 00f2 7F000000 		.4byte	0x7f
 578 00f6 0A       		.uleb128 0xa
 579 00f7 02       		.byte	0x2
 580 00f8 01       		.byte	0x1
 581 00f9 7D       		.byte	0x7d
 582 00fa 17010000 		.4byte	0x117
 583 00fe 0B       		.uleb128 0xb
 584 00ff E5020000 		.4byte	.LASF21
 585 0103 01       		.byte	0x1
ARM GAS  C:\Users\HENRYK~1\AppData\Local\Temp\ccKFZsQC.s 			page 18


 586 0104 7F       		.byte	0x7f
 587 0105 8D000000 		.4byte	0x8d
 588 0109 00       		.byte	0
 589 010a 0B       		.uleb128 0xb
 590 010b 3B000000 		.4byte	.LASF22
 591 010f 01       		.byte	0x1
 592 0110 80       		.byte	0x80
 593 0111 8D000000 		.4byte	0x8d
 594 0115 01       		.byte	0x1
 595 0116 00       		.byte	0
 596 0117 03       		.uleb128 0x3
 597 0118 76000000 		.4byte	.LASF23
 598 011c 01       		.byte	0x1
 599 011d 81       		.byte	0x81
 600 011e F6000000 		.4byte	0xf6
 601 0122 0C       		.uleb128 0xc
 602 0123 10010000 		.4byte	.LASF28
 603 0127 01       		.byte	0x1
 604 0128 94       		.byte	0x94
 605 0129 00000000 		.4byte	.LFB5
 606 012d 32000000 		.4byte	.LFE5-.LFB5
 607 0131 01       		.uleb128 0x1
 608 0132 9C       		.byte	0x9c
 609 0133 94010000 		.4byte	0x194
 610 0137 0D       		.uleb128 0xd
 611 0138 2E010000 		.4byte	.LASF24
 612 013c 01       		.byte	0x1
 613 013d 94       		.byte	0x94
 614 013e 94010000 		.4byte	0x194
 615 0142 01       		.uleb128 0x1
 616 0143 50       		.byte	0x50
 617 0144 0D       		.uleb128 0xd
 618 0145 40010000 		.4byte	.LASF25
 619 0149 01       		.byte	0x1
 620 014a 94       		.byte	0x94
 621 014b 9F010000 		.4byte	0x19f
 622 014f 01       		.uleb128 0x1
 623 0150 51       		.byte	0x51
 624 0151 0E       		.uleb128 0xe
 625 0152 6900     		.ascii	"i\000"
 626 0154 01       		.byte	0x1
 627 0155 97       		.byte	0x97
 628 0156 A3000000 		.4byte	0xa3
 629 015a 00000000 		.4byte	.LLST0
 630 015e 0E       		.uleb128 0xe
 631 015f 6A00     		.ascii	"j\000"
 632 0161 01       		.byte	0x1
 633 0162 97       		.byte	0x97
 634 0163 A3000000 		.4byte	0xa3
 635 0167 1F000000 		.4byte	.LLST1
 636 016b 0F       		.uleb128 0xf
 637 016c 08000000 		.4byte	.LBB2
 638 0170 22000000 		.4byte	.LBE2-.LBB2
 639 0174 10       		.uleb128 0x10
 640 0175 AE010000 		.4byte	.LASF26
 641 0179 01       		.byte	0x1
 642 017a 9A       		.byte	0x9a
ARM GAS  C:\Users\HENRYK~1\AppData\Local\Temp\ccKFZsQC.s 			page 19


 643 017b A3000000 		.4byte	0xa3
 644 017f 3E000000 		.4byte	.LLST2
 645 0183 10       		.uleb128 0x10
 646 0184 41000000 		.4byte	.LASF27
 647 0188 01       		.byte	0x1
 648 0189 9B       		.byte	0x9b
 649 018a 8D000000 		.4byte	0x8d
 650 018e 51000000 		.4byte	.LLST3
 651 0192 00       		.byte	0
 652 0193 00       		.byte	0
 653 0194 06       		.uleb128 0x6
 654 0195 04       		.byte	0x4
 655 0196 9A010000 		.4byte	0x19a
 656 019a 11       		.uleb128 0x11
 657 019b A3000000 		.4byte	0xa3
 658 019f 06       		.uleb128 0x6
 659 01a0 04       		.byte	0x4
 660 01a1 A5010000 		.4byte	0x1a5
 661 01a5 11       		.uleb128 0x11
 662 01a6 17010000 		.4byte	0x117
 663 01aa 12       		.uleb128 0x12
 664 01ab 1B000000 		.4byte	.LASF47
 665 01af 01       		.byte	0x1
 666 01b0 FC       		.byte	0xfc
 667 01b1 00000000 		.4byte	.LFB7
 668 01b5 20000000 		.4byte	.LFE7-.LFB7
 669 01b9 01       		.uleb128 0x1
 670 01ba 9C       		.byte	0x9c
 671 01bb 0C       		.uleb128 0xc
 672 01bc EA000000 		.4byte	.LASF29
 673 01c0 01       		.byte	0x1
 674 01c1 3B       		.byte	0x3b
 675 01c2 00000000 		.4byte	.LFB2
 676 01c6 0C000000 		.4byte	.LFE2-.LFB2
 677 01ca 01       		.uleb128 0x1
 678 01cb 9C       		.byte	0x9c
 679 01cc 08020000 		.4byte	0x208
 680 01d0 13       		.uleb128 0x13
 681 01d1 7300     		.ascii	"s\000"
 682 01d3 01       		.byte	0x1
 683 01d4 3B       		.byte	0x3b
 684 01d5 7D000000 		.4byte	0x7d
 685 01d9 6F000000 		.4byte	.LLST4
 686 01dd 13       		.uleb128 0x13
 687 01de 6E00     		.ascii	"n\000"
 688 01e0 01       		.byte	0x1
 689 01e1 3B       		.byte	0x3b
 690 01e2 2C000000 		.4byte	0x2c
 691 01e6 90000000 		.4byte	.LLST5
 692 01ea 14       		.uleb128 0x14
 693 01eb 0A000000 		.4byte	.LVL14
 694 01ef E8030000 		.4byte	0x3e8
 695 01f3 15       		.uleb128 0x15
 696 01f4 01       		.uleb128 0x1
 697 01f5 52       		.byte	0x52
 698 01f6 03       		.uleb128 0x3
 699 01f7 F3       		.byte	0xf3
ARM GAS  C:\Users\HENRYK~1\AppData\Local\Temp\ccKFZsQC.s 			page 20


 700 01f8 01       		.uleb128 0x1
 701 01f9 51       		.byte	0x51
 702 01fa 15       		.uleb128 0x15
 703 01fb 01       		.uleb128 0x1
 704 01fc 51       		.byte	0x51
 705 01fd 01       		.uleb128 0x1
 706 01fe 30       		.byte	0x30
 707 01ff 15       		.uleb128 0x15
 708 0200 01       		.uleb128 0x1
 709 0201 50       		.byte	0x50
 710 0202 03       		.uleb128 0x3
 711 0203 F3       		.byte	0xf3
 712 0204 01       		.uleb128 0x1
 713 0205 50       		.byte	0x50
 714 0206 00       		.byte	0
 715 0207 00       		.byte	0
 716 0208 0C       		.uleb128 0xc
 717 0209 47000000 		.4byte	.LASF30
 718 020d 01       		.byte	0x1
 719 020e B9       		.byte	0xb9
 720 020f 00000000 		.4byte	.LFB6
 721 0213 D0000000 		.4byte	.LFE6-.LFB6
 722 0217 01       		.uleb128 0x1
 723 0218 9C       		.byte	0x9c
 724 0219 B1020000 		.4byte	0x2b1
 725 021d 16       		.uleb128 0x16
 726 021e 0C000000 		.4byte	.LVL15
 727 0222 05040000 		.4byte	0x405
 728 0226 17       		.uleb128 0x17
 729 0227 12000000 		.4byte	.LVL16
 730 022b 0C040000 		.4byte	0x40c
 731 022f 3D020000 		.4byte	0x23d
 732 0233 15       		.uleb128 0x15
 733 0234 01       		.uleb128 0x1
 734 0235 50       		.byte	0x50
 735 0236 05       		.uleb128 0x5
 736 0237 0C       		.byte	0xc
 737 0238 001BB700 		.4byte	0xb71b00
 738 023c 00       		.byte	0
 739 023d 17       		.uleb128 0x17
 740 023e 18000000 		.4byte	.LVL17
 741 0242 1D040000 		.4byte	0x41d
 742 0246 50020000 		.4byte	0x250
 743 024a 15       		.uleb128 0x15
 744 024b 01       		.uleb128 0x1
 745 024c 50       		.byte	0x50
 746 024d 01       		.uleb128 0x1
 747 024e 31       		.byte	0x31
 748 024f 00       		.byte	0
 749 0250 17       		.uleb128 0x17
 750 0251 1E000000 		.4byte	.LVL18
 751 0255 32040000 		.4byte	0x432
 752 0259 64020000 		.4byte	0x264
 753 025d 15       		.uleb128 0x15
 754 025e 01       		.uleb128 0x1
 755 025f 50       		.byte	0x50
 756 0260 02       		.uleb128 0x2
ARM GAS  C:\Users\HENRYK~1\AppData\Local\Temp\ccKFZsQC.s 			page 21


 757 0261 08       		.byte	0x8
 758 0262 30       		.byte	0x30
 759 0263 00       		.byte	0
 760 0264 17       		.uleb128 0x17
 761 0265 4E000000 		.4byte	.LVL19
 762 0269 43040000 		.4byte	0x443
 763 026d 79020000 		.4byte	0x279
 764 0271 15       		.uleb128 0x15
 765 0272 01       		.uleb128 0x1
 766 0273 50       		.byte	0x50
 767 0274 03       		.uleb128 0x3
 768 0275 0A       		.byte	0xa
 769 0276 D007     		.2byte	0x7d0
 770 0278 00       		.byte	0
 771 0279 17       		.uleb128 0x17
 772 027a 54000000 		.4byte	.LVL20
 773 027e 58040000 		.4byte	0x458
 774 0282 8E020000 		.4byte	0x28e
 775 0286 15       		.uleb128 0x15
 776 0287 01       		.uleb128 0x1
 777 0288 50       		.byte	0x50
 778 0289 03       		.uleb128 0x3
 779 028a 0A       		.byte	0xa
 780 028b DC05     		.2byte	0x5dc
 781 028d 00       		.byte	0
 782 028e 17       		.uleb128 0x17
 783 028f 80000000 		.4byte	.LVL21
 784 0293 69040000 		.4byte	0x469
 785 0297 A1020000 		.4byte	0x2a1
 786 029b 15       		.uleb128 0x15
 787 029c 01       		.uleb128 0x1
 788 029d 50       		.byte	0x50
 789 029e 01       		.uleb128 0x1
 790 029f 38       		.byte	0x38
 791 02a0 00       		.byte	0
 792 02a1 14       		.uleb128 0x14
 793 02a2 86000000 		.4byte	.LVL22
 794 02a6 83040000 		.4byte	0x483
 795 02aa 15       		.uleb128 0x15
 796 02ab 01       		.uleb128 0x1
 797 02ac 50       		.byte	0x50
 798 02ad 01       		.uleb128 0x1
 799 02ae 38       		.byte	0x38
 800 02af 00       		.byte	0
 801 02b0 00       		.byte	0
 802 02b1 18       		.uleb128 0x18
 803 02b2 68010000 		.4byte	.LASF48
 804 02b6 01       		.byte	0x1
 805 02b7 1701     		.2byte	0x117
 806 02b9 D0000000 		.4byte	.LFB8
 807 02bd E0000000 		.4byte	.LFE8-.LFB8
 808 02c1 01       		.uleb128 0x1
 809 02c2 9C       		.byte	0x9c
 810 02c3 BE030000 		.4byte	0x3be
 811 02c7 19       		.uleb128 0x19
 812 02c8 DA000000 		.4byte	.LBB3
 813 02cc 70000000 		.4byte	.LBE3-.LBB3
ARM GAS  C:\Users\HENRYK~1\AppData\Local\Temp\ccKFZsQC.s 			page 22


 814 02d0 AB030000 		.4byte	0x3ab
 815 02d4 1A       		.uleb128 0x1a
 816 02d5 52000000 		.4byte	.LASF31
 817 02d9 01       		.byte	0x1
 818 02da 1F01     		.2byte	0x11f
 819 02dc CE030000 		.4byte	0x3ce
 820 02e0 05       		.uleb128 0x5
 821 02e1 03       		.byte	0x3
 822 02e2 0C000000 		.4byte	cy_cfg_addr_table.4759
 823 02e6 1A       		.uleb128 0x1a
 824 02e7 64000000 		.4byte	.LASF32
 825 02eb 01       		.byte	0x1
 826 02ec 2301     		.2byte	0x123
 827 02ee E3030000 		.4byte	0x3e3
 828 02f2 05       		.uleb128 0x5
 829 02f3 03       		.byte	0x3
 830 02f4 10000000 		.4byte	cy_cfg_data_table.4760
 831 02f8 1B       		.uleb128 0x1b
 832 02f9 06       		.byte	0x6
 833 02fa 01       		.byte	0x1
 834 02fb 2A01     		.2byte	0x12a
 835 02fd 1C030000 		.4byte	0x31c
 836 0301 1C       		.uleb128 0x1c
 837 0302 75010000 		.4byte	.LASF33
 838 0306 01       		.byte	0x1
 839 0307 2B01     		.2byte	0x12b
 840 0309 7D000000 		.4byte	0x7d
 841 030d 00       		.byte	0
 842 030e 1C       		.uleb128 0x1c
 843 030f 9F000000 		.4byte	.LASF34
 844 0313 01       		.byte	0x1
 845 0314 2C01     		.2byte	0x12c
 846 0316 98000000 		.4byte	0x98
 847 031a 04       		.byte	0x4
 848 031b 00       		.byte	0
 849 031c 08       		.uleb128 0x8
 850 031d A1010000 		.4byte	.LASF35
 851 0321 01       		.byte	0x1
 852 0322 2D01     		.2byte	0x12d
 853 0324 F8020000 		.4byte	0x2f8
 854 0328 1D       		.uleb128 0x1d
 855 0329 1C030000 		.4byte	0x31c
 856 032d 38030000 		.4byte	0x338
 857 0331 1E       		.uleb128 0x1e
 858 0332 76000000 		.4byte	0x76
 859 0336 01       		.byte	0x1
 860 0337 00       		.byte	0
 861 0338 1A       		.uleb128 0x1a
 862 0339 8F000000 		.4byte	.LASF36
 863 033d 01       		.byte	0x1
 864 033e 2F01     		.2byte	0x12f
 865 0340 4A030000 		.4byte	0x34a
 866 0344 05       		.uleb128 0x5
 867 0345 03       		.byte	0x3
 868 0346 00000000 		.4byte	cfg_memset_list.4765
 869 034a 11       		.uleb128 0x11
 870 034b 28030000 		.4byte	0x328
ARM GAS  C:\Users\HENRYK~1\AppData\Local\Temp\ccKFZsQC.s 			page 23


 871 034f 1F       		.uleb128 0x1f
 872 0350 6900     		.ascii	"i\000"
 873 0352 01       		.byte	0x1
 874 0353 3501     		.2byte	0x135
 875 0355 8D000000 		.4byte	0x8d
 876 0359 BC000000 		.4byte	.LLST6
 877 035d 19       		.uleb128 0x19
 878 035e DE000000 		.4byte	.LBB4
 879 0362 1E000000 		.4byte	.LBE4-.LBB4
 880 0366 8E030000 		.4byte	0x38e
 881 036a 1F       		.uleb128 0x1f
 882 036b 6D7300   		.ascii	"ms\000"
 883 036e 01       		.byte	0x1
 884 036f 3A01     		.2byte	0x13a
 885 0371 79030000 		.4byte	0x379
 886 0375 E6000000 		.4byte	.LLST7
 887 0379 06       		.uleb128 0x6
 888 037a 04       		.byte	0x4
 889 037b 7F030000 		.4byte	0x37f
 890 037f 11       		.uleb128 0x11
 891 0380 1C030000 		.4byte	0x31c
 892 0384 16       		.uleb128 0x16
 893 0385 FC000000 		.4byte	.LVL25
 894 0389 BB010000 		.4byte	0x1bb
 895 038d 00       		.byte	0
 896 038e 14       		.uleb128 0x14
 897 038f 10010000 		.4byte	.LVL28
 898 0393 22010000 		.4byte	0x122
 899 0397 15       		.uleb128 0x15
 900 0398 01       		.uleb128 0x1
 901 0399 51       		.byte	0x51
 902 039a 05       		.uleb128 0x5
 903 039b 03       		.byte	0x3
 904 039c 10000000 		.4byte	.LANCHOR0+16
 905 03a0 15       		.uleb128 0x15
 906 03a1 01       		.uleb128 0x1
 907 03a2 50       		.byte	0x50
 908 03a3 05       		.uleb128 0x5
 909 03a4 03       		.byte	0x3
 910 03a5 0C000000 		.4byte	.LANCHOR0+12
 911 03a9 00       		.byte	0
 912 03aa 00       		.byte	0
 913 03ab 16       		.uleb128 0x16
 914 03ac 6E010000 		.4byte	.LVL29
 915 03b0 08020000 		.4byte	0x208
 916 03b4 16       		.uleb128 0x16
 917 03b5 72010000 		.4byte	.LVL30
 918 03b9 AA010000 		.4byte	0x1aa
 919 03bd 00       		.byte	0
 920 03be 1D       		.uleb128 0x1d
 921 03bf A3000000 		.4byte	0xa3
 922 03c3 CE030000 		.4byte	0x3ce
 923 03c7 1E       		.uleb128 0x1e
 924 03c8 76000000 		.4byte	0x76
 925 03cc 00       		.byte	0
 926 03cd 00       		.byte	0
 927 03ce 11       		.uleb128 0x11
ARM GAS  C:\Users\HENRYK~1\AppData\Local\Temp\ccKFZsQC.s 			page 24


 928 03cf BE030000 		.4byte	0x3be
 929 03d3 1D       		.uleb128 0x1d
 930 03d4 17010000 		.4byte	0x117
 931 03d8 E3030000 		.4byte	0x3e3
 932 03dc 1E       		.uleb128 0x1e
 933 03dd 76000000 		.4byte	0x76
 934 03e1 01       		.byte	0x1
 935 03e2 00       		.byte	0
 936 03e3 11       		.uleb128 0x11
 937 03e4 D3030000 		.4byte	0x3d3
 938 03e8 20       		.uleb128 0x20
 939 03e9 02010000 		.4byte	.LASF37
 940 03ed 7D000000 		.4byte	0x7d
 941 03f1 05040000 		.4byte	0x405
 942 03f5 21       		.uleb128 0x21
 943 03f6 7D000000 		.4byte	0x7d
 944 03fa 21       		.uleb128 0x21
 945 03fb 25000000 		.4byte	0x25
 946 03ff 21       		.uleb128 0x21
 947 0400 76000000 		.4byte	0x76
 948 0404 00       		.byte	0
 949 0405 22       		.uleb128 0x22
 950 0406 D9000000 		.4byte	.LASF49
 951 040a 05       		.byte	0x5
 952 040b 25       		.byte	0x25
 953 040c 23       		.uleb128 0x23
 954 040d 00000000 		.4byte	.LASF38
 955 0411 04       		.byte	0x4
 956 0412 5A       		.byte	0x5a
 957 0413 1D040000 		.4byte	0x41d
 958 0417 21       		.uleb128 0x21
 959 0418 A3000000 		.4byte	0xa3
 960 041c 00       		.byte	0
 961 041d 24       		.uleb128 0x24
 962 041e A4000000 		.4byte	.LASF40
 963 0422 05       		.byte	0x5
 964 0423 27       		.byte	0x27
 965 0424 A3000000 		.4byte	0xa3
 966 0428 32040000 		.4byte	0x432
 967 042c 21       		.uleb128 0x21
 968 042d A3000000 		.4byte	0xa3
 969 0431 00       		.byte	0
 970 0432 23       		.uleb128 0x23
 971 0433 F6020000 		.4byte	.LASF39
 972 0437 04       		.byte	0x4
 973 0438 31       		.byte	0x31
 974 0439 43040000 		.4byte	0x443
 975 043d 21       		.uleb128 0x21
 976 043e A3000000 		.4byte	0xa3
 977 0442 00       		.byte	0
 978 0443 24       		.uleb128 0x24
 979 0444 05020000 		.4byte	.LASF41
 980 0448 04       		.byte	0x4
 981 0449 84       		.byte	0x84
 982 044a BC000000 		.4byte	0xbc
 983 044e 58040000 		.4byte	0x458
 984 0452 21       		.uleb128 0x21
ARM GAS  C:\Users\HENRYK~1\AppData\Local\Temp\ccKFZsQC.s 			page 25


 985 0453 A3000000 		.4byte	0xa3
 986 0457 00       		.byte	0
 987 0458 23       		.uleb128 0x23
 988 0459 F6010000 		.4byte	.LASF42
 989 045d 04       		.byte	0x4
 990 045e 58       		.byte	0x58
 991 045f 69040000 		.4byte	0x469
 992 0463 21       		.uleb128 0x21
 993 0464 98000000 		.4byte	0x98
 994 0468 00       		.byte	0
 995 0469 24       		.uleb128 0x24
 996 046a 2C000000 		.4byte	.LASF43
 997 046e 04       		.byte	0x4
 998 046f 46       		.byte	0x46
 999 0470 EA000000 		.4byte	0xea
 1000 0474 83040000 		.4byte	0x483
 1001 0478 21       		.uleb128 0x21
 1002 0479 8D000000 		.4byte	0x8d
 1003 047d 21       		.uleb128 0x21
 1004 047e EA000000 		.4byte	0xea
 1005 0482 00       		.byte	0
 1006 0483 25       		.uleb128 0x25
 1007 0484 22010000 		.4byte	.LASF50
 1008 0488 04       		.byte	0x4
 1009 0489 4C       		.byte	0x4c
 1010 048a 21       		.uleb128 0x21
 1011 048b 8D000000 		.4byte	0x8d
 1012 048f 00       		.byte	0
 1013 0490 00       		.byte	0
 1014              		.section	.debug_abbrev,"",%progbits
 1015              	.Ldebug_abbrev0:
 1016 0000 01       		.uleb128 0x1
 1017 0001 11       		.uleb128 0x11
 1018 0002 01       		.byte	0x1
 1019 0003 25       		.uleb128 0x25
 1020 0004 0E       		.uleb128 0xe
 1021 0005 13       		.uleb128 0x13
 1022 0006 0B       		.uleb128 0xb
 1023 0007 03       		.uleb128 0x3
 1024 0008 0E       		.uleb128 0xe
 1025 0009 1B       		.uleb128 0x1b
 1026 000a 0E       		.uleb128 0xe
 1027 000b 55       		.uleb128 0x55
 1028 000c 17       		.uleb128 0x17
 1029 000d 11       		.uleb128 0x11
 1030 000e 01       		.uleb128 0x1
 1031 000f 10       		.uleb128 0x10
 1032 0010 17       		.uleb128 0x17
 1033 0011 00       		.byte	0
 1034 0012 00       		.byte	0
 1035 0013 02       		.uleb128 0x2
 1036 0014 24       		.uleb128 0x24
 1037 0015 00       		.byte	0
 1038 0016 0B       		.uleb128 0xb
 1039 0017 0B       		.uleb128 0xb
 1040 0018 3E       		.uleb128 0x3e
 1041 0019 0B       		.uleb128 0xb
ARM GAS  C:\Users\HENRYK~1\AppData\Local\Temp\ccKFZsQC.s 			page 26


 1042 001a 03       		.uleb128 0x3
 1043 001b 08       		.uleb128 0x8
 1044 001c 00       		.byte	0
 1045 001d 00       		.byte	0
 1046 001e 03       		.uleb128 0x3
 1047 001f 16       		.uleb128 0x16
 1048 0020 00       		.byte	0
 1049 0021 03       		.uleb128 0x3
 1050 0022 0E       		.uleb128 0xe
 1051 0023 3A       		.uleb128 0x3a
 1052 0024 0B       		.uleb128 0xb
 1053 0025 3B       		.uleb128 0x3b
 1054 0026 0B       		.uleb128 0xb
 1055 0027 49       		.uleb128 0x49
 1056 0028 13       		.uleb128 0x13
 1057 0029 00       		.byte	0
 1058 002a 00       		.byte	0
 1059 002b 04       		.uleb128 0x4
 1060 002c 24       		.uleb128 0x24
 1061 002d 00       		.byte	0
 1062 002e 0B       		.uleb128 0xb
 1063 002f 0B       		.uleb128 0xb
 1064 0030 3E       		.uleb128 0x3e
 1065 0031 0B       		.uleb128 0xb
 1066 0032 03       		.uleb128 0x3
 1067 0033 0E       		.uleb128 0xe
 1068 0034 00       		.byte	0
 1069 0035 00       		.byte	0
 1070 0036 05       		.uleb128 0x5
 1071 0037 0F       		.uleb128 0xf
 1072 0038 00       		.byte	0
 1073 0039 0B       		.uleb128 0xb
 1074 003a 0B       		.uleb128 0xb
 1075 003b 00       		.byte	0
 1076 003c 00       		.byte	0
 1077 003d 06       		.uleb128 0x6
 1078 003e 0F       		.uleb128 0xf
 1079 003f 00       		.byte	0
 1080 0040 0B       		.uleb128 0xb
 1081 0041 0B       		.uleb128 0xb
 1082 0042 49       		.uleb128 0x49
 1083 0043 13       		.uleb128 0x13
 1084 0044 00       		.byte	0
 1085 0045 00       		.byte	0
 1086 0046 07       		.uleb128 0x7
 1087 0047 15       		.uleb128 0x15
 1088 0048 00       		.byte	0
 1089 0049 27       		.uleb128 0x27
 1090 004a 19       		.uleb128 0x19
 1091 004b 00       		.byte	0
 1092 004c 00       		.byte	0
 1093 004d 08       		.uleb128 0x8
 1094 004e 16       		.uleb128 0x16
 1095 004f 00       		.byte	0
 1096 0050 03       		.uleb128 0x3
 1097 0051 0E       		.uleb128 0xe
 1098 0052 3A       		.uleb128 0x3a
ARM GAS  C:\Users\HENRYK~1\AppData\Local\Temp\ccKFZsQC.s 			page 27


 1099 0053 0B       		.uleb128 0xb
 1100 0054 3B       		.uleb128 0x3b
 1101 0055 05       		.uleb128 0x5
 1102 0056 49       		.uleb128 0x49
 1103 0057 13       		.uleb128 0x13
 1104 0058 00       		.byte	0
 1105 0059 00       		.byte	0
 1106 005a 09       		.uleb128 0x9
 1107 005b 35       		.uleb128 0x35
 1108 005c 00       		.byte	0
 1109 005d 49       		.uleb128 0x49
 1110 005e 13       		.uleb128 0x13
 1111 005f 00       		.byte	0
 1112 0060 00       		.byte	0
 1113 0061 0A       		.uleb128 0xa
 1114 0062 13       		.uleb128 0x13
 1115 0063 01       		.byte	0x1
 1116 0064 0B       		.uleb128 0xb
 1117 0065 0B       		.uleb128 0xb
 1118 0066 3A       		.uleb128 0x3a
 1119 0067 0B       		.uleb128 0xb
 1120 0068 3B       		.uleb128 0x3b
 1121 0069 0B       		.uleb128 0xb
 1122 006a 01       		.uleb128 0x1
 1123 006b 13       		.uleb128 0x13
 1124 006c 00       		.byte	0
 1125 006d 00       		.byte	0
 1126 006e 0B       		.uleb128 0xb
 1127 006f 0D       		.uleb128 0xd
 1128 0070 00       		.byte	0
 1129 0071 03       		.uleb128 0x3
 1130 0072 0E       		.uleb128 0xe
 1131 0073 3A       		.uleb128 0x3a
 1132 0074 0B       		.uleb128 0xb
 1133 0075 3B       		.uleb128 0x3b
 1134 0076 0B       		.uleb128 0xb
 1135 0077 49       		.uleb128 0x49
 1136 0078 13       		.uleb128 0x13
 1137 0079 38       		.uleb128 0x38
 1138 007a 0B       		.uleb128 0xb
 1139 007b 00       		.byte	0
 1140 007c 00       		.byte	0
 1141 007d 0C       		.uleb128 0xc
 1142 007e 2E       		.uleb128 0x2e
 1143 007f 01       		.byte	0x1
 1144 0080 03       		.uleb128 0x3
 1145 0081 0E       		.uleb128 0xe
 1146 0082 3A       		.uleb128 0x3a
 1147 0083 0B       		.uleb128 0xb
 1148 0084 3B       		.uleb128 0x3b
 1149 0085 0B       		.uleb128 0xb
 1150 0086 27       		.uleb128 0x27
 1151 0087 19       		.uleb128 0x19
 1152 0088 11       		.uleb128 0x11
 1153 0089 01       		.uleb128 0x1
 1154 008a 12       		.uleb128 0x12
 1155 008b 06       		.uleb128 0x6
ARM GAS  C:\Users\HENRYK~1\AppData\Local\Temp\ccKFZsQC.s 			page 28


 1156 008c 40       		.uleb128 0x40
 1157 008d 18       		.uleb128 0x18
 1158 008e 9742     		.uleb128 0x2117
 1159 0090 19       		.uleb128 0x19
 1160 0091 01       		.uleb128 0x1
 1161 0092 13       		.uleb128 0x13
 1162 0093 00       		.byte	0
 1163 0094 00       		.byte	0
 1164 0095 0D       		.uleb128 0xd
 1165 0096 05       		.uleb128 0x5
 1166 0097 00       		.byte	0
 1167 0098 03       		.uleb128 0x3
 1168 0099 0E       		.uleb128 0xe
 1169 009a 3A       		.uleb128 0x3a
 1170 009b 0B       		.uleb128 0xb
 1171 009c 3B       		.uleb128 0x3b
 1172 009d 0B       		.uleb128 0xb
 1173 009e 49       		.uleb128 0x49
 1174 009f 13       		.uleb128 0x13
 1175 00a0 02       		.uleb128 0x2
 1176 00a1 18       		.uleb128 0x18
 1177 00a2 00       		.byte	0
 1178 00a3 00       		.byte	0
 1179 00a4 0E       		.uleb128 0xe
 1180 00a5 34       		.uleb128 0x34
 1181 00a6 00       		.byte	0
 1182 00a7 03       		.uleb128 0x3
 1183 00a8 08       		.uleb128 0x8
 1184 00a9 3A       		.uleb128 0x3a
 1185 00aa 0B       		.uleb128 0xb
 1186 00ab 3B       		.uleb128 0x3b
 1187 00ac 0B       		.uleb128 0xb
 1188 00ad 49       		.uleb128 0x49
 1189 00ae 13       		.uleb128 0x13
 1190 00af 02       		.uleb128 0x2
 1191 00b0 17       		.uleb128 0x17
 1192 00b1 00       		.byte	0
 1193 00b2 00       		.byte	0
 1194 00b3 0F       		.uleb128 0xf
 1195 00b4 0B       		.uleb128 0xb
 1196 00b5 01       		.byte	0x1
 1197 00b6 11       		.uleb128 0x11
 1198 00b7 01       		.uleb128 0x1
 1199 00b8 12       		.uleb128 0x12
 1200 00b9 06       		.uleb128 0x6
 1201 00ba 00       		.byte	0
 1202 00bb 00       		.byte	0
 1203 00bc 10       		.uleb128 0x10
 1204 00bd 34       		.uleb128 0x34
 1205 00be 00       		.byte	0
 1206 00bf 03       		.uleb128 0x3
 1207 00c0 0E       		.uleb128 0xe
 1208 00c1 3A       		.uleb128 0x3a
 1209 00c2 0B       		.uleb128 0xb
 1210 00c3 3B       		.uleb128 0x3b
 1211 00c4 0B       		.uleb128 0xb
 1212 00c5 49       		.uleb128 0x49
ARM GAS  C:\Users\HENRYK~1\AppData\Local\Temp\ccKFZsQC.s 			page 29


 1213 00c6 13       		.uleb128 0x13
 1214 00c7 02       		.uleb128 0x2
 1215 00c8 17       		.uleb128 0x17
 1216 00c9 00       		.byte	0
 1217 00ca 00       		.byte	0
 1218 00cb 11       		.uleb128 0x11
 1219 00cc 26       		.uleb128 0x26
 1220 00cd 00       		.byte	0
 1221 00ce 49       		.uleb128 0x49
 1222 00cf 13       		.uleb128 0x13
 1223 00d0 00       		.byte	0
 1224 00d1 00       		.byte	0
 1225 00d2 12       		.uleb128 0x12
 1226 00d3 2E       		.uleb128 0x2e
 1227 00d4 00       		.byte	0
 1228 00d5 03       		.uleb128 0x3
 1229 00d6 0E       		.uleb128 0xe
 1230 00d7 3A       		.uleb128 0x3a
 1231 00d8 0B       		.uleb128 0xb
 1232 00d9 3B       		.uleb128 0x3b
 1233 00da 0B       		.uleb128 0xb
 1234 00db 27       		.uleb128 0x27
 1235 00dc 19       		.uleb128 0x19
 1236 00dd 11       		.uleb128 0x11
 1237 00de 01       		.uleb128 0x1
 1238 00df 12       		.uleb128 0x12
 1239 00e0 06       		.uleb128 0x6
 1240 00e1 40       		.uleb128 0x40
 1241 00e2 18       		.uleb128 0x18
 1242 00e3 9742     		.uleb128 0x2117
 1243 00e5 19       		.uleb128 0x19
 1244 00e6 00       		.byte	0
 1245 00e7 00       		.byte	0
 1246 00e8 13       		.uleb128 0x13
 1247 00e9 05       		.uleb128 0x5
 1248 00ea 00       		.byte	0
 1249 00eb 03       		.uleb128 0x3
 1250 00ec 08       		.uleb128 0x8
 1251 00ed 3A       		.uleb128 0x3a
 1252 00ee 0B       		.uleb128 0xb
 1253 00ef 3B       		.uleb128 0x3b
 1254 00f0 0B       		.uleb128 0xb
 1255 00f1 49       		.uleb128 0x49
 1256 00f2 13       		.uleb128 0x13
 1257 00f3 02       		.uleb128 0x2
 1258 00f4 17       		.uleb128 0x17
 1259 00f5 00       		.byte	0
 1260 00f6 00       		.byte	0
 1261 00f7 14       		.uleb128 0x14
 1262 00f8 898201   		.uleb128 0x4109
 1263 00fb 01       		.byte	0x1
 1264 00fc 11       		.uleb128 0x11
 1265 00fd 01       		.uleb128 0x1
 1266 00fe 31       		.uleb128 0x31
 1267 00ff 13       		.uleb128 0x13
 1268 0100 00       		.byte	0
 1269 0101 00       		.byte	0
ARM GAS  C:\Users\HENRYK~1\AppData\Local\Temp\ccKFZsQC.s 			page 30


 1270 0102 15       		.uleb128 0x15
 1271 0103 8A8201   		.uleb128 0x410a
 1272 0106 00       		.byte	0
 1273 0107 02       		.uleb128 0x2
 1274 0108 18       		.uleb128 0x18
 1275 0109 9142     		.uleb128 0x2111
 1276 010b 18       		.uleb128 0x18
 1277 010c 00       		.byte	0
 1278 010d 00       		.byte	0
 1279 010e 16       		.uleb128 0x16
 1280 010f 898201   		.uleb128 0x4109
 1281 0112 00       		.byte	0
 1282 0113 11       		.uleb128 0x11
 1283 0114 01       		.uleb128 0x1
 1284 0115 31       		.uleb128 0x31
 1285 0116 13       		.uleb128 0x13
 1286 0117 00       		.byte	0
 1287 0118 00       		.byte	0
 1288 0119 17       		.uleb128 0x17
 1289 011a 898201   		.uleb128 0x4109
 1290 011d 01       		.byte	0x1
 1291 011e 11       		.uleb128 0x11
 1292 011f 01       		.uleb128 0x1
 1293 0120 31       		.uleb128 0x31
 1294 0121 13       		.uleb128 0x13
 1295 0122 01       		.uleb128 0x1
 1296 0123 13       		.uleb128 0x13
 1297 0124 00       		.byte	0
 1298 0125 00       		.byte	0
 1299 0126 18       		.uleb128 0x18
 1300 0127 2E       		.uleb128 0x2e
 1301 0128 01       		.byte	0x1
 1302 0129 3F       		.uleb128 0x3f
 1303 012a 19       		.uleb128 0x19
 1304 012b 03       		.uleb128 0x3
 1305 012c 0E       		.uleb128 0xe
 1306 012d 3A       		.uleb128 0x3a
 1307 012e 0B       		.uleb128 0xb
 1308 012f 3B       		.uleb128 0x3b
 1309 0130 05       		.uleb128 0x5
 1310 0131 27       		.uleb128 0x27
 1311 0132 19       		.uleb128 0x19
 1312 0133 11       		.uleb128 0x11
 1313 0134 01       		.uleb128 0x1
 1314 0135 12       		.uleb128 0x12
 1315 0136 06       		.uleb128 0x6
 1316 0137 40       		.uleb128 0x40
 1317 0138 18       		.uleb128 0x18
 1318 0139 9742     		.uleb128 0x2117
 1319 013b 19       		.uleb128 0x19
 1320 013c 01       		.uleb128 0x1
 1321 013d 13       		.uleb128 0x13
 1322 013e 00       		.byte	0
 1323 013f 00       		.byte	0
 1324 0140 19       		.uleb128 0x19
 1325 0141 0B       		.uleb128 0xb
 1326 0142 01       		.byte	0x1
ARM GAS  C:\Users\HENRYK~1\AppData\Local\Temp\ccKFZsQC.s 			page 31


 1327 0143 11       		.uleb128 0x11
 1328 0144 01       		.uleb128 0x1
 1329 0145 12       		.uleb128 0x12
 1330 0146 06       		.uleb128 0x6
 1331 0147 01       		.uleb128 0x1
 1332 0148 13       		.uleb128 0x13
 1333 0149 00       		.byte	0
 1334 014a 00       		.byte	0
 1335 014b 1A       		.uleb128 0x1a
 1336 014c 34       		.uleb128 0x34
 1337 014d 00       		.byte	0
 1338 014e 03       		.uleb128 0x3
 1339 014f 0E       		.uleb128 0xe
 1340 0150 3A       		.uleb128 0x3a
 1341 0151 0B       		.uleb128 0xb
 1342 0152 3B       		.uleb128 0x3b
 1343 0153 05       		.uleb128 0x5
 1344 0154 49       		.uleb128 0x49
 1345 0155 13       		.uleb128 0x13
 1346 0156 02       		.uleb128 0x2
 1347 0157 18       		.uleb128 0x18
 1348 0158 00       		.byte	0
 1349 0159 00       		.byte	0
 1350 015a 1B       		.uleb128 0x1b
 1351 015b 13       		.uleb128 0x13
 1352 015c 01       		.byte	0x1
 1353 015d 0B       		.uleb128 0xb
 1354 015e 0B       		.uleb128 0xb
 1355 015f 3A       		.uleb128 0x3a
 1356 0160 0B       		.uleb128 0xb
 1357 0161 3B       		.uleb128 0x3b
 1358 0162 05       		.uleb128 0x5
 1359 0163 01       		.uleb128 0x1
 1360 0164 13       		.uleb128 0x13
 1361 0165 00       		.byte	0
 1362 0166 00       		.byte	0
 1363 0167 1C       		.uleb128 0x1c
 1364 0168 0D       		.uleb128 0xd
 1365 0169 00       		.byte	0
 1366 016a 03       		.uleb128 0x3
 1367 016b 0E       		.uleb128 0xe
 1368 016c 3A       		.uleb128 0x3a
 1369 016d 0B       		.uleb128 0xb
 1370 016e 3B       		.uleb128 0x3b
 1371 016f 05       		.uleb128 0x5
 1372 0170 49       		.uleb128 0x49
 1373 0171 13       		.uleb128 0x13
 1374 0172 38       		.uleb128 0x38
 1375 0173 0B       		.uleb128 0xb
 1376 0174 00       		.byte	0
 1377 0175 00       		.byte	0
 1378 0176 1D       		.uleb128 0x1d
 1379 0177 01       		.uleb128 0x1
 1380 0178 01       		.byte	0x1
 1381 0179 49       		.uleb128 0x49
 1382 017a 13       		.uleb128 0x13
 1383 017b 01       		.uleb128 0x1
ARM GAS  C:\Users\HENRYK~1\AppData\Local\Temp\ccKFZsQC.s 			page 32


 1384 017c 13       		.uleb128 0x13
 1385 017d 00       		.byte	0
 1386 017e 00       		.byte	0
 1387 017f 1E       		.uleb128 0x1e
 1388 0180 21       		.uleb128 0x21
 1389 0181 00       		.byte	0
 1390 0182 49       		.uleb128 0x49
 1391 0183 13       		.uleb128 0x13
 1392 0184 2F       		.uleb128 0x2f
 1393 0185 0B       		.uleb128 0xb
 1394 0186 00       		.byte	0
 1395 0187 00       		.byte	0
 1396 0188 1F       		.uleb128 0x1f
 1397 0189 34       		.uleb128 0x34
 1398 018a 00       		.byte	0
 1399 018b 03       		.uleb128 0x3
 1400 018c 08       		.uleb128 0x8
 1401 018d 3A       		.uleb128 0x3a
 1402 018e 0B       		.uleb128 0xb
 1403 018f 3B       		.uleb128 0x3b
 1404 0190 05       		.uleb128 0x5
 1405 0191 49       		.uleb128 0x49
 1406 0192 13       		.uleb128 0x13
 1407 0193 02       		.uleb128 0x2
 1408 0194 17       		.uleb128 0x17
 1409 0195 00       		.byte	0
 1410 0196 00       		.byte	0
 1411 0197 20       		.uleb128 0x20
 1412 0198 2E       		.uleb128 0x2e
 1413 0199 01       		.byte	0x1
 1414 019a 3F       		.uleb128 0x3f
 1415 019b 19       		.uleb128 0x19
 1416 019c 03       		.uleb128 0x3
 1417 019d 0E       		.uleb128 0xe
 1418 019e 27       		.uleb128 0x27
 1419 019f 19       		.uleb128 0x19
 1420 01a0 49       		.uleb128 0x49
 1421 01a1 13       		.uleb128 0x13
 1422 01a2 34       		.uleb128 0x34
 1423 01a3 19       		.uleb128 0x19
 1424 01a4 3C       		.uleb128 0x3c
 1425 01a5 19       		.uleb128 0x19
 1426 01a6 01       		.uleb128 0x1
 1427 01a7 13       		.uleb128 0x13
 1428 01a8 00       		.byte	0
 1429 01a9 00       		.byte	0
 1430 01aa 21       		.uleb128 0x21
 1431 01ab 05       		.uleb128 0x5
 1432 01ac 00       		.byte	0
 1433 01ad 49       		.uleb128 0x49
 1434 01ae 13       		.uleb128 0x13
 1435 01af 00       		.byte	0
 1436 01b0 00       		.byte	0
 1437 01b1 22       		.uleb128 0x22
 1438 01b2 2E       		.uleb128 0x2e
 1439 01b3 00       		.byte	0
 1440 01b4 3F       		.uleb128 0x3f
ARM GAS  C:\Users\HENRYK~1\AppData\Local\Temp\ccKFZsQC.s 			page 33


 1441 01b5 19       		.uleb128 0x19
 1442 01b6 03       		.uleb128 0x3
 1443 01b7 0E       		.uleb128 0xe
 1444 01b8 3A       		.uleb128 0x3a
 1445 01b9 0B       		.uleb128 0xb
 1446 01ba 3B       		.uleb128 0x3b
 1447 01bb 0B       		.uleb128 0xb
 1448 01bc 27       		.uleb128 0x27
 1449 01bd 19       		.uleb128 0x19
 1450 01be 3C       		.uleb128 0x3c
 1451 01bf 19       		.uleb128 0x19
 1452 01c0 00       		.byte	0
 1453 01c1 00       		.byte	0
 1454 01c2 23       		.uleb128 0x23
 1455 01c3 2E       		.uleb128 0x2e
 1456 01c4 01       		.byte	0x1
 1457 01c5 3F       		.uleb128 0x3f
 1458 01c6 19       		.uleb128 0x19
 1459 01c7 03       		.uleb128 0x3
 1460 01c8 0E       		.uleb128 0xe
 1461 01c9 3A       		.uleb128 0x3a
 1462 01ca 0B       		.uleb128 0xb
 1463 01cb 3B       		.uleb128 0x3b
 1464 01cc 0B       		.uleb128 0xb
 1465 01cd 27       		.uleb128 0x27
 1466 01ce 19       		.uleb128 0x19
 1467 01cf 3C       		.uleb128 0x3c
 1468 01d0 19       		.uleb128 0x19
 1469 01d1 01       		.uleb128 0x1
 1470 01d2 13       		.uleb128 0x13
 1471 01d3 00       		.byte	0
 1472 01d4 00       		.byte	0
 1473 01d5 24       		.uleb128 0x24
 1474 01d6 2E       		.uleb128 0x2e
 1475 01d7 01       		.byte	0x1
 1476 01d8 3F       		.uleb128 0x3f
 1477 01d9 19       		.uleb128 0x19
 1478 01da 03       		.uleb128 0x3
 1479 01db 0E       		.uleb128 0xe
 1480 01dc 3A       		.uleb128 0x3a
 1481 01dd 0B       		.uleb128 0xb
 1482 01de 3B       		.uleb128 0x3b
 1483 01df 0B       		.uleb128 0xb
 1484 01e0 27       		.uleb128 0x27
 1485 01e1 19       		.uleb128 0x19
 1486 01e2 49       		.uleb128 0x49
 1487 01e3 13       		.uleb128 0x13
 1488 01e4 3C       		.uleb128 0x3c
 1489 01e5 19       		.uleb128 0x19
 1490 01e6 01       		.uleb128 0x1
 1491 01e7 13       		.uleb128 0x13
 1492 01e8 00       		.byte	0
 1493 01e9 00       		.byte	0
 1494 01ea 25       		.uleb128 0x25
 1495 01eb 2E       		.uleb128 0x2e
 1496 01ec 01       		.byte	0x1
 1497 01ed 3F       		.uleb128 0x3f
ARM GAS  C:\Users\HENRYK~1\AppData\Local\Temp\ccKFZsQC.s 			page 34


 1498 01ee 19       		.uleb128 0x19
 1499 01ef 03       		.uleb128 0x3
 1500 01f0 0E       		.uleb128 0xe
 1501 01f1 3A       		.uleb128 0x3a
 1502 01f2 0B       		.uleb128 0xb
 1503 01f3 3B       		.uleb128 0x3b
 1504 01f4 0B       		.uleb128 0xb
 1505 01f5 27       		.uleb128 0x27
 1506 01f6 19       		.uleb128 0x19
 1507 01f7 3C       		.uleb128 0x3c
 1508 01f8 19       		.uleb128 0x19
 1509 01f9 00       		.byte	0
 1510 01fa 00       		.byte	0
 1511 01fb 00       		.byte	0
 1512              		.section	.debug_loc,"",%progbits
 1513              	.Ldebug_loc0:
 1514              	.LLST0:
 1515 0000 02000000 		.4byte	.LVL1
 1516 0004 08000000 		.4byte	.LVL2
 1517 0008 0200     		.2byte	0x2
 1518 000a 30       		.byte	0x30
 1519 000b 9F       		.byte	0x9f
 1520 000c 08000000 		.4byte	.LVL2
 1521 0010 30000000 		.4byte	.LVL11
 1522 0014 0100     		.2byte	0x1
 1523 0016 57       		.byte	0x57
 1524 0017 00000000 		.4byte	0
 1525 001b 00000000 		.4byte	0
 1526              	.LLST1:
 1527 001f 02000000 		.4byte	.LVL1
 1528 0023 08000000 		.4byte	.LVL2
 1529 0027 0200     		.2byte	0x2
 1530 0029 30       		.byte	0x30
 1531 002a 9F       		.byte	0x9f
 1532 002b 08000000 		.4byte	.LVL2
 1533 002f 30000000 		.4byte	.LVL10
 1534 0033 0100     		.2byte	0x1
 1535 0035 55       		.byte	0x55
 1536 0036 00000000 		.4byte	0
 1537 003a 00000000 		.4byte	0
 1538              	.LLST2:
 1539 003e 0C000000 		.4byte	.LVL3
 1540 0042 2C000000 		.4byte	.LVL9
 1541 0046 0100     		.2byte	0x1
 1542 0048 56       		.byte	0x56
 1543 0049 00000000 		.4byte	0
 1544 004d 00000000 		.4byte	0
 1545              	.LLST3:
 1546 0051 0E000000 		.4byte	.LVL4
 1547 0055 24000000 		.4byte	.LVL7
 1548 0059 0100     		.2byte	0x1
 1549 005b 53       		.byte	0x53
 1550 005c 26000000 		.4byte	.LVL8
 1551 0060 2C000000 		.4byte	.LVL9
 1552 0064 0100     		.2byte	0x1
 1553 0066 53       		.byte	0x53
 1554 0067 00000000 		.4byte	0
ARM GAS  C:\Users\HENRYK~1\AppData\Local\Temp\ccKFZsQC.s 			page 35


 1555 006b 00000000 		.4byte	0
 1556              	.LLST4:
 1557 006f 00000000 		.4byte	.LVL12
 1558 0073 09000000 		.4byte	.LVL14-1
 1559 0077 0100     		.2byte	0x1
 1560 0079 50       		.byte	0x50
 1561 007a 09000000 		.4byte	.LVL14-1
 1562 007e 0C000000 		.4byte	.LFE2
 1563 0082 0400     		.2byte	0x4
 1564 0084 F3       		.byte	0xf3
 1565 0085 01       		.uleb128 0x1
 1566 0086 50       		.byte	0x50
 1567 0087 9F       		.byte	0x9f
 1568 0088 00000000 		.4byte	0
 1569 008c 00000000 		.4byte	0
 1570              	.LLST5:
 1571 0090 00000000 		.4byte	.LVL12
 1572 0094 06000000 		.4byte	.LVL13
 1573 0098 0100     		.2byte	0x1
 1574 009a 51       		.byte	0x51
 1575 009b 06000000 		.4byte	.LVL13
 1576 009f 09000000 		.4byte	.LVL14-1
 1577 00a3 0100     		.2byte	0x1
 1578 00a5 52       		.byte	0x52
 1579 00a6 09000000 		.4byte	.LVL14-1
 1580 00aa 0C000000 		.4byte	.LFE2
 1581 00ae 0400     		.2byte	0x4
 1582 00b0 F3       		.byte	0xf3
 1583 00b1 01       		.uleb128 0x1
 1584 00b2 51       		.byte	0x51
 1585 00b3 9F       		.byte	0x9f
 1586 00b4 00000000 		.4byte	0
 1587 00b8 00000000 		.4byte	0
 1588              	.LLST6:
 1589 00bc DA000000 		.4byte	.LVL23
 1590 00c0 DE000000 		.4byte	.LVL24
 1591 00c4 0200     		.2byte	0x2
 1592 00c6 30       		.byte	0x30
 1593 00c7 9F       		.byte	0x9f
 1594 00c8 DE000000 		.4byte	.LVL24
 1595 00cc FE000000 		.4byte	.LVL26
 1596 00d0 0100     		.2byte	0x1
 1597 00d2 54       		.byte	0x54
 1598 00d3 00010000 		.4byte	.LVL27
 1599 00d7 72010000 		.4byte	.LVL31
 1600 00db 0100     		.2byte	0x1
 1601 00dd 54       		.byte	0x54
 1602 00de 00000000 		.4byte	0
 1603 00e2 00000000 		.4byte	0
 1604              	.LLST7:
 1605 00e6 DE000000 		.4byte	.LVL24
 1606 00ea FE000000 		.4byte	.LVL26
 1607 00ee 0B00     		.2byte	0xb
 1608 00f0 74       		.byte	0x74
 1609 00f1 00       		.sleb128 0
 1610 00f2 36       		.byte	0x36
 1611 00f3 1E       		.byte	0x1e
ARM GAS  C:\Users\HENRYK~1\AppData\Local\Temp\ccKFZsQC.s 			page 36


 1612 00f4 03       		.byte	0x3
 1613 00f5 00000000 		.4byte	cfg_memset_list.4765
 1614 00f9 22       		.byte	0x22
 1615 00fa 9F       		.byte	0x9f
 1616 00fb FE000000 		.4byte	.LVL26
 1617 00ff 00010000 		.4byte	.LVL27
 1618 0103 0B00     		.2byte	0xb
 1619 0105 74       		.byte	0x74
 1620 0106 7F       		.sleb128 -1
 1621 0107 36       		.byte	0x36
 1622 0108 1E       		.byte	0x1e
 1623 0109 03       		.byte	0x3
 1624 010a 00000000 		.4byte	cfg_memset_list.4765
 1625 010e 22       		.byte	0x22
 1626 010f 9F       		.byte	0x9f
 1627 0110 00000000 		.4byte	0
 1628 0114 00000000 		.4byte	0
 1629              		.section	.debug_aranges,"",%progbits
 1630 0000 3C000000 		.4byte	0x3c
 1631 0004 0200     		.2byte	0x2
 1632 0006 00000000 		.4byte	.Ldebug_info0
 1633 000a 04       		.byte	0x4
 1634 000b 00       		.byte	0
 1635 000c 0000     		.2byte	0
 1636 000e 0000     		.2byte	0
 1637 0010 00000000 		.4byte	.LFB5
 1638 0014 32000000 		.4byte	.LFE5-.LFB5
 1639 0018 00000000 		.4byte	.LFB7
 1640 001c 20000000 		.4byte	.LFE7-.LFB7
 1641 0020 00000000 		.4byte	.LFB2
 1642 0024 0C000000 		.4byte	.LFE2-.LFB2
 1643 0028 00000000 		.4byte	.LFB6
 1644 002c D0000000 		.4byte	.LFE6-.LFB6
 1645 0030 D0000000 		.4byte	.LFB8
 1646 0034 E0000000 		.4byte	.LFE8-.LFB8
 1647 0038 00000000 		.4byte	0
 1648 003c 00000000 		.4byte	0
 1649              		.section	.debug_ranges,"",%progbits
 1650              	.Ldebug_ranges0:
 1651 0000 00000000 		.4byte	.LFB5
 1652 0004 32000000 		.4byte	.LFE5
 1653 0008 00000000 		.4byte	.LFB7
 1654 000c 20000000 		.4byte	.LFE7
 1655 0010 00000000 		.4byte	.LFB2
 1656 0014 0C000000 		.4byte	.LFE2
 1657 0018 00000000 		.4byte	.LFB6
 1658 001c D0000000 		.4byte	.LFE6
 1659 0020 D0000000 		.4byte	.LFB8
 1660 0024 B0010000 		.4byte	.LFE8
 1661 0028 00000000 		.4byte	0
 1662 002c 00000000 		.4byte	0
 1663              		.section	.debug_line,"",%progbits
 1664              	.Ldebug_line0:
 1665 0000 89010000 		.section	.debug_str,"MS",%progbits,1
 1665      0200E500 
 1665      00000201 
 1665      FB0E0D00 
ARM GAS  C:\Users\HENRYK~1\AppData\Local\Temp\ccKFZsQC.s 			page 37


 1665      01010101 
 1666              	.LASF38:
 1667 0000 43794465 		.ascii	"CyDelayCycles\000"
 1667      6C617943 
 1667      79636C65 
 1667      7300
 1668              	.LASF19:
 1669 000e 72656733 		.ascii	"reg32\000"
 1669      3200
 1670              	.LASF11:
 1671 0014 73697A65 		.ascii	"size_t\000"
 1671      5F7400
 1672              	.LASF47:
 1673 001b 416E616C 		.ascii	"AnalogSetDefault\000"
 1673      6F675365 
 1673      74446566 
 1673      61756C74 
 1673      00
 1674              	.LASF43:
 1675 002c 4379496E 		.ascii	"CyIntSetVector\000"
 1675      74536574 
 1675      56656374 
 1675      6F7200
 1676              	.LASF22:
 1677 003b 76616C75 		.ascii	"value\000"
 1677      6500
 1678              	.LASF27:
 1679 0041 636F756E 		.ascii	"count\000"
 1679      7400
 1680              	.LASF30:
 1681 0047 436C6F63 		.ascii	"ClockSetup\000"
 1681      6B536574 
 1681      757000
 1682              	.LASF31:
 1683 0052 63795F63 		.ascii	"cy_cfg_addr_table\000"
 1683      66675F61 
 1683      6464725F 
 1683      7461626C 
 1683      6500
 1684              	.LASF32:
 1685 0064 63795F63 		.ascii	"cy_cfg_data_table\000"
 1685      66675F64 
 1685      6174615F 
 1685      7461626C 
 1685      6500
 1686              	.LASF23:
 1687 0076 63795F63 		.ascii	"cy_cfg_addrvalue_t\000"
 1687      66675F61 
 1687      64647276 
 1687      616C7565 
 1687      5F7400
 1688              	.LASF15:
 1689 0089 666C6F61 		.ascii	"float\000"
 1689      7400
 1690              	.LASF36:
 1691 008f 6366675F 		.ascii	"cfg_memset_list\000"
 1691      6D656D73 
ARM GAS  C:\Users\HENRYK~1\AppData\Local\Temp\ccKFZsQC.s 			page 38


 1691      65745F6C 
 1691      69737400 
 1692              	.LASF34:
 1693 009f 73697A65 		.ascii	"size\000"
 1693      00
 1694              	.LASF40:
 1695 00a4 43795379 		.ascii	"CySysClkWcoSetPowerMode\000"
 1695      73436C6B 
 1695      57636F53 
 1695      6574506F 
 1695      7765724D 
 1696              	.LASF18:
 1697 00bc 72656738 		.ascii	"reg8\000"
 1697      00
 1698              	.LASF6:
 1699 00c1 6C6F6E67 		.ascii	"long unsigned int\000"
 1699      20756E73 
 1699      69676E65 
 1699      6420696E 
 1699      7400
 1700              	.LASF12:
 1701 00d3 75696E74 		.ascii	"uint8\000"
 1701      3800
 1702              	.LASF49:
 1703 00d9 43795379 		.ascii	"CySysClkWcoStart\000"
 1703      73436C6B 
 1703      57636F53 
 1703      74617274 
 1703      00
 1704              	.LASF29:
 1705 00ea 43594D45 		.ascii	"CYMEMZERO\000"
 1705      4D5A4552 
 1705      4F00
 1706              	.LASF2:
 1707 00f4 756E7369 		.ascii	"unsigned char\000"
 1707      676E6564 
 1707      20636861 
 1707      7200
 1708              	.LASF37:
 1709 0102 6D656D73 		.ascii	"memset\000"
 1709      657400
 1710              	.LASF16:
 1711 0109 646F7562 		.ascii	"double\000"
 1711      6C6500
 1712              	.LASF28:
 1713 0110 6366675F 		.ascii	"cfg_write_bytes32\000"
 1713      77726974 
 1713      655F6279 
 1713      74657333 
 1713      3200
 1714              	.LASF50:
 1715 0122 4379496E 		.ascii	"CyIntEnable\000"
 1715      74456E61 
 1715      626C6500 
 1716              	.LASF24:
 1717 012e 61646472 		.ascii	"addr_table\000"
 1717      5F746162 
ARM GAS  C:\Users\HENRYK~1\AppData\Local\Temp\ccKFZsQC.s 			page 39


 1717      6C6500
 1718              	.LASF13:
 1719 0139 75696E74 		.ascii	"uint16\000"
 1719      313600
 1720              	.LASF25:
 1721 0140 64617461 		.ascii	"data_table\000"
 1721      5F746162 
 1721      6C6500
 1722              	.LASF17:
 1723 014b 63797374 		.ascii	"cystatus\000"
 1723      61747573 
 1723      00
 1724              	.LASF14:
 1725 0154 75696E74 		.ascii	"uint32\000"
 1725      333200
 1726              	.LASF0:
 1727 015b 756E7369 		.ascii	"unsigned int\000"
 1727      676E6564 
 1727      20696E74 
 1727      00
 1728              	.LASF48:
 1729 0168 63796669 		.ascii	"cyfitter_cfg\000"
 1729      74746572 
 1729      5F636667 
 1729      00
 1730              	.LASF33:
 1731 0175 61646472 		.ascii	"address\000"
 1731      65737300 
 1732              	.LASF8:
 1733 017d 6C6F6E67 		.ascii	"long long unsigned int\000"
 1733      206C6F6E 
 1733      6720756E 
 1733      7369676E 
 1733      65642069 
 1734              	.LASF20:
 1735 0194 63796973 		.ascii	"cyisraddress\000"
 1735      72616464 
 1735      72657373 
 1735      00
 1736              	.LASF35:
 1737 01a1 6366675F 		.ascii	"cfg_memset_t\000"
 1737      6D656D73 
 1737      65745F74 
 1737      00
 1738              	.LASF26:
 1739 01ae 62617365 		.ascii	"baseAddr\000"
 1739      41646472 
 1739      00
 1740              	.LASF9:
 1741 01b7 73697A65 		.ascii	"sizetype\000"
 1741      74797065 
 1741      00
 1742              	.LASF45:
 1743 01c0 2E5C4765 		.ascii	".\\Generated_Source\\PSoC4\\cyfitter_cfg.c\000"
 1743      6E657261 
 1743      7465645F 
 1743      536F7572 
ARM GAS  C:\Users\HENRYK~1\AppData\Local\Temp\ccKFZsQC.s 			page 40


 1743      63655C50 
 1744              	.LASF7:
 1745 01e8 6C6F6E67 		.ascii	"long long int\000"
 1745      206C6F6E 
 1745      6720696E 
 1745      7400
 1746              	.LASF42:
 1747 01f6 43794465 		.ascii	"CyDelayUs\000"
 1747      6C617955 
 1747      7300
 1748              	.LASF10:
 1749 0200 63686172 		.ascii	"char\000"
 1749      00
 1750              	.LASF41:
 1751 0205 43795379 		.ascii	"CySysClkEcoStart\000"
 1751      73436C6B 
 1751      45636F53 
 1751      74617274 
 1751      00
 1752              	.LASF46:
 1753 0216 433A5C55 		.ascii	"C:\\Users\\Henry Kao\\Documents\\PSoC Creator\\Shif"
 1753      73657273 
 1753      5C48656E 
 1753      7279204B 
 1753      616F5C44 
 1754 0244 7465725C 		.ascii	"ter\\Switches.cydsn\000"
 1754      53776974 
 1754      63686573 
 1754      2E637964 
 1754      736E00
 1755              	.LASF44:
 1756 0257 474E5520 		.ascii	"GNU C 4.9.3 20150303 (release) [ARM/embedded-4_9-br"
 1756      4320342E 
 1756      392E3320 
 1756      32303135 
 1756      30333033 
 1757 028a 616E6368 		.ascii	"anch revision 221220] -mcpu=cortex-m0 -mthumb -g -O"
 1757      20726576 
 1757      6973696F 
 1757      6E203232 
 1757      31323230 
 1758 02bd 67202D66 		.ascii	"g -ffunction-sections -ffat-lto-objects\000"
 1758      66756E63 
 1758      74696F6E 
 1758      2D736563 
 1758      74696F6E 
 1759              	.LASF21:
 1760 02e5 6F666673 		.ascii	"offset\000"
 1760      657400
 1761              	.LASF3:
 1762 02ec 73686F72 		.ascii	"short int\000"
 1762      7420696E 
 1762      7400
 1763              	.LASF39:
 1764 02f6 43795379 		.ascii	"CySysClkWriteImoFreq\000"
 1764      73436C6B 
 1764      57726974 
ARM GAS  C:\Users\HENRYK~1\AppData\Local\Temp\ccKFZsQC.s 			page 41


 1764      65496D6F 
 1764      46726571 
 1765              	.LASF5:
 1766 030b 6C6F6E67 		.ascii	"long int\000"
 1766      20696E74 
 1766      00
 1767              	.LASF1:
 1768 0314 7369676E 		.ascii	"signed char\000"
 1768      65642063 
 1768      68617200 
 1769              	.LASF4:
 1770 0320 73686F72 		.ascii	"short unsigned int\000"
 1770      7420756E 
 1770      7369676E 
 1770      65642069 
 1770      6E7400
 1771              		.ident	"GCC: (GNU Tools for ARM Embedded Processors) 4.9.3 20150303 (release) [ARM/embedded-4_9-br
